0.14041398907543262 0.1396451933694864 0.1350858067395748 0.15402151712415468 0.15402151712415468 0.15402151712415468 0.15402151712415468 0.15402151712415468 0.15402151712415468 0.15402151712415468 0.15402151712415468 0.15402151712415468 0.15458673560021055
0.28702355402291985 0.28679421035543684 0.26769838952744507 0.28681929422753877 0.28681929422753877 0.28681929422753877 0.28681929422753877 0.28681929422753877 0.28681929422753877 0.28706816134093427 0.28706816134093427 0.2855875819270702 0.26475424859373686
0.13810200921222546 0.11351915229662496 0.11351915229662496 0.11351915229662496 0.11576727454540037 0.09361029108991246 0.09361029108991246 0.08185982487053739 0.07798128673650545 0.061267885174483984 0.057259833431386825 0.05965499862718936 0.06920456654478332
0.2547348317545254 0.23787147840101885 0.23787147840101885 0.23787147840101885 0.24738633753705963 0.2574706996504836 0.2576941016011038 0.22131578565555693 0.24173950806800718 0.2590935826177877 0.2826742634774157 0.31630640535805943 0.33444893642414625
0.13112325709112732 0.13112325709112732 0.13112325709112732 0.13112325709112732 0.12933918406776806 0.13767686092000675 0.14221363894199315 0.13767686092000675 0.2963744891819096 0.24507154069793594 0.15209100104169465 0.18143359519722957 0.1491374965679734
0.25257296658248257 0.24002386656559505 0.2516211615088504 0.2516211615088504 0.2638752983404338 0.24006577453090996 0.2289173310495254 0.26453609052316496 0.3958285208628278 0.3830234450828494 0.2657355520049904 0.23753419825710168 0.23753419825710168
0.3100868364730211 0.29218780149110635 0.295831899141282 0.309471787596805 0.29917582261858355 0.2883681965658631 0.3036295265136985 0.1717007049358613 0.09190182776172598 0.09640373590996239 0.13802914405901903 0.22633936510629632 0.25637928363783935
0.17814682520517794 0.17814682520517794 0.17640957296133117 0.1926675118918461 0.20609897869760851 0.24063209815064565 0.22380078811574905 0.2117623074875202 0.19675278221924458 0.1801520941615541 0.19379592115326655 0.2226075725500467 0.25349445308543644
0.3288335261029103 0.2896722882881207 0.2735793833832251 0.2630668208823282 0.21122354181147665 0.21122354181147665 0.1993138916314171 0.18944943681339066 0.396232255123179 0.40025502074633995 0.4164965639175215 0.37252585172586566 0.35431127654464417
0.3696472790740734 0.3696472790740734 0.373397113105491 0.3375178846058671 0.3231439264665667 0.30602398232146877 0.32365805223786964 0.3638860531285358 0.4519971700561735 0.3019597877795381 0.2983975467231776 0.24059315017296426 0.21154768210980635
0.29637448918190956 0.29016700569105 0.29016700569105 0.2831760569774271 0.272462488904917 0.2571922625628131 0.22188007849009164 0.21187142979276594 0.26165155925684536 0.26045223334357975 0.27324792685435206 0.26126497213658206 0.26165155925684536
0.3145433068675514 0.30751256397319077 0.2941291599495645 0.27405717837386906 0.2497861927249556 0.2497861927249556 0.2605689177325816 0.30695225374357543 0.44772679077703675 0.42430004072985056 0.4233959162621316 0.42707982762212277 0.44971546176805705
0.12126781251816647 0.10165561113406256 0.10165561113406256 0.10165561113406256 0.10165561113406256 0.10165561113406256 0.09968152785361249 0.09968152785361249 0.05638838744346009 0.05638838744346009 0.05872202195147035 0.05872202195147035 0.07505053179263302
0.28194193721730043 0.3005105687593797 0.3005105687593797 0.3005105687593797 0.3005105687593797 0.3005105687593797 0.29262157489454077 0.2891073238637295 0.16629227701484273 0.15753576815496595 0.1452965884475386 0.14638319883033768 0.15488258241562594
0.25 0.26686714795228844 0.24218556140663333 0.23799290955824712 0.22937410895252514 0.2285817953278378 0.23191244638724653 0.09468641529479986 0.11295406451144276 0.11624763874381928 0.0824621125123532 0.07619393177594593 0.09595206546424898
0.29262157489454077 0.29262157489454077 0.2936954191450791 0.2977036180094106 0.2950455314919051 0.2690318547084308 0.2572168366886722 0.4403618637131293 0.49386619290042516 0.4556118790421383 0.34572551220823344 0.41358354928675534 0.41934598521942684
0.09402587112108339 0.1 0.10596477568324796 0.10983044284767227 0.12279416810315039 0.12156002453825789 0.1158673983107057 0.1 0.11327779308884704 0.09038769075777342 0.08574929257125441 0.10708823421952983 0.13545709229571928
0.32718674391012936 0.3159180807847016 0.3048921991987466 0.28366387137060406 0.2749942391095567 0.29292900050445864 0.2675300631440487 0.3889182870244835 0.4398790207125588 0.41798009992384466 0.4380414624258031 0.4488029771150113 0.3888418845976405
0.22703830459324992 0.19685619865516124 0.18556390345148202 0.15693391216720523 0.18155291362643414 0.19436506316151 0.18027756377319945 0.19394504092418186 0.2363052346741947 0.24452773755341067 0.25643641938735734 0.2926028679903264 0.34123064950907267
0.24290362703685742 0.24290362703685742 0.2269052043681678 0.21922056240442575 0.18997122364931956 0.17434939179091102 0.17386922180233508 0.35441060054803186 0.4218732344498158 0.41482204906920317 0.3916464466056933 0.3324679450681172 0.35917185451816785
0.10622957319984967 0.10622957319984967 0.10613747992445476 0.11084825029549532 0.10622957319984967 0.10622957319984967 0.10613747992445476 0.2052568285338576 0.2605597317351953 0.28447818027319144 0.2969886314171154 0.26499947000158997 0.2799613872989959
0.19230810074947904 0.19230810074947904 0.19230810074947904 0.1998017360563674 0.21763418230148326 0.21738664317558462 0.2111706576832996 0.3280400759735191 0.40446501867043555 0.2717921850048091 0.21462711841012086 0.21096968189816828 0.195110941413528
0.10511766624552735 0.10835281026218337 0.1339992578523194 0.14093620435725568 0.15260298566173833 0.14505034974241202 0.17091952242522623 0.18248063000732118 0.3513856608351951 0.37313894632874595 0.358765761029573 0.325700907399843 0.3031367544391341
0.2815592824611134 0.27570507559211255 0.2691815244224791 0.23343492064965785 0.23343492064965785 0.23343492064965785 0.24815943949743843 0.258590965572285 0.2574740546422698 0.22229447330083957 0.2029025088754609 0.18599482599107534 0.17976578444062488
0.22526112460303876 0.2536857024815635 0.23082176787424136 0.2469323991623974 0.2769912235631925 0.23211917272131483 0.25257296658248257 0.32196045810839236 0.3152542559611834 0.2823419577959951 0.3036661238170935 0.2969886314171154 0.27348689542135857
0.3472764393303141 0.3583439434258654 0.37024263516673594 0.387870612748817 0.40573106996631564 0.40909090909090906 0.3982144957827716 0.3795166808789352 0.40684412882793786 0.4054267729710133 0.43297316454084017 0.45182487398379495 0.4341215710622296
0.032879797461071454 0.032879797461071454 0.032879797461071454 0.01592324388246205 0.034519719844613744 0.034519719844613744 0.03434014098717226 0.03434014098717226 0.0149071198499986 0.016520465011377244 0.0242535625036333 0.0242535625036333 0.0242535625036333
0.13001323991962618 0.13001323991962618 0.15338866356807837 0.1601404995409995 0.18241753467594535 0.18942342188969719 0.18204385548255303 0.2533113280158486 0.15811388300841897 0.12148576696332103 0.11910765315080328 0.10451520014812679 0.09831798494276807
0.1414213562373095 0.18027756377319945 0.18027756377319945 0.18027756377319945 0.1457737973711325 0.10606601717798213 0.10606601717798213 0.18738292224896536 0.15617376188860607 0.06984302957695782 0.1643989873053573 0.1643989873053573 0.15156837721956704
0.21901532072326757 0.20452795204645458 0.20452795204645458 0.18879503265826578 0.1874085142663273 0.178168315961943 0.16445073472103164 0.2653753972361002 0.2187254215351017 0.1462976049264104 0.17399048129658376 0.16901537200865158 0.16791236671734655
0.10380684981717496 0.10380684981717496 0.1174440439029407 0.12251277836633778 0.12054009511326318 0.12054009511326318 0.11694106924093725 0.11132458126201236 0.14470719035407653 0.14470719035407653 0.14470719035407653 0.14470719035407653 0.14617633655117154
0.27232126523821526 0.2614461772600697 0.2514057048740066 0.25159158712111956 0.25159158712111956 0.25908162356916187 0.23302705899402712 0.18525530121218914 0.16639143282254973 0.183913629794167 0.21462711841012086 0.18609125541828647 0.18644650471793622
0.14337208778404376 0.1201850425154663 0.097182531580755 0.07495316889958614 0.052999894000317994 0.052999894000317994 0.052999894000317994 0.12126781251816647 0.15544635336100426 0.14528228329238618 0.14528228329238618 0.13697345026974844 0.14359163172354764
0.3142725093059744 0.3135784948204069 0.30209037311972675 0.3142725093059744 0.3142725093059744 0.2849215612484288 0.2822305751360291 0.22926012954324174 0.23622256299417083 0.18769750212382433 0.15177361546824772 0.1288367804206543 0.11640504929492972
0.08744746321952061 0.08744746321952061 0.08744746321952061 0.0825434260906081 0.062017367294604234 0.04955598528734553 0.06268391408072227 0.1201850425154663 0.09772697579354847 0.08160781865467162 0.07520710469952335 0.07179581586177382 0.0649722122736315
0.21037103906165674 0.21037103906165674 0.22282020427250032 0.21527390978846667 0.20528685639782435 0.2244452103221704 0.2244452103221704 0.2237434947503559 0.18155979268481323 0.18017659655236884 0.1790327196473113 0.17705126449440386 0.19264838972038067
0.18494886071852695 0.19520268753101444 0.20761369963434992 0.20761369963434992 0.20761369963434992 0.21730674684008827 0.2279385667675589 0.1748209003187664 0.05528322276085581 0.07495316889958614 0.07495316889958614 0.07866459694094409 0.07895830523185818
0.3481047040753984 0.36287031593076285 0.3585303160236242 0.3585303160236242 0.37400402510761527 0.3724648807881666 0.37400402510761527 0.37400402510761527 0.1555547305269584 0.13010979365773964 0.11724457509220775 0.11724457509220775 0.10999380480125832
0.20500665754079433 0.18573921185472891 0.22360679774997896 0.22360679774997896 0.22360679774997896 0.21390352260103637 0.21390352260103637 0.23391661149237664 0.27641362915388684 0.26476988647409505 0.2639547899689282 0.26352313834736496 0.26627926219811526
0.19603507200091613 0.20690537318169083 0.22177177332075712 0.21245827130853714 0.21245827130853714 0.2056677453339336 0.21236292773307014 0.22252280667726693 0.17663112643729661 0.2056117709057383 0.17816874992225348 0.20065345449095945 0.2045464579868083
0.0992876838486922 0.09968152785361249 0.08219949365267865 0.08187472156621811 0.11849287583000463 0.11914522061843064 0.11914522061843064 0.09284766908852593 0.09284766908852593 0.09308872791678188 0.10407636178045333 0.10859306069076735 0.12843225981358714
0.35020209798623747 0.37072370908057856 0.37072370908057856 0.37072370908057856 0.37072370908057856 0.3492151478847891 0.33563618167167314 0.1512545377216296 0.14869869628360124 0.17634981734114455 0.13176156917368248 0.14087420255461897 0.11668107650481435
0.12803687993289598 0.14492790745972886 0.14492790745972886 0.12803687993289598 0.1319773949844641 0.1319773949844641 0.13130643285972257 0.1431782106327635 0.25637928363783935 0.2702474937259706 0.3035371994676668 0.2854131639523716 0.3006642687346895
0.10457843412160593 0.13261057282716593 0.12745411126234255 0.14234827940387476 0.16233229857831055 0.1398881342210505 0.16858329699272676 0.20207890894344482 0.3391400513665329 0.3002139667455288 0.3002139667455288 0.18133713927644965 0.21437323142813605
0.22753002330335395 0.21035158095583564 0.18142426540886872 0.15172774624376745 0.13862227072935046 0.13306157385308737 0.12270192370857266 0.14990633779917226 0.12121539504758783 0.1197242475310673 0.12559280349767743 0.1411081302575396 0.13346249681211092
0.39270703777005894 0.3811274107713804 0.40163874235259067 0.3421312681421877 0.35680460983783086 0.3512382670846761 0.3594068598927917 0.30400776928623724 0.5982731161994016 0.5229731157229239 0.5525239616049676 0.5206692060133418 0.45240809175830715
0.1344008326426176 0.1344008326426176 0.1344008326426176 0.1344008326426176 0.1350858067395748 0.15811388300841897 0.15811388300841897 0.1355815361366601 0.09608280525301098 0.07692307692307693 0.057692307692307696 0.039968038348871575 0.039872611141445
0.29361010975735174 0.30628194591584446 0.30628194591584446 0.27380056109794654 0.2533236822768207 0.2434017465091652 0.2340401408741973 0.08600261451922268 0.0730056307974577 0.05652334189442215 0.039968038348871575 0.08465366368656922 0.11202144417215536
0.09308872791678188 0.09712858623572643 0.11316968255314816 0.09332211095685 0.08929576464474494 0.09284766908852593 0.11180339887498948 0.14992352790734176 0.13027845970927113 0.13027845970927113 0.13480685448343155 0.14479074758768978 0.12328487914410477
0.19444920133587434 0.18071881452451694 0.18071881452451694 0.17285133450848603 0.16020983934367847 0.16629227701484273 0.15782396989040887 0.368981372111676 0.25093775704573074 0.21786941605297164 0.19997231381078306 0.15631500301699272 0.17235892850502713
0.09629640197141817 0.1142908976639189 0.1142908976639189 0.09408874118687267 0.07802743146408704 0.07802743146408704 0.07802743146408704 0.1607789114185704 0.1708800749063506 0.16294872684896727 0.17126625459762618 0.17126625459762618 0.17867664595966337
0.2821994936526786 0.2898192977913681 0.30649072317469755 0.34402905622537183 0.37752975410085604 0.37404863174252795 0.4076677519167483 0.4470928342131578 0.49545268460943725 0.503604213839826 0.49328990591481325 0.46956184419067576 0.4836264644817944
0.11891287353862351 0.12126781251816647 0.12085835334404364 0.14417529904228596 0.181122692847289 0.20319840737609382 0.23449661432847865 0.4192009577408218 0.3513856608351951 0.32238576933491175 0.30880548042783834 0.30880548042783834 0.35656607284369957
0.254480453838932 0.254480453838932 0.24617474964073316 0.2524683863251854 0.24406835381196368 0.24631137045728635 0.23911359344920813 0.34537250632381955 0.3461696034201056 0.32227899029891516 0.2928345756484991 0.29260630404093546 0.2684208954434677
0.1431782106327635 0.1497627591434473 0.1497627591434473 0.13743685418725535 0.12764064725415908 0.10599978800063599 0.11124853987249621 0.10540925533894598 0.29131149191389777 0.2792519496371454 0.2614356973582816 0.30413812651491096 0.30413812651491096
0.30210892481482743 0.3115021140807698 0.3083342877349153 0.30699925713079956 0.31651065442564186 0.3274725019963075 0.2884514360040523 0.2809906564704782 0.3975827519050879 0.4033171417150122 0.3816167218089351 0.3341389783543983 0.30189737967164
0.35743870934640887 0.3205897343611891 0.3383492249434037 0.3383492249434037 0.33961251206943877 0.323477988508915 0.2951104266786015 0.35787395894616764 0.32904616008196175 0.3136802038227313 0.2854879653827432 0.27136649546192515 0.27136649546192515
0.34396080772450355 0.3449978608821198 0.33388065879905554 0.33388065879905554 0.33632210572545995 0.34748403420638196 0.33506794328230777 0.47243670389650155 0.4039416253142076 0.39027720951578676 0.36760731104690386 0.36760731104690386 0.3625295762892896
0.12933918406776806 0.12329924047901797 0.11849287583000463 0.11404288819045583 0.11462410798513052 0.11620520485346814 0.1339922741776383 0.0958706236059213 0.08574929257125442 0.08574929257125442 0.08458258116519013 0.09968152785361249 0.09552008998760876
0.24458223125438125 0.25546236993185195 0.24448242128807976 0.23723919558723985 0.22826458489509244 0.2245692721623346 0.21020579440058274 0.18415541743845185 0.14642000858552906 0.14642000858552906 0.1490360294619786 0.14755199904452854 0.14432298365985818
