0.13697692318338522 0.15763207218886574 0.13697692318338522 0.14417529904228596 0.15187933259934655 0.15187933259934655 0.14466375430616596 0.12821820969367867 0.10647942749999 0.09816918156232525 0.12140522651411392 0.09361029108991246 0.09361029108991246
0.23891883659557445 0.27736103833398584 0.27736103833398584 0.26623903465665205 0.2418876909890552 0.2518434043753962 0.2518434043753962 0.24018094855101463 0.28191841704208614 0.28191841704208614 0.2617143324179965 0.25134727614855107 0.26663384567143333
0.0992876838486922 0.12078868060698413 0.10125396748078254 0.09741176055739117 0.09741176055739117 0.09741176055739117 0.09741176055739117 0.1395897350009916 0.11640504929492972 0.09384875106191216 0.0958706236059213 0.09552008998760876 0.11620520485346814
0.1913232330753186 0.23997954622527135 0.24045726832881842 0.2591190778711216 0.2842220510185596 0.3137970364228864 0.320988466826728 0.33154042075281037 0.32947302157012504 0.3098390470063347 0.3025507800894365 0.30876444330080044 0.3247683059578698
0.1350858067395748 0.11620520485346814 0.12078868060698413 0.12574563933578695 0.12574563933578695 0.12456821978060995 0.12456821978060995 0.12628648329124129 0.12126781251816647 0.15826325846261996 0.13810200921222546 0.1504142093990467 0.18051113445691194
0.2977018065099007 0.30410255141875403 0.3052775637731994 0.2949507261711545 0.3401642818979159 0.3401642818979159 0.3401642818979159 0.37490245796883365 0.43085595779629615 0.38511603958710583 0.3351427147696945 0.3555556556413488 0.3405541308080493
0.14577379737113252 0.17759071354792608 0.17541160386140586 0.16870547845739467 0.16870547845739467 0.16870547845739467 0.16870547845739467 0.14935759876113539 0.2336824951347944 0.1858235365617916 0.19425717247145285 0.19425717247145285 0.2027495562272223
0.15696687808016116 0.16350785633554749 0.1470726424553534 0.1699317476210769 0.18286821294537314 0.22733798899381377 0.24524588915628234 0.2677868942797947 0.46201340377038214 0.34900848241360083 0.2741651570883259 0.2860459786901644 0.34267432091792843
0.13305003622219846 0.13219317555508714 0.13219317555508714 0.13116804557427575 0.13219317555508714 0.1510779149200996 0.1510779149200996 0.1344008326426176 0.08500255011475574 0.07836847897662572 0.07836847897662572 0.09691781871160239 0.10125396748078254
0.3150042931882025 0.33563618167167314 0.33563618167167314 0.3563083987754626 0.3563083987754626 0.35661756013408263 0.35661756013408263 0.20968368641454574 0.10810401430933787 0.10424816590452647 0.10424816590452647 0.11795627277614266 0.09218352964586393
0.14532958974404495 0.14532958974404495 0.14532958974404495 0.14570690649263465 0.14570690649263465 0.14570690649263465 0.1520302849670743 0.09712858623572643 0.07157479178923352 0.04343722427630694 0.0679018095318889 0.045267873021259265 0.045267873021259265
0.22771236175012083 0.22771236175012083 0.211961028146971 0.211961028146971 0.211961028146971 0.211961028146971 0.23465539766507174 0.20673311494440272 0.21962366068553038 0.19875837713313318 0.19766784772463256 0.16893626144384527 0.14880378166531846
0.11355167461566966 0.10925355610938445 0.10797236261230418 0.1064660161481514 0.1254714033071239 0.1254714033071239 0.1234661995811987 0.17768557889838335 0.2122774797171422 0.18087578440110783 0.19306751220066048 0.17274503988932952 0.1365193471039035
0.25070236544421426 0.23122785390222525 0.2434864124132268 0.2434864124132268 0.24235232887318323 0.2491364395612199 0.2663881392719205 0.26 0.3367063512631359 0.2664911064067352 0.21069192734534933 0.1917659799899218 0.20438984827559104
0.16070608663330627 0.16070608663330627 0.16070608663330627 0.16070608663330627 0.15371886547533642 0.15826325846261996 0.1586619397054981 0.1473139127471974 0.07505053179263302 0.09308872791678188 0.08937125067539531 0.09308872791678188 0.09712858623572643
0.32616937999067747 0.32616937999067747 0.32616937999067747 0.32616937999067747 0.32590875719237655 0.3086613566306872 0.30888957208266443 0.29102549154161583 0.18319837290657479 0.17116001272443118 0.14533688819598656 0.15936206065674055 0.13519561258788462
0.09615384615384616 0.09615384615384616 0.09615384615384616 0.08152896377979658 0.0958706236059213 0.0958706236059213 0.10846522890932808 0.10768556115773084 0.175173972317857 0.16945859735114127 0.17661444037920204 0.1285058810634358 0.13297266215338088
0.2613597953802705 0.2689452430433229 0.2788475052744205 0.29600733495336545 0.3000289395967889 0.3147194759468569 0.30370837093850583 0.28559149146989654 0.30393873212678246 0.30393873212678246 0.29897791479439484 0.2378696831107047 0.25486037476146933
0.09999999999999999 0.10478420553561367 0.10478420553561367 0.09968152785361249 0.09968152785361249 0.09968152785361249 0.11529936630361318 0.18926117722691457 0.1463489688363681 0.16430776433302943 0.14000211325539458 0.09615384615384616 0.08560132129176834
0.3161868981541636 0.3332542197065727 0.3302936556765875 0.3367847036732206 0.3416318433438979 0.3416318433438979 0.34432925173089185 0.32370896257426884 0.2510377825534268 0.2094826772994961 0.18711914973650745 0.147087101353638 0.1122328849047236
0.20248456731316586 0.20248456731316586 0.1941232173888836 0.1941232173888836 0.1941232173888836 0.20248456731316586 0.20248456731316586 0.21437323142813605 0.19235384061671343 0.17896499588156806 0.1463014339951632 0.15103052333254424 0.14705882352941177
0.16651128273333848 0.16651128273333848 0.14621426820625286 0.1321736005217196 0.1270607490256383 0.1270607490256383 0.1321736005217196 0.20278002776456153 0.09123076542562622 0.0919057248033709 0.09546964923667185 0.09546964923667185 0.09790615576427261
0.11726625745504865 0.1212678125181665 0.12555049023795636 0.1301448015738384 0.1350858067395748 0.14617633655117154 0.13372812598265227 0.13130643285972257 0.12105854952787558 0.10380684981717496 0.10380684981717496 0.0992876838486922 0.10380684981717496
0.21681251035744725 0.2018312442379848 0.19212408051108926 0.18471288676150918 0.16859943405700353 0.18471288676150918 0.2093192654957137 0.2794810666453166 0.21297258277280218 0.22147813891119808 0.17874250135079062 0.19922620784123665 0.1973361657291579
0.132499735000795 0.132499735000795 0.132499735000795 0.132499735000795 0.11478156297046771 0.10140402531267877 0.10504514628777806 0.10827805840074195 0.10452487680674537 0.10090879183531493 0.09999999999999999 0.09999999999999999 0.10983272715093156
0.3033234049581525 0.3033234049581525 0.3207895769536425 0.35294706132270154 0.35475058385414787 0.3521014198154639 0.33534091846733083 0.341554240321019 0.3736756101548928 0.3207234947381373 0.4021356996770507 0.35318430216807656 0.31177567983078364
0.062445817068272 0.04654436395839094 0.048564293117863214 0.05061102063618225 0.05061102063618225 0.05035371840692256 0.0318464877649241 0.19470448393802792 0.17921510973005472 0.15617376188860604 0.12137285178646788 0.11695830574618832 0.11074362710059765
0.2368380178226033 0.22196697145682864 0.23570226039551584 0.2553092828095215 0.26587526243036186 0.2603586812345364 0.24899674790297682 0.4836112818698345 0.4116089987642408 0.3420051855988885 0.3705667402478319 0.3086656259215949 0.3027522005206053
0.11891287353862351 0.10869565217391304 0.1 0.09608280525301098 0.09252915127470066 0.09105391988558544 0.09099590527639176 0.10356086167566353 0.20062678741547907 0.23390694744683785 0.23390694744683785 0.20018373912924273 0.20018373912924273
0.24673313017878323 0.25439454145062335 0.2580316772140538 0.2846256254178702 0.29075386461018843 0.34244891587240633 0.37308367963008726 0.36962818564664446 0.401991720981403 0.40557631182832765 0.37824278721007054 0.38141840270409183 0.32102367641093177
0.12188747834395942 0.12188747834395942 0.12807308433908624 0.125 0.13139708280690918 0.13139708280690918 0.13139708280690918 0.1598514503776719 0.22766042320237156 0.17589938618257298 0.13824460296132315 0.13636363636363635 0.16835875742536846
0.1796706425865565 0.17277064448988494 0.1684847974246499 0.16198548992373119 0.17737523601074442 0.17073105772921487 0.1643989873053573 0.1594604413296302 0.20045785361307 0.18695703918813153 0.17503631731814823 0.15949044456578 0.1735172588460334
0.1906456819113252 0.1906456819113252 0.1906456819113252 0.19235384061671343 0.193714622498081 0.21730674684008827 0.20761369963434992 0.18155291362643414 0.1817756694801661 0.17255515320869555 0.17313975732225934 0.15811388300841897 0.18519929937179805
0.2146350622202143 0.2224413978492442 0.23438354270760847 0.23438354270760847 0.2427439036542056 0.22778779378172373 0.22020343967376474 0.2084826208196301 0.2905559846239531 0.2775350277072847 0.283754368808363 0.27371895875730956 0.2535461210693964
0.2391304347826087 0.24011654385189699 0.25 0.2725486871831268 0.32243812763667723 0.32243812763667723 0.37500000000000006 0.6468132241526726 0.686476510887299 0.7123382220365951 0.6731456008918131 0.47045751692300314 0.47045751692300314
0.2789038923324084 0.2926619516871145 0.26137251695052643 0.2727920982163618 0.2727920982163618 0.25712566824338173 0.238286766789036 0.5429906804257333 0.3461758037368816 0.3602321015378519 0.3088302318845493 0.2433167911795611 0.24422328145412872
0.11744404390294069 0.08320502943378437 0.07894736842105263 0.09805806756909201 0.09805806756909201 0.12126781251816647 0.1681681984990781 0.1605403247669839 0.2876915707998708 0.29381280920141783 0.3475186768638929 0.32658121517072763 0.34668762264076824
0.05208635703692599 0.07669649888473705 0.0899227471454503 0.09020758392831073 0.09710726074029125 0.0891578689526865 0.08122289572799572 0.14064388239500755 0.5011654609697883 0.46693235825067275 0.4751209605272941 0.5119880035423003 0.5307780765818814
0.30540011586315874 0.2731581677625339 0.2791597653022208 0.2791597653022208 0.2791597653022208 0.26589726863219815 0.28736594356388506 0.28736594356388506 0.20319840737609382 0.19418190330267115 0.19611613513818402 0.16835875742536846 0.17655613788661215
0.4936991967145031 0.5129034146820896 0.4805827953891845 0.4805827953891845 0.4359774768956663 0.41865157341026193 0.40264619012846914 0.37037037037037035 0.48464555932994047 0.4918802703002408 0.464310812536088 0.46384803505436384 0.38561256643569636
0.27307897601127096 0.2832644114435326 0.29827937950065225 0.26123407749228134 0.22526112460303876 0.22388336779724757 0.23651474905243652 0.25124689052802224 0.2830379784367622 0.2922524102923631 0.29890510583642094 0.3041820020833893 0.32311937464070345
0.28412605257953866 0.3014086805757405 0.28272587383250686 0.305153190793319 0.3107897054730749 0.30151562812433985 0.28644794315654665 0.3347840862033549 0.2744374435057603 0.30679126586317507 0.24775640135988383 0.21358299968752129 0.22002648646242642
0.25139018680589903 0.24773340742668246 0.21412087909648583 0.2896722882881207 0.29588025678269003 0.37642628880370066 0.37642628880370066 0.507380472858306 0.5582610548886653 0.5413902920037097 0.4818670415138696 0.5022205882755443 0.523200604360852
0.15071794728311547 0.17047914802821373 0.2065042716617691 0.24165525060596438 0.2508547030718512 0.2612124697826701 0.2921346446227208 0.295145128840425 0.47502244155923906 0.42458242345262537 0.37788520860647346 0.37500826956718003 0.3925166173585775
0.11451966686277365 0.11451966686277365 0.11451966686277365 0.11451966686277365 0.11451966686277365 0.10846522890932808 0.10846522890932808 0.10617537166910045 0.27555622310463346 0.2434973378606679 0.24659848095803596 0.24659848095803596 0.23599379082283223
0.20076144084141578 0.20063352656220398 0.1996189383827499 0.19594034956166126 0.19594034956166126 0.18952502065033341 0.18166309554598198 0.14788303008421164 0.25612184914872993 0.16387899988007654 0.16387899988007654 0.16561581297223732 0.17159462881864393
0.19235384061671343 0.19235384061671343 0.2045854433235891 0.23599379082283226 0.26799851570463873 0.2549509756796392 0.24253562503633294 0.22562131409857006 0.31622776601683794 0.31907672235863777 0.2848001248439177 0.32557641192199416 0.32557641192199416
0.18188102150629115 0.18188102150629115 0.16678207481786878 0.17294052059016274 0.17294052059016274 0.17294052059016274 0.17294052059016274 0.17917460011190842 0.402943370808246 0.3880799058364399 0.38434207083005084 0.4003911810225339 0.38828820037646694
0.17460757394239454 0.17460757394239454 0.16609095970747995 0.173259232729684 0.18107149208503706 0.1896181852559909 0.1896181852559909 0.18248063000732118 0.18248063000732118 0.16004609991611995 0.13697692318338522 0.13511320473331348 0.1358036190637778
0.3933407951536117 0.3933407951536117 0.3803976368172636 0.3969061077352127 0.4197219217192464 0.4279412718839039 0.43808471532681004 0.43808471532681004 0.43808471532681004 0.3154245936990081 0.2382500184165789 0.22529950594131407 0.22529950594131407
0.18519929937179805 0.19695964928958382 0.2096313728906053 0.17910791723901853 0.17910791723901853 0.17910791723901853 0.18186239292687614 0.16795867566612183 0.08333333333333333 0.07894736842105263 0.08784104611578832 0.06565321642986127 0.09805806756909202
0.31168766221690675 0.3038067623620086 0.343677786459901 0.33125678280507165 0.32463087523669576 0.33913768265996985 0.35519168686463753 0.37335343624631007 0.27029586804110417 0.26741759157910966 0.25258964783208515 0.2480485011833674 0.26546247316320426
0.5303300858899107 0.45276925690687087 0.3882464347777672 0.4372373160976031 0.4372373160976031 0.4826033390953516 0.5220153254455275 0.223606797749979 0.2357022603955158 0.2357022603955158 0.1655211777204736 0.17149858514250882 0.1849000654084097
0.2504885869545695 0.23323478761619978 0.23323478761619978 0.2411820304864858 0.2411820304864858 0.25886536113869146 0.298135790734387 0.3445003371615971 0.42171160390841433 0.40273686803768804 0.4146742043946777 0.37833198455312733 0.3832282846785417
0.16567837615188147 0.18719704870198955 0.16666666666666666 0.16666666666666666 0.16537964611894462 0.1516018286384735 0.15314097295792223 0.1317368461095426 0.060971076084969246 0.06401843996644799 0.05317945372643963 0.053239713749995 0.047565149415449405
0.3643345806979386 0.3628950864056385 0.3643345806979386 0.3643345806979386 0.33745287746798897 0.32821581963721574 0.3161272830175529 0.2820672171966276 0.2259379561535083 0.25758832304879414 0.2493511108867787 0.223179914757268 0.2259379561535083
0.07179581586177382 0.07179581586177382 0.05076730825668096 0.06421612990679357 0.05317945372643963 0.04975185951049946 0.02487592975524973 0.16584966828256745 0.08838834764831845 0.08914151821092489 0.08914151821092489 0.08914151821092489 0.08914151821092489
0.22558087980913125 0.22558087980913125 0.24288073493519322 0.2594937384167343 0.268950552382118 0.24517271511297983 0.24517271511297983 0.29346707612033246 0.22360679774997896 0.22360679774997896 0.23249527748763857 0.24274570357293576 0.1964233835791009
0.2482626613699106 0.2570696170883 0.24485659299112555 0.26589726863219815 0.26499947000158997 0.2781213496812405 0.27641611380427905 0.27641611380427905 0.0679018095318889 0.0679018095318889 0.09053574604251853 0.10635890745287926 0.14171486334564484
0.1637804455201046 0.16538530041390564 0.16538530041390564 0.16538530041390564 0.1637804455201046 0.15504341823651058 0.15504341823651058 0.1734944658752063 0.225457424187346 0.21734937980297267 0.17046943731891961 0.1946511948275743 0.2647366051105704
0.13313963109905763 0.13313963109905763 0.15636456680019054 0.1799891330596375 0.1799891330596375 0.15636456680019054 0.1748209003187664 0.04993761694389223 0.04993761694389223 0.052558833122763673 0.03721614637823935 0.03721614637823935 0.03721614637823935
0.24537644707498926 0.254655626718518 0.2512495518109423 0.2512625641328193 0.2614279934139747 0.258097590012877 0.27638531986249143 0.19196104647461595 0.17196115068644072 0.17942390907494218 0.20412369364724273 0.20307956958069717 0.24004389253536704
0.0703597544730292 0.06704015231539909 0.06704015231539909 0.06666666666666667 0.06666666666666667 0.06666666666666667 0.06666666666666667 0.08545976121261312 0.06498440561375456 0.06498440561375456 0.07772317668050213 0.07722242389548244 0.07121091148698563
0.18133713927644965 0.18857926029508496 0.1796706425865565 0.19698848743866804 0.21523447352654546 0.21523447352654546 0.21523447352654546 0.19001345864384012 0.1749275651101308 0.17531471622577413 0.17531471622577413 0.17528974013493745 0.20226819557590411
0.10859306069076735 0.17489492643904123 0.1508957147457294 0.1524276902124231 0.1524276902124231 0.14617633655117154 0.14041398907543262 0.10125396748078254 0.10165561113406256 0.10586263057247414 0.08560132129176834 0.06582367076198595 0.07830756969602692
0.20752906583803282 0.36667590527902855 0.28261670947211076 0.28194193721730043 0.29361010975735174 0.3071475584169756 0.3210806495339678 0.22762671997104575 0.21663292520948518 0.19972729071959147 0.19972729071959147 0.2002917589880262 0.20712944338653744
0.11209367214293915 0.13130643285972257 0.1392715036327889 0.15852439140074778 0.15231546211727817 0.15492886822586965 0.15492886822586965 0.1463489688363681 0.20546017540462266 0.20023571015840683 0.20023571015840683 0.16666666666666666 0.11541088393712068
0.2079121770104234 0.20914099730616698 0.21381742262163383 0.2139537423183775 0.2239134969168691 0.22066392569515708 0.22066392569515708 0.20174567675508856 0.2736294950075073 0.2637227342974178 0.2412022659166597 0.2082817333522542 0.20769504646300047
0.06888051645745157 0.06888051645745157 0.0854357657716761 0.0854357657716761 0.0854357657716761 0.0854357657716761 0.0854357657716761 0.10287828539511831 0.08963273099168827 0.09332211095685 0.08954813188742858 0.07179581586177382 0.07520710469952335
0.1998759363112321 0.1998759363112321 0.1998759363112321 0.20606845761471115 0.1910390266490128 0.19714528297993447 0.19643776109712943 0.18957650541242277 0.18446506280205868 0.15940035362720054 0.14775651218549873 0.14775651218549873 0.13736056394868904
0.1273859510596964 0.10778265338980672 0.10778265338980672 0.1273859510596964 0.13333333333333333 0.1273859510596964 0.10778265338980672 0.13112325709112732 0.10647942749999 0.11904761904761904 0.11166390612088833 0.10790660599072865 0.11383021160118578
0.20458621664982593 0.20458621664982593 0.21505213884256363 0.2086312196383257 0.20428947382543014 0.18988072566262598 0.19050372802830168 0.15963393690473593 0.1390224491712509 0.1384597295050528 0.15940035362720054 0.1297600799952662 0.1423682908484136
0.087089594286031 0.10653312363426524 0.13085598064755344 0.15858098560067926 0.15858098560067926 0.15846382194552627 0.135881606299661 0.2241873442858783 0.20141487362769023 0.26516504294495535 0.28832201503194 0.2785430072655778 0.28950110233321913
0.15008673867912484 0.15437347529987683 0.18886645366889135 0.2024793296327012 0.20608650972618822 0.19525095379890967 0.20189172633571142 0.23639591097234544 0.2673649924387794 0.2168072758129388 0.22391675966419944 0.22542614194665442 0.27501103607510147
0.1885682552045735 0.21179652511907843 0.21179652511907843 0.21563604964869923 0.21179652511907843 0.1885682552045735 0.19611613513818404 0.08219949365267866 0.11435437497937312 0.11435437497937312 0.11435437497937312 0.10850277962151739 0.10307764064044152
0.3327230074879373 0.3327230074879373 0.38538840156827553 0.40144625163362035 0.40144625163362035 0.4010982270761047 0.41850506081021566 0.15822841386177308 0.13736056394868904 0.13736056394868904 0.15778248977961915 0.1686468011455083 0.1889081104262141
0.10307764064044152 0.09816918156232525 0.09816918156232525 0.12140522651411392 0.12126781251816647 0.12731644162961409 0.13139708280690918 0.0744322927564787 0.07856742013183862 0.06211299937499416 0.06211299937499416 0.062017367294604234 0.03922322702763681
0.23009333310841623 0.25495190460298955 0.2659553021566184 0.26471656555701195 0.2630110568129673 0.2630110568129673 0.2630110568129673 0.1806225774829855 0.20349529699863103 0.20349529699863103 0.18563858772053282 0.20592445497062253 0.20592445497062253
0.1168412475673972 0.11585688927269845 0.11585688927269845 0.10846522890932808 0.10846522890932808 0.10846522890932808 0.10617537166910045 0.10617537166910045 0.16520465011377244 0.11245405460403443 0.09300816647554057 0.09284766908852593 0.06565321642986127
0.21039623986651634 0.23089088604787955 0.2100575527145462 0.20987544816994327 0.18939856934881744 0.1818349804282036 0.19196104647461595 0.19196104647461595 0.1047213595499958 0.10514585649573331 0.10514585649573331 0.09284766908852593 0.13130643285972257
0.14221363894199315 0.165915912098992 0.1664780229540729 0.1664780229540729 0.16666666666666666 0.16666666666666666 0.16666666666666666 0.16666666666666666 0.06726727939963124 0.05317945372643963 0.04861017342390848 0.04163054471218133 0.05731205399256526
0.24253562503633294 0.2622387811268167 0.28199944657817144 0.2622387811268167 0.22292342365222906 0.20331122226812512 0.1643989873053573 0.1643989873053573 0.10438785118851075 0.07014585806285348 0.10120896723211979 0.12867956800420358 0.14422205101855956
