0.15402151712415468 0.15402151712415468 0.15402151712415468 0.15402151712415468 0.15402151712415468 0.15402151712415468 0.13372812598265227 0.11663164740528441 0.06582367076198595 0.06582367076198595 0.06582367076198595 0.06565321642986129 0.06848672513487422
0.3156240622989997 0.3156240622989997 0.3156240622989997 0.304366399529389 0.304366399529389 0.304366399529389 0.3221138432382432 0.2550019623085807 0.1379237968024615 0.1379237968024615 0.127816325823135 0.10381455967692008 0.11265147726483324
0.10859306069076735 0.11576727454540037 0.11576727454540037 0.13810200921222546 0.13810200921222546 0.1504142093990467 0.181122692847289 0.09772697579354847 0.07179581586177382 0.06811149137797498 0.06811149137797498 0.09081532183729997 0.06811149137797498
0.14572516853845507 0.15480470613460082 0.15090367347255543 0.14572516853845507 0.15090367347255543 0.1603058624727967 0.16859943405700353 0.12409754201362294 0.134256417578521 0.13370698825028138 0.12358968674402394 0.10662227184371323 0.10018294368245276
0.06704015231539909 0.06704015231539909 0.06992836012750657 0.07818228340009527 0.08219949365267866 0.08276058886023681 0.09372184261837677 0.062017367294604234 0.062017367294604234 0.08770580193070293 0.08588975014708024 0.08588975014708024 0.09053574604251854
0.13617225707290861 0.13617225707290861 0.1366955671536951 0.15872759407551865 0.1536556407323112 0.1536556407323112 0.14199738779692198 0.09758064581445065 0.09525405013664842 0.10812922842419256 0.09811155478926985 0.11561289665950127 0.08177364335506074
0.1463014339951632 0.1463014339951632 0.1463014339951632 0.1463014339951632 0.1463014339951632 0.1463014339951632 0.14108316199577509 0.1261886162812672 0.08922882628103122 0.08276058886023681 0.08276058886023681 0.06542799032377672 0.064018439966448
0.20024737177049315 0.20024737177049315 0.20154866806007518 0.20266980709997023 0.20266980709997023 0.20266980709997023 0.21553879750435861 0.16202755316399955 0.12306528871979648 0.1178511301977579 0.1178511301977579 0.1141889545974398 0.09880903782660576
0.15747675261428595 0.15747675261428595 0.15747675261428595 0.15533411192354932 0.16317848796612636 0.16770509831248423 0.17001838135919303 0.10077822185373186 0.09300816647554057 0.09300816647554057 0.09300816647554057 0.08543576577167611 0.08276058886023681
0.15399931458457117 0.16330847331422962 0.16988710213018576 0.16988710213018576 0.17954630514150904 0.16816105286272998 0.16816105286272998 0.12363082021453377 0.12564724373853842 0.12990034125895322 0.11662731360815248 0.11280879139710874 0.12990034125895322
0.1358036190637778 0.1358036190637778 0.1358036190637778 0.1358036190637778 0.1358036190637778 0.1414213562373095 0.12257258446136503 0.12257258446136503 0.10493027539418984 0.09701425001453319 0.09999999999999999 0.10179731971185753 0.10300524052492095
0.21236902476727265 0.21684666902724561 0.21684666902724561 0.21236902476727265 0.20553739839986637 0.2222222222222222 0.2141491830744749 0.16871543596953284 0.1629256914422996 0.16871543596953284 0.17493066210650157 0.17528974013493745 0.17528974013493745
0.1358036190637778 0.14221363894199315 0.14221363894199315 0.14417529904228596 0.14417529904228596 0.13767686092000675 0.13767686092000675 0.11785113019775792 0.04902903378454601 0.04902903378454601 0.04902903378454601 0.04902903378454601 0.07752170911825529
0.23239295869261847 0.22502055171501686 0.23239295869261847 0.22379782910606374 0.23204748928108385 0.23358704650158152 0.22037412580364582 0.17951458356096425 0.1355957427091268 0.1355957427091268 0.14466976647913413 0.15347208859392159 0.13682828132310473
0.07752170911825529 0.07752170911825529 0.0772539303936907 0.0772539303936907 0.07634798978389314 0.10617537166910045 0.10617537166910045 0.050898659855928764 0.07935508313361897 0.07669649888473705 0.07276068751089988 0.07183697139158635 0.09578262852211514
0.1648062340754639 0.1648062340754639 0.1648062340754639 0.1648062340754639 0.2010250577655095 0.2023809399765388 0.2125022710112057 0.15981936812122785 0.14689972580540822 0.14689972580540822 0.1208244186660354 0.10438785118851075 0.10899018102666294
0.08144110179279557 0.06388765649999399 0.08144110179279557 0.0825434260906081 0.06933752452815364 0.06933752452815364 0.06933752452815364 0.07905694150420949 0.08507824251632096 0.07905694150420949 0.07905694150420949 0.07905694150420949 0.07905694150420949
0.1590502836493325 0.1590502836493325 0.15256626807109014 0.1446980474911076 0.13891956377498957 0.13358455349262754 0.13358455349262754 0.14240227590937815 0.11093897749841795 0.08281733249999222 0.09696422180555166 0.07564407102678196 0.07564407102678196
0.14466375430616596 0.1681681984990781 0.17655613788661215 0.1747816593036228 0.1664780229540729 0.1664780229540729 0.1664780229540729 0.14466375430616596 0.097182531580755 0.097182531580755 0.097182531580755 0.09284766908852593 0.0888798529071021
0.26176534422839776 0.2619448199740142 0.2664224642339872 0.25690737622563053 0.25258964783208515 0.25258964783208515 0.25571150246758145 0.22908606743351173 0.12456361292923115 0.12456361292923115 0.1320971779771627 0.12456361292923115 0.12456361292923115
0.11043152607484653 0.11074362710059765 0.08963273099168827 0.06874516652539955 0.06868028197434452 0.06874516652539955 0.08954813188742858 0.07830756969602692 0.052299424081913 0.052299424081913 0.052299424081913 0.05179192440406511 0.0511912597361626
0.1645758803977079 0.1706630824160446 0.18899755844288665 0.18886806369767814 0.2065042716617691 0.2065042716617691 0.18886806369767814 0.18886806369767814 0.1345458857365238 0.1345458857365238 0.12976551678586984 0.1471482631759846 0.15256898669215468
0.1317368461095426 0.129944424547263 0.10828702045605249 0.11316968255314816 0.11316968255314816 0.1185113657849943 0.11316968255314816 0.11541088393712068 0.08433028740719097 0.08498365855987974 0.08119293127637092 0.08433028740719097 0.06615412016556226
0.25907870938321903 0.25831558928849924 0.266265614845038 0.26951748407877835 0.26951748407877835 0.26752192813739223 0.2712173048997297 0.26289323464498665 0.11269731642573938 0.11269731642573938 0.11308103328816604 0.10927150563372863 0.11977224937011706
0.10963225241337866 0.1320147136321729 0.1320147136321729 0.13704883589322867 0.13867504905630726 0.15015465060444594 0.16488883804693039 0.18569533817705186 0.12403473458920847 0.09805806756909202 0.10322663273069617 0.10322663273069617 0.08770580193070293
0.20186558504309257 0.20186558504309257 0.2105362508780686 0.2175133294114467 0.23939581151094963 0.23897047067480956 0.24881213415843306 0.2327454420979309 0.13254537235873898 0.1084652289093281 0.0741656932483308 0.058391426423043444 0.06800597288428369
0.1185113657849943 0.1185113657849943 0.11891287353862351 0.11891287353862351 0.12484404235973057 0.12484404235973057 0.12484404235973057 0.12484404235973057 0.08969144025739326 0.06704015231539909 0.052999894000317994 0.052999894000317994 0.05528322276085581
0.24382992454708535 0.24382992454708535 0.24382992454708535 0.25862068965517243 0.2596940991085957 0.26785714285714285 0.26785714285714285 0.25925925925925924 0.12844244597847712 0.10893470802648582 0.10524969749013514 0.10470135959031623 0.12300495677084261
0.19975046777556893 0.19026059766179762 0.19975046777556893 0.19975046777556893 0.19975046777556893 0.19975046777556893 0.19975046777556893 0.10790660599072865 0.09284766908852593 0.09284766908852593 0.09284766908852593 0.09175886398147584 0.09175886398147584
0.2716569380368592 0.2716569380368592 0.2810134785932095 0.2841832067731598 0.2841832067731598 0.2943199004852646 0.2943199004852646 0.18330346560132665 0.13873774391990978 0.1437677530112073 0.1437677530112073 0.1437677530112073 0.1437677530112073
0.08574929257125442 0.08574929257125442 0.08574929257125442 0.08574929257125442 0.08574929257125442 0.11180339887498948 0.1163401557809416 0.1163401557809416 0.0675429033697874 0.0675429033697874 0.06933752452815364 0.08778086039709793 0.05643326479831003
0.17328211947009944 0.17328211947009944 0.1674823577582673 0.15161080336894742 0.15429115899867912 0.1697346439041502 0.15567468520131392 0.15567468520131392 0.12070134225882576 0.11169605041156641 0.12156421835653172 0.10647770707735577 0.09425127545949794
0.128036879932896 0.128036879932896 0.1355815361366601 0.1355815361366601 0.1355815361366601 0.1355815361366601 0.1355815361366601 0.125 0.0894427190999916 0.06779076806833005 0.06779076806833005 0.06779076806833005 0.064018439966448
0.1686056877805375 0.16325732494874812 0.16325732494874812 0.17270837806063333 0.17270837806063333 0.17270837806063333 0.17270837806063333 0.17270837806063333 0.1255429529287926 0.10292060276983628 0.10292060276983628 0.11535180490384721 0.11535180490384721
0.1535737792084878 0.1535737792084878 0.1605403247669839 0.1605403247669839 0.1664780229540729 0.1664780229540729 0.165915912098992 0.14466375430616596 0.07495316889958614 0.07495316889958614 0.07495316889958614 0.07495316889958614 0.07495316889958614
0.277587453824102 0.277587453824102 0.277587453824102 0.277587453824102 0.2676864788430936 0.2676864788430936 0.2676864788430936 0.2498407135868874 0.16020983934367847 0.16629227701484273 0.16629227701484273 0.17285133450848603 0.17285133450848603
0.13900275738816908 0.13900275738816908 0.13900275738816908 0.13900275738816908 0.13900275738816908 0.13900275738816908 0.15886029415790753 0.08929576464474494 0.07529232524210427 0.07529232524210427 0.07142857142857142 0.06818181818181818 0.06521739130434782
0.2950455314919051 0.29102549154161583 0.28024676963266715 0.28024676963266715 0.28411791921442714 0.28411791921442714 0.30200868517655316 0.17829269433803313 0.12397703362493058 0.12863712643307565 0.11585688927269845 0.13345789575693648 0.13901447271116688
0.1817756694801661 0.17255515320869555 0.1917412472118426 0.1917412472118426 0.1917412472118426 0.1917412472118426 0.20589806935130187 0.12484404235973057 0.12484404235973057 0.10593368273196728 0.10090091909944686 0.10593368273196728 0.10553963170954377
0.27539746294166806 0.27539746294166806 0.2600037294858555 0.2600037294858555 0.2600037294858555 0.2688760109309461 0.2674082098871901 0.13860500356630615 0.13648047090771104 0.13648047090771104 0.1255089867003844 0.10963225241337865 0.10963225241337865
0.11363636363636363 0.13883218797250715 0.13883218797250715 0.13883218797250715 0.13883218797250715 0.13883218797250715 0.13468700594029479 0.11166390612088833 0.09950371902099892 0.09950371902099892 0.09950371902099892 0.12437964877624864 0.09889363528682975
0.13873774391990978 0.14788689868556623 0.14788689868556623 0.14788689868556623 0.14788689868556623 0.14788689868556623 0.15324861514321322 0.1585008855183872 0.14254725035361418 0.14783780588882559 0.14783780588882559 0.14996995248341297 0.16834225286377613
0.15314097295792223 0.15314097295792223 0.15314097295792223 0.15314097295792223 0.15314097295792223 0.15314097295792223 0.15314097295792223 0.04163054471218133 0.0651558364144604 0.062445817068272 0.062445817068272 0.062445817068272 0.04163054471218133
0.22665546480064913 0.24368508941428968 0.24368508941428968 0.26091940620972454 0.26091940620972454 0.26091940620972454 0.24387965997580635 0.09889004066230125 0.10313009221885576 0.10313009221885576 0.10313009221885576 0.10313009221885576 0.10260715466167102
0.13824460296132315 0.13824460296132315 0.13824460296132315 0.13810200921222546 0.13810200921222546 0.13810200921222546 0.13810200921222546 0.09370694603676501 0.08185982487053739 0.08185982487053739 0.08185982487053739 0.08185982487053739 0.07830756969602692
0.21107011946469123 0.2095468540442499 0.2095468540442499 0.21882889594646293 0.21882889594646293 0.21882889594646293 0.21882889594646293 0.14797178104048542 0.09944220203272568 0.10300524052492095 0.11715583669232174 0.13130643285972254 0.11715583669232174
0.13043478260869565 0.1322339680499613 0.13824460296132315 0.16070608663330627 0.16070608663330627 0.1605403247669839 0.18248063000732118 0.13810200921222546 0.09370694603676501 0.08954813188742858 0.0858235665501612 0.0858235665501612 0.08219949365267865
0.23954293498076884 0.23067097442592555 0.23067097442592555 0.2291977576002895 0.2291977576002895 0.2650877892356516 0.2789026226870745 0.21222351668251752 0.15562101146640828 0.17116001272443118 0.15936206065674055 0.17531471622577413 0.19216561050602196
0.13210916012404 0.1374903330507991 0.1374903330507991 0.15811388300841897 0.15811388300841897 0.17909626377485716 0.17909626377485716 0.17510104899311874 0.1576682817005659 0.08969144025739326 0.07062245515464487 0.07062245515464487 0.06726727939963124
0.2618914004394621 0.2618914004394621 0.24358945078080915 0.24358945078080915 0.24358945078080915 0.24358945078080915 0.2474606003625692 0.23488982753863738 0.18721757715584442 0.12342808299035936 0.09258086389703257 0.09220198709712808 0.07500054151890449
0.13446114865920605 0.13446114865920605 0.14093620435725568 0.17329174830334546 0.15811388300841897 0.16439898730535732 0.15636456680019054 0.15811388300841897 0.09776923610938036 0.09776923610938036 0.1212678125181665 0.1212678125181665 0.09372184261837677
0.1535759476747825 0.1535759476747825 0.15330589493791114 0.127911460681283 0.13627027170116196 0.1513755978030838 0.1513755978030838 0.14064062140645564 0.13184358348853117 0.12586335510551053 0.11206724660139691 0.11279550930415644 0.09439751632913289
0.1460257833800754 0.17149858514250885 0.16494205756247002 0.16269784336399212 0.16269784336399212 0.16269784336399212 0.17177950029416048 0.14598450400585697 0.11804417067144062 0.12298193021798913 0.12298193021798913 0.12298193021798913 0.13339263212805205
0.16916798294760887 0.1818516848308875 0.19058535938444116 0.18506243209635678 0.20567091324000164 0.20567091324000164 0.21336597188685266 0.21336597188685266 0.17372319570075548 0.17579378826552192 0.18152716618779732 0.18152716618779732 0.16760038078849773
0.1590909090909091 0.16666666666666666 0.1767766952966369 0.16835875742536846 0.175 0.1767766952966369 0.20589806935130187 0.08276058886023681 0.10846522890932808 0.10846522890932808 0.10846522890932808 0.10397504898200728 0.10468478451804275
0.2187449447395809 0.2248292012756972 0.23281875544683409 0.25063051794381147 0.254353925778603 0.263723946716256 0.22760891868499494 0.10636808225128137 0.08952847075210474 0.1 0.10362555203016796 0.11516335992621968 0.11220845801780208
0.1566391043723362 0.1566391043723362 0.16286558549611407 0.149115984800681 0.1422698148547976 0.1403340809174964 0.15652475842498528 0.15652475842498528 0.09923118024834338 0.08838834764831845 0.10400628679223045 0.10400628679223045 0.10400628679223045
0.15786129577009983 0.15786129577009983 0.15786129577009983 0.15786129577009983 0.1595525168454865 0.1644397853595555 0.15355850549053773 0.14853081046979508 0.11559231625418623 0.10721263408515495 0.11070929090857115 0.11152680884631973 0.11426667245964935
0.15492886822586965 0.15492886822586965 0.1491987733615888 0.1491987733615888 0.1491987733615888 0.15492886822586965 0.15492886822586965 0.1 0.0858235665501612 0.0858235665501612 0.0858235665501612 0.0858235665501612 0.0858235665501612
0.2770188206824192 0.27816859188321963 0.27816859188321963 0.28880560864850036 0.28880560864850036 0.2936954191450791 0.3053699559140075 0.19406842503417865 0.15689140657406628 0.15689140657406628 0.15689140657406628 0.1706630824160446 0.15104972487276594
0.10189890373046046 0.10189890373046046 0.10189890373046046 0.10189890373046046 0.1019803902718557 0.1019803902718557 0.09805806756909201 0.09615384615384616 0.08239622188056739 0.08523471865945981 0.08472929867557064 0.10920899919231544 0.10991717057228638
0.19216561050602196 0.19216561050602196 0.19216561050602196 0.19216561050602196 0.2127478505020698 0.2127478505020698 0.21676492034486064 0.21676492034486064 0.15104972487276594 0.1322723807213254 0.11516721312149271 0.11380445934249747 0.11380445934249747
0.1524276902124231 0.1524276902124231 0.1524276902124231 0.1524276902124231 0.17379430648482921 0.1940087761016521 0.1940087761016521 0.1940087761016521 0.06772854614785964 0.07990662527149409 0.08830722018960102 0.08830722018960102 0.08830722018960102
0.24210738265138987 0.24210738265138987 0.24210738265138987 0.26039679243213437 0.2966365132620476 0.3029492690298649 0.3192986234340291 0.3308749611582399 0.15673695795325143 0.09758879922022512 0.10476454436543672 0.08730378697119727 0.08730378697119727
0.14992352790734176 0.15652475842498528 0.15652475842498528 0.15652475842498528 0.15763207218886574 0.15763207218886574 0.15652475842498528 0.09402587112108339 0.0908673799223074 0.09486832980505136 0.09923118024834338 0.116945067431247 0.13719886811400708
0.2855322440992999 0.27569820671823103 0.26651864186110785 0.28317605697742704 0.2827057947260392 0.2660760420950957 0.2827057947260392 0.1023192886033855 0.07905694150420949 0.07905694150420949 0.07905694150420949 0.08952847075210474 0.07905694150420949
0.17656860023298393 0.16862228914010682 0.17656860023298393 0.17656860023298393 0.18527391848413613 0.1826891208076194 0.19111234777227962 0.13998069364949794 0.1337954953199144 0.15713484026367722 0.15713484026367722 0.1533929977694741 0.1533929977694741
0.20171028974972033 0.19230810074947904 0.19939244562438913 0.21669809301183912 0.22510198546633442 0.2504448138399261 0.2604469108044826 0.13344743975843895 0.12844244597847712 0.12844244597847712 0.12844244597847712 0.12803687993289598 0.12054696162165518
0.12628648329124129 0.12628648329124129 0.12628648329124129 0.12628648329124129 0.12628648329124129 0.12628648329124129 0.12661435874558064 0.10586263057247414 0.06565321642986129 0.06565321642986129 0.06582367076198595 0.06582367076198595 0.06582367076198595
0.2081997476128409 0.2081997476128409 0.2081997476128409 0.2081997476128409 0.2081997476128409 0.22522937222648148 0.20799823430659203 0.1568796467860825 0.12071067811865474 0.12508710655981514 0.12157685131918958 0.12157685131918958 0.12157685131918958
0.14130835473605538 0.14130835473605538 0.14130835473605538 0.14130835473605538 0.14130835473605538 0.14130835473605538 0.14130835473605538 0.1 0.044685625337697654 0.059952057523307366 0.06228410989030497 0.04163054471218133 0.020815272356090667
0.30567219440064225 0.31888045291283124 0.31888045291283124 0.3373989714313498 0.3373989714313498 0.3384246221375982 0.3384246221375982 0.24338302442630647 0.12162606385262999 0.12153620343116225 0.08259105521236186 0.10941444797323147 0.10893470802648582
0.13622298275594996 0.13622298275594996 0.13810200921222546 0.13210916012404 0.13210916012404 0.13210916012404 0.13210916012404 0.11316968255314816 0.024514516892273006 0.024514516892273006 0.0233890134862494 0.0233890134862494 0.022360679774997897
0.27814444176833525 0.27814444176833525 0.26859946296865167 0.26859946296865167 0.26859946296865167 0.26859946296865167 0.26859946296865167 0.19097613823288362 0.11516335992621968 0.11516335992621968 0.11715583669232174 0.09221901663648899 0.07713424841049
0.09332211095685 0.09332211095685 0.09332211095685 0.08929576464474494 0.08560132129176834 0.08560132129176834 0.08304547985373997 0.06565321642986129 0.021556530677961344 0.04622501635210243 0.048201867954981194 0.03162277660168379 0.022360679774997897
0.16744528915252793 0.16744528915252793 0.16744528915252793 0.17852712953491817 0.18318582636182792 0.18003829027346893 0.1870634382601146 0.16278236657502823 0.14203986997523957 0.1110325218861604 0.0962616081144249 0.11712732369952106 0.11404288819045583
0.12257258446136503 0.125 0.1260651440244182 0.1260651440244182 0.12692955176439846 0.12692955176439846 0.12692955176439846 0.09999999999999999 0.07935508313361897 0.07935508313361897 0.07669649888473705 0.09175886398147584 0.08143279274805704
0.2407915719159422 0.2407915719159422 0.2407915719159422 0.24161142982742365 0.24161142982742365 0.24161142982742365 0.22475621590003358 0.11452847075210473 0.10269019782569291 0.11897209697429863 0.11897209697429863 0.11817141913079061 0.09877295966495897
0.08545976121261312 0.10090091909944686 0.10101525445522107 0.11891287353862351 0.11316968255314816 0.11316968255314816 0.11316968255314816 0.10153461651336192 0.05528322276085581 0.05528322276085581 0.05528322276085581 0.05481612620668933 0.06933752452815364
0.1757906384836575 0.18318582636182792 0.19840768731424424 0.2251544296470065 0.20614041344911022 0.21534502917077566 0.2251981640567078 0.23573058137962558 0.16568337316144888 0.16966067485960235 0.17771940794516472 0.13507782280010838 0.10560209491230908
0.11056644552171162 0.10193722599722724 0.09428090415820634 0.09007546982220899 0.09284766908852593 0.0888798529071021 0.0888798529071021 0.0908673799223074 0.09712858623572641 0.09712858623572641 0.09911197057469107 0.09439201899247569 0.10153461651336192
0.11178831879204373 0.1164910471465393 0.11852986718434842 0.1069242892272337 0.10290875865549406 0.10751294489404029 0.10751294489404029 0.09087784272800256 0.07713424841049 0.07999703968755895 0.08051557112086315 0.0844551219150681 0.20245779780388534
0.13043478260869565 0.1322339680499613 0.1322339680499613 0.1267242193812129 0.12165525060596438 0.12165525060596438 0.12165525060596438 0.07505053179263302 0.0636929755298482 0.05 0.042835293687811936 0.042835293687811936 0.042835293687811936
0.2522131835419445 0.2522131835419445 0.22467196035125608 0.2291373705876553 0.2291373705876553 0.2291373705876553 0.23789945992345088 0.11444653202884762 0.10974122065143321 0.13932291953331252 0.14359757680422103 0.14359757680422103 0.14976761962286422
0.1520302849670743 0.1520302849670743 0.1535737792084878 0.15811388300841897 0.15811388300841897 0.17909626377485716 0.1717960677340692 0.1473139127471974 0.06125638918316889 0.06125638918316889 0.048427427764128735 0.048427427764128735 0.048427427764128735
0.26770244790475956 0.26770244790475956 0.25907601119619955 0.26770244790475956 0.2678511301977579 0.26770244790475956 0.28069154981518135 0.27285910516572354 0.16119575535290323 0.1283803602960672 0.12381905033944109 0.1283803602960672 0.1283803602960672
0.1342188730482898 0.1342188730482898 0.1342188730482898 0.1342188730482898 0.1345159273542154 0.1345159273542154 0.06588078458684124 0.08333333333333333 0.0858980338670346 0.10622957319984967 0.12661435874558064 0.12661435874558064 0.12661435874558064
0.3008557639117652 0.3008557639117652 0.3008557639117652 0.31937428243028376 0.30148351646815774 0.30148351646815774 0.15906208169110597 0.153096401638099 0.153096401638099 0.1414213562373095 0.17149858514250885 0.17149858514250885 0.16583953170166485
0.15371886547533642 0.15371886547533642 0.15371886547533642 0.15371886547533642 0.15371886547533642 0.15371886547533642 0.15371886547533642 0.10828702045605249 0.08622612271184538 0.06466959203388403 0.06466959203388403 0.06466959203388403 0.08622612271184538
0.2690318547084308 0.2690318547084308 0.2690318547084308 0.2690318547084308 0.2684377460965796 0.2684377460965796 0.24835223396778278 0.14670717532142372 0.12702983222046133 0.10779906298969211 0.10779906298969211 0.10779906298969211 0.10771941830723476
0.10991717057228638 0.10991717057228638 0.11043152607484653 0.10991717057228638 0.10991717057228638 0.10991717057228638 0.10991717057228638 0.08062257748298549 0.08433028740719097 0.07396255484094343 0.07396255484094343 0.07669649888473705 0.07669649888473705
0.18271625925661772 0.18271625925661772 0.18271625925661772 0.18285135447600315 0.19142418308582615 0.19142418308582615 0.19142418308582615 0.16536910145904135 0.15522536981187296 0.15522536981187296 0.15522536981187296 0.1650039134502928 0.15488258241562594
0.11914522061843064 0.11914522061843064 0.11914522061843064 0.11914522061843064 0.11914522061843064 0.12078868060698413 0.11462410798513052 0.10165561113406256 0.08937125067539531 0.08937125067539531 0.10761723676327273 0.08937125067539531 0.10736029114373435
0.271763212599322 0.271763212599322 0.29081047452553066 0.29081047452553066 0.3024246681672971 0.3024246681672971 0.3150042931882025 0.24648041668138299 0.16251359292938788 0.14821105969997064 0.14290714682355196 0.1287565506561512 0.13353527265940837
0.11142758806754427 0.11142758806754427 0.11142758806754427 0.11142758806754427 0.11561596785531567 0.11561596785531567 0.11561596785531567 0.11561596785531567 0.10540925533894598 0.09685485552825747 0.09685485552825747 0.09685485552825747 0.09640373590996239
0.17156289983217085 0.17156289983217085 0.17156289983217085 0.17156289983217085 0.17866303376921774 0.17866303376921774 0.17866303376921774 0.17866303376921774 0.15408086563123696 0.15408086563123696 0.15347208859392159 0.13439241194061954 0.15347208859392159
0.1359820733051053 0.1359820733051053 0.14130835473605538 0.11529936630361318 0.11688977751979122 0.11663164740528441 0.11233598017562804 0.0992876838486922 0.09874406319167053 0.14373989364401726 0.14907119849998599 0.14792510968188685 0.13480685448343155
0.22924821597026104 0.22924821597026104 0.25955920969386326 0.23698575166000926 0.23533936216582083 0.25495097567963926 0.25581235194252044 0.2192927878405448 0.25305252577567733 0.21663658034191333 0.2446660914880347 0.2587843407727069 0.24561601774470893
0.07836847897662572 0.08187472156621811 0.08187472156621811 0.07836847897662572 0.08831937506844406 0.09190182776172598 0.09245003270420486 0.09640373590996239 0.10635890745287926 0.10635890745287926 0.10647942749999 0.11706880015509791 0.14958791130929178
0.14050940038190407 0.1604575052438111 0.1604575052438111 0.1512545377216296 0.14869869628360124 0.14869869628360124 0.1512545377216296 0.15977031790945279 0.20877153416328637 0.2176998239620931 0.21556530677961344 0.21556530677961344 0.19879702347938846
0.13736056394868904 0.13736056394868904 0.14569287935358965 0.14569287935358965 0.14569287935358965 0.14569287935358965 0.15230192477004287 0.17237492495748435 0.07453559924999299 0.07752170911825529 0.05690643170074818 0.0561125174054042 0.05276328614914091
0.16531460239356602 0.16310782713903535 0.15763117035335833 0.15763117035335833 0.15763117035335833 0.15763117035335833 0.15763117035335833 0.15763117035335833 0.12437481922245222 0.12437481922245222 0.1418355766166917 0.14279659243975187 0.1599522449869734
0.06874516652539955 0.09332211095685 0.09219544457292887 0.09219544457292887 0.08830722018960102 0.08523471865945981 0.08523471865945981 0.08560132129176834 0.039872611141445 0.059808916712167495 0.06076810171558113 0.06319501739569483 0.059952057523307366
0.15651011805028 0.15651011805028 0.16286558549611407 0.1689102438301362 0.15015465060444594 0.18389229917967964 0.18389229917967964 0.18569533817705183 0.11220845801780208 0.09811497187181403 0.09534317442872074 0.11941210519425095 0.11220845801780208
0.11233598017562804 0.11080752827296766 0.11043152607484655 0.11043152607484655 0.11462410798513052 0.11620520485346814 0.11620520485346814 0.09798561978116765 0.05764968315180659 0.05764968315180659 0.059952057523307366 0.0625 0.059952057523307366
0.23082931283859864 0.23082931283859864 0.23241040970693627 0.22390958299057578 0.22683657536977628 0.22238631757013444 0.18587502279095094 0.15001687604582195 0.09633760902169115 0.07844570328703314 0.08941531712492944 0.0999008680281837 0.11983578100533007
0.08673017867965746 0.08673017867965746 0.08414063238233425 0.08333333333333334 0.08673017867965746 0.08333333333333334 0.080185111101501 0.07786377511420611 0.0814264404883845 0.07876788407748297 0.07876788407748297 0.07876788407748297 0.07876788407748297
0.12126781251816648 0.1208244186660354 0.12559008982583209 0.1396908477632927 0.1648062340754639 0.16517098457860574 0.15678390987999732 0.1379948193488457 0.12199080161908561 0.10317159697338182 0.10708855245249507 0.11175398312000334 0.14200841036484613
0.09992009587217894 0.09608280525301098 0.09608280525301098 0.09608280525301098 0.1 0.09992009587217894 0.09608280525301098 0.048564293117863214 0.048564293117863214 0.04343722427630694 0.04343722427630694 0.04343722427630694 0.043478260869565216
0.19406842503417865 0.19406842503417865 0.19406842503417865 0.19406842503417865 0.19406842503417865 0.19406842503417865 0.18689074085987611 0.09353069737173794 0.09353069737173794 0.09710726074029125 0.09710726074029125 0.09710726074029125 0.09710726074029125
0.09992009587217894 0.09992009587217894 0.10189890373046046 0.10189890373046046 0.10189890373046046 0.10189890373046046 0.10407636178045333 0.07511565157216644 0.09284766908852593 0.09284766908852593 0.09284766908852593 0.09284766908852593 0.09284766908852593
0.2321891438234044 0.2321891438234044 0.2321891438234044 0.2321891438234044 0.2321891438234044 0.23377955503958245 0.2300894966542111 0.13344743975843895 0.14273222801311192 0.12498773268861539 0.12498773268861539 0.13317407496520353 0.12498773268861539
0.1395541389950575 0.14532958974404495 0.14532958974404495 0.1395541389950575 0.14097096860865022 0.14097096860865022 0.14097096860865022 0.10613747992445476 0.07838154946660846 0.09722034684781695 0.07838154946660846 0.06874516652539955 0.0625
0.271763212599322 0.271763212599322 0.271763212599322 0.271763212599322 0.28261670947211076 0.28261670947211076 0.27578028244211283 0.22655696541255832 0.1710427396632327 0.1452373082677515 0.13826657968874304 0.12976719610345475 0.13524842321897862
0.12661435874558064 0.12661435874558064 0.12661435874558064 0.12661435874558064 0.12661435874558064 0.12661435874558064 0.13210916012404 0.08687444855261388 0.0679018095318889 0.0679018095318889 0.06811149137797498 0.0651558364144604 0.05076730825668096
0.25062628446376567 0.25062628446376567 0.24970991472470533 0.25955920969386326 0.268741924943285 0.28023489881349745 0.2817240929131168 0.22808344601463165 0.15444962770385115 0.15444962770385115 0.14240227590937815 0.13928155167537087 0.14240227590937815
0.04861017342390848 0.048564293117863214 0.06874516652539955 0.06588078458684124 0.06588078458684124 0.06588078458684124 0.0858235665501612 0.09332211095685 0.052299424081913 0.05035371840692256 0.05035371840692256 0.07071067811865475 0.07071067811865475
0.13712811754236415 0.1548150812194012 0.1548150812194012 0.1548150812194012 0.1548150812194012 0.1548150812194012 0.18689074085987611 0.07142857142857142 0.07545183673627771 0.06741311248895944 0.08231079972079915 0.09296911286740038 0.09296911286740038
0.1344008326426176 0.1344008326426176 0.1344008326426176 0.1344008326426176 0.1344008326426176 0.1532405264919746 0.15922001771310546 0.1532405264919746 0.125 0.13043478260869565 0.13636363636363635 0.1322339680499613 0.11084825029549532
0.2465819589807115 0.247897127843684 0.2434225515143624 0.2800547540091422 0.2800547540091422 0.2800547540091422 0.2873274635100746 0.2873274635100746 0.1430252127100886 0.14929314489007645 0.15253690940829256 0.1548150812194012 0.14917809269496363
0.10586263057247414 0.10586263057247414 0.10586263057247414 0.10586263057247414 0.10586263057247414 0.08523471865945981 0.08523471865945981 0.041344911529736156 0.045407660918649985 0.045407660918649985 0.045407660918649985 0.047619047619047616 0.047619047619047616
0.272080307036076 0.28214379744631923 0.27156189378574835 0.27156189378574835 0.27156189378574835 0.254353925778603 0.254353925778603 0.17763777385695634 0.14533688819598656 0.14533688819598656 0.14533688819598656 0.14533688819598656 0.13712811754236415
0.045407660918649985 0.045407660918649985 0.05061102063618225 0.033520076157699544 0.022633936510629633 0.022633936510629633 0.022633936510629633 0.047619047619047616 0.07520710469952335 0.09805806756909201 0.10294903467565093 0.1118033988749895 0.11166390612088833
0.1754443389541858 0.19406842503417865 0.19421191372293817 0.21234652031974777 0.23576578089134706 0.22669786624167987 0.22669786624167987 0.1846047433381252 0.16791307946316267 0.169735558796036 0.18499972350417196 0.18318582636182792 0.1674697684451432
0.10599978800063599 0.10599978800063599 0.08545976121261312 0.06401843996644799 0.032009219983223994 0.022633936510629633 0.021556530677961344 0.12569509340294954 0.17589938618257298 0.13985672025501314 0.12437964877624864 0.12996881122750908 0.14704292441876157
0.17069236154247522 0.17069236154247522 0.1646277207638688 0.17069236154247522 0.18467921378827945 0.2039719787101997 0.23650478999155497 0.2115342019661907 0.14078162112797096 0.1309291133394011 0.13131590624511905 0.14740717700339181 0.13254537235873898
0.14482767929281476 0.14482767929281476 0.14482767929281476 0.14482767929281476 0.14466375430616596 0.14466375430616596 0.14466375430616596 0.11891287353862351 0.03363363969981562 0.05317945372643963 0.05317945372643963 0.05317945372643963 0.03363363969981562
0.27031087679590443 0.27031087679590443 0.28324972066248627 0.28324972066248627 0.28324972066248627 0.28324972066248627 0.28324972066248627 0.23272784380064518 0.10976102612334887 0.10044039219036509 0.0899227471454503 0.0899227471454503 0.09321332048993493
0.0351798772365146 0.037011660509880265 0.05852057359806529 0.05852057359806529 0.07402332101976053 0.05876256184028356 0.08310281191431672 0.10835281026218337 0.057259833431386825 0.05547001962252291 0.05547001962252291 0.05270462766947299 0.05481612620668933
0.15838736001080508 0.1444479692260693 0.1444479692260693 0.17721954528791733 0.20478809029273976 0.19680994642525373 0.17811762496977412 0.15522553176362752 0.1192295094094373 0.11234213592584683 0.11234213592584683 0.09877295966495897 0.0890290827621177
0.10635890745287926 0.10153461651336192 0.10153461651336192 0.10635890745287926 0.10635890745287926 0.10635890745287926 0.10635890745287926 0.12684285124078176 0.10256608591633991 0.10397504898200728 0.10256608591633991 0.10256608591633991 0.10790660599072865
0.25063051794381147 0.25986337406568816 0.2611758488277851 0.29778628446284805 0.3000337520916439 0.3000337520916439 0.3000337520916439 0.10326621467201455 0.07500000000000001 0.09489786264011547 0.10893470802648582 0.11180339887498948 0.11963944335740455
0.10790660599072865 0.10790660599072865 0.10790660599072865 0.11704114719613058 0.1234661995811987 0.12403473458920847 0.1386750490563073 0.11766968108291041 0.11804417067144062 0.08588975014708024 0.08689266695452384 0.057928444636349226 0.0584206237836986
0.11963944335740455 0.11963944335740455 0.11963944335740455 0.1274754878398196 0.13873774391990978 0.13934873410922177 0.14342354206698352 0.14342354206698352 0.15042718452337903 0.15593181710403017 0.15177361546824772 0.10991149581709675 0.10991149581709675
0.14530954842977412 0.1396451933694864 0.1396451933694864 0.1396451933694864 0.1396451933694864 0.1396451933694864 0.1344008326426176 0.10153461651336192 0.08194434716963611 0.08194434716963611 0.07830756969602692 0.10153461651336192 0.08574929257125441
0.28702355402291985 0.28702355402291985 0.2719641466102106 0.2719641466102106 0.282842712474619 0.28261670947211076 0.28679421035543684 0.18202187885885357 0.16094380986069737 0.16094380986069737 0.14224789601589014 0.1340893323815887 0.10991149581709675
0.1517685997338334 0.1517685997338334 0.1517685997338334 0.1517685997338334 0.1517685997338334 0.1517685997338334 0.1517685997338334 0.13820681457694342 0.11166390612088833 0.11166390612088833 0.11124853987249621 0.11124853987249621 0.10599978800063599
0.21952205224669774 0.21952205224669774 0.21952205224669774 0.21952205224669774 0.21952205224669774 0.21952205224669774 0.2377868863900638 0.1842080988215978 0.11291043794544456 0.11291043794544456 0.11291043794544456 0.10451520014812679 0.09909308297923719
0.16439898730535732 0.15636456680019054 0.16584966828256745 0.15811388300841897 0.18051113445691194 0.20251231062593741 0.19545395158709694 0.13985672025501314 0.07352146220938079 0.07352146220938079 0.07283570407292297 0.07283570407292297 0.08914151821092489
0.20278985153362544 0.21882889594646293 0.1959126921288487 0.1959126921288487 0.20801226599070996 0.20177180251976268 0.20345189565056618 0.16589804433735636 0.12184254470714484 0.12184254470714484 0.1349930056061822 0.1345953817509841 0.11641019661664634
0.14680505487867587 0.16738351585299652 0.16738351585299652 0.16738351585299652 0.16738351585299652 0.16738351585299652 0.1880022010142618 0.14532958974404495 0.07186994682200863 0.07186994682200863 0.08194434716963611 0.06421612990679357 0.06726727939963124
0.2684377460965796 0.2684377460965796 0.2684377460965796 0.25986337406568816 0.25986337406568816 0.25986337406568816 0.2589815819944927 0.2688139327222271 0.1152058612483571 0.1152058612483571 0.1152058612483571 0.1152058612483571 0.11983578100533007
0.0992876838486922 0.0992876838486922 0.0992876838486922 0.0992876838486922 0.0992876838486922 0.0992876838486922 0.0992876838486922 0.08187472156621811 0.020815272356090667 0.020815272356090667 0.020815272356090667 0.0 0.0
0.24331050121192876 0.24331050121192876 0.24331050121192876 0.24331050121192876 0.24331050121192876 0.24331050121192876 0.24331050121192876 0.19611613513818402 0.1396908477632927 0.1396908477632927 0.12193158778983669 0.12862393885688161 0.13998190702591845
0.11829602090849742 0.11829602090849742 0.11829602090849742 0.12294055101945542 0.11829602090849742 0.11829602090849742 0.11829602090849742 0.11295406451144276 0.08653046168066414 0.08653046168066414 0.09012626521891645 0.0735367521049832 0.0735367521049832
0.2256020390552632 0.2256020390552632 0.2256020390552632 0.2256020390552632 0.23125306884475974 0.23125306884475974 0.23125306884475974 0.24311979302744927 0.18421169450549388 0.18979997839488486 0.19507706245926296 0.1698831144982314 0.1741013214144046
0.124891634136544 0.14532958974404495 0.14532958974404495 0.14532958974404495 0.14532958974404495 0.14532958974404495 0.1516018286384735 0.15314097295792223 0.09090909090909091 0.09370694603676501 0.09370694603676501 0.09370694603676501 0.08963273099168827
0.25118097260327416 0.27022823452948286 0.2718186457456609 0.28267435647026085 0.28267435647026085 0.2914138129852693 0.3040605699341486 0.3178536264305499 0.1649242250247064 0.18246211251235323 0.19006470053370128 0.19832838316560134 0.19832838316560134
0.14482767929281476 0.14482767929281476 0.14482767929281476 0.15 0.1498128508316767 0.16760038078849773 0.17255515320869555 0.14417529904228596 0.11891287353862351 0.075 0.075 0.07905694150420949 0.05317945372643963
0.28664328126081573 0.2972454154011098 0.3006496277012594 0.3018017590233271 0.3018017590233271 0.31915545795619954 0.31915545795619954 0.2936311645472694 0.22960771806293956 0.16291260045745823 0.16894640047440113 0.16894640047440113 0.1921860970904092
0.1664780229540729 0.1664780229540729 0.15892681321527494 0.15892681321527494 0.15892681321527494 0.15892681321527494 0.1520302849670743 0.13210916012404 0.09805806756909201 0.09805806756909201 0.07895830523185818 0.07866459694094409 0.055624269936248104
0.22556487121203825 0.22543088553273036 0.22543088553273036 0.22543088553273036 0.22543088553273036 0.22543088553273036 0.2191088123790562 0.18625958524529707 0.11913076738605885 0.12862298377692086 0.14526943584217153 0.11845216324309855 0.10826101521815315
0.11363636363636363 0.11363636363636363 0.11363636363636363 0.10869565217391304 0.10416666666666667 0.10416666666666667 0.10622957319984967 0.10622957319984967 0.05076730825668096 0.05076730825668096 0.045407660918649985 0.043478260869565216 0.04861017342390848
0.1907087948111405 0.19102602618340248 0.20630483147646736 0.2146350622202143 0.21097073818039916 0.20620429724229372 0.19955957533886687 0.159430709783172 0.12457720702311158 0.12044332302160024 0.13303802104754786 0.12425977255642165 0.12391755275883026
0.10153461651336192 0.10163945352271772 0.10163945352271772 0.11351915229662496 0.11351915229662496 0.11891287353862351 0.11351915229662496 0.10153461651336192 0.07417022646512231 0.052999894000317994 0.033520076157699544 0.034964180063753285 0.0351798772365146
0.1722270868259797 0.1772689325434105 0.1772689325434105 0.17772758514064496 0.1772689325434105 0.18442561292721246 0.19051323912564694 0.16560328891767254 0.10252032602683331 0.10651001210189506 0.10636808225128137 0.1023192886033855 0.09902900808551514
0.13622298275594996 0.13622298275594996 0.13622298275594996 0.13210916012404 0.13210916012404 0.1303116728289208 0.1303116728289208 0.1303116728289208 0.08119293127637092 0.08062257748298549 0.08062257748298549 0.08119293127637092 0.08119293127637092
0.2087152757376871 0.2087152757376871 0.21230031778888017 0.2052949023046819 0.21086152536944827 0.2052949023046819 0.21230031778888017 0.21230031778888017 0.15212609156822826 0.11234213592584683 0.11234213592584683 0.1274733607767825 0.13935709060987325
0.15892681321527494 0.15892681321527494 0.1520302849670743 0.14718620235236596 0.1398881342210505 0.1598721533954863 0.16124515496597097 0.16 0.1012220412723645 0.08954813188742858 0.0858235665501612 0.0824621125123532 0.0824621125123532
0.26637573030492695 0.26637573030492695 0.2754654478027501 0.2862991671569341 0.3001615199271419 0.3195245218471492 0.32004880990232065 0.32004880990232065 0.19024149970987075 0.16039768066510215 0.16039768066510215 0.1719356320062152 0.17720220891370636
0.14532958974404495 0.14532958974404495 0.14532958974404495 0.14532958974404495 0.12456821978060995 0.14041398907543262 0.14041398907543262 0.12628648329124129 0.08687444855261388 0.08687444855261388 0.08954813188742858 0.0858235665501612 0.0858235665501612
0.27039753365387637 0.27039753365387637 0.27039753365387637 0.2811964889571059 0.30142135623730953 0.30660216905062315 0.30660216905062315 0.27209330419234556 0.18429512561102782 0.16479244376113478 0.1598721533954863 0.16908465597452388 0.16908465597452388
0.15799050110667284 0.1643989873053573 0.17267458921760284 0.17134117475124774 0.16316340328960083 0.15689290811054724 0.15225363627017025 0.15225363627017025 0.11351915229662496 0.09361029108991246 0.07179581586177382 0.07179581586177382 0.05076730825668096
0.2617119612951069 0.2698004091849499 0.27517127113765166 0.28610946394978537 0.2979501096644904 0.2979501096644904 0.3108092546584881 0.3092701103390394 0.233466523929407 0.18929134654757424 0.18929134654757424 0.17197350169546272 0.15644343776660108
0.13622298275594996 0.129944424547263 0.1317368461095426 0.12456821978060995 0.12628648329124129 0.129944424547263 0.129944424547263 0.08185982487053739 0.08584645893961879 0.07520710469952335 0.07495316889958614 0.07495316889958614 0.07134772412317411
0.24291588926319083 0.2606551850567226 0.2831848116516149 0.27883354387633785 0.27883354387633785 0.29093434315717687 0.30413195649053154 0.24618598522471216 0.2161700339233925 0.2161700339233925 0.19871029966100007 0.1789122944669431 0.1894081711089433
0.10163945352271772 0.10635890745287926 0.10635890745287926 0.10635890745287926 0.09805806756909201 0.09081532183729997 0.09081532183729997 0.09081532183729997 0.07453559924999299 0.06666666666666667 0.06666666666666667 0.06666666666666667 0.06933752452815364
0.22517128290055538 0.2381923142267177 0.2524754878398196 0.2524754878398196 0.2655425005546604 0.2751698820744786 0.2751698820744786 0.2751698820744786 0.19722000176025417 0.17949086031714906 0.15617376188860607 0.14699878726500756 0.14908233981263366
0.135881606299661 0.1344484970644604 0.1344484970644604 0.1344484970644604 0.1339922741776383 0.12926214115095974 0.11585688927269845 0.08380019039424887 0.0686802819743445 0.0686802819743445 0.05387724584403653 0.049690399499995326 0.05590169943749474
0.25495097567963926 0.28439460222328494 0.30442784145349483 0.31473168016163794 0.3146583877637763 0.3383914467816184 0.29412858809577336 0.19900743804199783 0.1997513442871557 0.16120647005479027 0.15811388300841897 0.1383091684884696 0.1550147569148429
0.11011600678407898 0.11011600678407898 0.12214918912208556 0.11792394523726463 0.11397702454754344 0.11028219331407116 0.12126781251816648 0.08954813188742858 0.08210165649007307 0.06779076806833005 0.059371253734994314 0.09999999999999999 0.11337314689562955
0.22176863862127708 0.22176863862127708 0.24806946917841693 0.24806946917841693 0.24806946917841693 0.25712973861329 0.2617119612951069 0.20645326546139234 0.22382117688026187 0.20895321891908838 0.1764821334740993 0.23455499646912056 0.2547537383834757
0.14456504981412432 0.14041398907543262 0.14041398907543262 0.15922001771310546 0.15922001771310546 0.16567837615188147 0.16567837615188147 0.15922001771310546 0.124891634136544 0.11990411504661473 0.12155804303901917 0.12155804303901917 0.10761723676327273
0.28798645582670745 0.28798645582670745 0.28798645582670745 0.31693009545541984 0.32896248722124927 0.33406877197922713 0.33406877197922713 0.305957338282927 0.20392313980130522 0.20392313980130522 0.19667782092373665 0.19667782092373665 0.1843940077267801
0.1267242193812129 0.1267242193812129 0.13210916012404 0.1303116728289208 0.1303116728289208 0.1303116728289208 0.129944424547263 0.10828702045605249 0.06848672513487422 0.06848672513487422 0.06848672513487422 0.0888798529071021 0.09284766908852593
0.2711630722733202 0.2711630722733202 0.28034946748434 0.24679410647519773 0.22289467238171626 0.21437323142813605 0.21505922053111862 0.17493066210650157 0.14948430873945628 0.14948430873945628 0.14948430873945628 0.14948430873945628 0.1706630824160446
