0.11955772249490214 0.11955772249490214 0.11955772249490214 0.13663739713703102 0.15291622485688158 0.14795908857482157 0.14795908857482157 0.16520465011377244 0.16629752630943484 0.1457515808355511 0.1457515808355511 0.13429637408817016 0.11778571185788637
0.23799925893254267 0.23799925893254267 0.23799925893254267 0.23865653513277002 0.23905352437605284 0.24464480591396137 0.2313502698330765 0.2086930055403111 0.1879034108250792 0.1823816888659513 0.16436689365473464 0.17372232254587805 0.1789047803028888
0.12522169689307466 0.12522169689307466 0.12522169689307466 0.12522169689307466 0.12522169689307466 0.12522169689307466 0.12522169689307466 0.10462669622104186 0.08314876315471742 0.10132310052116983 0.10132310052116983 0.06662966046527696 0.06662966046527696
0.26744034052374116 0.26744034052374116 0.26744034052374116 0.2681789233730969 0.2681789233730969 0.2681789233730969 0.2681789233730969 0.2681789233730969 0.19393457522841706 0.17722084999307713 0.17722084999307713 0.17422392800518088 0.17422392800518088
0.1032031374230672 0.1028991510855053 0.1028991510855053 0.1028991510855053 0.1032031374230672 0.08574929257125442 0.08574929257125442 0.08574929257125442 0.07124704998790965 0.07124704998790965 0.07138306102482497 0.07138306102482497 0.07138306102482497
0.23570226039551584 0.23570226039551584 0.23570226039551584 0.23918629501909988 0.2227145403263123 0.2225909130393363 0.23868366446985886 0.23868366446985886 0.1201850425154663 0.13028527791070274 0.10195592378577321 0.1172623930068012 0.11744509224977366
0.13085598064755344 0.15384615384615385 0.13085598064755344 0.13472447784833627 0.13481684980149108 0.13481684980149108 0.12422599874998833 0.1350858067395748 0.11504474832710555 0.12126781251816647 0.0958706236059213 0.09608280525301098 0.09608280525301098
0.23421338640678058 0.21323025927055655 0.23520921928139427 0.24365710789086736 0.23522818819274352 0.23522818819274352 0.21594611193266153 0.09990080584924448 0.10212174029593676 0.10846522890932808 0.11218157042698963 0.13001497621307948 0.13021754446296868
0.0997785157856609 0.0997785157856609 0.08314876315471742 0.08600261451922267 0.1032031374230672 0.0997785157856609 0.1032031374230672 0.08770580193070292 0.05448964250334662 0.05448964250334662 0.06880209161537815 0.07091957274840682 0.07091957274840682
0.20093335197729212 0.20093335197729212 0.20126759121908525 0.20126759121908525 0.20126759121908525 0.20126759121908525 0.20264620104233966 0.1744387157569602 0.07213122508063838 0.06832367705644822 0.06615626716620013 0.08177364335506074 0.08177364335506074
0.08260232505688622 0.08291976585083242 0.08291976585083242 0.08291976585083242 0.08291976585083242 0.09950371902099892 0.09950371902099892 0.05244306462729605 0.0370828466241654 0.03694088278534636 0.03694088278534636 0.06811562222622924 0.06778343894045649
0.3416859854378001 0.3416859854378001 0.3416859854378001 0.3416859854378001 0.3416859854378001 0.343567086477143 0.32384602281638336 0.2397016729241248 0.0992876838486922 0.07943014707895377 0.04794033458482496 0.09624959707170354 0.07980803098026751
0.11681732837899944 0.10049006555430824 0.10049006555430824 0.10049006555430824 0.10049006555430824 0.10049006555430824 0.10049006555430824 0.06608186004550898 0.05244306462729605 0.05244306462729605 0.05258789523895891 0.05258789523895891 0.05258789523895891
0.27327460850187074 0.27379629133465155 0.27379629133465155 0.27379629133465155 0.27397085067105476 0.27379629133465155 0.27379629133465155 0.17591107546086776 0.10699546922832877 0.10699546922832877 0.09407208683835974 0.08422130075097546 0.09730627684810036
0.1274624821276152 0.13219317555508714 0.13728129459672883 0.1386750490563073 0.1386750490563073 0.1386750490563073 0.1386750490563073 0.09805806756909202 0.09874406319167053 0.08064049958557054 0.08105148404374488 0.08134892168199605 0.07835275464833552
0.23645821187756288 0.23645821187756288 0.23645821187756288 0.23645821187756288 0.23645821187756288 0.23645821187756288 0.23645821187756288 0.17525182346843443 0.13616838503310724 0.12076026407940077 0.12386635372404647 0.12598505537689383 0.14367394278317272
0.0968573112490405 0.09999999999999999 0.11681732837899944 0.10049006555430824 0.10049006555430824 0.10049006555430824 0.10049006555430824 0.10087624894770907 0.033259505261886965 0.05258789523895891 0.05258789523895891 0.0526753716984874 0.0526753716984874
0.2492600638334901 0.2574877826992806 0.24146600295498807 0.2574877826992806 0.2574877826992806 0.2574877826992806 0.2337502411928851 0.21840973710980446 0.13872705439930477 0.14334623990017417 0.14334623990017417 0.15404401145198807 0.15404401145198807
0.10653312363426524 0.10653312363426524 0.1028991510855053 0.1028991510855053 0.10653312363426524 0.10653312363426524 0.10653312363426524 0.0710220824228435 0.07124704998790965 0.07138306102482497 0.07138306102482497 0.07357997512131614 0.05555555555555555
0.26955120066707927 0.26030111290893726 0.2638967459493819 0.2638967459493819 0.2638967459493819 0.2638967459493819 0.2551397785859326 0.22661855591514127 0.19505366905920746 0.18886645366889135 0.15779717989988726 0.13293426071377412 0.13423512119863631
0.1326716253613319 0.1326716253613319 0.13303802104754786 0.13303802104754786 0.13303802104754786 0.13303802104754786 0.13303802104754786 0.07692307692307693 0.07343977815345323 0.0732078868951768 0.06158164269043772 0.05927489783638191 0.05927489783638191
0.3167761936210674 0.3167761936210674 0.2983975467231776 0.2983975467231776 0.2879377767249482 0.2879377767249482 0.27023795643150045 0.12876968840942818 0.12876968840942818 0.1442444148297066 0.1430252127100886 0.1471599502426323 0.1420916033865799
0.11955772249490214 0.11955772249490214 0.11564325507964071 0.11564325507964071 0.11564325507964071 0.1160876721911654 0.09950371902099892 0.08291976585083242 0.06856622662527316 0.023518021709589935 0.023518021709589935 0.024325212770525996 0.024325212770525996
0.24009801919951237 0.24009801919951237 0.2321753443823308 0.23281653683320877 0.23399837696455406 0.20126759121908525 0.20126759121908525 0.16831699189321309 0.17308608011890841 0.10763001992547817 0.11155577199538681 0.1059273945038669 0.14976208998081061
0.11624763874381928 0.11624763874381928 0.11624763874381928 0.11624763874381928 0.11507929111375009 0.11507929111375009 0.11507929111375009 0.11955772249490214 0.061834694240084226 0.061834694240084226 0.061834694240084226 0.04865042554105199 0.08600261451922267
0.25166346054906197 0.2435794933120476 0.23634283826158126 0.22918760719389833 0.23634283826158126 0.23634283826158126 0.2359977280678548 0.2359977280678548 0.13551927136362363 0.13551927136362363 0.1189119994330799 0.11885744012787561 0.15144563320384566
0.11564325507964071 0.11955772249490214 0.11955772249490214 0.12428864423997613 0.12428864423997613 0.12428864423997613 0.12374368670764581 0.12374368670764581 0.08495345825382311 0.06859943405700354 0.09950371902099892 0.07071067811865475 0.07388176557069272
0.28176289343016264 0.2844748817185621 0.2844748817185621 0.2844748817185621 0.27382095715665417 0.27382095715665417 0.25693857617634475 0.24530738041002964 0.2459420706827783 0.18353622295501804 0.1573509819262804 0.1675026581795888 0.18415541743845185
0.10750164544594146 0.11564325507964071 0.11564325507964071 0.1131117507947817 0.09597850322264759 0.0955394632947723 0.079982086018873 0.03576907626408711 0.022703830459324992 0.01605403247669839 0.022703830459324992 0.022703830459324992 0.03589790793088691
0.22250556465052626 0.23542588877808052 0.2283511532822941 0.23235345817193515 0.2620251220625925 0.27721343745994265 0.2919609102789966 0.22050817039513337 0.19689352744779284 0.19689352744779284 0.1769375453401751 0.1769375453401751 0.17469281074217108
0.12823007845327955 0.12823007845327955 0.10991149581709675 0.0920262717290388 0.0920262717290388 0.07362101738323103 0.07362101738323103 0.07362101738323103 0.04129552760618093 0.04129552760618093 0.050220196095182544 0.04129552760618093 0.055215763037423274
0.2882957255085248 0.2882957255085248 0.2712173048997297 0.2882957255085248 0.2882957255085248 0.29004521856380666 0.29004521856380666 0.2562544974669429 0.20016018574974573 0.16903751472779344 0.18351615376693067 0.18497808903664803 0.17863026512531727
0.10563521327314014 0.10905902109565341 0.11245405460403443 0.10461156612218825 0.10461156612218825 0.11174133758856716 0.11174133758856716 0.11293848786315641 0.10047393630432004 0.0942285694863091 0.0942285694863091 0.0942285694863091 0.0942285694863091
0.2214180818215692 0.21795857001338648 0.21757131728816848 0.21757131728816848 0.21757131728816848 0.22917137133976073 0.22917137133976073 0.17703643726247667 0.18257336223204382 0.16445883215681306 0.18819231422671767 0.16908015263872947 0.16354425973059922
0.10431851677040117 0.10087624894770907 0.09765286720945168 0.10087624894770907 0.10087624894770907 0.10087624894770907 0.10087624894770907 0.0741656932483308 0.0741656932483308 0.0485071250072666 0.04865042554105199 0.050379272185987846 0.050379272185987846
0.2411820304864858 0.25447450723243537 0.25657870338915484 0.26639013447520005 0.28064662604917656 0.26991728188340847 0.27264731890255817 0.25398450661434024 0.190401102362538 0.16024899824975003 0.15357264796217657 0.1397042727935381 0.1397042727935381
0.08259105521236186 0.08259105521236186 0.08259105521236186 0.08259105521236186 0.07851358838853205 0.07835275464833552 0.09233960689413973 0.08259105521236186 0.06672371987921948 0.06676946806414795 0.06676946806414795 0.058560697410525546 0.060813031926314993
0.1883358447992449 0.22470274573855395 0.20957771060658723 0.20540886939902622 0.20528685639782435 0.20528685639782435 0.19096860969295149 0.1776394456869807 0.16138226483974777 0.1650318753098669 0.15732308492585656 0.14737341991809594 0.13439613158145033
0.14063251078692598 0.14063251078692598 0.1414213562373095 0.12428864423997613 0.12468233747884189 0.12468233747884189 0.12468233747884189 0.08905881248488706 0.08877760302855438 0.0710220824228435 0.050220196095182544 0.06401843996644799 0.06401843996644799
0.2772557346520686 0.2772557346520686 0.2772557346520686 0.27707908236611806 0.27707908236611806 0.28306924933440836 0.28306924933440836 0.19328662501667143 0.18981735685686274 0.17632745265095745 0.20310974064068055 0.20349747832858242 0.20349747832858242
0.07876788407748297 0.07588680773412386 0.07588680773412386 0.07288689868556625 0.07449422505904478 0.07985957062499249 0.07705999143709423 0.07705999143709423 0.08970292566223266 0.08493648472412722 0.08493648472412722 0.07449422505904478 0.08328707558159619
0.2524987864848695 0.26640630785930164 0.28497903888955695 0.2598250708942021 0.25759291615096386 0.21523447352654546 0.21540659228538014 0.20589710514719647 0.24758258805746608 0.16425244999943572 0.12890861040876386 0.12900392177883402 0.12890861040876386
0.12468233747884189 0.12468233747884189 0.12004900959975619 0.1288367804206543 0.1288367804206543 0.14838790445889413 0.14314958357846705 0.14314958357846705 0.12428864423997613 0.10653312363426524 0.11233598017562804 0.11233598017562804 0.10707459153723745
0.28519374842415407 0.28519374842415407 0.26205172268336663 0.24131682211792269 0.24131682211792269 0.24131682211792269 0.24131682211792269 0.24612066708752603 0.1959126921288487 0.1917659799899218 0.20576237820230117 0.20633062666954907 0.2187449447395809
0.14804664203952106 0.15492886822586965 0.15492886822586965 0.15846382194552627 0.15260298566173833 0.12991913212348574 0.13481684980149108 0.11712139482105109 0.06672371987921948 0.06672371987921948 0.06658703748260177 0.058520573598065284 0.058520573598065284
0.23038881113130372 0.2225952877276357 0.2472807890186517 0.2611073403937065 0.2512113377371697 0.2619359681689115 0.2619359681689115 0.23108048723931043 0.1385311931248213 0.1385311931248213 0.1385311931248213 0.1385311931248213 0.13254537235873898
0.125 0.125 0.125 0.125 0.125 0.14838790445889413 0.14838790445889413 0.10800261544635605 0.07614519053051017 0.0710220824228435 0.07071067811865475 0.06293167755275526 0.10015033834597084
0.27738342332429605 0.2765663864292734 0.2935651535998499 0.2923637711404781 0.2923637711404781 0.290840592071338 0.290840592071338 0.18928997815347054 0.13681721040538722 0.12198069050319736 0.1533616597966749 0.15938888232485138 0.24325212770525995
0.1119749204264222 0.11507929111375009 0.11507929111375009 0.11507929111375009 0.11624763874381928 0.11893484155535235 0.12077153759909248 0.12555049023795636 0.1259481804649696 0.07124704998790965 0.09082252454356796 0.056147886156098836 0.07288689868556625
0.2733485665238995 0.2429404501717371 0.2345631932692634 0.23039435206170236 0.22133516482134194 0.22679017831316714 0.22665546480064913 0.22665546480064913 0.19267482858842913 0.1537020856535074 0.16129032258064516 0.13094971837880318 0.13094971837880318
0.1287565506561512 0.1287565506561512 0.13353527265940837 0.13353527265940837 0.13353527265940837 0.1350858067395748 0.1350858067395748 0.10693610816877483 0.10693610816877483 0.10693610816877483 0.0891578689526865 0.08880560416567349 0.0891578689526865
0.24725177554059452 0.24725177554059452 0.24725177554059452 0.24725177554059452 0.24725177554059452 0.2397244943371729 0.23645821187756288 0.19681667746972628 0.19681667746972628 0.19085253572821942 0.19085253572821942 0.20305997966596315 0.20344965974791543
0.1212678125181665 0.1212678125181665 0.1212678125181665 0.1212678125181665 0.1212678125181665 0.1212678125181665 0.10087624894770907 0.1028991510855053 0.09233960689413973 0.08905881248488706 0.058400695206013625 0.052342392259021375 0.058520573598065284
0.2638187268747282 0.27396560098529465 0.25663905316977126 0.25663905316977126 0.25663905316977126 0.28637127941771345 0.2946277878640808 0.3005839800825652 0.20166489053821365 0.1919575208698985 0.16739559209724567 0.17277064448988494 0.17277064448988494
0.1267242193812129 0.1267242193812129 0.14583333333333334 0.14583333333333334 0.17391304347826086 0.18163064367459994 0.1535737792084878 0.1473139127471974 0.1473139127471974 0.16666666666666666 0.14570690649263465 0.1267242193812129 0.15371886547533642
0.26155220375555266 0.2620305641902525 0.2497941345448618 0.22257469038320102 0.2070110523752172 0.20549873413169661 0.22386812376067944 0.19106808075504328 0.19550327071728094 0.19550327071728094 0.1880932880143657 0.18093070201573141 0.20465106796351543
0.10411584125907072 0.10362555203016796 0.10300524052492095 0.09104463009115371 0.09159291318091396 0.09104463009115371 0.10362555203016796 0.10362555203016796 0.10362555203016796 0.08838834764831843 0.06401843996644799 0.09436158958517546 0.11080752827296766
0.1935798068502159 0.20813364832343026 0.2082875364393327 0.20813364832343026 0.20767402248091077 0.23157214397627363 0.21667003456505585 0.1772175307539308 0.17078009517056378 0.14074704089898 0.12363893872589476 0.17187814721168515 0.2574178097308233
0.16609095970747995 0.173259232729684 0.17460757394239454 0.17460757394239454 0.17460757394239454 0.18248063000732118 0.1896181852559909 0.12085835334404364 0.09632419486019032 0.07830756969602692 0.06868028197434452 0.048564293117863214 0.048564293117863214
0.34439088914585775 0.3423528577287193 0.3269230769230769 0.3148148148148148 0.30357142857142855 0.3046831740767598 0.31596773607960277 0.14493979213093727 0.17156289983217085 0.17088505087639572 0.17684298936132573 0.18550583007030885 0.20632090648224877
0.08954813188742858 0.08954813188742858 0.08954813188742858 0.08954813188742858 0.08954813188742858 0.08954813188742858 0.07830756969602692 0.048564293117863214 0.048564293117863214 0.048564293117863214 0.048564293117863214 0.061429511683395124 0.07157479178923352
0.20877153416328637 0.22910791816012732 0.22910791816012732 0.22910791816012732 0.2341063689164631 0.22684405730661458 0.1880932880143657 0.17305399761093304 0.15584576047296306 0.15584576047296306 0.13439241194061954 0.11772426332558297 0.0917746291205323
0.13767686092000675 0.13810200921222546 0.13767686092000675 0.13767686092000675 0.13767686092000675 0.13767686092000675 0.13767686092000675 0.07157479178923352 0.06125638918316889 0.060971076084969246 0.060971076084969246 0.06848672513487422 0.0681677353936515
0.21862294895812776 0.21862294895812776 0.21862294895812776 0.237321098101841 0.2526784615128807 0.2526784615128807 0.23941911832210133 0.18353607729395174 0.20704181899734686 0.188839396806299 0.188839396806299 0.188839396806299 0.20193464383960666
0.08830722018960102 0.08830722018960102 0.08830722018960102 0.0875869861589285 0.08673017867965746 0.08574929257125442 0.08929576464474494 0.08929576464474494 0.07808688094430302 0.06125638918316889 0.06125638918316889 0.06125638918316889 0.06125638918316889
0.18116240541491033 0.18116240541491033 0.18116240541491033 0.20054165132947474 0.2200763644556763 0.2200763644556763 0.21843290446712285 0.22739701341354884 0.18438984376513876 0.16908262590458775 0.1367866350868814 0.10910759444950092 0.10910759444950092
0.09407208683835973 0.09038769075777342 0.08409249324978454 0.07844645405527362 0.07844645405527362 0.07844645405527362 0.07786377511420611 0.056654218095037345 0.034401045807689073 0.01723113791988944 0.017811762496977412 0.017811762496977412 0.017811762496977412
0.13667677431902658 0.1470735042099664 0.1414213562373095 0.15841648004935768 0.15841648004935768 0.15841648004935768 0.17632244902439304 0.17632244902439304 0.11473654253673164 0.12471365497161546 0.12564066811885327 0.10408413744089193 0.08756992788183858
0.034401045807689073 0.038461538461538464 0.050379272185987846 0.06658703748260177 0.08259105521236186 0.08259105521236186 0.08259105521236186 0.07835275464833552 0.0848528137423857 0.1 0.11661903789690602 0.10770329614269007 0.10770329614269007
0.12252114145994043 0.11845548451810362 0.11845548451810362 0.11865252732330223 0.12716959675753217 0.14334623990017417 0.14334623990017417 0.12160850980219932 0.08992248422800979 0.0872193578784801 0.0872193578784801 0.07056194276216086 0.08992248422800979
0.0555174907648204 0.04296953680292129 0.0543526425198644 0.04654436395839094 0.062445817068272 0.062445817068272 0.06 0.08239622188056739 0.059952057523307366 0.044685625337697654 0.039968038348871575 0.044685625337697654 0.04296953680292129
0.16873432387040174 0.17994485458893897 0.17994485458893897 0.19923926751726054 0.19923926751726054 0.20499162771443058 0.20100814541106168 0.1948795865679393 0.15782207775026622 0.135881606299661 0.10810401430933787 0.11481926819365224 0.1146004951752264
0.07288689868556625 0.07071067811865475 0.09013878188659973 0.09340681032325801 0.09503574015871319 0.09691781871160239 0.09691781871160239 0.0814264404883845 0.0891578689526865 0.08937125067539531 0.07993607669774315 0.07993607669774315 0.07974522228289
0.22432233403959606 0.2241430912350739 0.2527800695827793 0.2712804333991447 0.26946972407272907 0.2798146144794976 0.2798146144794976 0.1355814918013996 0.11678231823883312 0.10448777226310621 0.10448777226310621 0.12159489575102396 0.12170040110341207
0.10752906583803283 0.10752906583803283 0.11180339887498948 0.11142758806754427 0.11180339887498948 0.11180339887498948 0.11180339887498948 0.1035315865198346 0.06401843996644799 0.061834694240084226 0.061834694240084226 0.06422122298923856 0.07630149283086916
0.23408229439226114 0.23408229439226114 0.2411820304864858 0.2504448138399261 0.27187589041077115 0.27209330419234556 0.26162817710802455 0.24311014430364117 0.17433707144983793 0.18095585575928486 0.15764150216949532 0.13796386760448226 0.1470619885708331
0.11893484155535235 0.11893484155535235 0.11893484155535235 0.12305344693856025 0.1054743830901945 0.10991149581709675 0.11462410798513052 0.11504474832710555 0.09776923610938035 0.0543526425198644 0.06076810171558113 0.05752237416355278 0.06063390625908324
0.2020953558776513 0.2020953558776513 0.19778037850598032 0.19778037850598032 0.19778037850598032 0.21260935096058936 0.21391927328680999 0.21391927328680999 0.15411998287418846 0.16096743531921176 0.15916594783499297 0.15245942257232575 0.1470703653842822
0.09104463009115371 0.08789531924182875 0.09159291318091396 0.10991149581709675 0.11142758806754427 0.13336129460727672 0.15105890224117452 0.10991149581709675 0.09159291318091396 0.09552008998760876 0.09968152785361249 0.10165561113406256 0.10165561113406256
0.13081945890998237 0.12260640739382574 0.13664735411289644 0.13657631311297516 0.15196735755594074 0.1661029426974821 0.1661029426974821 0.14152953539592739 0.13154963394044086 0.13154963394044086 0.13624195324507227 0.1363288145565707 0.1363288145565707
0.13507040269063486 0.13507040269063486 0.136121550082297 0.13074409009212268 0.13074409009212268 0.13592553320611697 0.12014233283305319 0.10335034253712183 0.09999999999999999 0.0753302941427738 0.08877760302855438 0.09159291318091396 0.09552008998760876
0.3116897763966385 0.3116897763966385 0.3116897763966385 0.29812619361954285 0.2910959284754701 0.2817057372343259 0.27153738005091604 0.15277638637096097 0.19043908784019603 0.12316298289492113 0.13797570646864152 0.12281338465424275 0.11022956433768517
0.12305344693856025 0.12305344693856025 0.12305344693856025 0.14654866108946232 0.14768913479641196 0.1532405264919746 0.16009657968394708 0.16009657968394708 0.16009657968394708 0.16374944313243622 0.16374944313243622 0.1696628685334258 0.15753576815496595
0.29444895827749196 0.28430781967630964 0.3178154203764295 0.3178154203764295 0.3072335333969434 0.3072335333969434 0.2909343431571768 0.25862837646685555 0.25862837646685555 0.26753618096072357 0.26753618096072357 0.27707908236611806 0.2744668070763592
0.11084611216341887 0.11084611216341887 0.09501095328293045 0.09501095328293045 0.09439751632913289 0.09439751632913289 0.09439751632913289 0.09501095328293045 0.06334063552195364 0.06334063552195364 0.06334063552195364 0.06334063552195364 0.06293167755275526
0.270065775492433 0.270065775492433 0.26955120066707927 0.26955120066707927 0.28609712017792893 0.2674382278184432 0.23281875544683409 0.1620695745314776 0.10997056056692876 0.09212479531072253 0.09633760902169115 0.11286652959662007 0.11286652959662007
