0.125 0.125 0.124891634136544 0.1303116728289208 0.10828702045605249 0.13210916012404 0.13810200921222546 0.07179581586177382 0.07495316889958614 0.07495316889958614 0.07495316889958614 0.07866459694094409 0.09772697579354847
0.3586251844832988 0.3586251844832988 0.38617962993554494 0.4049826990563613 0.4049826990563613 0.3990115848880321 0.41583702731932265 0.21503366177851294 0.22555427010576445 0.22555427010576445 0.20399884344791838 0.18439088914585774 0.18262985862180775
0.13622298275594996 0.13622298275594996 0.13622298275594996 0.13622298275594996 0.13210916012404 0.13210916012404 0.13210916012404 0.11576727454540037 0.10294903467565093 0.10294903467565093 0.09513029883089881 0.09081532183729997 0.09081532183729997
0.2624208329529608 0.2743249919681754 0.2743249919681754 0.2624208329529608 0.2608695652173913 0.2626687506586569 0.27460823932495954 0.23177361425421747 0.18569533817705186 0.18292313891073494 0.173259232729684 0.17592538100958696 0.16908465597452388
0.12140522651411392 0.12140522651411392 0.11904761904761904 0.125 0.14466375430616596 0.14269544824634822 0.1664780229540729 0.16835875742536846 0.15791661046371636 0.12731644162961409 0.15187933259934655 0.15187933259934655 0.15767649936829103
0.2767233749590771 0.29124853318458105 0.2767233749590771 0.27919577422896064 0.25482836727499747 0.2682042606398553 0.26709977718040206 0.26709977718040206 0.19066719485096545 0.19066719485096545 0.16552117772047362 0.1412811624583021 0.1412811624583021
0.1185113657849943 0.1185113657849943 0.1185113657849943 0.1185113657849943 0.12126781251816647 0.12126781251816647 0.13699915608779775 0.1414213562373095 0.1414213562373095 0.14935759876113539 0.12403473458920847 0.12403473458920847 0.128036879932896
0.27551824707070044 0.2608656451393673 0.20627474686147226 0.20589806935130187 0.21341945389106423 0.21341945389106423 0.16188996117875235 0.09865544205658501 0.1538253003152748 0.1538253003152748 0.17586249463487086 0.12488526844760098 0.1472516240809109
0.13810200921222546 0.13810200921222546 0.13810200921222546 0.13824460296132315 0.13824460296132315 0.11588680712710873 0.13824460296132315 0.14466375430616596 0.15187933259934655 0.11124853987249621 0.11056644552171162 0.11056644552171162 0.08914151821092489
0.31894340790957704 0.31894340790957704 0.31894340790957704 0.31894340790957704 0.31894340790957704 0.34169470717014266 0.3587794425286498 0.2596291201783626 0.2368033988749895 0.18680339887498948 0.1929753539084923 0.181230682857284 0.181230682857284
0.1762876855208507 0.17556172079419585 0.1668728098087443 0.17556172079419585 0.15156837721956706 0.15156837721956706 0.12996881122750908 0.09776923610938036 0.03785055820522323 0.03785055820522323 0.05547001962252291 0.05547001962252291 0.058520573598065284
0.3431876713662333 0.33635369985982805 0.33118546711895697 0.33118546711895697 0.35569106113735405 0.3711043767355886 0.36741467501076447 0.3187788004080214 0.18579443847636581 0.16063235132929476 0.12661649693805815 0.10743109350175374 0.1299743224766565
0.2027495562272223 0.20447218324294508 0.23351702580814504 0.28317605697742704 0.28317605697742704 0.29138575870717925 0.3206714653336734 0.35257537104170134 0.19908326484529887 0.1688889870088808 0.1261886162812672 0.16452982615400624 0.16452982615400624
0.5177927324940428 0.5516302128461947 0.5695148883079731 0.6583537376363926 0.6583537376363926 0.6926990817931693 0.7132671945666332 0.5509273272946912 0.5166158905978177 0.4275657844121767 0.40843839371998764 0.46133184694591295 0.46133184694591295
0.15636456680019054 0.15636456680019054 0.15636456680019054 0.17274503988932952 0.19740969640646863 0.20956841107122734 0.18923744558308436 0.11180339887498948 0.11180339887498948 0.07669649888473705 0.07749842582921286 0.08097763301789161 0.08574929257125442
0.3630852169962632 0.3553753685381829 0.3553753685381829 0.3578095606057776 0.3578095606057776 0.3578095606057776 0.2800964052936168 0.17712217844541228 0.17712217844541228 0.21094003924504584 0.20113399857238304 0.19665385615732067 0.21076998655239598
0.1358036190637778 0.1358036190637778 0.1414213562373095 0.13511320473331348 0.13511320473331348 0.13511320473331348 0.13697692318338522 0.14907119849998599 0.13130643285972254 0.10617537166910045 0.10107594250783 0.10107594250783 0.097182531580755
0.3258784337584966 0.3163470508005519 0.2545744457820103 0.25260147839764086 0.2675991370015423 0.2675991370015423 0.2859659609976086 0.22591014555828173 0.29965460694275226 0.2981165919613957 0.21474219457418384 0.21620802861867577 0.19864584117574877
0.24418846973748626 0.24418846973748626 0.2559390702731955 0.2559390702731955 0.25321462647095155 0.2595332598211025 0.2595332598211025 0.20471324932907262 0.12591131218673468 0.12591131218673468 0.1178511301977579 0.13155870289605437 0.1401807940547993
0.3784544134479644 0.3784544134479644 0.3784544134479644 0.3993486148518944 0.4421309588598298 0.4570902519040043 0.4386338852748032 0.34104973174542796 0.25312227159291145 0.22900628679223048 0.1937678572264689 0.20888587231496517 0.197182531580755
0.17950549357115014 0.17029386365926402 0.15981325054298817 0.1429154876187574 0.1346907306400629 0.1233195650881528 0.10243938285880987 0.32562421348030807 0.38118124993124375 0.4191748408120546 0.26595433314212646 0.26595433314212646 0.2615267221816814
0.4154332837883187 0.42542121637403607 0.4883345454116211 0.5261759108581566 0.5200135369872475 0.5591220188521494 0.532842712474619 0.5947132475378162 0.5714669974811943 0.5426453133697244 0.410230971544866 0.41094010080628723 0.38861236983002073
0.22438186696393767 0.16666666666666666 0.16609095970747995 0.15384615384615385 0.19611613513818402 0.21172526114494827 0.24419874594873694 0.4527692569068708 0.40311288741492746 0.3492151478847891 0.3239642421451467 0.31234752377721214 0.2613407145321313
0.45549918572564024 0.42554667851719014 0.3863699383808482 0.37130873600798214 0.4333840560831538 0.45153294546532036 0.4757236086958774 0.42091373202529647 0.3165009449076827 0.2886020293549109 0.19076823761555103 0.16185611172998043 0.18506179173768905
0.22090450153584193 0.295378269592824 0.295378269592824 0.25261396203261177 0.3418979349926209 0.4054588600086734 0.35890245974325125 0.19383563742320478 0.3192539379914944 0.2631174057921088 0.2357022603955158 0.20615528128088303 0.2
0.7312923136101053 0.7641840769202083 0.6403815362908682 0.6078580255295319 0.4831320517470772 0.48580081105131917 0.48580081105131917 0.30126372033439075 0.11409762104472669 0.09135315902120296 0.0675429033697874 0.06839055837767723 0.08029554868106685
0.19546750924338122 0.2182693506518088 0.2122749598489095 0.21172526114494827 0.21172526114494827 0.21172526114494827 0.21172526114494827 0.19667039757680585 0.07402332101976053 0.07402332101976053 0.07402332101976053 0.07402332101976053 0.07402332101976053
0.4266409168259795 0.4242640687119285 0.4242640687119285 0.4242640687119285 0.4242640687119285 0.4242640687119285 0.4450213587907339 0.3189819078347364 0.21347047650771073 0.21347047650771073 0.21347047650771073 0.21259139050877143 0.21259139050877143
0.11149412193707495 0.09013878188659973 0.10101525445522107 0.09642365197998375 0.09223131928520184 0.09223131928520184 0.09223131928520184 0.11351915229662496 0.11891287353862351 0.1185113657849943 0.10489254019125983 0.08498365855987974 0.08498365855987974
0.20467558706976774 0.24139545268686022 0.23281875544683409 0.23155291246070636 0.24057579331422171 0.24981529365782856 0.24981529365782856 0.2187837145874678 0.21138217155662417 0.2010250577655095 0.1995671535368656 0.1584031423684636 0.15472381454995643
0.173259232729684 0.18155291362643414 0.17267458921760284 0.16567837615188147 0.17379430648482921 0.17379430648482921 0.1524276902124231 0.11541088393712068 0.13344743975843895 0.13344743975843895 0.13971227404748487 0.12253577034896797 0.14314958357846708
0.3343402696845619 0.3359274061791062 0.35874050952693515 0.3346303697562198 0.31222908534136 0.31222908534136 0.303203657276947 0.21663292520948518 0.1945441522292145 0.1945441522292145 0.20658259638270032 0.2289173310495254 0.2289173310495254
0.18856180831641267 0.17255515320869555 0.17255515320869555 0.17313975732225934 0.17313975732225934 0.1729072214122211 0.1729072214122211 0.30540011586315874 0.33588075931278694 0.3288335261029103 0.2819719786101298 0.17541160386140586 0.1810714920850371
0.4514183492030301 0.42940054473553696 0.47531978220031657 0.474020422155536 0.4491444924002863 0.4491444924002863 0.45052224920607753 0.10018802899712487 0.11234213592584683 0.10887858825343237 0.11395160385915487 0.1329105385333339 0.1268882477474803
0.135881606299661 0.1706153247545363 0.18631525916085978 0.15886324210216599 0.15886324210216599 0.13713245325054632 0.1323849432370475 0.10380684981717496 0.15264255013210187 0.13647212841386655 0.1491987733615888 0.16929979439493012 0.19174124721184263
0.4522977334164979 0.4522977334164979 0.4746655954065843 0.45155644370746373 0.45155644370746373 0.47432613669073026 0.4929481957005484 0.32615647855326085 0.2686884528373328 0.24223616260205638 0.24422808783452127 0.22390237393760357 0.23347774679275626
0.3206714653336734 0.3308080444368772 0.3663716527236559 0.33901753038160176 0.382099463490856 0.382099463490856 0.38597874531732274 0.6998707055770279 0.7648529270389177 0.7525279679463326 0.8260946873285364 0.808792357604971 0.808792357604971
0.5991406213771336 0.6229127159885018 0.7199310317518958 0.7127634067327956 0.7345697789733767 0.7697166063374138 0.7171667554816994 0.385328305762507 0.3413261648320893 0.3101736341988161 0.25767806495994167 0.2685592112307737 0.2585604675155877
0.3885143449429057 0.38348249442368526 0.3456664492218576 0.3456664492218576 0.29694153272811324 0.2403809869102058 0.2596678376158976 0.5169156941536843 0.3971049076658556 0.38600518131237566 0.4099180245918029 0.32141217326661253 0.20244408254472904
0.35248456731316585 0.33286861541721885 0.32897567371990105 0.32897567371990105 0.3441047654502029 0.3661983751936185 0.33128860477885286 0.22204264808776666 0.15084228461969842 0.16169041669088866 0.16169041669088866 0.14791082969645825 0.13971508998957988
0.17909626377485716 0.16609095970747995 0.1533929977694741 0.1520571842539411 0.1520571842539411 0.1520571842539411 0.17211704580502013 0.1738641946173353 0.14971236790408557 0.14971236790408557 0.1531851950128312 0.1350858067395748 0.13840913308956665
0.2984588038125526 0.2984588038125526 0.3262175822752881 0.3262175822752881 0.3262175822752881 0.3262175822752881 0.3235935704130978 0.16116639407860595 0.15030495663951784 0.12299834568337577 0.12107994411811716 0.12107994411811716 0.13272804541325897
0.11785113019775793 0.10416666666666667 0.08944271909999159 0.08600261451922268 0.08600261451922268 0.10761723676327273 0.10189890373046046 0.19381632242764862 0.08600261451922268 0.08333333333333334 0.08029315913582838 0.05758167996310984 0.05481612620668933
0.2719219758869585 0.2514912786715739 0.24025467506867723 0.23862021336434325 0.23862021336434325 0.2470929244126543 0.22808577638091165 0.1719049376101983 0.15873790303973964 0.15873790303973964 0.15221312698652473 0.1551184537497836 0.1327975165720506
0.2566797158606344 0.2857142857142857 0.29361010975735174 0.3048144966937039 0.340587727318528 0.36040704548352503 0.42426406871192857 0.13803940759355818 0.15158476564770812 0.19746094724798977 0.16413304107465318 0.16413304107465318 0.13927150363278887
0.2971481983258778 0.2936269567033933 0.2966475992079338 0.28793649301828017 0.29273077039578016 0.3144865808671775 0.30116167668593646 0.3897015310933695 0.34208603910223145 0.3177441288597428 0.27757907788834263 0.25037223837333855 0.25729186218507794
0.18248063000732118 0.19109383541230276 0.19975046777556893 0.19900743804199783 0.21343747458109497 0.21343747458109497 0.21730674684008827 0.10790660599072865 0.08310281191431672 0.10850277962151739 0.10850277962151739 0.08321783316232578 0.07905694150420949
0.3995635954573904 0.39801487608399566 0.3995635954573904 0.3601556439995293 0.3466756913248316 0.3466756913248316 0.3466756913248316 0.2232603855367039 0.2076903199824707 0.22364852696919504 0.20845847457543576 0.2107519697706306 0.2107519697706306
0.13713245325054632 0.12859613128140654 0.1288470508005519 0.11094003924504582 0.1260651440244182 0.13254270092150516 0.13085598064755344 0.4793012932694108 0.38369548110737794 0.3075054235167698 0.26595433314212646 0.23570226039551584 0.25724787771376323
0.30895653790697214 0.3245947809725785 0.3337918390393042 0.3636514356958697 0.37317602568828817 0.36453640951290467 0.38228567118750256 0.3569401310833123 0.33883273195407726 0.30981581359685145 0.26090014125618494 0.23714733590797077 0.26354196913991024
0.07659259750641562 0.06324555320336758 0.06324555320336758 0.0576869744537761 0.05547001962252292 0.0735367521049832 0.09121111529894008 0.14960533665867926 0.20867089769190036 0.17329174830334546 0.17329174830334546 0.192055319899344 0.20645326546139234
0.30282072614460065 0.32888151215251643 0.3509161016779073 0.38681091299915976 0.45777511083671785 0.44633636561792855 0.39907977463238814 0.3033883898637056 0.19814119257819596 0.21871854653089903 0.20877153416328637 0.21468686008635277 0.21657404091210497
0.13210916012404 0.1303116728289208 0.1303116728289208 0.1303116728289208 0.1303116728289208 0.1520302849670743 0.15892681321527494 0.1516018286384735 0.1516018286384735 0.1303116728289208 0.15217391304347827 0.1322339680499613 0.11084825029549532
0.3439392172764551 0.34232403973405795 0.34232403973405795 0.34232403973405795 0.34197094625202445 0.34614739539509987 0.2753537218400135 0.2873592025525141 0.33464622145315104 0.2619047619047619 0.24045284556173296 0.22928642684202533 0.20370542859566668
0.2261021771538605 0.22471927624751503 0.22471927624751503 0.22471927624751503 0.23901191776264877 0.250933419550648 0.250933419550648 0.1339992578523194 0.09013878188659973 0.08584645893961879 0.10294903467565093 0.09475178390133976 0.09475178390133976
0.36921640634860897 0.36921640634860897 0.3859651178085249 0.36921640634860897 0.369524210763289 0.369524210763289 0.369524210763289 0.20787221333632408 0.1951449076032744 0.18667671812315503 0.19534639955948274 0.1951449076032744 0.21730189105876227
0.17374889710522776 0.17374889710522776 0.18163064367459994 0.18163064367459994 0.18163064367459994 0.1896181852559909 0.1896181852559909 0.165915912098992 0.0828236445561349 0.061267885174483984 0.061267885174483984 0.08664587415167273 0.08664587415167273
0.38722257259476306 0.38722257259476306 0.36467477671134946 0.36467477671134946 0.36467477671134946 0.3599094457109207 0.34197094625202445 0.3835285720540512 0.14605998837058273 0.14320138749544847 0.1361985344506586 0.15704758830075358 0.1852835888170645
0.12953194003770996 0.12953194003770996 0.1355815361366601 0.14403780047891934 0.17344447973881214 0.1632617890527538 0.17344447973881214 0.30313675443913407 0.2561133721732245 0.21088184807174334 0.21088184807174334 0.21594472522460836 0.21594472522460836
0.2707131574252947 0.26084108891546554 0.25062343548248 0.25192534716124965 0.24620244129041524 0.2581853837899888 0.25950484622916625 0.24320725846651584 0.19081348008674906 0.14224789601589014 0.14224789601589014 0.13722632686162478 0.13504052238929148
0.12085835334404364 0.12085835334404364 0.12085835334404364 0.09513029883089881 0.09513029883089881 0.11891287353862351 0.12085835334404364 0.1260651440244182 0.1260651440244182 0.1260651440244182 0.1260651440244182 0.125 0.11926103617007049
0.24018068605679 0.24018068605679 0.24018068605679 0.22694573469258858 0.22694573469258858 0.2277930770353815 0.25216048398934465 0.27712929246129075 0.17883353911964264 0.18822047815984408 0.2102353324910547 0.1498128508316767 0.1538647306476965
