0.14269544824634822 0.1498128508316767 0.1498128508316767 0.12437964877624864 0.12437964877624864 0.14834045293024462 0.1748209003187664 0.15131437342156362 0.13139708280690918 0.13139708280690918 0.13139708280690918 0.09987523388778446 0.12484404235973057
0.2727272727272727 0.30952380952380953 0.29545454545454547 0.29514979597122487 0.29676330752293384 0.31926711579269945 0.3418149116761131 0.3130090597300091 0.1896181852559909 0.19900743804199783 0.19900743804199783 0.165915912098992 0.19318836639999085
0.18163064367459994 0.18163064367459994 0.18163064367459994 0.18163064367459994 0.18163064367459994 0.18163064367459994 0.18163064367459994 0.19026059766179762 0.08574929257125441 0.08574929257125441 0.08574929257125441 0.09002631923284136 0.10294903467565093
0.38636363636363635 0.38636363636363635 0.38636363636363635 0.38636363636363635 0.38636363636363635 0.38636363636363635 0.4294035459244954 0.4508214534013755 0.1697622615275816 0.165915912098992 0.16211053783175206 0.1697622615275816 0.165915912098992
0.23543547789870936 0.23543547789870936 0.26465657643118534 0.2258769757263128 0.23898131509705361 0.23898131509705361 0.23898131509705361 0.09578262852211515 0.125 0.15732919388188815 0.17995393768717363 0.1917412472118426 0.20480798012976012
0.3924042621490166 0.39107931431854637 0.4119767092329045 0.4222278411449992 0.433280157935683 0.433280157935683 0.454734729523988 0.2477032961426901 0.2531014858056026 0.2146820501623724 0.1652259434752233 0.1470333124604563 0.15709280984545898
0.31166289153792986 0.3100868364730211 0.2894181863635009 0.26268712356504614 0.24253562503633294 0.24253562503633294 0.24253562503633294 0.3142936330963102 0.2711630722733202 0.28460498941515416 0.2606780008635715 0.24442309027345088 0.25298221281347033
0.23636759806365723 0.2565833925280435 0.2691524011501463 0.29203635848314247 0.29203635848314247 0.28897761663089944 0.27578356409132937 0.1731547219801597 0.14487421375029044 0.1464774445672625 0.1284630836568479 0.10133456704269628 0.06862788114089126
0.10859306069076735 0.10613747992445476 0.10165561113406256 0.0854357657716761 0.0854357657716761 0.08259105521236186 0.08259105521236186 0.09361029108991246 0.09632419486019032 0.08185982487053739 0.08574929257125441 0.10635890745287926 0.08969144025739326
0.20516870107534604 0.20516870107534604 0.2201850425154663 0.197182531580755 0.20103422124662826 0.2202310611402483 0.21360334876262083 0.16946201283915685 0.19846236049668675 0.19225752617373315 0.18216619014063473 0.18216619014063473 0.1699673171197595
0.14093620435725568 0.14093620435725568 0.1234661995811987 0.1234661995811987 0.11752512368056713 0.11752512368056713 0.11752512368056713 0.11752512368056713 0.12953194003770996 0.13736056394868904 0.15504341823651058 0.15594571538795132 0.14776353114138543
0.20514187598430997 0.20514187598430997 0.19477750120781978 0.19264838972038065 0.1951449076032744 0.1951449076032744 0.1951449076032744 0.19210820002413367 0.21816985445975612 0.1920943331760966 0.1851154154607518 0.21924018919200794 0.24999582848617968
0.2733903217768272 0.2733903217768272 0.24528753556537364 0.26242698894797745 0.24957301420585362 0.23696802770383635 0.26352313834736496 0.2735793833832251 0.6519202405202649 0.6049976028444359 0.37267799624996495 0.4249182927993987 0.3515837184954831
0.20774758454289727 0.1941496270277755 0.20322991817273547 0.21291289778791622 0.20325830669071962 0.173259232729684 0.17592538100958696 0.23099897187685675 0.14168428394318888 0.10115577808962159 0.08084520834544433 0.0844551219150681 0.09489786264011547
0.1143323900950059 0.13618367767571082 0.16567459436080478 0.19230769230769232 0.16058631827165676 0.13130643285972254 0.1545078607873814 0.2800042265107892 0.29417420270727607 0.2617119612951069 0.25808107140210496 0.26493830921991574 0.2798681479867095
0.22285517613508854 0.23326329481056882 0.24165525060596438 0.21039623986651634 0.2534484387624258 0.2329537925810626 0.19922620784123665 0.17274503988932952 0.18780240555194683 0.1517974552192182 0.1517974552192182 0.1565665806836097 0.15123209813473004
0.2836292378342815 0.24514516892273006 0.21107926341908756 0.21213203435596426 0.15811388300841897 0.1504142093990467 0.1504142093990467 0.256073759865792 0.30709290096331443 0.32557641192199416 0.33125293476032824 0.34688895947762427 0.34688895947762427
0.2776854871319518 0.3317514859065465 0.3512046990981589 0.3512046990981589 0.36313807116613767 0.37961713259289476 0.37961713259289476 0.12071835595896187 0.12632887765687872 0.10938091428022435 0.10594589701825655 0.11144328793958348 0.11996566033065964
0.4622501635210242 0.4472135954999579 0.4642383454426297 0.4622501635210242 0.4703604341917986 0.5087725990284107 0.37921670550558984 0.7357997512131614 0.732092141816581 0.6174544517614233 0.5376453291901642 0.5466411693673806 0.5427577611247457
0.27432884415116937 0.29692675498125 0.2941359628305867 0.2991985871109909 0.28686184040607027 0.2846256254178702 0.280952621273368 0.16106660285906557 0.18165458798848932 0.1801520941615541 0.17843620995786985 0.17056915222594507 0.1722850364296293
0.0753302941427738 0.0753302941427738 0.07808688094430304 0.0920262717290388 0.0920262717290388 0.08231079972079915 0.10287828539511831 0.09911532796940332 0.10770329614269007 0.11652585447180118 0.10416666666666667 0.1223901092530569 0.10163945352271772
0.16093368658429366 0.16576950931261747 0.16093368658429366 0.15941372328731448 0.16086054575397016 0.16239430408064448 0.1845369466904323 0.1911167964372293 0.22511785507920343 0.20203136596527885 0.18062339740163308 0.17740094298060927 0.17016551236755004
0.20433447413392491 0.19667039757680585 0.19667039757680585 0.19667039757680585 0.21657404091210497 0.2171861213815347 0.23890473351968816 0.17926546198337653 0.16693966712263567 0.16693966712263567 0.15158476564770812 0.1632617890527538 0.1654040222184386
0.33520076157699547 0.3200921998322399 0.33520076157699547 0.3200921998322399 0.34252672992344113 0.3435844578037334 0.3435844578037334 0.16428646055330592 0.11902802531951533 0.11902802531951533 0.15892681321527494 0.1590909090909091 0.1730311770333863
0.2124296443310437 0.18190171877724975 0.19236322441751505 0.1682812647646685 0.1682812647646685 0.1682812647646685 0.1682812647646685 0.15038662480192644 0.12684285124078176 0.10835281026218337 0.10850277962151739 0.08784104611578832 0.12105854952787556
0.3026969899386362 0.3016806854192959 0.28808297984901593 0.2870810720377016 0.29624128283816437 0.29624128283816437 0.2819335782600794 0.21663292520948518 0.202444082544729 0.21143854388679267 0.2179151382936314 0.19624690010861737 0.19486832980505134
0.12329924047901797 0.12237255246720063 0.12237255246720063 0.12237255246720063 0.1212678125181665 0.14147911460452758 0.14992352790734176 0.14276797787840073 0.13767686092000675 0.14269544824634822 0.1498128508316767 0.15767649936829103 0.1414213562373095
0.3078182669390348 0.3078182669390348 0.30491836056815314 0.3078182669390348 0.3323564032263028 0.32599239076886827 0.3767969360963108 0.3707046550191275 0.24045284556173296 0.26593156682433244 0.25386928375762585 0.22727272727272727 0.22402956277577465
0.10586263057247414 0.10613747992445476 0.10622957319984967 0.10622957319984967 0.1019803902718557 0.125 0.125 0.08545976121261312 0.10193722599722724 0.11056644552171162 0.11124853987249621 0.11704114719613058 0.11124853987249621
0.25199025730135033 0.2291257300206278 0.2162383415785428 0.1697622615275816 0.1726801446931346 0.2277930770353815 0.2389803477505024 0.22694573469258858 0.200830861284057 0.19146343573896135 0.18292313891073494 0.18292313891073494 0.1751059756189475
0.2581479780065997 0.2581479780065997 0.2698978095246549 0.2815462531857365 0.2698978095246549 0.2591719724193925 0.24926362137539537 0.19945180344587066 0.19545395158709694 0.19109383541230276 0.19932649433716348 0.18195633571851275 0.1559625734730109
0.2808597935466806 0.28439088914585775 0.27770537912124715 0.28881359428609704 0.28881359428609704 0.2758512132842047 0.29104789296971134 0.31501986624553197 0.1789122944669431 0.1716471331003224 0.1247213595499958 0.127183472062349 0.1652259434752233
0.1896181852559909 0.18015093964441797 0.1559228225934375 0.11892474444761325 0.11435437497937312 0.10926208055492542 0.11339887162013616 0.13435230372511478 0.25145491044009416 0.2055270768301462 0.17647058823529413 0.1789047803028888 0.18971615086447616
0.2648701771131339 0.2927663976606753 0.31504054839468737 0.2735828502475171 0.2970142500145332 0.2744005827149601 0.30693649445904686 0.32260615732123377 0.3757523516723829 0.32370772074027 0.3567340910715361 0.3514217669380822 0.3343136919158679
0.3538596300535413 0.32146326812000997 0.33563618167167314 0.31205254133440274 0.31205254133440274 0.31205254133440274 0.3397283259654084 0.23391661149237664 0.24282146558931608 0.22291842218807234 0.22485950669875843 0.2345468502002858 0.2200192902080644
0.3289422295696032 0.3100868364730211 0.28965880285189516 0.31242713944683315 0.31206590917122307 0.2974492175610842 0.33315674600817574 0.17302292813793968 0.18793810930115812 0.159077986541823 0.12085835334404364 0.11704114719613055 0.13048909998585656
0.21437323142813605 0.2596678376158976 0.25766265056033233 0.25766265056033233 0.2596678376158976 0.2768590677514941 0.22774375933713847 0.2898704818803739 0.1681681984990781 0.13534757300092742 0.15209100104169465 0.1491987733615888 0.15402151712415468
0.22036229881695507 0.22908207675779096 0.22186745701673058 0.22186745701673058 0.22116689493618208 0.22629949142105285 0.23690270791901097 0.264573636323833 0.17091186932356017 0.1825561936715627 0.1635395916154975 0.14014688281331433 0.14140307957350254
0.13971227404748487 0.13971227404748487 0.147689134796412 0.15458673560021055 0.15458673560021055 0.16422836039139668 0.125 0.1355815361366601 0.1355815361366601 0.15158476564770812 0.11971303267014331 0.14108316199577509 0.1338219318930473
0.1799523205408662 0.18710551342662438 0.189559784796413 0.189559784796413 0.189559784796413 0.1974047201667578 0.21618831448780468 0.2038327542988022 0.2038327542988022 0.15426797691837643 0.16792454171893215 0.1669287923282493 0.1739778075652249
0.19952172111690555 0.2207107502912299 0.2326803115618832 0.26014449683910057 0.2716072381275556 0.2572478777137633 0.2572478777137633 0.26768647884309366 0.19553847221876072 0.19300073488881272 0.19174124721184263 0.18208926018230745 0.19553847221876072
0.20339486764074527 0.1689102438301362 0.15157143212491872 0.13633077362878693 0.13728451783617907 0.1428531180474803 0.1428531180474803 0.1488854734711393 0.12409331002244728 0.1411081302575396 0.12382029270379621 0.1274830501198419 0.1429154408852894
0.17460757394239454 0.17460757394239454 0.18248063000732118 0.18248063000732118 0.18304413303674952 0.18304413303674952 0.18304413303674952 0.13985672025501314 0.1386750490563073 0.1287565506561512 0.1514022328208929 0.1338219318930473 0.1560618494687246
0.3353999365594952 0.3353999365594952 0.3353999365594952 0.35224017000402136 0.35520815955178753 0.3576931283931835 0.3380531221741365 0.18680632177567894 0.1692842820893868 0.18723911617101288 0.1678403269241208 0.137360563948689 0.12255752781838104
0.19143488435810682 0.21140072253122896 0.20312107210883001 0.20312107210883001 0.2039607805437114 0.2009975124224178 0.1789727632909544 0.14935759876113539 0.1415189892183811 0.1415189892183811 0.1415189892183811 0.1415189892183811 0.14971236790408557
0.6185788323121841 0.6442059869802355 0.6677315942355604 0.6410366389253173 0.6581275669613168 0.6410366389253173 0.6364417384368262 0.387711885923408 0.3513320805572977 0.30499489235184807 0.2966867887205828 0.31733983809650324 0.2881050881779355
0.3021458833601091 0.28154625318573645 0.28797018815893544 0.257390753524675 0.2593431765995222 0.2518963609299392 0.25 0.25 0.23795783581116134 0.15903404916487007 0.1362312444524585 0.13476792334377333 0.13476792334377333
0.3860305043809385 0.40741085719133335 0.4266409168259795 0.3828207467443882 0.36030187928883595 0.3393833784690385 0.28690272549956497 0.25581235194252044 0.22086402813288736 0.1964031667494217 0.18923837883063407 0.18103369562358723 0.18103369562358723
0.1896181852559909 0.18107149208503706 0.18107149208503706 0.15843755557440742 0.15843755557440742 0.165915912098992 0.16760038078849773 0.17655613788661215 0.125 0.125 0.1386750490563073 0.1388888888888889 0.1386750490563073
0.3631058272528683 0.36030187928883595 0.36030187928883595 0.38743964230322264 0.38743964230322264 0.39160323420960147 0.3928125110999881 0.3401555339971933 0.30056995195306196 0.30027903495882163 0.2781572246623454 0.2743836441156946 0.24711459427986474
0.14482767929281476 0.14482767929281476 0.14285714285714285 0.14285714285714285 0.14285714285714285 0.14285714285714285 0.15 0.1498128508316767 0.09954163242264942 0.07808688094430304 0.07844645405527362 0.07856742013183862 0.07856742013183862
0.3599094457109207 0.3599094457109207 0.3599094457109207 0.3599094457109207 0.38092083920148745 0.4228908058392454 0.40111231483078513 0.37313894632874595 0.2502776789274719 0.2502776789274719 0.22640501479718925 0.24055461936479877 0.2282101496602833
0.12484404235973057 0.1498128508316767 0.1498128508316767 0.14269544824634822 0.13622298275594996 0.1303116728289208 0.1303116728289208 0.05852057359806529 0.05852057359806529 0.055624269936248104 0.07490642541583835 0.07134772412317411 0.075
0.29305003624514625 0.296203086154319 0.28260389577229394 0.29244328628402977 0.29244328628402977 0.28479344402135326 0.28479344402135326 0.1455832787286383 0.1455832787286383 0.1455832787286383 0.15704332645885657 0.15348515337873012 0.1781108732656503
0.11351915229662496 0.11363636363636363 0.11904761904761904 0.11904761904761904 0.11904761904761904 0.11904761904761904 0.11904761904761904 0.09523809523809523 0.11891287353862351 0.15131437342156362 0.12437964877624864 0.1185113657849943 0.11785113019775792
0.24974213505257492 0.24974213505257492 0.2516211615088504 0.2516211615088504 0.259358906268948 0.2716820219172132 0.2716820219172132 0.21199957600127198 0.25614616867817247 0.21858532913759207 0.20873299489397065 0.2059466299796392 0.20737841085301134
0.1590909090909091 0.1590909090909091 0.16070608663330627 0.16070608663330627 0.16835875742536846 0.17655613788661215 0.17655613788661215 0.17655613788661215 0.15702717677706413 0.15919317118967338 0.15919317118967338 0.147689134796412 0.15661513939205382
0.38718292969178164 0.38718292969178164 0.3793402293632928 0.3597943612464841 0.3562530931667484 0.379029194361613 0.39831090070924974 0.35109039870950054 0.27118646351136305 0.28398664242997046 0.26932708293767027 0.22897400343853308 0.23578302107333032
0.3347670317059931 0.33647765618946246 0.33751670443578924 0.3250693819675786 0.3405146490892042 0.30460384954008574 0.2774279945045767 0.1386750490563073 0.08600261451922268 0.07692307692307693 0.08097763301789161 0.0675429033697874 0.09587062360592132
0.1608245494994372 0.17486009869183558 0.17029448413128198 0.16236357547006 0.17388680494817035 0.17088965535046544 0.17544575116509842 0.32831124019792307 0.29387368632689437 0.31686067575635457 0.24312687142616202 0.25255870181103246 0.2179822745701732
0.7878385971583353 0.8054146822957206 0.7663407248142798 0.8500919067959652 0.9257598230642763 0.9257598230642763 0.9186109915770407 0.8962945660019288 1.0760050581878793 1.0089598604503551 0.8916985778785417 0.9232870714969654 0.9232870714969654
0.3195631601966799 0.34339888032807137 0.3132054914640038 0.33726390332343703 0.40651000417486094 0.4293807101848182 0.40363951982038426 0.42581510747360146 0.4187826190911605 0.2523238507991537 0.24550608501111543 0.2686150939085152 0.27814599737835244
1.4810235166715975 1.4810235166715975 1.4810235166715975 1.4810235166715975 1.5811388300841898 1.575436447464638 1.4230249470757708 1.1857872366315871 1.195041840271712 1.1593869423931686 1.1835053576164534 0.9976534969617457 0.977086478556111
0.2945972383296371 0.30392715780192847 0.30392715780192847 0.30515680742718054 0.29369261966825083 0.28371742897646546 0.28701965117467215 0.29274021304660314 0.25303708568055583 0.258548578183323 0.25472745303768163 0.2594082067138304 0.22657887125359547
0.25 0.25 0.25 0.25 0.25 0.25 0.25 0.22258185668834118 0.14935759876113539 0.14958791130929178 0.11768778828946262 0.1118033988749895 0.12807308433908624
0.32774854690031674 0.32867482820160654 0.32867482820160654 0.3435844578037334 0.3435844578037334 0.3435844578037334 0.3435844578037334 0.2571107840201726 0.16095639727077776 0.15791661046371636 0.17816831596194302 0.19322359101101394 0.19611613513818404
0.1963383631246505 0.1963383631246505 0.19611613513818402 0.20589806935130187 0.1817756694801661 0.18380365552345196 0.15038662480192644 0.09428090415820634 0.1122999375084051 0.1122999375084051 0.1122999375084051 0.08838834764831845 0.11435437497937312
0.16552259886405155 0.17217313878399276 0.16518201824864082 0.14698785167037143 0.17642258044004247 0.19706114243968853 0.19146395186424245 0.21468686008635277 0.2539174910703325 0.20397112699760742 0.19355510590237104 0.2064917935099982 0.20712944338653744
0.21597764111920156 0.2004173024358956 0.17667055497166922 0.16949714383421272 0.180867590336394 0.1975236852696329 0.2217307475782144 0.18155291362643414 0.17759071354792608 0.15689290811054724 0.161721508012528 0.1985524538329278 0.20929266304249367
0.36747730180952415 0.3243665731417366 0.30472429740866147 0.30355763690775167 0.2904235088791806 0.2500699785637325 0.24390228014858004 0.28791795071974885 0.1952423835036438 0.18074877644638038 0.15254501801939374 0.13494820313310119 0.13538234557160797
0.1668728098087443 0.1668728098087443 0.14505034974241202 0.1386750490563073 0.15230192477004287 0.15230192477004287 0.1386750490563073 0.13252163397375682 0.14314958357846705 0.18805811245074375 0.11401754250991379 0.12043720128733029 0.17647058823529413
0.17561655512069413 0.181568000470542 0.18526836776868782 0.21219777640585524 0.22106953910178634 0.23054205447679169 0.23909848428785802 0.22247051801004025 0.21626217531412012 0.13603566645171242 0.1549795484805874 0.21332045841298974 0.23782574707724702
0.24951314462072213 0.24951314462072213 0.24951314462072213 0.24951314462072213 0.24951314462072213 0.2807022876983124 0.2647058823529412 0.23529411764705882 0.16666666666666666 0.11094003924504582 0.10307764064044152 0.11363636363636363 0.11363636363636363
0.3632612873491999 0.3632612873491999 0.3632612873491999 0.3632612873491999 0.3632612873491999 0.3621429841700741 0.3474977942104555 0.33492435196796355 0.30209810093323686 0.28539089649269644 0.27465689319140724 0.24897330161692596 0.24897330161692596
0.18163064367459994 0.18163064367459994 0.18163064367459994 0.19685619865516124 0.19685619865516124 0.19685619865516124 0.19685619865516124 0.19685619865516124 0.13636363636363635 0.14285714285714285 0.12140522651411392 0.14269544824634822 0.15
0.4090909090909091 0.4090909090909091 0.4090909090909091 0.4090909090909091 0.4103496622303959 0.4103496622303959 0.4103496622303959 0.4103496622303959 0.2988114075821499 0.28539089649269644 0.26072500472698745 0.24596747752497686 0.21858532913759207
0.19047619047619047 0.19047619047619047 0.18181818181818182 0.18181818181818182 0.18163064367459994 0.18163064367459994 0.18163064367459994 0.1605403247669839 0.13396098146272087 0.13396098146272087 0.15919317118967338 0.16793218724293182 0.16793218724293182
0.36467477671134946 0.36467477671134946 0.39093501848676243 0.4149397482286146 0.37700898903430374 0.38184701978727753 0.38184701978727753 0.29347493112927076 0.19761807565321152 0.19761807565321152 0.219336687791365 0.21871854653089903 0.22386812376067944
0.29361010975735174 0.2773500981126146 0.26279416561381835 0.2261021771538605 0.22471927624751503 0.24171670668808728 0.2403700850309326 0.22934474029501983 0.15811388300841897 0.15811388300841897 0.13476792334377333 0.10859306069076735 0.10336227882434038
0.4718115708306631 0.4808104883618787 0.4412370540495727 0.4399322917702229 0.4494465096289165 0.5015577670770683 0.4855041365685024 0.4244474969244588 0.34826301657349623 0.40111231483078513 0.27245621676873616 0.22944398992815443 0.25266768545115004
0.12126781251816647 0.12126781251816647 0.12126781251816647 0.12126781251816647 0.12126781251816647 0.12126781251816647 0.12126781251816647 0.09816918156232525 0.12140522651411392 0.12140522651411392 0.1274754878398196 0.1274754878398196 0.10850277962151739
0.20048098128718356 0.20048098128718356 0.2002917589880262 0.2002917589880262 0.2002917589880262 0.17926546198337653 0.17926546198337653 0.16801428045829672 0.17547011596044984 0.17547011596044984 0.17547011596044984 0.16812001072196414 0.1472433787413426
0.2102353324910547 0.2102353324910547 0.2102353324910547 0.18421052631578946 0.18395591592967286 0.17413150828674812 0.1747816593036228 0.1274754878398196 0.10606601717798211 0.08574929257125441 0.08574929257125441 0.08574929257125441 0.08574929257125441
0.31114177726023884 0.31114177726023884 0.31283195280524406 0.2662329058069287 0.27198987699832244 0.29344179334135145 0.25994286157447377 0.22527178099150277 0.21932588008725848 0.2070171050894209 0.2438723973123639 0.21808280762648735 0.19762709941593776
0.12188747834395942 0.12764064725415908 0.12764064725415908 0.12764064725415908 0.12764064725415908 0.14907119849998599 0.15187933259934655 0.12403473458920847 0.11383021160118578 0.10468478451804275 0.10397504898200728 0.10397504898200728 0.08219949365267866
0.2575009178131839 0.2275269930010897 0.22574291997773044 0.23890591048093401 0.21468686008635277 0.2236214298842959 0.24002386656559505 0.18550583007030885 0.16552964408508344 0.13545709229571928 0.11561986040891722 0.11561986040891722 0.11467686437858905
0.20953510130211106 0.20953510130211106 0.20953510130211106 0.2156044080508909 0.19026059766179762 0.21332045841298974 0.18856180831641267 0.15791661046371636 0.1674958591813325 0.1817756694801661 0.1817756694801661 0.1817756694801661 0.16620562382863344
0.3702912582069862 0.3763066056621811 0.3763066056621811 0.3567386206158705 0.40430377003131995 0.45 0.4204706649821094 0.22015121875623542 0.2033857079232013 0.17969545065121553 0.14976761962286425 0.14958076038650303 0.16898462446469953
0.10647942749999 0.10647942749999 0.12140522651411392 0.11351915229662496 0.11363636363636363 0.11363636363636363 0.10859306069076735 0.10859306069076735 0.08687444855261388 0.09090909090909091 0.09523809523809523 0.09816918156232525 0.09816918156232525
0.2059466299796392 0.19706114243968853 0.24037595062210954 0.1949166368208945 0.24037595062210954 0.24037595062210954 0.24104042766341374 0.2113432823403755 0.2159569554873025 0.19253606842154392 0.19253606842154392 0.19253606842154392 0.1726801446931346
0.17460757394239454 0.1777597058142042 0.1559228225934375 0.12899199629493716 0.12403473458920847 0.11011600678407898 0.11011600678407898 0.12684285124078176 0.12684285124078176 0.11891287353862351 0.11891287353862351 0.1498128508316767 0.15702717677706413
0.3583495931668258 0.35478428058522476 0.37087830957164325 0.3287795577008458 0.2850391000172411 0.29123626426827215 0.25860845375366537 0.1655381676577131 0.15457313802163297 0.14884837032914672 0.15980107542972455 0.13390681268239724 0.15756771943166706
0.23543547789870936 0.23543547789870936 0.223606797749979 0.22135943621178655 0.23543547789870936 0.22978625750451445 0.23211917272131483 0.2258769757263128 0.09642365197998376 0.10163945352271772 0.15811388300841897 0.11149412193707495 0.0831028119143167
0.36487479890090885 0.3436939381323886 0.3053080018134549 0.29123626426827215 0.27544638481774736 0.2868785497455424 0.2933279621252102 0.2944324495814172 0.18831405116679445 0.1708715315433522 0.1539736886784269 0.1427946854241193 0.15355850549053773
0.20896918976428644 0.26493830921991574 0.2785430072655778 0.3146046872108187 0.2747787395427419 0.2985873603565728 0.30384807297773364 0.07432941462471664 0.15811388300841897 0.15811388300841897 0.15323401379401838 0.20030840419244383 0.20030840419244383
0.24291588926319083 0.2753652307491483 0.28264109881358146 0.3056021977856103 0.3056021977856103 0.30535800901486776 0.3131635535655322 0.20213909150080872 0.1936879087666573 0.18979997839488488 0.15894564330262637 0.15322824947829394 0.1497221646164312
0.17374889710522776 0.17374889710522776 0.17374889710522776 0.17374889710522776 0.17374889710522776 0.16652217884872533 0.16652217884872533 0.11588680712710873 0.06734350297014739 0.053239713749995 0.07529232524210427 0.07179581586177382 0.08185982487053739
0.38722257259476306 0.38722257259476306 0.4071016207668157 0.4071016207668157 0.4294035459244954 0.40992640305408806 0.41365344840451207 0.30591577186365393 0.19814119257819596 0.18550631045837226 0.1853149681583988 0.18563858772053282 0.18181818181818182
0.18163064367459994 0.18163064367459994 0.18163064367459994 0.18163064367459994 0.18304413303674952 0.18304413303674952 0.17510104899311874 0.17510104899311874 0.10850277962151739 0.10850277962151739 0.10850277962151739 0.1145307118227128 0.1145307118227128
0.40216127187248724 0.40216127187248724 0.40216127187248724 0.3990693765808181 0.40466727128468294 0.40466727128468294 0.40850679581430366 0.381439001370178 0.30213051959014864 0.28260389577229394 0.28260389577229394 0.28825919059938326 0.28825919059938326
0.18304413303674952 0.18304413303674952 0.18304413303674952 0.18304413303674952 0.18323313064314883 0.1605403247669839 0.1605403247669839 0.1414213562373095 0.12253577034896797 0.12253577034896797 0.13699915608779775 0.13085598064755344 0.12996881122750908
0.34884994609834646 0.34884994609834646 0.34884994609834646 0.34884994609834646 0.3705685582365 0.3705685582365 0.3705685582365 0.23382830579800593 0.2352694920624972 0.2352694920624972 0.22521532369440508 0.2152095893008094 0.20328018903860956
0.290100699484824 0.290100699484824 0.290100699484824 0.3365407382595565 0.3365407382595565 0.3365407382595565 0.32596012026013244 0.3535533905932738 0.3535533905932738 0.34668762264076824 0.3139389945637406 0.3120188603766914 0.3120188603766914
0.32217290483864014 0.3345733489986898 0.3287206390046547 0.34874640493735654 0.36289242325634946 0.3921263556213582 0.4216001512606518 0.4464849310037855 0.48916778176277875 0.48916778176277875 0.4829533433817773 0.4829533433817773 0.5054138621216825
0.29890510583642094 0.29196900801171394 0.2700994939921293 0.24554860546755064 0.23538352832219467 0.24554860546755064 0.22934474029501983 0.14834045293024462 0.14417529904228596 0.18380365552345196 0.15919317118967338 0.15919317118967338 0.1747816593036228
0.5479125835502682 0.5017404962252336 0.5503523534541507 0.48048428303568924 0.48046473487095087 0.4574021718089053 0.4611062569605222 0.3344264192762992 0.2598952797982281 0.2523613954823553 0.21313209246296802 0.21313209246296802 0.22035723890252665
0.1747816593036228 0.1664780229540729 0.1747816593036228 0.18505830254940134 0.16552117772047362 0.15260298566173833 0.15976709775647027 0.1533929977694741 0.17544452337072475 0.15961737689352445 0.1355815361366601 0.12253577034896797 0.09776923610938036
0.22369679321749247 0.21262557840366494 0.23529779394243114 0.2365270673790608 0.2608038327035026 0.2841720451226699 0.2837307475092006 0.26095740772997317 0.21621437622616846 0.20080888062863145 0.2115391400086728 0.21404317236952233 0.17228733279761405
0.16556028491008498 0.1730857524059979 0.1730857524059979 0.1729072214122211 0.14569287935358965 0.14569287935358965 0.14569287935358965 0.11363636363636363 0.10635890745287926 0.10635890745287926 0.1118033988749895 0.12403473458920847 0.12403473458920847
0.3652891031217944 0.3583495931668258 0.3583495931668258 0.3583495931668258 0.36355446197795993 0.36355446197795993 0.34948603602366735 0.2411820304864858 0.2411820304864858 0.2504448138399261 0.1995671535368656 0.21761900868417325 0.20306516721095885
0.21156517985602194 0.21156517985602194 0.21156517985602194 0.1985524538329278 0.1870372560576732 0.19667039757680582 0.20929266304249367 0.26352313834736496 0.20801257358446093 0.1637804455201046 0.1637804455201046 0.1637804455201046 0.16666666666666666
0.24810695183336842 0.25543929728472203 0.24810695183336842 0.23809090660144172 0.23285599333440649 0.2394588892577594 0.2519686625311112 0.302182187928199 0.18951821386032042 0.18798135225510879 0.16531460239356602 0.16671331904248834 0.17302292813793968
0.46504083237770283 0.475161600629515 0.4739094469774012 0.5 0.5 0.4881406047441658 0.46266888808304363 0.7999323076054013 0.6858856968833723 0.5955428450387231 0.6337385491955354 0.527147622004136 0.5422097530559672
0.45448837219032856 0.5065831676068898 0.5408553017099268 0.5980613662555592 0.583292420008647 0.5322067780597203 0.5265598682570318 0.21505376880998686 0.19378726855413217 0.15268827230335916 0.14624884065716212 0.11561986040891722 0.15603576633746066
0.14285714285714285 0.14285714285714285 0.1590909090909091 0.19047619047619047 0.18323313064314883 0.17510104899311874 0.17510104899311874 0.11891287353862351 0.11351915229662496 0.13622298275594996 0.14269544824634822 0.14834045293024462 0.12996881122750908
0.27460823932495954 0.2743249919681754 0.2743249919681754 0.24897330161692596 0.24037595062210954 0.24037595062210954 0.2512145030008985 0.13788540399963042 0.13511320473331348 0.13416407864998736 0.15873890205990956 0.13247257024844913 0.14032331302458828
0.16537964611894462 0.16537964611894462 0.16537964611894462 0.15886029415790753 0.15283214398017403 0.13900275738816908 0.14470719035407653 0.12403473458920847 0.06521739130434782 0.0651558364144604 0.0625 0.0625 0.0625
0.31027829938051626 0.349035996975239 0.34535986664534596 0.3597254197134741 0.34820264282880914 0.36261301595573076 0.3587938892251906 0.25759291615096386 0.15704758830075358 0.136335470787303 0.12403473458920847 0.1307440900921227 0.1307440900921227
0.16004609991611995 0.16004609991611995 0.18107149208503706 0.18107149208503706 0.18107149208503706 0.18015093964441797 0.18015093964441797 0.09002631923284136 0.09002631923284136 0.08574929257125441 0.09370694603676501 0.09805806756909201 0.10294903467565093
0.3472752247563754 0.3321763019408808 0.31805964897636835 0.3318627801136467 0.3318627801136467 0.3423632769303955 0.3423632769303955 0.14607595477733096 0.1315466496832935 0.1273859510596964 0.13869425276547137 0.14818724459095478 0.14818724459095478
0.14470719035407653 0.14470719035407653 0.14470719035407653 0.14470719035407653 0.14470719035407653 0.14470719035407653 0.14470719035407653 0.14470719035407653 0.09361029108991246 0.07186994682200863 0.06874516652539955 0.06868028197434452 0.06868028197434452
0.3193555609634796 0.3193555609634796 0.339465223936159 0.339465223936159 0.339465223936159 0.339465223936159 0.339465223936159 0.35419731276797595 0.16238586255274184 0.15240384276335656 0.1458909120741536 0.15629311594815606 0.15722542230946532
0.11056644552171162 0.11056644552171162 0.13313963109905763 0.13396098146272087 0.11056644552171162 0.11056644552171162 0.11124853987249621 0.11969397463728036 0.09175886398147584 0.08744746321952061 0.08433028740719097 0.08433028740719097 0.10400628679223045
0.23544852665116595 0.23631256084527205 0.2554866855664563 0.2460222719232793 0.26639013447520005 0.27585454811837706 0.27585454811837706 0.17374045011787662 0.13254270092150516 0.13254270092150516 0.13390681268239724 0.12056176743181066 0.1278086855164069
0.22621780797341154 0.2214872542011953 0.2357022603955158 0.2192645048267573 0.22360679774997896 0.24763027827182427 0.24763027827182427 0.19174124721184263 0.20801257358446096 0.16178159721845978 0.14705882352941177 0.15103052333254424 0.15474611514754325
0.21119117067941265 0.19997231381078306 0.20697375990463265 0.21858541225631423 0.23110308215910044 0.24810695183336842 0.22143336103009054 0.23074576450611947 0.18912286845618842 0.18133284319656917 0.1422588984322123 0.19727759718783275 0.19727759718783275
0.17391304347826086 0.15217391304347827 0.15217391304347827 0.1590909090909091 0.16070608663330627 0.1605403247669839 0.18304413303674952 0.17313975732225934 0.1162476387438193 0.11516335992621968 0.11516335992621968 0.11297239823409416 0.11297239823409416
0.32223262686248344 0.32249030993194194 0.32249030993194194 0.32249030993194194 0.30888957208266443 0.3279881757334119 0.32774584974855103 0.320988466826728 0.16923136720036794 0.19814119257819596 0.17658925273081874 0.1789122944669431 0.16194471593556864
