0.11564325507964071 0.11564325507964071 0.11564325507964071 0.11681732837899944 0.1131117507947817 0.10963225241337866 0.11287331223714761 0.11645567507825647 0.12182508393068534 0.12126781251816648 0.12126781251816648 0.13736056394868904 0.15259904156585974
0.24267032964268392 0.24253562503633297 0.23484225449291993 0.23147060808299988 0.23147060808299988 0.23573827590103077 0.24359621843106513 0.23573827590103077 0.23032435305291157 0.2297035538763216 0.21812902702516745 0.18940817110894329 0.1758931489422659
0.146076181461269 0.16760038078849773 0.15084034270964794 0.15084034270964794 0.15084034270964794 0.1568752496016342 0.1568752496016342 0.07142857142857142 0.07199254703973386 0.06565321642986127 0.07836847897662572 0.08831937506844406 0.08831937506844406
0.30200868517655316 0.29374045105739316 0.28324972066248627 0.28324972066248627 0.28324972066248627 0.28324972066248627 0.30200868517655316 0.17977096850440055 0.1714184132183828 0.14828344090420048 0.14837157371489637 0.1633126888793031 0.1633126888793031
0.14063251078692598 0.14172694371932168 0.14680505487867584 0.14172694371932168 0.14172694371932168 0.14496067409257773 0.14496067409257773 0.08963598959351042 0.08963598959351042 0.09864858652895678 0.09741176055739117 0.09741176055739117 0.08574929257125442
0.286826031219617 0.28010709053854005 0.27077018752058873 0.2757333957552922 0.2757333957552922 0.2811804999919633 0.286826031219617 0.15961737689352443 0.15961737689352443 0.12868764336229072 0.10878565864408424 0.14183914549681365 0.14183914549681365
0.10325582165612915 0.10325582165612915 0.10325582165612915 0.10325582165612915 0.10325582165612915 0.12126781251816648 0.11180339887498948 0.08593907360584258 0.1110349815296408 0.09252915127470066 0.07630149283086916 0.09233960689413973 0.09776923610938035
0.2100965114223618 0.2100965114223618 0.2100965114223618 0.2100965114223618 0.2255006693227768 0.2222463184574975 0.2222463184574975 0.16120647005479025 0.14227092333467894 0.14684158064832878 0.15245942257232575 0.14026929311576725 0.15496501246034566
0.12011832863715594 0.12403473458920844 0.11504474832710557 0.1309952797378954 0.14696133211186768 0.16369781158673133 0.15811388300841897 0.1414213562373095 0.07669649888473705 0.07940510210053552 0.08192319205190404 0.09233960689413973 0.11080752827296766
0.21452743966863305 0.24977474249379455 0.2704165504984447 0.2701043511826933 0.25469267382372146 0.2403440903098285 0.2565953713914722 0.24570888136028485 0.18314878863414452 0.1693213653696491 0.1693213653696491 0.16552964408508347 0.16762051893954102
0.11971303267014333 0.11971303267014333 0.11558998715564135 0.11155577199538681 0.11155577199538681 0.11565868849136844 0.11565868849136844 0.13122843675372578 0.11558998715564135 0.11558998715564135 0.12425550260950656 0.11971303267014333 0.11426865204755121
0.17737879017060368 0.1450689241123196 0.1703748109239964 0.157721867518158 0.146769595009497 0.14082558464515316 0.13695939030176976 0.15130495693009502 0.15130495693009502 0.15865241303525654 0.153528523931475 0.15432178365172589 0.14971412101877238
0.12304602782321897 0.12304602782321897 0.12277430273377529 0.12277430273377529 0.1223254006722849 0.1223254006722849 0.12170513024652535 0.12126781251816647 0.11504474832710555 0.12155804303901917 0.11990411504661473 0.125 0.1267242193812129
0.20260241098602183 0.2122592741332374 0.2021600439749831 0.2021600439749831 0.2021600439749831 0.2021600439749831 0.21261542356337268 0.18590031718489156 0.17752786162484072 0.1650934197980577 0.1702389976637823 0.15464591264769814 0.157781300640641
0.147702531243879 0.14728195398497143 0.14728195398497143 0.14728195398497143 0.14728195398497143 0.14418745018211812 0.1468050548786759 0.14353165610030186 0.21659909301545024 0.22641564642007456 0.18738292224896538 0.19007148031742638 0.19611613513818404
0.20254786564128208 0.1899446374144453 0.18248386613158954 0.18248386613158954 0.19401853540088404 0.19376564802304513 0.20181532767416158 0.20735385626464287 0.24712638326583905 0.2245844894980048 0.18010870371881418 0.16362645033835546 0.176190466790358
0.18236469157691945 0.18236469157691945 0.18236469157691945 0.18236469157691945 0.18236469157691945 0.18236469157691945 0.17432701528128314 0.17432701528128314 0.10552657229828181 0.08507824251632096 0.08633729460880142 0.10708823421952983 0.08744746321952061
0.22001204014246012 0.22001204014246012 0.22001204014246012 0.22001204014246012 0.22001204014246012 0.22001204014246012 0.2062610136479124 0.2062610136479124 0.18157469480184468 0.17315828754226723 0.17315828754226723 0.142335235577393 0.12456821978060996
0.14097096860865022 0.14041398907543262 0.14041398907543262 0.12126781251816647 0.12126781251816647 0.12155804303901917 0.12126781251816647 0.06888051645745157 0.07876788407748297 0.07876788407748297 0.07669649888473704 0.09968152785361249 0.09968152785361249
0.20431842402519715 0.204020076203804 0.21961464774259912 0.2045723154490044 0.20494847732142393 0.18994286553222495 0.18122690286289983 0.12051832185483193 0.102704627669473 0.09337399455121645 0.08064516129032258 0.09628558844013094 0.09628558844013094
0.13810200921222546 0.13810200921222546 0.1322339680499613 0.12155804303901917 0.12661435874558064 0.12661435874558064 0.12661435874558064 0.10407636178045333 0.06868028197434452 0.07830756969602692 0.07511565157216644 0.07205340582328378 0.08838834764831843
0.1487795742756393 0.14931244863397414 0.14737941739170352 0.1668230106370012 0.18233499054253957 0.18079357711344768 0.1811409234031431 0.18927776385521683 0.22936450042881457 0.2231349157240365 0.23352069798416872 0.24473531044426272 0.2434333139509712
0.11074362710059765 0.11084825029549532 0.11576727454540037 0.11576727454540037 0.11576727454540037 0.12126781251816647 0.12085835334404364 0.11576727454540037 0.12188747834395942 0.13238494323704753 0.158999682000954 0.15636456680019054 0.15811388300841897
0.21685712738909713 0.2073468383399087 0.22451150229268985 0.2491671975873337 0.2561957343226329 0.23794911399896304 0.23063147364947342 0.36514807486005496 0.3800309198635609 0.3720662150030597 0.3815883630001875 0.3848360441716135 0.3803237375392372
0.07071067811865475 0.08770580193070293 0.11066445509567027 0.11533755803543778 0.10983272715093156 0.10983272715093156 0.10983272715093156 0.09121111529894008 0.07844645405527362 0.0755389574600498 0.07495316889958614 0.059246437915002316 0.062017367294604234
0.31052052705674427 0.30900619413859215 0.2877787045054592 0.28890690162337185 0.26594639061093467 0.23685582179996442 0.19409443755273154 0.21032997058913427 0.29931886867145185 0.2895187994351273 0.26770124117475713 0.2914340494228335 0.2909581245522017
0.16070608663330627 0.16528638065148013 0.16528638065148013 0.16528638065148013 0.16528638065148013 0.16477754502438216 0.14359163172354764 0.21739130434782608 0.2457180467335805 0.2457180467335805 0.23022136341488356 0.2393788445901653 0.2393788445901653
0.3069563848859024 0.3051980831317195 0.3051980831317195 0.3051980831317195 0.3051980831317195 0.2833075885104731 0.2833075885104731 0.4022748702477615 0.46739322421044754 0.467236158970812 0.4493682729468232 0.4041538437681991 0.4041538437681991
0.06076810171558113 0.06076810171558113 0.06076810171558113 0.06076810171558113 0.06588078458684124 0.0632455532033676 0.060813031926314993 0.06672371987921948 0.12890861040876386 0.11205084307041928 0.07923191097276314 0.07387168551531177 0.07686624420240878
0.12922357655548822 0.13504052238929148 0.13899779912373691 0.13899779912373691 0.13899779912373691 0.11710655906427013 0.134256417578521 0.13998190702591848 0.3985377250578439 0.3898537229126128 0.34513424498131673 0.34615384615384615 0.3328079419497572
0.18817748237374538 0.18817748237374538 0.1875 0.1883271834539073 0.17149858514250885 0.18081014266989476 0.1909991798288123 0.18825677418573794 0.15781069215799978 0.16413304107465318 0.11517511068997927 0.12649110640673517 0.15544635336100424
0.31078827528730585 0.27380204436343214 0.2551547013311886 0.23185412322843277 0.23204537207476306 0.23204537207476306 0.254480453838932 0.23997738451330436 0.2475115150440168 0.2475115150440168 0.20352118879700087 0.1968631796212396 0.20604050036142493
0.13256298237849895 0.13256298237849895 0.13256298237849895 0.13256298237849895 0.13256298237849895 0.13256298237849895 0.1374829778077122 0.1194375788241625 0.09629365453131229 0.09554691770615138 0.09916443655136996 0.09916443655136996 0.09916443655136996
0.21958430303807785 0.21958430303807785 0.21958430303807785 0.21958430303807785 0.22690377980601378 0.23803617271322425 0.23803617271322425 0.22079738749768443 0.18636303406485008 0.18333333333333332 0.16666666666666666 0.13603796100280632 0.13538509376029437
0.06738396167188666 0.06961369214852492 0.08609082737854781 0.08441900168164679 0.08441900168164679 0.08441900168164679 0.08609082737854781 0.08609082737854781 0.03799234151584781 0.036760731104690386 0.05401067356374851 0.07071067811865475 0.0732078868951768
0.2702267219776228 0.2702267219776228 0.256221382406276 0.2546344833280971 0.2546344833280971 0.2546344833280971 0.24678447724008845 0.2142728953369265 0.18467921378827945 0.18642664097986986 0.16871543596953284 0.1681827051290899 0.1532800354741256
0.0891578689526865 0.08219949365267865 0.08560132129176834 0.10165561113406256 0.10325582165612915 0.10736029114373435 0.11180339887498948 0.1316473415239719 0.08937125067539531 0.07923191097276314 0.08944271909999159 0.08944271909999159 0.10407636178045333
0.25139417060182556 0.2611554681442452 0.2701503119603554 0.27978645830294185 0.2861447821302479 0.2863490140667786 0.3014170767748061 0.281121284867752 0.23996167806844187 0.23996167806844187 0.23077600469827278 0.20970191011019007 0.2250775648060768
0.1157883416544666 0.11515437647443907 0.11435437497937312 0.11435437497937312 0.12452633402966772 0.11435437497937312 0.11515437647443907 0.11914522061843064 0.1390793503487511 0.11620520485346814 0.09968152785361249 0.12559008982583209 0.15230192477004287
0.25618837614473133 0.2728924176169202 0.27851356250975173 0.29518058615230386 0.29906388168756437 0.30001118808815563 0.2962723380037617 0.22282020427250032 0.19630341781826866 0.2031471351671074 0.1786613025964871 0.19796331671358333 0.21396334043096335
0.14569287935358965 0.12664018260037613 0.1374903330507991 0.1267242193812129 0.1267242193812129 0.1267242193812129 0.1322339680499613 0.13043478260869565 0.06148754619013457 0.06582367076198595 0.06565321642986129 0.0651558364144604 0.08687444855261388
0.2447806819621564 0.236761378060341 0.23121877312666117 0.23581986158627072 0.22810592720731857 0.22705098558558123 0.22705098558558123 0.22218987357100375 0.17968415629902396 0.19812510834801755 0.20377876817849122 0.20639138666121945 0.19513258063571262
0.08853156407653621 0.08219949365267865 0.08900401574236157 0.08900401574236157 0.10302042296151677 0.09233404967936028 0.09233404967936028 0.10139448963125534 0.0956996125466773 0.09220541326459156 0.0956996125466773 0.05892556509887895 0.08333333333333333
0.1368371910602078 0.15304274104127563 0.15304274104127563 0.15202829931775416 0.13062381675883616 0.14454850251032597 0.1405161393091647 0.1220094556160232 0.1340877550213901 0.1340877550213901 0.1454039950990065 0.11184532692294294 0.15886103123691772
0.0708169833825631 0.07121091148698563 0.0708169833825631 0.0708169833825631 0.0708169833825631 0.07917579440244205 0.08527494031858959 0.0767868896042439 0.0955394632947723 0.0771884401368048 0.07871707249627125 0.081566043469618 0.08291976585083242
0.22178522601380055 0.22178522601380055 0.2340468656865367 0.21724691487288234 0.2102463559465494 0.20340540421875214 0.2071170929976171 0.2318596662257231 0.22984650118328703 0.22215259621336556 0.19108411851099838 0.20334378882242432 0.21276120421386163
0.10385953028228491 0.11948493522696865 0.11948493522696865 0.11948493522696865 0.12991913212348574 0.12991913212348574 0.14725377234348788 0.14725377234348788 0.12876968840942818 0.11426865204755121 0.11013708510212579 0.10075854437197569 0.10768556115773084
0.21721941546714868 0.21000256284423263 0.19702527450758703 0.21676990711618285 0.21676990711618285 0.2239675284302392 0.22361912138222403 0.22361912138222403 0.21221323700647451 0.23033902134223533 0.21665865168348517 0.21644178636486985 0.2172737838457209
0.16007810593582122 0.16007810593582122 0.16007810593582122 0.16007810593582122 0.16007810593582122 0.16007810593582122 0.16007810593582122 0.1414213562373095 0.056147886156098836 0.056147886156098836 0.056147886156098836 0.05820252464746486 0.054034322695829924
0.34035566970902065 0.341854569497884 0.341854569497884 0.33019350035014816 0.33019350035014816 0.33019350035014816 0.33019350035014816 0.31316150612778426 0.11254732104810782 0.09714468314094452 0.09714468314094452 0.11560227004445305 0.13183147659058161
0.10736029114373435 0.12608826746517235 0.12608826746517235 0.12608826746517235 0.12608826746517235 0.12608826746517235 0.12608826746517235 0.12608826746517235 0.10761723676327273 0.12137285178646788 0.10416666666666667 0.10407636178045333 0.10380684981717496
0.19425717247145285 0.20378808470001045 0.19135715572203554 0.20378808470001045 0.20378808470001045 0.21331899692856807 0.21331899692856807 0.22677782710143998 0.18874258867227933 0.1604634249042298 0.17299000124382888 0.18863781897857101 0.19502841317016337
0.10380684981717496 0.10380684981717496 0.10336227882434039 0.09145661412745386 0.08770580193070292 0.08770580193070292 0.08770580193070292 0.07453559924999299 0.04622501635210243 0.04622501635210243 0.04622501635210243 0.04622501635210243 0.04622501635210243
0.19502841317016337 0.19502841317016337 0.19502841317016337 0.19502841317016337 0.19502841317016337 0.19502841317016337 0.19502841317016337 0.19502841317016337 0.20897361444886942 0.21757989950390005 0.21757989950390005 0.17610802379897023 0.16291441656722105
0.06888051645745157 0.06853124682878252 0.06808989610432564 0.05376033305704704 0.05585807734779456 0.06853124682878252 0.06853124682878252 0.06604858898858135 0.07641607199008701 0.07876788407748297 0.08219949365267865 0.08326108942436267 0.07974522228289
0.15129492894406 0.15129492894406 0.15327947127903094 0.14645390095825983 0.1488964057416419 0.156207635394394 0.1575838412038598 0.15861984357099226 0.19112390613069605 0.16233999815711223 0.15652462247119722 0.14579776552559082 0.12461599581694084
0.05643326479831003 0.05643326479831003 0.058400695206013625 0.05820252464746486 0.06010587960429313 0.06449599814746858 0.04560555764947004 0.10983272715093156 0.14818724459095478 0.14818724459095478 0.14818724459095478 0.14818724459095478 0.15929336470780395
0.16307395173048186 0.16307395173048186 0.16891598005526937 0.16503012867128677 0.16847044693281657 0.18815301132277953 0.17909108677851096 0.10782048026683169 0.13189464691139838 0.1442900470858132 0.11382147626545785 0.10458613484282324 0.11178986397675605
0.19747101228595781 0.19747101228595781 0.1895850521870845 0.19681976315738484 0.19681976315738484 0.19681976315738484 0.19634983865920141 0.25993762245501817 0.31142054945152486 0.3434014098717226 0.3403129700652838 0.32576440717118227 0.298231969601362
0.12846793115291852 0.13544520977529245 0.13515390593528348 0.1322403947940911 0.13761185642261464 0.14168007767418467 0.1553470956008751 0.20452898719638274 0.316596247967006 0.33423813271887776 0.33754288701553525 0.37600805539626114 0.34461127134868486
0.1463489688363681 0.15231546211727817 0.14560219778561037 0.1679637030895531 0.17510104899311874 0.18248063000732118 0.19002923751652298 0.2737613840643235 0.282610525231375 0.18417907884855395 0.22022715545545238 0.22547411031752643 0.22246302146282051
0.18239228175300995 0.18239228175300995 0.18807019727068575 0.19848649112605388 0.17206506000858468 0.1612645295000289 0.15317279063100797 0.17506732691914978 0.17546597177041784 0.14485519236751418 0.14526546482441002 0.14905539381533525 0.14485519236751418
0.1650868521812162 0.1650868521812162 0.1650868521812162 0.15670978520180567 0.13602134043653452 0.13602134043653452 0.15021044203152742 0.1596269689957472 0.1682812647646685 0.14421743613444024 0.129215908086145 0.13297266215338088 0.13297266215338088
0.21628882017146567 0.2071170929976171 0.21230803359647402 0.21230803359647402 0.21230803359647402 0.21230803359647402 0.21230803359647402 0.18709441873336427 0.1981511750122512 0.1981511750122512 0.16894465556263605 0.152542553961938 0.16641005886756874
0.11316968255314816 0.11316968255314816 0.11316968255314816 0.11259433727776125 0.11259433727776125 0.11316968255314816 0.12803687993289598 0.14314958357846705 0.12226386877670534 0.12226386877670534 0.12226386877670534 0.11706880015509791 0.12226386877670534
0.16659862556700858 0.16659862556700858 0.16659862556700858 0.16494289267617357 0.17784365793579227 0.17363563891311992 0.1642493124408365 0.15453395107277268 0.18902275695844087 0.1971805749094311 0.17514442424334373 0.15369026375685096 0.14927718036898838
0.1431782106327635 0.1431782106327635 0.16124515496597097 0.16238586255274184 0.16238586255274184 0.1441911060041844 0.1441911060041844 0.12803687993289598 0.1012220412723645 0.10635890745287926 0.10635890745287926 0.10635890745287926 0.10635890745287926
0.1712893344047369 0.185868946501418 0.19293556121719535 0.18966239697665765 0.2004641945172169 0.2004641945172169 0.19084657134227861 0.2529746000831794 0.3065185941794519 0.27373820785162833 0.22464560170836573 0.22464560170836573 0.22493665637809734
0.11904761904761904 0.125 0.13157894736842105 0.11164843913471802 0.1386750490563073 0.16609095970747995 0.16609095970747995 0.15811388300841897 0.1278520779891897 0.1386750490563073 0.14617633655117154 0.1178511301977579 0.11180339887498948
0.24061859872676047 0.24813792993697173 0.23259901614035497 0.226699760292539 0.23412638486569898 0.23412638486569898 0.23412638486569898 0.2687280506095571 0.26862502114198916 0.25166346054906197 0.25166346054906197 0.24131682211792269 0.2754654478027501
0.14314958357846708 0.14108316199577509 0.14108316199577509 0.1460257833800754 0.13130643285972254 0.13130643285972254 0.13130643285972254 0.10717502734539651 0.18569533817705186 0.19300073488881272 0.19300073488881272 0.19300073488881272 0.19300073488881272
0.2508070979935116 0.2722197876876774 0.29485111207530723 0.28713930346059685 0.28713930346059685 0.30136052340440217 0.30123759436669334 0.3379411612504223 0.5189456716755025 0.49984813296638075 0.5012213842470266 0.4303114033101232 0.3691525156880298
0.13743685418725535 0.13743685418725535 0.1319773949844641 0.11774896188189277 0.1130466837888443 0.10878565864408424 0.10468478451804275 0.08922882628103121 0.0827605888602368 0.0827605888602368 0.06672371987921948 0.07630149283086916 0.06913328984437152
0.25432358650145365 0.25432358650145365 0.25432358650145365 0.22325818286749693 0.21654909662700142 0.22325818286749693 0.23867791138684535 0.25087575784308835 0.21943227361937365 0.22054054569561543 0.20542831677801945 0.18286379132138444 0.17525182346843443
0.1358036190637778 0.1358036190637778 0.1358036190637778 0.1358036190637778 0.1358036190637778 0.1358036190637778 0.1358036190637778 0.1358036190637778 0.1012220412723645 0.1012220412723645 0.10635890745287926 0.1118033988749895 0.1346291201783626
0.24884585174851973 0.26059143036238636 0.26059143036238636 0.26059143036238636 0.26059143036238636 0.26059143036238636 0.26059143036238636 0.2507181346889673 0.2237497268601935 0.20727225348191225 0.2218774439197459 0.2290084401588235 0.2290084401588235
0.20495901229590144 0.21463321208596092 0.21463321208596092 0.21536037355497312 0.21536037355497312 0.2156044080508909 0.21536037355497312 0.21536037355497312 0.11576727454540037 0.12226386877670534 0.1201850425154663 0.13060943124220303 0.125
0.21305465102340782 0.21426703671302086 0.21426703671302086 0.21362620243995953 0.2084779575171129 0.2084779575171129 0.20751379109981635 0.21360372948880815 0.276041744747466 0.276041744747466 0.23251585941176875 0.21190292335303626 0.19639151559732174
0.09950371902099892 0.09950371902099892 0.09950371902099892 0.09950371902099892 0.09950371902099892 0.09950371902099892 0.10087624894770907 0.09950371902099892 0.08314876315471742 0.0804778474974563 0.08219949365267863 0.08060323502739512 0.09672388203287414
0.2511009804759127 0.2687000738164234 0.2511009804759127 0.2511009804759127 0.2511009804759127 0.2511009804759127 0.2518963609299392 0.2611758488277851 0.2800547540091422 0.26039679243213437 0.20539657111481627 0.17531471622577413 0.1798561725699221
0.1028991510855053 0.10389160494282618 0.10335034253712183 0.10335034253712183 0.10335034253712183 0.10335034253712183 0.10335034253712183 0.07005441632840262 0.036544084137792886 0.036544084137792886 0.0533912646223177 0.04972110101636284 0.06565321642986127
0.2087152757376871 0.2345803538913041 0.2018281582822365 0.2018281582822365 0.2018281582822365 0.2181425064027577 0.2345325149100973 0.21278374567972927 0.134256417578521 0.13018480657389728 0.12107219623035026 0.12000261247499783 0.12000261247499783
0.09805806756909201 0.09805806756909201 0.09805806756909201 0.11507929111375009 0.11507929111375009 0.11440107883060735 0.11938649710018201 0.06087540783733164 0.07550665054113251 0.07495316889958614 0.11092755279364777 0.10540925533894599 0.11011600678407898
0.29501333761241344 0.31216668376926887 0.31216668376926887 0.31216668376926887 0.31216668376926887 0.29501333761241344 0.28513568337227296 0.16138226483974777 0.07449422505904478 0.07437051466359121 0.07025075296449837 0.08683470613466486 0.0962883263857315
0.05758167996310984 0.05758167996310984 0.05758167996310984 0.05758167996310984 0.05758167996310984 0.05758167996310984 0.06565321642986127 0.07283570407292297 0.057928444636349226 0.05820252464746486 0.0604122093330177 0.06304413373258617 0.06304413373258617
0.15649452666653685 0.15649452666653685 0.15649452666653685 0.15649452666653685 0.15649452666653685 0.14955518285316743 0.16260168760907334 0.15692218726762952 0.1529392914380811 0.1506697406129041 0.15607296914328322 0.1350852371490471 0.1350852371490471
0.10087624894770907 0.10087624894770907 0.10087624894770907 0.10087624894770907 0.11726625745504865 0.11726625745504865 0.11726625745504865 0.12073300147749404 0.08615568959944721 0.06662966046527696 0.06896551724137931 0.06896551724137931 0.07362688617174394
0.28095743189905553 0.3051358328800214 0.3051358328800214 0.3051358328800214 0.3041034666642775 0.30390970846259724 0.30390970846259724 0.30390970846259724 0.23363465675799888 0.2262235015895634 0.17886845065575596 0.16154812948849098 0.1483816537614669
0.13176156917368245 0.14886961463697743 0.13254270092150516 0.13254270092150516 0.11556254088025607 0.11197148225559733 0.11259433727776125 0.11259433727776125 0.079982086018873 0.06392603899459486 0.057883637272700184 0.057883637272700184 0.05979429350492884
0.2530709814608706 0.2701503119603554 0.27031087679590443 0.2811804999919633 0.25667301432786943 0.25682556888180047 0.2643664527807732 0.2643664527807732 0.16987296944825445 0.1379882874802976 0.12599512865067514 0.13990730723974876 0.16347301422347807
0.11893484155535235 0.11893484155535235 0.11893484155535235 0.11893484155535235 0.12305344693856025 0.12305344693856025 0.12430275254090709 0.06338221607993803 0.06604858898858135 0.06888051645745157 0.06888051645745157 0.06063390625908324 0.06319501739569483
0.2480485011833674 0.2480485011833674 0.2480485011833674 0.24682838836580878 0.23861006432752874 0.23861006432752874 0.24682838836580878 0.19513497460614046 0.18208481183098013 0.21160026717359084 0.17954630514150904 0.1727027217742267 0.1775156450679053
0.15886029415790753 0.15886029415790753 0.15886029415790753 0.15886029415790753 0.15886029415790753 0.15886029415790753 0.1395541389950575 0.1395541389950575 0.08231079972079915 0.07614519053051017 0.09798561978116765 0.08937125067539531 0.10761723676327273
0.34148715757241765 0.34148715757241765 0.34148715757241765 0.34148715757241765 0.34148715757241765 0.34148715757241765 0.36000567609093614 0.3195035177430028 0.3069729135934729 0.2555641866063366 0.25667301432786943 0.22066623370678462 0.24368508941428968
0.20589806935130187 0.2261021771538605 0.2261021771538605 0.23651474905243652 0.2379702381688594 0.2261021771538605 0.23020103975273848 0.1674958591813325 0.15953836117931888 0.16827036912977825 0.17759071354792608 0.17460757394239454 0.16098022905419615
0.2561737618886061 0.24624215210952957 0.2454517341668402 0.2454517341668402 0.25425891278902707 0.24669873561890948 0.24289544342838693 0.22962003054829497 0.2646635820699203 0.2693140431660718 0.2694487195403191 0.25527774506884315 0.23895510997307687
0.15914137718959642 0.1600266205035177 0.1600266205035177 0.1600266205035177 0.16602861856742082 0.1723539449880425 0.1723539449880425 0.1723539449880425 0.06422122298923856 0.04865042554105199 0.0485071250072666 0.06422122298923856 0.06658703748260177
0.34006886334321373 0.3561287929248596 0.3561287929248596 0.3561287929248596 0.3400969628983747 0.3400969628983747 0.3294794686880533 0.3400969628983747 0.14947633551507739 0.1449509700433421 0.13545709229571928 0.1392359068605881 0.16487159684717761
0.0992876838486922 0.10336227882434039 0.10778265338980672 0.10778265338980672 0.13767686092000675 0.14417529904228596 0.15187933259934655 0.1498128508316767 0.09488292830168392 0.10606601717798211 0.11164843913471802 0.09488292830168392 0.10593368273196728
0.2129647442674138 0.20644501112776403 0.17949697100527628 0.16410533174008032 0.1614674886286724 0.15346954855290848 0.16560562740057705 0.17889732494079022 0.19782218957629133 0.19755051786709524 0.2143622775104739 0.2144606765413667 0.22552350086934206
0.1598514503776719 0.1598514503776719 0.1598514503776719 0.1598514503776719 0.1598514503776719 0.1598514503776719 0.16870547845739467 0.16870547845739467 0.14171486334564484 0.14171486334564484 0.14958791130929178 0.1789047803028888 0.16870547845739467
0.2907534561348072 0.2907534561348072 0.280220430969774 0.27215506499660064 0.27215506499660064 0.2622957973321388 0.280220430969774 0.30754211544560256 0.3035408352072262 0.29312433787054976 0.2997493739574217 0.28980269774693523 0.29028476522359525
0.17589938618257298 0.21099892877738854 0.21099892877738854 0.21187142979276594 0.21216467758680393 0.21187142979276594 0.1858235365617916 0.18395591592967286 0.13139708280690918 0.14577379737113252 0.11891287353862351 0.10828702045605249 0.10828702045605249
0.2489003555470236 0.23402699357877452 0.2417968805576272 0.2417968805576272 0.24244928227911394 0.24710578750664838 0.2557552052573462 0.25391486743156066 0.27343151803186444 0.2781956575785295 0.25570184570731547 0.26894206318077923 0.2440569625100317
0.1441911060041844 0.1273859510596964 0.12115650656307654 0.13713985361499145 0.13713985361499145 0.1431782106327635 0.1431782106327635 0.22360679774997896 0.27641611380427905 0.26352313834736496 0.27641362915388684 0.19338443831809876 0.18417907884855395
0.2306910398183916 0.22664774714412714 0.22517724939399916 0.2196401641899316 0.22478946142228004 0.23174828621027171 0.24412027920087637 0.31477768253370764 0.27832108862178606 0.2511144954694097 0.2755684680101985 0.2141771435801694 0.23177669191418016
0.15385725666100944 0.1537170717791599 0.1537170717791599 0.1537170717791599 0.15909902576697318 0.13592553320611697 0.13254270092150516 0.08219949365267865 0.08382736442849092 0.08382736442849092 0.10194414990458772 0.10194414990458772 0.10389160494282618
0.3111148315119679 0.29405836445064515 0.29405836445064515 0.29513177390406836 0.2979621069929558 0.2863148533382083 0.2932160285913398 0.18041566181732263 0.14032331302458828 0.12873944629292247 0.12873944629292247 0.13455338937762273 0.13455338937762273
0.09741176055739117 0.09691781871160239 0.09691781871160239 0.09741176055739117 0.09776923610938035 0.10189890373046046 0.10189890373046046 0.10189890373046046 0.06319501739569483 0.044685625337697654 0.028261670947211076 0.039968038348871575 0.04163054471218133
0.19048957103786562 0.1803006839583521 0.1636832353546131 0.17624019130450272 0.1596227427007637 0.166986184096149 0.1664943238698582 0.1664943238698582 0.20134014146858265 0.1533929977694741 0.1533929977694741 0.14801998181382692 0.1349930056061822
0.10336227882434039 0.1323683025552852 0.15617376188860604 0.15617376188860604 0.15617376188860604 0.18630403443237242 0.14907119849998599 0.12054009511326318 0.04440280208283674 0.04271788288583805 0.0199363055707225 0.0199363055707225 0.0
0.1686921624201906 0.15607165017140523 0.1537582111643458 0.15042960032336325 0.15607165017140523 0.1537582111643458 0.15042960032336325 0.16294805568468382 0.19643776109712943 0.20287312576172647 0.2262696457322859 0.21836641020167133 0.22574662447429522
0.07288689868556625 0.07288689868556625 0.05590169943749474 0.03952847075210474 0.03970255105026776 0.050379272185987846 0.06434382168114536 0.06434382168114536 0.07357997512131614 0.07357997512131614 0.09798561978116765 0.10165561113406256 0.10540925533894598
0.1998387901771364 0.21006185047579082 0.22128347370344534 0.22803782351724527 0.22803782351724527 0.23670710143523843 0.23834010350692372 0.2382307480969428 0.2499617588372743 0.24961848319968064 0.2640058399951788 0.24814698114831008 0.22917751445381265
0.1414213562373095 0.14583333333333334 0.1398881342210505 0.1398881342210505 0.1398881342210505 0.1398881342210505 0.11504474832710555 0.09911532796940332 0.07808688094430304 0.0637377439199098 0.06636108828176629 0.06658703748260177 0.06928629620603036
0.2279807257458615 0.2314036983527395 0.2314036983527395 0.2314036983527395 0.22439146506932314 0.23551666329741888 0.24121879404036217 0.21788200149648365 0.2067085205906725 0.20792509054014277 0.17743897274548978 0.20679790806321396 0.1679951644768129
0.06422122298923856 0.06434382168114536 0.0757131697687603 0.06434382168114536 0.06676946806414795 0.0827605888602368 0.09082252454356796 0.07980868844676221 0.06201736729460422 0.052342392259021375 0.0565685424949238 0.0632455532033676 0.04658474953124562
0.15382595437266344 0.15715225840381986 0.16298621298233312 0.17551424408647476 0.1816774916406047 0.15645947191963008 0.1662936505048068 0.19840568264068162 0.21614738377566942 0.2163981113490653 0.19148867488414578 0.17562678254820205 0.15244735191948908
0.13372812598265227 0.13372812598265227 0.1350858067395748 0.1350858067395748 0.1350858067395748 0.1350858067395748 0.1350858067395748 0.1350858067395748 0.0637377439199098 0.03952847075210474 0.035355339059327376 0.035355339059327376 0.035355339059327376
0.23684730480579144 0.23684730480579144 0.23738842341105273 0.26172534779294115 0.26172534779294115 0.26172534779294115 0.26172534779294115 0.26136591707019396 0.21143262080362027 0.19045032843329998 0.19045032843329998 0.19086034037919897 0.1974047201667578
0.13592553320611697 0.13592553320611697 0.13592553320611697 0.13592553320611697 0.13592553320611697 0.13592553320611697 0.13592553320611697 0.13216372009101796 0.08423817346663941 0.08423817346663941 0.08423817346663941 0.07042130260068087 0.07288689868556625
0.2556197687647307 0.2468477607457046 0.23799925893254267 0.2303942728930675 0.2303942728930675 0.2303942728930675 0.2303942728930675 0.2303942728930675 0.20922834030602266 0.21212478882020527 0.21212478882020527 0.18600755413675524 0.1969144226491502
0.13968605915391563 0.13968605915391563 0.13968605915391563 0.13507040269063486 0.13968605915391563 0.14077312659286823 0.14077312659286823 0.10620964082830733 0.09402905622537187 0.09402905622537187 0.0973505222533836 0.08380019039424887 0.08380019039424887
0.236761378060341 0.22048573237310526 0.2058778896676205 0.2058778896676205 0.2076152919774675 0.19737544774390461 0.19737544774390461 0.20499162771443058 0.16231244401742836 0.15265699802955385 0.15265699802955385 0.15123765100472586 0.16380477227215878
0.09284766908852592 0.09284766908852592 0.11487138500394552 0.1386750490563073 0.14848093823216107 0.14960533665867926 0.14848093823216107 0.14714050019415328 0.080185111101501 0.07940804733901877 0.08084520834544433 0.08944271909999159 0.08944271909999159
0.16986318960195607 0.17661444037920207 0.19078517545587767 0.19506894855617382 0.18920697126200722 0.18920697126200722 0.2161386579106874 0.2161386579106874 0.16380477227215878 0.18239228175300995 0.17596985997928544 0.19730011566174616 0.22389650652759996
0.08830722018960102 0.08830722018960102 0.08830722018960102 0.08830722018960102 0.08830722018960102 0.06772854614785964 0.06772854614785964 0.0681677353936515 0.061649620239508984 0.0681677353936515 0.04503773491110449 0.045267873021259265 0.048201867954981194
0.23055927726709496 0.23045961904879425 0.21271152518272568 0.21271152518272568 0.20680749236530518 0.22596655377712843 0.239430048668233 0.24339328990696213 0.2358020630214405 0.21479219128527485 0.20720995483418486 0.1714945621399978 0.13584650961600758
0.07520710469952335 0.06704015231539909 0.05061102063618225 0.05061102063618225 0.07134772412317411 0.09513029883089881 0.09987523388778446 0.07905694150420949 0.07905694150420949 0.07529232524210427 0.07529232524210427 0.07490642541583835 0.07490642541583835
0.19239902050986157 0.18313632628861873 0.16291290663022628 0.16291290663022628 0.17871332780682475 0.17871332780682475 0.17871332780682475 0.15556784782176378 0.15710827308396252 0.14192619076279653 0.15245942257232575 0.16426926020618876 0.15399931458457117
0.08969144025739326 0.10553963170954377 0.10090091909944686 0.10090091909944686 0.08185982487053739 0.06421612990679357 0.06421612990679357 0.10635890745287926 0.10635890745287926 0.09805806756909201 0.09361029108991246 0.09361029108991246 0.10153461651336192
0.18518361714141543 0.19004800046719864 0.21658725787796437 0.19565191694601577 0.19017527356855288 0.17706745696514917 0.19004800046719864 0.18777196046224467 0.1834013433334513 0.17550042697283053 0.19142465672633407 0.17600492820698566 0.17600492820698566
0.09099590527639176 0.07630149283086916 0.06672371987921948 0.06928629620603036 0.06928629620603036 0.06928629620603036 0.06913328984437152 0.06913328984437152 0.06063390625908324 0.06063390625908324 0.04287464628562721 0.03834824944236852 0.039968038348871575
0.1682235603057234 0.1682235603057234 0.1682235603057234 0.16120647005479025 0.1733916441701893 0.18684494867230514 0.18684494867230514 0.19284761043305462 0.13355077514033858 0.13307148345022504 0.1586612861979247 0.16190234602169362 0.15966876226407684
0.10850277962151739 0.1145307118227128 0.11435437497937312 0.13344743975843895 0.1260651440244182 0.13344743975843895 0.1415189892183811 0.14755260679422702 0.1559625734730109 0.1545078607873814 0.1545078607873814 0.1545078607873814 0.1545078607873814
0.2365003892360986 0.2357022603955158 0.2469251819518571 0.2610205182088991 0.29131175645232243 0.2960217322754893 0.2960217322754893 0.3211161351381841 0.3384312495764431 0.3282611209355834 0.3086837294150946 0.2987797109857438 0.29643249610208827
0.17237492495748435 0.17237492495748435 0.17237492495748435 0.17237492495748435 0.17237492495748435 0.1866442219137 0.16393982965856313 0.1012220412723645 0.12226386877670534 0.12226386877670534 0.12226386877670534 0.13810200921222546 0.12140522651411392
0.24095737395563663 0.2241264112312848 0.2241264112312848 0.2241264112312848 0.22922825677473443 0.224242991947221 0.23994191462556883 0.1733916441701893 0.16831699189321309 0.1442370053920163 0.1442370053920163 0.14998965979967813 0.1737084164499256
