0.1482959920052234 0.1482959920052234 0.1482959920052234 0.1482959920052234 0.1482959920052234 0.1482959920052234 0.1482959920052234 0.1482959920052234 0.1482959920052234 0.1482959920052234 0.1482959920052234 0.1433826089065556 0.1433826089065556
0.17707212602354985 0.1899000394113905 0.20364477822503885 0.20364477822503885 0.20336511028137816 0.20336511028137816 0.20336511028137816 0.20336511028137816 0.20336511028137816 0.20336511028137816 0.20336511028137816 0.18963924729098278 0.18963924729098278
0.15259904156585974 0.1482959920052234 0.13588498920210587 0.14008295367013143 0.1392655009388382 0.1392655009388382 0.1355815361366601 0.1474693591764431 0.1474693591764431 0.15152288168283162 0.15230192477004287 0.15230192477004287 0.1481872445909548
0.1974047201667578 0.2123591196256307 0.2123591196256307 0.20585385971750222 0.20543639049911241 0.20543639049911241 0.182705515189132 0.1721629725607778 0.18601161858081178 0.19171201582299158 0.19171201582299158 0.2049162173746028 0.19427308117829367
0.15664798308317554 0.15664798308317554 0.13662396342717603 0.13662396342717603 0.13662396342717603 0.14063348739819323 0.15894072616165167 0.17223621686980564 0.19436796203416445 0.18746068770268143 0.17909626377485716 0.1534781924429512 0.16611544065089648
0.21418335915839062 0.2242002202814618 0.22324261705591877 0.21664456120656053 0.22342258409565424 0.22447856894403123 0.22447856894403123 0.23933755274820243 0.22810596871420077 0.23219153180180635 0.21879023629517422 0.2059973047280294 0.20472904524020588
0.15811388300841897 0.17128343189615972 0.1767766952966369 0.16826159933854729 0.15101330108226502 0.1793371230769799 0.17776704867749146 0.17275851822117924 0.16443317655129316 0.16443317655129316 0.16443317655129316 0.14421743613444024 0.125
0.20502023690478585 0.20009429357962033 0.20009429357962033 0.20009429357962033 0.20272984722427898 0.2200932322492481 0.2102987037169407 0.19164185683899426 0.2147389225968333 0.2147389225968333 0.21400616205126474 0.19177831746345933 0.1860522963776656
0.13151918984428582 0.13151918984428582 0.1273859510596964 0.1273859510596964 0.1273859510596964 0.12766713237975627 0.13176156917368245 0.13176156917368245 0.14697512029335996 0.14697512029335996 0.136121550082297 0.136121550082297 0.136121550082297
0.29450754468697576 0.3054152315272341 0.3054152315272341 0.3234399205283001 0.3234399205283001 0.3545978637420341 0.3741275487559605 0.3741275487559605 0.3741275487559605 0.3741275487559605 0.3493041609094624 0.3493041609094624 0.3493041609094624
0.08500255011475574 0.08500255011475574 0.0844551219150681 0.08380019039424887 0.08380019039424887 0.08380019039424887 0.08380019039424887 0.06756187343149266 0.052999894000318 0.05872202195147035 0.06695340634119862 0.06463263797827572 0.06463263797827572
0.14415132851757684 0.14415132851757684 0.1438952110599848 0.1498987152346549 0.1592612164237341 0.1592612164237341 0.1592612164237341 0.17357946312860695 0.15727505283848817 0.16260168760907334 0.16299933125183402 0.160947570824873 0.15508024127900497
0.10194733163239875 0.10109893409496522 0.11634393668004339 0.10302042296151677 0.10444146144096475 0.10109893409496522 0.10444146144096475 0.08755052449655937 0.08755052449655937 0.08755052449655937 0.08833527748583461 0.09025556722845597 0.08740492350731327
0.2225909130393363 0.23099037808834455 0.25853118590648133 0.25048402753040816 0.2419802416075614 0.242921813168513 0.24604177501067753 0.2620251220625925 0.2620251220625925 0.2620251220625925 0.2620251220625925 0.2567383266705367 0.24940901700429283
0.11893484155535235 0.11893484155535235 0.11893484155535235 0.11893484155535235 0.11893484155535235 0.11893484155535235 0.11893484155535235 0.13592553320611697 0.13074409009212268 0.11440107883060735 0.11440107883060735 0.11440107883060735 0.11440107883060735
0.27120580525165866 0.27120580525165866 0.27120580525165866 0.27120580525165866 0.27120580525165866 0.27120580525165866 0.27120580525165866 0.2716569380368592 0.2852940481072661 0.3 0.2998334720937463 0.3 0.3
0.10325582165612915 0.10736029114373435 0.10736029114373435 0.10736029114373435 0.10693610816877483 0.09741176055739117 0.09741176055739117 0.08231079972079915 0.08192319205190404 0.08192319205190404 0.09864858652895678 0.09864858652895678 0.09805806756909201
0.15720149129273717 0.15720149129273717 0.15720149129273717 0.17151973799760997 0.1808528867972981 0.1490836918594071 0.1385112486356663 0.1341998849959929 0.1471582237654553 0.15608100629445681 0.15570281090877489 0.15102381740960033 0.15570281090877489
0.10235662466453631 0.10235662466453631 0.11142758806754427 0.11076057290066631 0.11561596785531567 0.10235662466453631 0.09864858652895678 0.09864858652895678 0.09519716382329885 0.11180339887498948 0.11180339887498948 0.11180339887498948 0.11180339887498948
0.18683151189795907 0.18683151189795907 0.19555167000747892 0.17875423435964868 0.19459342317428344 0.19459342317428344 0.1934477640657483 0.17732711706026927 0.17732711706026927 0.17789320011147663 0.17375647480958673 0.16443797123369125 0.15967458348002486
0.11180339887498948 0.10307764064044152 0.11858541225631422 0.11858541225631422 0.11858541225631422 0.12346619958119871 0.1238865828185428 0.1238865828185428 0.11910765315080328 0.11910765315080328 0.1131923142267177 0.10936327866848262 0.10936327866848262
0.15967458348002486 0.14977406172467553 0.14971296685706129 0.15361126213119747 0.15811388300841894 0.1683549702116478 0.1535824846330077 0.1535824846330077 0.154618374194012 0.154618374194012 0.18286379132138444 0.18286379132138444 0.18286379132138444
0.10769372379266072 0.11155577199538681 0.11033311685339231 0.1143415042398723 0.11978935593748874 0.11978935593748874 0.12876968840942818 0.13465947717080437 0.13465947717080437 0.13457948935431935 0.13457948935431935 0.13457948935431935 0.13017082793177756
0.2163151167567065 0.2101242518402473 0.22461055130280064 0.23411237407708238 0.24413475389144731 0.22723275741036644 0.21171909634238012 0.23327359034555203 0.23327359034555203 0.20946372675267758 0.22261704746760289 0.20652147796811163 0.20652147796811163
0.11261850127429458 0.11261850127429458 0.11261850127429458 0.11261850127429458 0.11261850127429458 0.11261850127429458 0.11261850127429458 0.11267347735824966 0.11261850127429458 0.11267347735824966 0.10925912955951482 0.11851136578499429 0.1221554204287659
0.17308367164747593 0.19459342317428344 0.19205678477182217 0.20633062666954907 0.21736862433361057 0.21736862433361057 0.21676997647604757 0.23320782396459397 0.24967780208969143 0.2661703856876656 0.2826794688776149 0.2576652244684445 0.2600438446012651
0.1221554204287659 0.12939520573056423 0.13343492064965784 0.13343492064965784 0.13343492064965784 0.1335000585205864 0.14232101714114043 0.15411998287418846 0.14822785310816125 0.14329250293873078 0.13429637408817016 0.13429637408817016 0.13429637408817016
0.23768935121263135 0.22248844037652057 0.21422015527733249 0.21422015527733249 0.22918760719389833 0.21422015527733249 0.21001345681876724 0.19782218957629133 0.19117647058823528 0.18571428571428572 0.18571428571428572 0.19209655409507362 0.20675468101364886
0.12559008982583209 0.12559008982583209 0.12608826746517235 0.12559008982583209 0.12559008982583209 0.12559008982583209 0.12126781251816648 0.11704114719613057 0.11978935593748874 0.11978935593748874 0.11978935593748874 0.11978935593748874 0.11978935593748874
0.1842393828312575 0.14954091755654414 0.14069144675544237 0.14845079790431798 0.14845079790431798 0.16231244401742836 0.15272301186962506 0.171505445124038 0.1897355839222173 0.1897355839222173 0.1897355839222173 0.1897355839222173 0.1897355839222173
0.12313700456601631 0.12304602782321897 0.12304602782321897 0.12304602782321897 0.11785113019775792 0.13058792441389255 0.13058792441389255 0.1259481804649696 0.11426865204755121 0.11857637476727498 0.13094570021973104 0.13094570021973104 0.11857637476727498
0.14632030547405617 0.14902568867830454 0.15730241708147383 0.15730241708147383 0.14142232316409353 0.15508560184467426 0.16762977836807688 0.1764629718534175 0.1759215808564301 0.1752665989278257 0.185254542856125 0.2083948898053985 0.21117323423459874
0.11351915229662496 0.11316968255314816 0.11316968255314816 0.11316968255314816 0.11316968255314816 0.09332211095685 0.097182531580755 0.09284766908852593 0.08929576464474494 0.08929576464474494 0.11401754250991379 0.14565574595694886 0.13925528192128633
0.17824895238810667 0.1775156450679053 0.1775156450679053 0.1775156450679053 0.17824895238810667 0.1652729842962214 0.1500896344666137 0.1500896344666137 0.1567568106788243 0.1567568106788243 0.1646488431743189 0.17541160386140586 0.17541160386140586
0.14552137502179976 0.116945067431247 0.12126781251816648 0.10107594250783 0.09175886398147584 0.09175886398147584 0.10159281922178943 0.09583148474999098 0.09950371902099892 0.12807308433908624 0.1535737792084878 0.15617376188860607 0.13599594831899836
0.21164583613319843 0.19904882362499435 0.20448941925383785 0.19316374452082394 0.18772005505974512 0.2049273769034182 0.2002209884257156 0.20104755443537614 0.19962734172793387 0.2178670803918599 0.2108590488016544 0.19933706306099055 0.2043666345450297
0.09175886398147584 0.07198157507486946 0.09175886398147584 0.08838834764831845 0.08498365855987974 0.08498365855987974 0.08498365855987974 0.08838834764831845 0.08545976121261312 0.08185982487053739 0.08185982487053739 0.08185982487053739 0.08574929257125441
0.12593874028414276 0.1262721140726289 0.1262721140726289 0.1262721140726289 0.1262721140726289 0.1262721140726289 0.1262721140726289 0.1262721140726289 0.1262721140726289 0.1298539388419729 0.13364408586194457 0.1464896838272619 0.1281017120196537
0.06913328984437152 0.06063390625908324 0.06063390625908324 0.06076810171558113 0.058400695206013625 0.058400695206013625 0.05632573863241662 0.058400695206013625 0.06422122298923856 0.05439282932204212 0.07091957274840682 0.07091957274840682 0.06201736729460422
0.10056699928619152 0.09788080279658005 0.10810401430933789 0.10885687239386933 0.11530570149893164 0.11551546281748795 0.12817636360602544 0.136155033457065 0.12817636360602544 0.12817636360602544 0.12817636360602544 0.12817636360602544 0.13171259288671838
0.06201736729460422 0.06201736729460422 0.06201736729460422 0.06212775130475328 0.06212775130475328 0.06434382168114536 0.06434382168114536 0.06434382168114536 0.06422122298923856 0.04865042554105199 0.04865042554105199 0.04690650298201946 0.061834694240084226
0.1275672097462393 0.1275672097462393 0.12379689211803459 0.12052949570643927 0.13309108195685931 0.12052949570643927 0.1275672097462393 0.13601570106473412 0.12692902895833974 0.11848684493599038 0.11848684493599038 0.11848684493599038 0.12869196941438982
0.10834472151518525 0.10834472151518525 0.11233598017562804 0.11233598017562804 0.11663164740528441 0.11620520485346814 0.11620520485346814 0.11620520485346814 0.11620520485346814 0.1355815361366601 0.14097096860865022 0.14097096860865022 0.14097096860865022
0.20731965622449502 0.20760476246448142 0.20179457176480714 0.20179457176480714 0.18756791265504702 0.18756791265504702 0.18756791265504702 0.18756791265504702 0.20809459298698324 0.20809459298698324 0.20431842402519715 0.20542831677801945 0.18870104783633654
0.11706880015509791 0.12661435874558064 0.10622957319984967 0.10613747992445476 0.10189890373046046 0.09798561978116765 0.11688977751979122 0.11697620250573498 0.1359820733051053 0.135881606299661 0.1359820733051053 0.15384615384615385 0.16
0.15092960815682802 0.15092960815682802 0.15419840845313518 0.16859029113064897 0.1461782666780157 0.14661677114139163 0.14661677114139163 0.14661677114139163 0.14693241579336797 0.1584528199097102 0.1584528199097102 0.16560499262033296 0.16560499262033296
0.15384615384615385 0.16 0.16124515496597097 0.16479244376113478 0.19764235376052372 0.1920738428602685 0.1920738428602685 0.1920738428602685 0.19190732887763756 0.1716471331003224 0.15153747012764304 0.15811388300841897 0.1729072214122211
0.16560499262033296 0.15457501784249733 0.15501281970039732 0.15501281970039732 0.16662163215850923 0.16662163215850923 0.16662163215850923 0.16202562610358184 0.16202562610358184 0.14917806629218686 0.14917806629218686 0.1487795742756393 0.1487795742756393
0.08831172141141956 0.07830756969602692 0.06874516652539955 0.07186994682200863 0.07186994682200863 0.06874516652539955 0.06521739130434782 0.06521739130434782 0.06818181818181818 0.06811149137797498 0.07134772412317411 0.07134772412317411 0.07134772412317411
0.23163300106993032 0.22286499506622323 0.22286499506622323 0.22268654604248925 0.22268654604248925 0.22268654604248925 0.22268654604248925 0.23466582482679876 0.22257814267517592 0.22512743630218862 0.23962715568455487 0.25753319362312854 0.24544621280360662
0.06565321642986129 0.06565321642986129 0.06537204504606135 0.06498440561375456 0.08472929867557064 0.08472929867557064 0.08472929867557064 0.08523471865945981 0.08523471865945981 0.0814264404883845 0.0814264404883845 0.09999999999999999 0.10586263057247414
0.22925961088543426 0.22293081455370836 0.21672193971357015 0.21750520384864858 0.21750520384864858 0.21750520384864858 0.21750520384864858 0.21750520384864858 0.2123700916275083 0.2123700916275083 0.2123700916275083 0.21750520384864858 0.20331305331469565
0.09190182776172598 0.09190182776172598 0.09190182776172598 0.07409362229547739 0.07409362229547739 0.07409362229547739 0.07409362229547739 0.07071067811865475 0.07011984553801684 0.07071067811865475 0.07071067811865475 0.07071067811865475 0.05547001962252292
0.3110135311911727 0.3110135311911727 0.31085183971614705 0.31036827420732227 0.28828960514996715 0.2811031805572049 0.2811031805572049 0.2811031805572049 0.2803777517851243 0.2803777517851243 0.2803777517851243 0.2803777517851243 0.2803777517851243
0.08954813188742858 0.08954813188742858 0.11074362710059765 0.11588680712710873 0.14482767929281476 0.14285714285714285 0.14285714285714285 0.13622298275594996 0.1358036190637778 0.13622298275594996 0.13824460296132315 0.13636363636363635 0.13636363636363635
0.30812476131110694 0.298796347211182 0.298796347211182 0.32209876593055553 0.33248904870250895 0.33231619241388155 0.33248904870250895 0.3201428677709049 0.3099870792098506 0.3099870792098506 0.31998443147704303 0.3198283034211629 0.3198283034211629
0.16070608663330627 0.16070608663330627 0.1664780229540729 0.1414213562373095 0.14337208778404376 0.14337208778404376 0.14337208778404376 0.1358036190637778 0.1303116728289208 0.1303116728289208 0.15371886547533642 0.16070608663330627 0.16070608663330627
0.32149303310040156 0.32149303310040156 0.32149303310040156 0.32149303310040156 0.3116524686923267 0.3116524686923267 0.31775154450458865 0.2874458004286784 0.2631682938645482 0.2212694616418592 0.26210307040344405 0.30846815594417176 0.3069563848859024
0.18630403443237242 0.17905974332917265 0.16257247417306586 0.16257247417306586 0.1386750490563073 0.1332827749320501 0.12806248474865697 0.11213369028548656 0.10798059064528334 0.10412414097938037 0.10798059064528334 0.12422599874998833 0.11652585447180118
0.428038546332614 0.39406702456430603 0.37776649929652584 0.3560450415746359 0.3405860349403295 0.3227190490620282 0.34229000870670745 0.3211291594709711 0.3211291594709711 0.3373387697236607 0.3196661108109204 0.3178830197427522 0.33303805858303964
0.10761723676327273 0.10356086167566353 0.1034843482838546 0.1034843482838546 0.1034843482838546 0.10761723676327273 0.10189890373046046 0.1 0.08 0.1 0.0824621125123532 0.0824621125123532 0.0824621125123532
0.23490678746134033 0.23490678746134033 0.23490678746134033 0.23490678746134033 0.2270444448495693 0.21032997058913427 0.21032997058913427 0.20188376297962202 0.20864756056627054 0.18998621081380865 0.17792883293628334 0.15212609156822826 0.15212609156822826
0.12126781251816648 0.12126781251816648 0.12126781251816648 0.11972828565264391 0.1234661995811987 0.1366951608884136 0.1329771665710632 0.14398509407946772 0.15095762237578866 0.18332091363794034 0.21358941442919024 0.19341344090855628 0.19341344090855628
0.32180887677706815 0.3050266170572694 0.288972584580571 0.2897202509908427 0.2998334720937463 0.28471270883830363 0.3113850618259287 0.3403377993557421 0.3410800864448002 0.31697014695540926 0.31697014695540926 0.3099794494793953 0.3024017032498875
0.18735725159712235 0.17061532475453633 0.17061532475453633 0.18046343066790327 0.18735725159712235 0.20761369963434995 0.20008894819207806 0.1892829244219008 0.19628397097133016 0.1860521018838127 0.21781931841425947 0.20244408254472904 0.21830311495716223
0.32078624927821264 0.29930342406881727 0.29930342406881727 0.27619775329416973 0.24693260288138996 0.25304745176569543 0.27658887808725674 0.2885249003225535 0.31232317714992974 0.2974954647778249 0.29080808757700183 0.30083595266586394 0.29987563397217615
0.12403473458920847 0.1208244186660354 0.12777531299998798 0.1278520779891897 0.09486832980505139 0.1 0.09486832980505139 0.130384048104053 0.1699673171197595 0.1699673171197595 0.1699673171197595 0.16321563730934324 0.1637804455201046
0.19329014790337415 0.19329014790337415 0.2094590471544483 0.21142690931878821 0.17351016412451423 0.18214569779596426 0.17695872113086955 0.19105437345624907 0.20519116802059628 0.20519116802059628 0.20519116802059628 0.20519116802059628 0.19832608391651868
0.10165561113406256 0.10165561113406256 0.10165561113406256 0.10125396748078254 0.10125396748078254 0.10125396748078254 0.10125396748078254 0.10165561113406256 0.09308872791678188 0.09308872791678188 0.09308872791678188 0.08458258116519013 0.08134892168199605
0.18869551397992823 0.18869551397992823 0.18869551397992823 0.20340540421875214 0.2173675740962213 0.22486300768574619 0.2105051615101313 0.21931240186008555 0.22754879871852723 0.22754879871852723 0.24098527820311816 0.2516956165034035 0.2594295823850657
0.09712858623572643 0.09712858623572643 0.10859306069076735 0.12297509238026914 0.12297509238026914 0.12297509238026914 0.128564869306645 0.11351915229662496 0.09632419486019032 0.09642365197998375 0.10380684981717496 0.10828702045605249 0.10828702045605249
0.2628128940792596 0.2628128940792596 0.24170512660856477 0.2415615536071181 0.2415615536071181 0.2415615536071181 0.24881213415843306 0.2568403879171327 0.2505733067612905 0.2368380178226033 0.24582967830656297 0.24582967830656297 0.24582967830656297
0.09685485552825747 0.11316968255314816 0.10828702045605249 0.10380684981717496 0.10380684981717496 0.10380684981717496 0.0992876838486922 0.09552008998760876 0.09552008998760876 0.09552008998760876 0.09552008998760876 0.09552008998760876 0.0958706236059213
0.21605379842950218 0.1892728537608191 0.17569743667786447 0.1501347036606102 0.15420349268258604 0.15420349268258604 0.15420349268258604 0.15824052096289354 0.15060676370552115 0.1561791157166485 0.15171298508775388 0.15171298508775388 0.15675890556156205
0.07940510210053552 0.07940510210053552 0.08259105521236186 0.08593907360584258 0.09992009587217894 0.09992009587217894 0.08937125067539531 0.08239622188056739 0.08593907360584258 0.0827605888602368 0.0827605888602368 0.08593907360584258 0.08593907360584258
0.16901401911878128 0.16998773967183536 0.182032369227307 0.18916906869950906 0.19316945858997764 0.1811849228067146 0.18031604996422979 0.17544452337072475 0.18651375807933224 0.18651375807933224 0.1816037545687687 0.17694248714649657 0.16644128905623962
0.08937125067539531 0.08593907360584258 0.0827605888602368 0.07965662348464578 0.07940510210053552 0.07940510210053552 0.07940510210053552 0.07940510210053552 0.07940510210053552 0.07940510210053552 0.07940510210053552 0.07246292255945548 0.07352146220938077
0.15674210673750058 0.16724330482775757 0.1665135940263138 0.1665135940263138 0.17503034878614337 0.16542328997110675 0.1751224722898458 0.15831106818066343 0.14865420503344787 0.13790154331568807 0.13790154331568807 0.1420889666650776 0.13797205486566783
0.14077312659286823 0.13698333541032853 0.13254270092150516 0.12837729636942713 0.12730243670428476 0.12730243670428476 0.1423284510860725 0.13811373555780287 0.13811373555780287 0.15339299776947407 0.14894395033467095 0.15388117858282757 0.14939075127504917
0.27396667082065707 0.27540147844384355 0.27540147844384355 0.28504385627478446 0.28504385627478446 0.28504385627478446 0.28504385627478446 0.28504385627478446 0.28504385627478446 0.28504385627478446 0.30260003407321345 0.30260003407321345 0.3116938929256063
0.14799226128993842 0.14799226128993842 0.14799226128993842 0.14799226128993842 0.14799226128993842 0.147087101353638 0.1652189374657073 0.12837729636942713 0.06755660236665674 0.05566137575726647 0.04366437555995725 0.0450377349111045 0.046726931351599776
0.3171619712013585 0.3171619712013585 0.3171619712013585 0.3171619712013585 0.3171619712013585 0.3171619712013585 0.2909343431571768 0.24681842390936712 0.18994657404588022 0.18392135866827175 0.1717058858798731 0.1633708097498703 0.1761982108554088
0.039872611141445 0.039872611141445 0.039872611141445 0.04440280208283674 0.04440280208283674 0.04440280208283674 0.04440280208283674 0.04440280208283674 0.04440280208283674 0.04440280208283674 0.05616559563017305 0.05616559563017305 0.05616559563017305
0.11744509224977366 0.11744509224977366 0.11744509224977366 0.11744509224977366 0.11744509224977366 0.11744509224977366 0.12045566610749613 0.12045566610749613 0.12045566610749613 0.12045566610749613 0.12045566610749613 0.12045566610749613 0.12045566610749613
0.09316949906249124 0.10407636178045333 0.10380684981717496 0.1174440439029407 0.10778265338980672 0.09145661412745386 0.07485618395204278 0.06304413373258617 0.06076810171558113 0.058560697410525546 0.05643326479831003 0.05643326479831003 0.07407407407407407
0.16539356141771133 0.17131271180015156 0.17891000260065582 0.18777894154716993 0.17010159948221665 0.18106078021086566 0.18168652819983305 0.17637195194506775 0.15960393034946457 0.14763724850499788 0.15502104112508844 0.14763724850499788 0.1434776156533273
0.1442390769636605 0.15008613971750623 0.15019710915205103 0.15608017928044948 0.16257247417306586 0.16962778341315546 0.17732258448678265 0.17732258448678265 0.20931897427058715 0.22475645467377744 0.22475645467377744 0.20867458390329452 0.2346405331038968
0.09805827583435606 0.09805827583435606 0.09805827583435606 0.09805827583435606 0.09596220531804048 0.09596220531804048 0.09596220531804048 0.09645582922695287 0.10735673987746282 0.10643964371243748 0.10643964371243748 0.10735673987746282 0.11695941252906131
0.23333333333333334 0.2505549396395485 0.2628134407626002 0.24474926044627296 0.25732511773283273 0.20978508038251967 0.19309599573704822 0.19470448393802792 0.17905974332917265 0.1814227140780116 0.16835661271416097 0.15351507737317438 0.15351507737317438
0.11819653435964265 0.12338577206675992 0.12607768123629426 0.12607768123629426 0.13671598896135143 0.16092653605110155 0.16462547933590635 0.19064555117967774 0.18626716094721912 0.18626716094721912 0.17095505743701342 0.16755904561879617 0.15574849828409978
0.1491987733615888 0.15504341823651055 0.1491987733615888 0.14360302020210966 0.12414088329035519 0.12414088329035519 0.1341640786499874 0.13975424859373686 0.11219093348196883 0.09798561978116765 0.09776923610938035 0.0958706236059213 0.0958706236059213
0.1643707962751627 0.1436098279065033 0.15726097375215903 0.16465517828078371 0.1812107957282226 0.1812107957282226 0.159264557269034 0.12658028705311836 0.11932033203307613 0.116065806667438 0.10277313259689401 0.10277313259689401 0.10277313259689401
0.1 0.09992009587217894 0.0858235665501612 0.0858235665501612 0.08954813188742858 0.09361029108991246 0.09361029108991246 0.11074362710059765 0.1303116728289208 0.1535737792084878 0.17926546198337653 0.17926546198337653 0.1717960677340692
0.09302536018933046 0.09246297278146665 0.10886510127790089 0.12626037379060087 0.1449469974235301 0.15899820863754952 0.14835996507420818 0.12923334031608677 0.13005920749331445 0.1316617460216475 0.1389724824887055 0.1389724824887055 0.12223243787333891
0.12991913212348574 0.13472447784833627 0.12991913212348574 0.13675478122178655 0.13675478122178655 0.13370410494359505 0.1160876721911654 0.12162606385262997 0.10878565864408424 0.12522169689307466 0.12522169689307466 0.12485285456935956 0.13007492679643087
0.21353749574116926 0.19796331671358333 0.19796331671358333 0.1915030521726506 0.20698093680087287 0.19933273815409921 0.19441465608139263 0.20518233866439892 0.2173256782144891 0.1988737822087165 0.1988737822087165 0.2014956953557952 0.2012014693112458
0.21718612138153467 0.20801257358446093 0.20801257358446093 0.20801257358446093 0.20801257358446093 0.20215188501565998 0.20215188501565998 0.20215188501565998 0.20432456172128038 0.19855245383292783 0.19967139984847204 0.1969197101937074 0.19393457522841703
0.14310791434981485 0.14310791434981485 0.1571352513183285 0.17617115547383824 0.16169467188020206 0.16169467188020206 0.16705456397242566 0.1972331459865985 0.1978522991485744 0.1974096109962761 0.19786062737349464 0.20809459298698324 0.214086177687461
0.19393457522841703 0.19393457522841703 0.19048145799711835 0.18931642286025205 0.16680929969804867 0.15200447507762038 0.15811388300841897 0.16466623048469606 0.19576892424006728 0.2249828525701843 0.2249828525701843 0.2249828525701843 0.2048787657176197
0.214086177687461 0.19846880149860038 0.19856568644530265 0.19976133506860963 0.19754591932991794 0.1977983594691707 0.19754591932991794 0.21931600547196142 0.22661855591514127 0.22661855591514127 0.22661855591514127 0.22661855591514127 0.25862837646685555
0.08600261451922268 0.08944271909999159 0.09316949906249124 0.09316949906249124 0.07838154946660846 0.09712858623572643 0.10153461651336192 0.10153461651336192 0.10153461651336192 0.10153461651336192 0.10153461651336192 0.10153461651336192 0.10153461651336192
0.19229471025391476 0.17857573627103432 0.15339555540561084 0.13907607189590218 0.13907607189590218 0.13907607189590218 0.13543914936242207 0.13543914936242207 0.13543914936242207 0.13543914936242207 0.13543914936242207 0.13543914936242207 0.13543914936242207
0.12226386877670534 0.12226386877670534 0.11695830574618832 0.10380684981717496 0.1262832814230742 0.15183306190854676 0.15183306190854676 0.16238586255274184 0.16321563730934324 0.17091952242522623 0.17091952242522623 0.17091952242522623 0.1509230856356236
0.1625889720249781 0.1635079268711138 0.1621775768946207 0.16165320038551878 0.16593851523289135 0.17960080698173286 0.1852993098407481 0.18637200369711 0.1862604886538887 0.1862604886538887 0.1862604886538887 0.1862604886538887 0.18704658785844747
0.11180339887498948 0.09805806756909202 0.09284766908852593 0.08304547985373997 0.08304547985373997 0.08770580193070293 0.1178511301977579 0.1161269872959048 0.0910975037348554 0.12381513913591215 0.1161269872959048 0.0894427190999916 0.08436490812191956
0.2754654478027501 0.27433813635895277 0.2574089347361235 0.27543456951764883 0.2487592975524973 0.2181425064027577 0.22097380144575754 0.22097380144575754 0.2175631046082356 0.2341928572391791 0.25082260987012256 0.2766319252594872 0.29383244816333176
0.1017365149360719 0.12064325310827767 0.12064325310827767 0.12064325310827767 0.11804417067144062 0.1163401557809416 0.11180339887498948 0.09879149639396985 0.09954163242264942 0.09954163242264942 0.11074362710059765 0.11624763874381927 0.1214664495268374
0.3123032970560673 0.3293329216697079 0.3185443731776295 0.32060988120769857 0.320431912900226 0.31989978093121213 0.2915942393006054 0.27362468149135144 0.2568645196271742 0.24081048715047584 0.21779498695046928 0.21173271140661623 0.2271684498057685
0.11704114719613057 0.11704114719613057 0.09252915127470067 0.11804417067144062 0.12126781251816648 0.12126781251816648 0.12126781251816648 0.14314958357846708 0.14705882352941177 0.14997116216449366 0.1539246908637998 0.15881609467803753 0.15881609467803753
0.3885974085303123 0.3885974085303123 0.39290385924772736 0.44854405330704117 0.4432724178531728 0.4298908142353674 0.3771302964284412 0.3457604456072262 0.32203029012952916 0.3484479572636855 0.3435844578037334 0.3596384902804318 0.3596384902804318
0.1160876721911654 0.1160876721911654 0.1160876721911654 0.1160876721911654 0.1160876721911654 0.1160876721911654 0.11640826841660439 0.11640826841660439 0.0997785157856609 0.10115483619163125 0.10462669622104186 0.10834472151518525 0.10834472151518525
0.25452713344872036 0.25452713344872036 0.25452713344872036 0.25452713344872036 0.25452713344872036 0.25452713344872036 0.28727729999556223 0.2941407307685644 0.30087052525136254 0.276652555672189 0.276652555672189 0.25953984064585567 0.25953984064585567
0.13663739713703102 0.1414213562373095 0.14252192813739223 0.14768913479641196 0.1350858067395748 0.14041398907543262 0.13900275738816908 0.14617633655117154 0.12403473458920847 0.13112325709112732 0.12574563933578695 0.12403473458920847 0.13112325709112732
0.2159401184472629 0.21476604514790418 0.20795342364906977 0.20155644370746376 0.21779498695046928 0.2189005736046007 0.2189005736046007 0.22843059550467865 0.22325818286749693 0.22325818286749693 0.22925334793333127 0.23578302107333032 0.2429509000233231
0.13112325709112732 0.13112325709112732 0.13112325709112732 0.13767686092000675 0.13767686092000675 0.13767686092000675 0.13767686092000675 0.13767686092000675 0.13767686092000675 0.13767686092000675 0.13767686092000675 0.13767686092000675 0.13767686092000675
0.2429509000233231 0.2429509000233231 0.2222384194675861 0.23804776307622988 0.23804776307622988 0.23804776307622988 0.23804776307622988 0.24884585174851973 0.24884585174851973 0.24884585174851973 0.24884585174851973 0.24884585174851973 0.24884585174851973
0.13824460296132315 0.16666666666666666 0.16666666666666666 0.20130496956873 0.2261021771538605 0.2261021771538605 0.2261021771538605 0.22388336779724757 0.23394386020951638 0.23394386020951638 0.19932649433716348 0.21343747458109497 0.21343747458109497
0.22908473318327224 0.2252346076184676 0.23015474662590998 0.23015474662590998 0.2242432623087369 0.23384830591469974 0.23410035974072008 0.20501494456563696 0.18664422191369998 0.1998759363112321 0.19617372188930007 0.20869229819298435 0.20869229819298435
0.13892187520662957 0.13867504905630726 0.13867504905630726 0.15575735947166605 0.15858098560067924 0.15811388300841897 0.16369781158673133 0.1642163362036254 0.16160027747973907 0.12468233747884189 0.1292754496517956 0.13058792441389255 0.1342188730482898
0.3746876657021407 0.3993926328897869 0.38054912418495296 0.378429056857956 0.36154908987355994 0.3319042390560661 0.3628016668339051 0.31683727297527764 0.29495646543959253 0.2780088878723638 0.2607644199137744 0.23438761767212105 0.21038628039844393
0.1344008326426176 0.1344008326426176 0.1344008326426176 0.1344008326426176 0.1344008326426176 0.1344008326426176 0.1532405264919746 0.14768913479641196 0.14252192813739223 0.13826657968874304 0.13826657968874304 0.13719886811400708 0.13719886811400708
0.2345325149100973 0.2345325149100973 0.2345325149100973 0.2345325149100973 0.2345325149100973 0.2345325149100973 0.23518021709589934 0.23399837696455406 0.23399837696455406 0.23399837696455406 0.21446630620829638 0.21446630620829638 0.20576237820230117
0.1412148513480262 0.14377484559435608 0.1396259748185727 0.13552293162294887 0.11775496442882814 0.1288470508005519 0.13300340727798904 0.13300340727798904 0.13300340727798904 0.13300340727798904 0.13743685418725535 0.1421760560557814 0.1420916033865799
0.19970284676717384 0.20359463942371506 0.20359463942371506 0.20976968232416174 0.20359463942371506 0.17910791723901853 0.17910791723901853 0.17940585132446532 0.1716228112947712 0.1811537235233288 0.1716228112947712 0.1716228112947712 0.1716228112947712
0.09950371902099892 0.09950371902099892 0.09950371902099892 0.1028991510855053 0.1028991510855053 0.1028991510855053 0.1028991510855053 0.1028991510855053 0.1028991510855053 0.1028991510855053 0.1028991510855053 0.1032031374230672 0.1028991510855053
0.19006780934165557 0.19006780934165557 0.19006780934165557 0.19006780934165557 0.1917659799899218 0.17489492643904123 0.17489492643904123 0.17489492643904123 0.17489492643904123 0.17489492643904123 0.17489492643904123 0.1917659799899218 0.2087152757376871
0.12428864423997613 0.12374368670764581 0.12428864423997613 0.12374368670764581 0.11893484155535235 0.1181866023543055 0.11440107883060735 0.11440107883060735 0.11440107883060735 0.11440107883060735 0.09805806756909201 0.09805806756909201 0.09805806756909201
0.29953523924572845 0.3101135853770849 0.2765511446066676 0.29375911261381293 0.30817192570606916 0.3148978323351289 0.31206918046592586 0.32920538313823156 0.3120926681118982 0.31227816154171445 0.31227816154171445 0.29501333761241344 0.29501333761241344
0.06304413373258617 0.06304413373258617 0.06304413373258617 0.06888051645745157 0.06853124682878252 0.07120535659704488 0.06808989610432564 0.06808989610432564 0.06565321642986127 0.06853124682878252 0.04250127505737787 0.0377694787300249 0.0377694787300249
0.1350852371490471 0.11910690576273285 0.1350852371490471 0.11877887730796201 0.11564325507964071 0.08260232505688622 0.0848673219520751 0.08220020617184666 0.06627696228938461 0.0574120722899352 0.08347984624911879 0.0998598848844182 0.0998598848844182
0.04071639637402852 0.051130999256491366 0.051130999256491366 0.051130999256491366 0.051502620262460476 0.051502620262460476 0.051502620262460476 0.06517949073958691 0.08380019039424887 0.06808989610432564 0.08320502943378436 0.08012116359564501 0.079499841000477
0.17961999901244044 0.19545282683007908 0.2113127139103473 0.21530724323818232 0.17941768217109333 0.18770780141360152 0.1760378745147267 0.18715396153163397 0.19312568835988794 0.19312568835988794 0.21820870985958885 0.21447598819970864 0.21447598819970864
0.09691781871160239 0.09340681032325801 0.11076057290066631 0.09340681032325801 0.07905694150420949 0.07552945112058726 0.07288689868556625 0.09013878188659973 0.10606601717798213 0.08838834764831843 0.087089594286031 0.10389160494282618 0.12077153759909248
0.19722122276661216 0.1879974344054603 0.1879974344054603 0.18693527836633006 0.2160639234599614 0.2160639234599614 0.2160639234599614 0.2160639234599614 0.2311799743112827 0.25737528672458143 0.25688489195695424 0.26317737781613615 0.26333379826252634
0.07362688617174394 0.07630149283086916 0.07905694150420949 0.08187472156621811 0.08268982305947231 0.08268982305947231 0.08304547985373997 0.08523471865945981 0.09245003270420486 0.09190182776172598 0.09245003270420486 0.09245003270420486 0.09640373590996239
0.1483816537614669 0.1379882874802976 0.13430396299649872 0.16154812948849098 0.1772844932050109 0.1772844932050109 0.1905767463912234 0.19444456473754454 0.1996640363190044 0.1996640363190044 0.19855952475320493 0.19256855484894536 0.19966031685540764
0.12555049023795636 0.12555049023795636 0.12555049023795636 0.12555049023795636 0.12555049023795636 0.1259481804649696 0.1259481804649696 0.12162606385262997 0.12162606385262997 0.1212678125181665 0.12077153759909248 0.12077153759909248 0.13770073922192178
0.25322139513326525 0.25322139513326525 0.25322139513326525 0.236181648899347 0.236181648899347 0.2692253716755691 0.25322139513326525 0.25322139513326525 0.25322139513326525 0.25322139513326525 0.25322139513326525 0.25322139513326525 0.2530709814608706
0.13663739713703102 0.13663739713703102 0.13663739713703102 0.13592553320611697 0.13151918984428582 0.1273859510596964 0.12350150421888768 0.12350150421888768 0.12446261991440666 0.12837729636942713 0.12837729636942713 0.13254270092150516 0.12837729636942713
0.24013127159964093 0.24013127159964093 0.24013127159964093 0.24013127159964093 0.24013127159964093 0.24013127159964093 0.24253562503633297 0.24253562503633297 0.24812690657424147 0.24253562503633297 0.2472871222812885 0.24246051014637093 0.24246051014637093
0.15949044456578 0.15283214398017403 0.15283214398017403 0.15886029415790753 0.15886029415790753 0.13900275738816908 0.14041398907543262 0.13372812598265227 0.1301448015738384 0.13372812598265227 0.1350858067395748 0.13900275738816908 0.13900275738816908
0.3170041113410898 0.33182200637567694 0.33182200637567694 0.3265076714312256 0.3344660957398671 0.34683706217876986 0.3413261648320892 0.3458095257251836 0.3301924183720256 0.34851266499300587 0.3618975647935789 0.3543592758202967 0.34125318210296635
0.1716471331003224 0.17926546198337653 0.20042487950636712 0.20042487950636712 0.20042487950636712 0.20042487950636712 0.21560984046602585 0.22587697572631282 0.22587697572631282 0.21951296326887826 0.22638462845343543 0.22638462845343543 0.22638462845343543
0.25898883149714885 0.25898883149714885 0.26333379826252634 0.26333379826252634 0.26333379826252634 0.2727385767719023 0.2727385767719023 0.2736639211069863 0.2645417904034201 0.2829754300508497 0.2838299022199923 0.2838299022199923 0.2738441168036811
0.2156044080508909 0.2261021771538605 0.2422842492993788 0.2422842492993788 0.24261959098139177 0.19611613513818402 0.19611613513818402 0.1917412472118426 0.19195851781663212 0.21536037355497312 0.21536037355497312 0.21536037355497312 0.20589806935130187
0.2550552873866227 0.2550552873866227 0.24708480965579072 0.2534077870766646 0.23911029415978222 0.22197560731756086 0.24001073134014797 0.2566035953537623 0.27354253006806917 0.258989948109119 0.258989948109119 0.25936868087022186 0.2561737618886061
0.24628385595673552 0.23570226039551584 0.2545320910334366 0.2557041559783794 0.27456258919345766 0.27456258919345766 0.27456258919345766 0.2906591794880899 0.29528182813151804 0.3315451386890281 0.3315451386890281 0.2906591794880899 0.3121118278813673
0.44675423559075556 0.4298015940326161 0.41898748444497874 0.41898748444497874 0.42752541611049694 0.4376607905461085 0.4376607905461085 0.45425080366799025 0.44659047155425574 0.44659047155425574 0.4156202886503695 0.39965573125382836 0.36943376779487436
0.1707543378070016 0.1707543378070016 0.1707543378070016 0.1707543378070016 0.1707543378070016 0.1707543378070016 0.1707543378070016 0.1696800933919491 0.1696800933919491 0.16424523045280712 0.1583515888048841 0.1583515888048841 0.15914137718959642
0.34652163670678976 0.34652163670678976 0.34652163670678976 0.36398362110556703 0.36398362110556703 0.36398362110556703 0.36398362110556703 0.34652163670678976 0.35630059942982956 0.34094799866833236 0.32920538313823156 0.3339791012515797 0.34024575223077663
0.06636108828176629 0.06888051645745157 0.06888051645745157 0.0604122093330177 0.05820252464746486 0.05820252464746486 0.05820252464746486 0.0604122093330177 0.05731205399256526 0.05752237416355278 0.07588680773412386 0.09013878188659973 0.07071067811865475
0.18998720950522227 0.17735262480772396 0.16290177482046928 0.15224077499274827 0.14705882352941177 0.15151515151515152 0.16651334764831843 0.17141982574219336 0.17141982574219336 0.1614674886286724 0.16410533174008032 0.1721273331356248 0.1938025221635998
0.12226386877670534 0.12807308433908624 0.1274754878398196 0.1274754878398196 0.12140522651411392 0.12140522651411392 0.14285714285714285 0.16835875742536846 0.1767766952966369 0.15 0.1339992578523194 0.14867299195410497 0.14867299195410497
0.24577379737113253 0.2551281330229521 0.2788811658660084 0.2788811658660084 0.2788811658660084 0.2788811658660084 0.27570376114221107 0.25931421628495704 0.28154625318573645 0.2981290281986709 0.28154625318573645 0.30842253621886184 0.3188323462643441
0.16620562382863344 0.16620562382863344 0.16620562382863344 0.16620562382863344 0.14935759876113539 0.161721508012528 0.161721508012528 0.15811388300841894 0.17859605741487666 0.19611613513818404 0.18395591592967286 0.18395591592967286 0.1747816593036228
0.30175432728788193 0.29784004034117384 0.29784004034117384 0.313319826453062 0.30084380383575227 0.3054877501884335 0.2962649511355975 0.27238115095118137 0.2773943753641729 0.2911243233952097 0.2779971598019541 0.2651621934643154 0.2640031240856246
0.12664018260037613 0.13238494323704753 0.12664018260037613 0.12664018260037613 0.1262832814230742 0.1262832814230742 0.1262832814230742 0.14528228329238618 0.1576682817005659 0.15811388300841897 0.16528638065148013 0.16477754502438216 0.15183306190854676
0.2440569625100317 0.2440569625100317 0.2440569625100317 0.2440569625100317 0.2440569625100317 0.2440569625100317 0.2440569625100317 0.2440569625100317 0.24849472531103625 0.25708668571606313 0.2418305205954101 0.2418305205954101 0.2418305205954101
0.13112325709112732 0.1148241445798704 0.097182531580755 0.097182531580755 0.097182531580755 0.12692955176439846 0.15811388300841897 0.15811388300841897 0.15811388300841897 0.17950549357115014 0.15689827224573902 0.15537577321219534 0.15537577321219534
0.23160929688954163 0.23533590015706962 0.25144581083866707 0.26404891578442385 0.2463022976994932 0.2415510241547166 0.2406524101717403 0.2533553935575309 0.2406524101717403 0.24548771188953486 0.24548771188953486 0.25802868842580573 0.25665121265461194
0.0732078868951768 0.0732078868951768 0.07079401424435677 0.07747516350666292 0.08585035246793064 0.10011785507920343 0.10181283641337464 0.1157883416544666 0.11515437647443907 0.13785274164258896 0.1446056038649436 0.14367394278317272 0.1470735042099664
0.198880792471208 0.21653242206531498 0.2229203768569141 0.2229203768569141 0.21234886586891988 0.20572612406203286 0.18851590508570912 0.19666406036588893 0.1920905084675959 0.19929642642924808 0.19572225540090157 0.19741602164201816 0.19485835962432232
0.15444484779096487 0.16371964974107478 0.16321563730934324 0.19109383541230276 0.20130496956873 0.19109383541230276 0.193714622498081 0.18273888968978155 0.1368166729484101 0.1368166729484101 0.1299688112275091 0.12012733753433862 0.11561596785531567
0.1896309524235966 0.19941999835839863 0.1950229595739718 0.20165347461799887 0.20260102924084766 0.20529822321189833 0.20165347461799887 0.20613937610834185 0.19485835962432232 0.17604741809894728 0.17604741809894728 0.19498881317704095 0.19139264831841762
0.07205340582328378 0.08219949365267865 0.08219949365267865 0.08239622188056739 0.08239622188056739 0.07905694150420949 0.07905694150420949 0.07905694150420949 0.09608280525301098 0.1 0.07387168551531177 0.058520573598065284 0.058520573598065284
0.2024340883742147 0.2024340883742147 0.18838513616660016 0.18247095780361336 0.18255999409852908 0.1828110508214527 0.18861043456039805 0.18861043456039805 0.17800449143965452 0.18574929257125442 0.18863781897857101 0.17110694718154146 0.17469281074217108
0.09561640469822572 0.09561640469822572 0.07940510210053552 0.08231079972079915 0.06888051645745157 0.06888051645745157 0.06888051645745157 0.0715973670277035 0.08770580193070292 0.0992876838486922 0.08880560416567349 0.09874406319167053 0.09874406319167053
0.2180381441290937 0.21043250672062808 0.22024347959894433 0.22835692234965682 0.2179104584380784 0.21102428151392594 0.21929085071986248 0.23509687089363823 0.21912883307622993 0.21912883307622993 0.20813364832343026 0.1921860970904092 0.17287517797370752
0.08192319205190404 0.08192319205190404 0.07552945112058726 0.08192319205190404 0.08192319205190404 0.08500255011475574 0.07120535659704488 0.05585807734779456 0.04415968753422203 0.03949762527666821 0.03971507353947688 0.05957261030921532 0.05957261030921532
0.21172105056545723 0.21172105056545723 0.19363985971530165 0.18467921378827945 0.17493066210650157 0.16871543596953284 0.16871543596953284 0.16321568103654144 0.17231137919889442 0.17401759809437203 0.19096860969295149 0.20799823430659203 0.19890253614423908
0.10991149581709675 0.10991149581709675 0.10606601717798213 0.10606601717798213 0.10752906583803283 0.10752906583803283 0.11142758806754427 0.09159291318091396 0.07836847897662572 0.07876788407748297 0.07876788407748297 0.07876788407748297 0.07876788407748297
0.2022242021488707 0.2097139874136437 0.2097139874136437 0.2097139874136437 0.2022242021488707 0.20399240774874183 0.21595301320774776 0.2182370950872131 0.18603927644378748 0.1711070363114465 0.1942629538046311 0.19048957103786562 0.19048957103786562
0.07505053179263302 0.06319501739569483 0.06063390625908324 0.05540376413648383 0.058400695206013625 0.06063390625908324 0.06304413373258617 0.06565321642986129 0.07485618395204278 0.09188458377475332 0.09188458377475332 0.09188458377475332 0.09188458377475332
0.16369160449979228 0.1630649457971107 0.15672689232321482 0.15672689232321482 0.13693930179654623 0.13693930179654623 0.15222475134234356 0.16767891178930747 0.17010202972656102 0.16347609677137928 0.18535209165029862 0.18535209165029862 0.16927217447521298
0.020761369963434993 0.0199363055707225 0.0 0.0 0.0 0.0 0.0 0.0 0.0 0.0 0.0 0.0 0.02711630722733202
0.23005451832540494 0.23799023495843677 0.2170073070107279 0.20395178587768642 0.20395178587768642 0.20395178587768642 0.20395178587768642 0.20395178587768642 0.2027737834529886 0.20701241993282565 0.20701241993282565 0.20701241993282565 0.20644105204570534
0.10606601717798213 0.10606601717798213 0.125 0.125 0.125 0.1414213562373095 0.15918519351485996 0.17666740521181853 0.17765838004439868
0.2182370950872131 0.2182370950872131 0.23472016337237644 0.25029434239996234 0.25029434239996234 0.25029434239996234 0.24990498098859312 0.24990498098859312 0.27165524140996755
0.11585688927269845 0.11585688927269845 0.12021175920858626 0.1344008326426176 0.1350858067395748 0.1350858067395748 0.11561596785531567 0.09741176055739117 0.09741176055739117 0.09741176055739117 0.09741176055739117 0.09741176055739117 0.11561596785531567
0.2622858525487302 0.2514208329338693 0.24177721874335467 0.23459410859185545 0.23459410859185545 0.23459410859185545 0.24788691950429553 0.23459410859185545 0.23459410859185545 0.23459410859185545 0.23425155191081226 0.23425155191081226 0.25987703199692824
0.11955772249490214 0.11564325507964071 0.11955772249490214 0.11955772249490214 0.11564325507964071 0.09912279006826347 0.08260232505688622 0.08260232505688622 0.08574929257125442 0.10687057498186447 0.10707459153723745 0.10707459153723745 0.09099590527639176
0.2587720190085973 0.2587720190085973 0.26373522724330084 0.2587720190085973 0.2587720190085973 0.25029434239996234 0.16881650340819931 0.16881650340819931 0.15786893258332632 0.14899734791552807 0.16120647005479025 0.16120647005479025 0.15269696011845418
0.044685625337697654 0.05892556509887897 0.07505053179263302 0.07838154946660846 0.07186994682200863 0.07186994682200863 0.09081532183729997 0.09081532183729997 0.09361029108991246 0.09361029108991246 0.09805806756909201 0.10294903467565093 0.10835281026218337
0.2236280911473456 0.2377389925228554 0.22337628464481496 0.22845011027384612 0.21681234955965273 0.23309405662652735 0.2535874083630919 0.2535874083630919 0.26323102255360664 0.2456941322381222 0.2525546617132767 0.2437731465693815 0.23950488353597202
0.14505034974241202 0.15928366874451652 0.17655613788661215 0.17655613788661215 0.17169291787923757 0.17169291787923757 0.17149858514250882 0.17149858514250882 0.17149858514250882 0.17149858514250882 0.17149858514250882 0.20319840737609382 0.181122692847289
0.27054213472316513 0.27054213472316513 0.27091418459143857 0.24419874594873697 0.2386462546754145 0.23252058574643952 0.23252058574643952 0.22315891191864773 0.22315891191864773 0.22315891191864773 0.2260215935270531 0.2260215935270531 0.23980306480362512
