0.18304413303674952 0.18304413303674952 0.18304413303674952 0.18163064367459994 0.18163064367459994 0.18163064367459994 0.15892681321527494 0.13622298275594996 0.13622298275594996 0.13622298275594996 0.13636363636363635 0.13636363636363635 0.1590909090909091
0.407562925867523 0.407562925867523 0.4295669942890896 0.41008243762999946 0.41121480527598164 0.41121480527598164 0.41121480527598164 0.41121480527598164 0.4312412707004628 0.4105058579158761 0.41008243762999946 0.39228717037465344 0.3748545306851767
0.1605403247669839 0.16070608663330627 0.18323313064314883 0.18323313064314883 0.15892681321527494 0.15892681321527494 0.15892681321527494 0.13824460296132315 0.13824460296132315 0.13824460296132315 0.13636363636363635 0.16070608663330627 0.16070608663330627
0.32141217326661253 0.2989506895946294 0.29864233397920936 0.3178536264305499 0.30434782608695654 0.30434782608695654 0.30434782608695654 0.2764892059226463 0.2764892059226463 0.2764892059226463 0.2727272727272727 0.2522504434907451 0.2522504434907451
0.1339992578523194 0.1339992578523194 0.1339992578523194 0.1414213562373095 0.14077312659286823 0.17618248623621996 0.17618248623621996 0.2065480961930069 0.2065480961930069 0.2065480961930069 0.20480798012976012 0.17618248623621996 0.17618248623621996
0.18107149208503706 0.18385785699936855 0.20873299489397065 0.23823144500331547 0.259888849094526 0.2815462531857365 0.2815462531857365 0.2815462531857365 0.259888849094526 0.23823144500331547 0.259888849094526 0.23890473351968816 0.21657404091210497
0.1339992578523194 0.1414213562373095 0.1414213562373095 0.1776793906740654 0.17618248623621996 0.18318582636182795 0.16494205756247002 0.17414898464377856 0.17414898464377856 0.17414898464377856 0.17896499588156806 0.18973665961010278 0.20180183819889375
0.25724596755384166 0.2550161602517325 0.28803807840415285 0.31509482146751217 0.33526913445458867 0.33526913445458867 0.373811453166556 0.36179561552860784 0.3638544104186731 0.381244422705493 0.4412353386785699 0.4124913586643351 0.3924042621490166
0.26261286571944514 0.26261286571944514 0.2785430072655778 0.2785430072655778 0.2747787395427419 0.295378269592824 0.31622776601683794 0.295378269592824 0.3091734712004211 0.35355339059327373 0.33476703170599303 0.3091734712004211 0.29950940277884625
0.20196804774865085 0.18421169450549388 0.18421169450549388 0.18421169450549388 0.18569533817705186 0.21332320468852 0.19793778141300902 0.20504514628777806 0.2015467057067874 0.18256541055026876 0.17095141921142126 0.17095141921142126 0.19180079325130983
0.3829289952257669 0.4426578203826811 0.469262457358364 0.469262457358364 0.469262457358364 0.5202889936782011 0.5014771080925114 0.5014771080925114 0.47598581911649424 0.44721359549995787 0.47216326024998695 0.4972144630058766 0.4188779244557181
0.1569847123187392 0.1569847123187392 0.1517974552192182 0.15068474390047779 0.16520873612804213 0.14405657618805787 0.16785138383142306 0.18103369562358723 0.17495514357023925 0.19199748124393784 0.20911885547191095 0.23500799597021085 0.2643863511101743
0.4060427190027822 0.4060427190027822 0.4188779244557181 0.405170445774066 0.41370744029307255 0.42176369614348674 0.3720326659021623 0.3183258722547471 0.36055512754639896 0.3301935459359825 0.3535533905932738 0.3032153469062808 0.318879190013764
0.25308553412176554 0.26739622698057075 0.2844308833686883 0.28211328665029206 0.2713232900741608 0.28903391564147424 0.3297034369954087 0.32442289545953995 0.2941407307685644 0.31589391818304596 0.3380554526700563 0.31359153960079844 0.3401016819999437
0.11891287353862351 0.12140522651411392 0.12140522651411392 0.11904761904761904 0.12140522651411392 0.12140522651411392 0.11904761904761904 0.11351915229662496 0.10828702045605249 0.10828702045605249 0.10380684981717496 0.10380684981717496 0.10380684981717496
0.23782574707724702 0.26160832178497173 0.2630719922860368 0.2512145030008985 0.2576910974077372 0.2576910974077372 0.25956433926396616 0.2336404352547951 0.2245111537856303 0.23474178999980527 0.2222811493099825 0.21191321032427818 0.21191321032427818
0.09436158958517547 0.09372184261837677 0.09776923610938036 0.09879149639396985 0.09879149639396985 0.09879149639396985 0.09879149639396985 0.09879149639396985 0.10717502734539651 0.11124853987249621 0.11124853987249621 0.11124853987249621 0.11704114719613058
0.14907119849998599 0.17281802205591434 0.19242597635797498 0.2081338005725335 0.20266980709997023 0.20266980709997023 0.20266980709997023 0.22138190268193156 0.20355218677369763 0.2152095893008094 0.21242322438647798 0.21242322438647798 0.21242322438647798
0.20952908873087345 0.2469323991623974 0.272833653069395 0.32020007790074073 0.3615507630310937 0.33520076157699547 0.3021458833601091 0.3064810529839492 0.32589745369793455 0.31868871959954903 0.3100868364730211 0.3100868364730211 0.3100868364730211
0.19785928804315084 0.18901895608159747 0.1821260215015379 0.20773213301513693 0.20929508182900775 0.20180520299182 0.23274601501423722 0.22253956533084682 0.22369009115807667 0.23209823381627825 0.2419168894551116 0.2226716634060287 0.2310415250398811
0.2208630521496931 0.17806548535067296 0.17806548535067296 0.14398509407946772 0.14398509407946772 0.13534757300092742 0.13170777796132696 0.1245429600784785 0.1245429600784785 0.15838720020983835 0.15838720020983835 0.18077538151554684 0.18077538151554684
0.15431628222912766 0.15353379694353828 0.15353379694353828 0.1470860091779183 0.1470860091779183 0.12430275254090709 0.13796386760448226 0.14916330304908848 0.13796386760448226 0.16651128273333848 0.18389229917967964 0.2079770587464293 0.20159542687314888
0.31622776601683794 0.32829526005987014 0.3337456196174886 0.3337456196174886 0.33541019662496846 0.291547594742265 0.32596012026013244 0.31907672235863777 0.3511455074763373 0.3100868364730211 0.290100699484824 0.3243424421841523 0.31907672235863777
0.15315536095166304 0.14792991052126087 0.1304691531270214 0.15195420302696422 0.14392274932567703 0.1571468165481551 0.16269784336399212 0.16996265428511204 0.1610311422417263 0.16185183776176312 0.1458479751046938 0.14623834504274671 0.14623834504274671
0.33556416045985005 0.33556416045985005 0.33556416045985005 0.3649612600146424 0.339934634239519 0.339934634239519 0.38005847503304596 0.30456556107917904 0.3073181485764296 0.3511455074763373 0.3100868364730211 0.3100868364730211 0.32015621187164245
0.1336565856180998 0.13045179451204722 0.11536504413126693 0.12706343394483943 0.15688623337548055 0.19668603329733964 0.19751621938191644 0.20621298708284264 0.18439088914585774 0.2145331123364785 0.2389560134263796 0.30586421446772466 0.2936926196682509
0.362245385694578 0.3511455074763373 0.3 0.2876118708177639 0.29138575870717925 0.2985873603565728 0.33159991891444485 0.36009450119729836 0.3121321364233989 0.3535533905932738 0.3535533905932738 0.39528470752104744 0.4645079491836192
0.17044400529306838 0.17819573059882796 0.17819573059882796 0.1946002529597976 0.20690857983595093 0.21526186855556143 0.22363366539458823 0.23817025556062638 0.22343230939117825 0.21046021788725963 0.21046021788725963 0.2251981640567078 0.19765945746208216
0.48311746980062314 0.5384686189633036 0.4665537630253382 0.49239912322395957 0.5079640961089473 0.5191456396060273 0.5089865985592876 0.5296749527356901 0.4322680535305527 0.4088517620282558 0.4241889976560968 0.43987856356605004 0.4913786640188923
0.19765945746208216 0.16641005886756877 0.19252286344763223 0.19065714874599515 0.21559172501472962 0.21322079925284534 0.2414213562373095 0.22152301163635998 0.21141360677947407 0.2344891501844154 0.2517840925244874 0.2406587401069774 0.2580214940699027
0.5340738706666515 0.4249182927993988 0.40199777355695815 0.3294489116173457 0.2357022603955158 0.19059062496562187 0.19059062496562187 0.1654040222184386 0.20008894819207806 0.20651164331225835 0.242535625036333 0.2558147307537004 0.20956841107122734
0.17056915222594507 0.18290236014088862 0.1980320871625633 0.19317820823090084 0.21291668679867276 0.22381812541784588 0.2340792107005453 0.28130792050493514 0.2802993059771529 0.27008929038146506 0.3197039725421156 0.29740150206346117 0.29740150206346117
0.21861865804880154 0.242535625036333 0.2779016001448306 0.337714516848937 0.37642628880370066 0.37642628880370066 0.38348249442368526 0.3377314021526574 0.3377314021526574 0.2838231060987733 0.2442983782441711 0.20387445199445448 0.20215188501566
0.29565724847503616 0.3165765130091468 0.28984977448626076 0.23650607963026882 0.21520106824074392 0.20559343646938977 0.2084867948761484 0.2174529535540224 0.22156355430454994 0.19826146175091103 0.1851229586821916 0.17129270248324668 0.16948843158738516
0.12288478807785606 0.09879149639396985 0.128036879932896 0.12654736218287932 0.12654736218287932 0.12654736218287932 0.14314958357846708 0.14314958357846708 0.15597711069385367 0.15597711069385367 0.15597711069385367 0.15597711069385367 0.1810714920850371
0.24559607855287355 0.2335531056843124 0.2335531056843124 0.23840736844980157 0.2436918772338517 0.2350335888211051 0.24419210056673826 0.24435952746372516 0.25375797082771456 0.25375797082771456 0.26697971129628895 0.2776421679030429 0.2776421679030429
0.2222222222222222 0.19444444444444445 0.2222222222222222 0.2222222222222222 0.2222222222222222 0.23684210526315788 0.2 0.19026059766179762 0.18163064367459994 0.17510104899311874 0.17510104899311874 0.20454545454545456 0.22703830459324992
0.3648951167758504 0.3645187421354381 0.3490301116986395 0.3490301116986395 0.3490301116986395 0.34782608695652173 0.34870068254388015 0.3490301116986395 0.33448719037786284 0.3490301116986395 0.3652515411787608 0.36487479890090885 0.3586942162008005
0.20433447413392491 0.20433447413392491 0.20433447413392491 0.20433447413392491 0.18107149208503706 0.18107149208503706 0.20433447413392491 0.20433447413392491 0.20433447413392491 0.20454545454545456 0.17374889710522776 0.15217391304347827 0.15371886547533642
0.36505131246133066 0.36467477671134946 0.36467477671134946 0.36467477671134946 0.38722257259476306 0.36505131246133066 0.36467477671134946 0.36467477671134946 0.36467477671134946 0.36467477671134946 0.3472752247563754 0.369620854785405 0.377241695546146
0.17926546198337653 0.17926546198337653 0.18741389207353001 0.20023571015840683 0.19967139984847204 0.21081851067789195 0.23112508176051216 0.23112508176051216 0.2557041559783794 0.27416950763883086 0.28574704923548905 0.30413812651491096 0.2765863337187866
0.3566363989039678 0.36805412387499975 0.36805412387499975 0.36805412387499975 0.36805412387499975 0.36487479890090885 0.36487479890090885 0.36487479890090885 0.36375152851178666 0.36375152851178666 0.36375152851178666 0.36692106590500995 0.3456962673166644
0.1178511301977579 0.1178511301977579 0.1386750490563073 0.1460515594592465 0.14482111159087308 0.14314958357846708 0.16693966712263567 0.16693966712263567 0.1892829244219008 0.1892829244219008 0.20542018457128153 0.20542018457128153 0.20542018457128153
0.20632090648224877 0.19785928804315084 0.1894081711089433 0.19064397399840577 0.19785928804315084 0.19655929992147217 0.1889081104262141 0.18140083341695254 0.18939856934881744 0.15196320885772824 0.1715728108357822 0.17918784102433225 0.17918784102433225
0.2109122703047989 0.2188440547662043 0.2258769757263128 0.2258769757263128 0.23945657130528786 0.20761369963434992 0.170293863659264 0.15158476564770812 0.1491374965679734 0.1463014339951632 0.15474611514754325 0.16413304107465318 0.17677669529663687
0.16801428045829672 0.21587415986661782 0.22379848529006727 0.2344891501844155 0.23171230030213794 0.2210326107542875 0.19972729071959147 0.23382830579800593 0.1608245494994372 0.15318261044390516 0.13345893740850573 0.14346340611048733 0.13749634886090503
0.13622298275594996 0.13622298275594996 0.13622298275594996 0.13622298275594996 0.13622298275594996 0.13622298275594996 0.13622298275594996 0.14466375430616596 0.15187933259934655 0.14466375430616596 0.14466375430616596 0.1504142093990467 0.1504142093990467
0.28539089649269644 0.28539089649269644 0.30917347120042116 0.30917347120042116 0.30917347120042116 0.30917347120042116 0.32636898871828884 0.3178035116284253 0.3110092306244466 0.321146142248975 0.321146142248975 0.35499965272263584 0.3538010010639698
0.1358036190637778 0.129944424547263 0.129944424547263 0.10540925533894598 0.12403473458920847 0.1508957147457294 0.14470719035407653 0.13900275738816908 0.13900275738816908 0.11914522061843064 0.11462410798513052 0.11914522061843064 0.12329924047901797
0.3302045952334769 0.3320836216897525 0.3411660424174653 0.32455657281832917 0.3010502557098937 0.2973536175798716 0.2796567826231326 0.26749779207430074 0.2672453165182114 0.27124053129994985 0.2838375440535138 0.2838375440535138 0.2906055552826549
0.17374889710522776 0.17374889710522776 0.17374889710522776 0.17374889710522776 0.16652217884872533 0.1875 0.1875 0.18 0.16 0.16 0.16 0.16 0.16666666666666666
0.38636363636363635 0.38636363636363635 0.38636363636363635 0.38636363636363635 0.3890373383280901 0.41121480527598164 0.41121480527598164 0.41121480527598164 0.41121480527598164 0.4105058579158761 0.41008243762999946 0.41008243762999946 0.41008243762999946
0.16652217884872533 0.1598721533954863 0.1598721533954863 0.1520302849670743 0.15217391304347827 0.1267242193812129 0.1267242193812129 0.1267242193812129 0.1322339680499613 0.13622298275594996 0.13824460296132315 0.1535737792084878 0.1605403247669839
0.35020209798623747 0.3385861584365332 0.33476703170599303 0.32141217326661253 0.2844078810934395 0.27759490250701585 0.27759490250701585 0.27232126523821526 0.27059854062917865 0.27059854062917865 0.2708333333333333 0.2914138129852693 0.3137083812010913
0.1605403247669839 0.15892681321527494 0.16666666666666666 0.1664780229540729 0.1664780229540729 0.1664780229540729 0.1664780229540729 0.1664780229540729 0.1664780229540729 0.13767686092000675 0.13767686092000675 0.15843755557440742 0.15892681321527494
0.34217096844158384 0.3273226763137156 0.34917951626735977 0.35020209798623747 0.35020209798623747 0.32867482820160654 0.34197094625202445 0.34197094625202445 0.35821927016591554 0.3409181855817286 0.3409181855817286 0.326209402580868 0.28176687428019115
0.18163064367459994 0.17374889710522776 0.16652217884872533 0.16652217884872533 0.1598721533954863 0.15339299776947407 0.15339299776947407 0.14774337103062354 0.14889314223142402 0.14889314223142402 0.14889314223142402 0.14889314223142402 0.1491987733615888
0.33563618167167314 0.3563083987754626 0.3551555420406526 0.3538596300535413 0.34083514362792533 0.32774584974855103 0.32774584974855103 0.3289422295696032 0.3167761936210674 0.270065775492433 0.27023795643150045 0.2910371094537981 0.2910371094537981
0.15492886822586965 0.1736290840370052 0.1736290840370052 0.1736290840370052 0.1736290840370052 0.17294904945541978 0.17256712249065834 0.1794267501365025 0.20035739133042063 0.20331122226812512 0.20250793496156508 0.22641075427858287 0.2324265088558692
0.2983975467231776 0.2687975160046095 0.2622428058237254 0.25375013128877094 0.25375013128877094 0.25519804244606503 0.2653899706659962 0.26704389865840067 0.2865794756306708 0.28492422502470643 0.28492422502470643 0.27396560098529465 0.2755571881064143
0.14314958357846708 0.11624763874381927 0.13085598064755344 0.12437964877624864 0.12484404235973057 0.12484404235973057 0.12484404235973057 0.11351915229662496 0.11891287353862351 0.11891287353862351 0.11891287353862351 0.12126781251816647 0.11533755803543778
0.17429553284237728 0.18944271909999158 0.18944271909999158 0.1973361657291579 0.18617745583356377 0.18569533817705186 0.19280747181992478 0.19280747181992478 0.16698563195419786 0.16698563195419786 0.1730050524175976 0.20939828949642694 0.21845858733125323
0.13435230372511478 0.12899199629493716 0.13545709229571928 0.13697692318338522 0.15923243882462051 0.13697692318338522 0.15144563320384566 0.15811388300841897 0.13697692318338522 0.13697692318338522 0.13767686092000675 0.13767686092000675 0.14314958357846705
0.20939828949642694 0.20939828949642694 0.21673383660095832 0.2249157107819301 0.24216837218438914 0.26925624101545226 0.2671861458519573 0.2774360613246639 0.35313720046596786 0.35313720046596786 0.3042095621983066 0.3063616526325344 0.29019492453668444
0.20761369963434992 0.1752618713510958 0.1752618713510958 0.1752618713510958 0.1752618713510958 0.20447218324294508 0.26451062418581084 0.2670369353333257 0.22594479646818832 0.2619113609135918 0.28187240871451136 0.27323530929690504 0.2836292378342815
0.3353460578067924 0.3413984184305702 0.3601556439995293 0.3709861650809078 0.3670370573612695 0.4050341724855164 0.4043068869533883 0.40965889963379165 0.40965889963379165 0.40965889963379165 0.43720329753480514 0.42871310491097764 0.49032818364709785
0.2711630722733202 0.25886349545339626 0.20042487950636712 0.1535737792084878 0.14680505487867587 0.19059062496562187 0.1914103733721941 0.23570226039551584 0.26261286571944514 0.3389171947022825 0.3659819207224688 0.3659819207224688 0.3389171947022825
0.4885736399240912 0.4973817994279574 0.44584740355331687 0.38801015935093924 0.34758861296965843 0.34758861296965843 0.33072821865203444 0.3515667320750764 0.3638225881819334 0.3831667112306769 0.3438257374418598 0.34015838419650746 0.3289422295696032
0.13840913308956665 0.15811388300841897 0.1681681984990781 0.13416407864998736 0.13416407864998736 0.13416407864998736 0.13416407864998736 0.1414213562373095 0.1414213562373095 0.1355815361366601 0.12253577034896797 0.12253577034896797 0.12253577034896797
0.15101330108226502 0.14617633655117154 0.1327963600457627 0.13724549298412536 0.13131522628083234 0.11117976178872119 0.1414213562373095 0.16668114086798919 0.18031763881287938 0.1812366279990531 0.19278101655772556 0.20069241635091153 0.2035716606692842
0.1767766952966369 0.1632617890527538 0.15458673560021055 0.15458673560021055 0.16422836039139668 0.16422836039139668 0.19591258953571414 0.2088829228819295 0.19591258953571414 0.19235384061671343 0.19235384061671343 0.2109122703047989 0.2109122703047989
0.22235952357744238 0.21080891181316658 0.21810903268328038 0.225923932826886 0.23431237614540032 0.2354209910764866 0.2354209910764866 0.2491272258584623 0.2491272258584623 0.261404751021036 0.25047904932979903 0.2325348960778202 0.20586550599000805
0.1605403247669839 0.1605403247669839 0.1605403247669839 0.1605403247669839 0.1605403247669839 0.1520302849670743 0.1516018286384735 0.15314097295792223 0.1516018286384735 0.1605403247669839 0.1516018286384735 0.18107149208503706 0.19026059766179762
0.3210806495339678 0.3210806495339678 0.3071475584169756 0.31168766221690675 0.31168766221690675 0.325826705418464 0.34776090694680883 0.34776090694680883 0.34614739539509987 0.34197094625202445 0.34669032182981996 0.3680091047957925 0.3680091047957925
0.18304413303674952 0.18304413303674952 0.20454545454545456 0.21428571428571427 0.22471927624751503 0.19026059766179762 0.19026059766179762 0.19026059766179762 0.21536037355497312 0.21536037355497312 0.1917412472118426 0.21536037355497312 0.18304413303674952
0.4244395252126401 0.4057844195813649 0.40608059852708134 0.407562925867523 0.3824347082928226 0.3635521220923582 0.3807120206682936 0.3820018448736402 0.3820018448736402 0.4320002465051624 0.3842227207264044 0.4006938426723769 0.38137000551314904
0.173259232729684 0.173259232729684 0.16609095970747995 0.16609095970747995 0.16738351585299652 0.17460757394239454 0.17859152928948988 0.17859152928948988 0.17859152928948988 0.17859152928948988 0.17859152928948988 0.1866442219137 0.18504094166915772
0.3479556151304498 0.33007736345723876 0.3097085357351314 0.3115559826701162 0.3320463127856113 0.33007736345723876 0.33007736345723876 0.3504860056015791 0.3865858616295951 0.38475540497421995 0.38475540497421995 0.36814026582367115 0.3602984209516805
0.16927284226638314 0.17541160386140586 0.182439095778945 0.192055319899344 0.192055319899344 0.2026287101093622 0.19341344090855628 0.19341344090855628 0.19341344090855628 0.1883271834539073 0.1883271834539073 0.1830211245352399 0.17149858514250885
0.15115052959555442 0.17570444931043694 0.17570444931043694 0.17570444931043694 0.18246211251235323 0.1739845866889015 0.1739845866889015 0.1739845866889015 0.1739845866889015 0.16975299657154494 0.16059109736213367 0.16059109736213367 0.14724708240394754
0.17149858514250885 0.17149858514250885 0.15838720020983835 0.15838720020983835 0.15757146671681288 0.1491987733615888 0.18143359519722957 0.17896499588156806 0.2171861213815347 0.2065480961930069 0.22360679774997896 0.1941450686788302 0.16870547845739467
0.14537024223241496 0.13979281267013335 0.1255089867003844 0.12680070841470978 0.12908672249276668 0.11124459509535937 0.0958504372063666 0.11046417890147038 0.11851136578499431 0.11851136578499431 0.11242975334937921 0.1201904934551029 0.1242437972700526
0.16007269816574263 0.16007269816574263 0.16007269816574263 0.15187933259934655 0.15187933259934655 0.18395591592967286 0.21099892877738854 0.1977872705736595 0.1977872705736595 0.1977872705736595 0.22251067939536695 0.23394386020951638 0.23394386020951638
0.1500877638211414 0.1757706863331389 0.2022349410479746 0.19252286344763223 0.17476280746306772 0.21469810990307972 0.22521532369440508 0.2656746548550711 0.2547788246813312 0.2698978095246549 0.27137327465928585 0.2810204284778564 0.32139823478337703
0.19932649433716348 0.2105011213762446 0.2105011213762446 0.1911866798979393 0.18931642286025205 0.19733805434408158 0.19048145799711835 0.19048145799711835 0.19048145799711835 0.21035158095583562 0.22876984097211833 0.20532539058829544 0.1986281072758838
0.3273227833485027 0.3162085253768444 0.32618976189473153 0.3679014737680089 0.3679014737680089 0.3599438569986765 0.41504148244330524 0.4499093440944339 0.45169399744780697 0.49358821295039546 0.5404577478702227 0.5757673362461394 0.6195260879446111
0.13622298275594996 0.13622298275594996 0.13622298275594996 0.13622298275594996 0.13622298275594996 0.1422698148547976 0.15480223050701883 0.15187933259934655 0.124891634136544 0.14532958974404495 0.16666666666666666 0.1873507046502662 0.2004094170098539
0.2576910974077372 0.2576910974077372 0.2789532026422449 0.2789532026422449 0.2789532026422449 0.253602140595626 0.2634736922190852 0.22858056649026884 0.2662262660681701 0.24272182187525795 0.09513029883089881 0.20370542859566668 0.22633936510629632
0.18719704870198955 0.2024845673131659 0.22198839193490763 0.24554860546755064 0.2481160243949624 0.22766042320237156 0.24087440257466058 0.23550106338027926 0.22360679774997896 0.20130496956873 0.21187142979276594 0.22360679774997896 0.19109383541230276
0.4725818566883412 0.39043440472151514 0.3553587813481308 0.362421624158357 0.3642913955919285 0.2938507082299913 0.2938507082299913 0.2683694480838308 0.32605707420630536 0.3162203479667375 0.3001293755469291 0.30437968095485524 0.2355407651655962
0.1118033988749895 0.1118033988749895 0.11056644552171162 0.12403473458920847 0.11752512368056713 0.11752512368056713 0.11768778828946262 0.10307764064044152 0.09513029883089881 0.11351915229662496 0.1303116728289208 0.124891634136544 0.12456821978060995
0.14147911460452758 0.14147911460452758 0.20611564746694744 0.18639115706680703 0.19398886028054727 0.19398886028054727 0.1650879586974274 0.15168668220223594 0.14839446603236314 0.16257351978077542 0.20103422124662826 0.19048869247101796 0.21072333865288903
0.07905694150420949 0.07905694150420949 0.07905694150420949 0.07905694150420949 0.09002631923284136 0.07432941462471665 0.05583195306044417 0.05583195306044417 0.05876256184028356 0.05884389414473131 0.0744322927564787 0.07432941462471665 0.07432941462471665
0.21841799838463088 0.21841799838463088 0.21841799838463088 0.22242579225496764 0.21544866063128393 0.21544866063128393 0.23696246892345518 0.23274601501423722 0.22974277000789103 0.2199227434166267 0.2345198805327489 0.21688543259269097 0.21688543259269097
0.07432941462471665 0.07402332101976053 0.07402332101976053 0.07352146220938079 0.07402332101976053 0.0703597544730292 0.0703597544730292 0.0703597544730292 0.06992836012750657 0.07495316889958614 0.08545976121261312 0.08545976121261312 0.08185982487053739
0.20044315434171373 0.1985383614888746 0.1964438864348247 0.20342957696339284 0.2050412188149997 0.18703450459938087 0.19477591735951844 0.19704708489173428 0.216673061875854 0.20615632506015316 0.21601433649843685 0.23663804656846554 0.23518021709589934
0.09513029883089881 0.09090909090909091 0.09523809523809523 0.09523809523809523 0.09523809523809523 0.09987523388778446 0.09987523388778446 0.09987523388778446 0.12126781251816647 0.09805806756909201 0.12684285124078176 0.12126781251816647 0.12731644162961409
0.23099897187685675 0.23994061473554165 0.23994061473554165 0.23994061473554165 0.24821342694262916 0.25276188550732764 0.2660293096304744 0.26279416561381835 0.26533585606047944 0.2514625633024505 0.2798543359370784 0.251754566487131 0.24299686085514
0.11904761904761904 0.11363636363636363 0.13824460296132315 0.1654570429381936 0.1654570429381936 0.17333594974477423 0.17333594974477423 0.1654570429381936 0.1654570429381936 0.1654570429381936 0.13824460296132315 0.13824460296132315 0.1322339680499613
0.26160832178497173 0.2724459655118999 0.3108636467454263 0.318163629037589 0.318163629037589 0.32615561038481256 0.32615561038481256 0.3269730242871661 0.32615561038481256 0.31133035536732107 0.31133035536732107 0.31133035536732107 0.32615561038481256
0.13339263212805205 0.13085598064755344 0.13840913308956665 0.12064325310827767 0.1245429600784785 0.12760691558146275 0.11401754250991379 0.10754457819403256 0.10754457819403256 0.09587062360592132 0.06669631606402603 0.09432283473806813 0.09587062360592132
0.2839515631236401 0.26294845366080405 0.26294845366080405 0.2524987864848695 0.2535568562580438 0.270685551301211 0.26041405355008423 0.2843314105417143 0.3006063239516909 0.2891994455069363 0.2948968965551717 0.291372696160875 0.2900006004951582
0.09159291318091398 0.08261923847720276 0.08304547985373997 0.07844645405527362 0.07844645405527362 0.0831890330807703 0.07856742013183862 0.07432941462471665 0.10015420209622192 0.0744322927564787 0.0744322927564787 0.0703597544730292 0.06704015231539909
0.291372696160875 0.26315574657626273 0.2807360206848402 0.27123936702047025 0.25425379313641894 0.2295222838052869 0.2325612812142741 0.21554452798082557 0.2059984350803465 0.2035724355424873 0.2035724355424873 0.2035724355424873 0.21304893022330162
0.06666666666666667 0.10599978800063599 0.12684285124078176 0.14337208778404376 0.14417529904228596 0.165915912098992 0.165915912098992 0.18107149208503706 0.17245224542369075 0.19847311068007806 0.19847311068007806 0.17883310446103107 0.17883310446103107
0.1968972551266188 0.18286762924495617 0.18286762924495617 0.18286762924495617 0.1655382009797906 0.16898447899085903 0.1635718966201258 0.16244767782320865 0.16244767782320865 0.1679743874393525 0.1701775427005689 0.18523509186964457 0.22324958545186574
0.1510779149200996 0.15107294168005456 0.15679274119479095 0.16567837615188147 0.2039170176846942 0.2039170176846942 0.23945657130528786 0.2795084971874737 0.24806946917841693 0.23702273156998863 0.2442793214651535 0.2992106733173585 0.3183962103872953
0.20336894085269824 0.20336894085269824 0.2171891880559782 0.23362908678651392 0.233413671078014 0.2196930239333913 0.2189913268432564 0.2189913268432564 0.20936614800877498 0.1739227136411018 0.166057280104638 0.1911963788338224 0.17675498029731085
0.1654040222184386 0.1632617890527538 0.1632617890527538 0.1632617890527538 0.17344447973881214 0.17344447973881214 0.1632617890527538 0.17344447973881214 0.18318582636182795 0.17541160386140586 0.20013807388596638 0.2731581677625339 0.2462214450449026
0.24958554355679763 0.273600567003022 0.24415371447220072 0.20946993566562264 0.19018440033831038 0.16757103374750248 0.1477339344402243 0.1326066227710599 0.12850663977518656 0.10922937963831941 0.11179067758100635 0.1084761462680686 0.11322572490584397
0.2462214450449026 0.23449661432847865 0.21390352260103637 0.21283595866099625 0.188078730597111 0.188078730597111 0.24211709905575116 0.24211709905575116 0.23375024119288512 0.20319840737609382 0.19418190330267115 0.23449661432847865 0.23449661432847865
0.12254496602574255 0.1131172541257797 0.13723931091704855 0.18777393947729643 0.21664518240480243 0.1961967375220755 0.23200170460802483 0.21846554554296485 0.18836024067171134 0.17972591204988592 0.16208884799356785 0.15517443658052896 0.15517443658052896
0.26589726863219815 0.2926028679903264 0.3063394258724199 0.33895384034165027 0.3739608847125849 0.3739608847125849 0.4152273992686999 0.45799593226643703 0.45799593226643703 0.4949747468305833 0.5320318141236193 0.5084196751087982 0.5364101500313018
0.15373248840481757 0.1709625926105914 0.1744008143894414 0.17929034695502663 0.166509916434585 0.17322763256416357 0.1760188931746721 0.17687270025407179 0.19389281128899966 0.20010127392882726 0.2161834208683422 0.21389536699874412 0.2001860233058811
0.58738626510533 0.58738626510533 0.6305085119223668 0.7376433061167325 0.7453559924999299 0.7866459694094409 0.8182630722729364 0.7715549427636184 0.7684385060345175 0.70174983447713 0.6530851937307033 0.6850772620796776 0.7363704090404127
0.17961999901244044 0.17673277181487135 0.19912015932027188 0.22522937222648148 0.23281875544683409 0.22635551020883313 0.22842483431614186 0.22883140509348027 0.2342408647860856 0.2508982799024048 0.25048162041771665 0.25048162041771665 0.24180997506358687
1.2744898290391822 1.2439040546992752 1.2547208152909253 1.2547208152909253 1.2439040546992752 1.2764841419719566 1.3089061441209782 1.383478492371133 1.4864584836211912 1.5880806024884253 1.5504837954651443 1.4886235252742717 1.5504837954651443
0.24621572221730692 0.2667144507411709 0.2784712685545126 0.3019002591710103 0.3290060303925549 0.3210806495339678 0.3333333333333333 0.33663398378642617 0.31758975230229025 0.3034235448288049 0.3267971590536157 0.3120188603766914 0.2719136228905931
0.905613464236445 0.8551315688243534 0.7591113225344488 0.7079813724684967 0.6609698844265235 0.6642665127793211 0.5747318871277701 0.5270462766947299 0.48534065928536785 0.44553097992985097 0.2948048019361883 0.26465657643118534 0.30456556107917904
0.2592798744953051 0.25802426681530216 0.28939084891576333 0.3124616129418078 0.3124616129418078 0.3124616129418078 0.3124616129418078 0.3124616129418078 0.32563021358578825 0.3124616129418078 0.31645682772354616 0.329793805492167 0.35020209798623747
0.14466375430616596 0.14466375430616596 0.14466375430616596 0.14466375430616596 0.14466375430616596 0.16835875742536846 0.14482767929281476 0.14482767929281476 0.15058465048420855 0.17333594974477423 0.1963383631246505 0.1963383631246505 0.19398161247752696
0.22633936510629632 0.22633936510629632 0.22633936510629632 0.22633936510629632 0.22633936510629632 0.22703830459324992 0.24974213505257492 0.24974213505257492 0.23890473351968816 0.2856829393325278 0.2989506895946294 0.2989506895946294 0.27460823932495954
0.20589806935130187 0.21670562052436673 0.21670562052436673 0.21670562052436673 0.21187142979276594 0.21187142979276594 0.21216467758680393 0.21216467758680393 0.22395160411940415 0.21216467758680393 0.21216467758680393 0.21216467758680393 0.21187142979276594
0.2724459655118999 0.2727272727272727 0.25199025730135033 0.22928642684202533 0.22928642684202533 0.22928642684202533 0.1923499383506619 0.19254854443180863 0.19254854443180863 0.16460547016180194 0.15012616535145432 0.15012616535145432 0.12174479397233387
0.22258185668834118 0.21187142979276594 0.21187142979276594 0.22360679774997896 0.21187142979276594 0.22188007849009164 0.22258185668834118 0.22360679774997896 0.21187142979276594 0.2261021771538605 0.2261021771538605 0.23020103975273848 0.2192645048267573
0.11637892387891279 0.13450686747146848 0.1291615156415334 0.09589767780536652 0.09787190207500472 0.11961783342433499 0.1520302849670743 0.1520302849670743 0.1520302849670743 0.1806734532419032 0.1628239159657376 0.15930792021846085 0.1526818438828457
0.18318582636182795 0.18318582636182795 0.18318582636182795 0.18318582636182795 0.18318582636182795 0.19425717247145285 0.19425717247145285 0.19429791005656494 0.1688889870088808 0.15976709775647027 0.15976709775647027 0.15976709775647027 0.17329174830334546
0.2877597838695313 0.3385861584365332 0.33476703170599303 0.32146326812000997 0.33476703170599303 0.29651742278276144 0.30628194591584446 0.32229070624227846 0.2848778190674648 0.3047428015963957 0.3047428015963957 0.3047428015963957 0.32774854690031674
0.14755260679422702 0.17329174830334546 0.17329174830334546 0.16439898730535732 0.16439898730535732 0.15732919388188818 0.15791661046371636 0.15732919388188818 0.15791661046371636 0.15058465048420855 0.1504142093990467 0.1504142093990467 0.14359163172354764
0.32774854690031674 0.32867482820160654 0.3150042931882025 0.3150042931882025 0.3152776158367505 0.3026665112032805 0.28261670947211076 0.26926851227320797 0.2856434072558691 0.2856434072558691 0.28541516638262293 0.2839949458676181 0.27499269772181006
0.14359163172354764 0.1576682817005659 0.15693391216720523 0.16443317655129316 0.15811388300841894 0.17106433228568374 0.1816770099591922 0.1807753815155468 0.17323973216880928 0.16760038078849773 0.17323973216880928 0.1396703372991148 0.15050559358926652
0.2440269075187465 0.2553890519761239 0.2553890519761239 0.24562532499534442 0.22645120027416016 0.20195215643678943 0.21653050915275304 0.22557596382155326 0.24337995712106716 0.2400941539182226 0.25345224136691946 0.26538862048927425 0.27716555928944075
0.2473882046248949 0.23109839141089253 0.23910111850472415 0.24766817023271095 0.2345339644267237 0.2345339644267237 0.25595503313356227 0.25258479014475743 0.23665295040976003 0.23665295040976003 0.23665295040976003 0.24484802682944865 0.24484802682944865
0.31133035536732107 0.28899706698317823 0.28199287231801534 0.3020220044827146 0.3212455680964412 0.3382117610857302 0.3382117610857302 0.3382117610857302 0.3519382130508766 0.3760804346031163 0.35459830152369604 0.3773255742509688 0.3639849936787417
0.25 0.25 0.25 0.25 0.25 0.25 0.22774375933713847 0.22774375933713847 0.22774375933713847 0.19591258953571414 0.19591258953571414 0.18683056596113626 0.2065480961930069
0.17247742283921075 0.17887881874013034 0.18003829027346893 0.18003829027346893 0.20453970360914123 0.20586550599000805 0.1924460939855531 0.1924460939855531 0.20691469992941697 0.20323116922847403 0.21273616450256275 0.2118033988749895 0.2065304749518029
0.20098841126645742 0.22766042320237156 0.20098841126645742 0.18519929937179805 0.18519929937179805 0.18519929937179805 0.17556172079419585 0.17556172079419585 0.17556172079419585 0.17556172079419585 0.17556172079419585 0.17556172079419585 0.1668728098087443
0.2080125735844609 0.18297899853792207 0.17541160386140583 0.19093929847334365 0.19093929847334365 0.17160535822942907 0.17030244155634033 0.17537912032949904 0.18435957325859856 0.20697146735179942 0.1786244943058335 0.18507293022475818 0.17716062822905473
0.15892681321527494 0.1520302849670743 0.1520302849670743 0.1520302849670743 0.1520302849670743 0.15892681321527494 0.15892681321527494 0.15892681321527494 0.1516018286384735 0.1508957147457294 0.14384911389218763 0.14384911389218763 0.14384911389218763
0.33351629288748974 0.35179877236514595 0.356998888398814 0.3583318073667782 0.4030862911342315 0.4030862911342315 0.42547997397502213 0.42547997397502213 0.4479570263889692 0.4747579934009714 0.4763754659549399 0.5057041559783795 0.4763754659549399
0.14384911389218763 0.14992352790734176 0.14992352790734176 0.12329924047901797 0.12237255246720063 0.12745778659862622 0.12745778659862622 0.13297266215338088 0.1422698148547976 0.1422698148547976 0.1422698148547976 0.13480685448343155 0.13480685448343155
0.5009106434725765 0.4723621217715578 0.4723621217715578 0.4763754659549399 0.47883313729275084 0.45231554770872523 0.41035497008699756 0.43062266916500297 0.3801971705626429 0.3960589878850869 0.39666971914668103 0.37579236550738204 0.39666971914668103
0.15206906325745548 0.15206906325745548 0.15206906325745548 0.15206906325745548 0.14482767929281476 0.16666666666666666 0.16835875742536846 0.1917412472118426 0.18304413303674952 0.17510104899311874 0.17510104899311874 0.16781809083583657 0.14130835473605538
0.3214043146821967 0.30812955104098516 0.30812955104098516 0.30812955104098516 0.31009121114127797 0.31009121114127797 0.3245945101352995 0.34826301657349623 0.34826301657349623 0.34826301657349623 0.35003089446932106 0.35003089446932106 0.3284354704859587
0.18304413303674952 0.18304413303674952 0.18304413303674952 0.18304413303674952 0.19611613513818402 0.18722058217982493 0.18722058217982493 0.1917412472118426 0.1917412472118426 0.2 0.19047619047619047 0.1681681984990781 0.1681681984990781
0.38636363636363635 0.38636363636363635 0.38636363636363635 0.3876223895031231 0.3927682319452599 0.3988429711091747 0.39390485107898887 0.38681455360084105 0.38681455360084105 0.38391703563326424 0.38391703563326424 0.38391703563326424 0.3834824944236852
0.15919317118967338 0.15919317118967338 0.1656472891122698 0.1656472891122698 0.1656472891122698 0.19325517063098144 0.22258185668834118 0.22360679774997896 0.22360679774997896 0.21216467758680393 0.21216467758680393 0.22360679774997896 0.2511511956509925
0.2524209411581757 0.280500251342787 0.280500251342787 0.29359621843106515 0.31873448266646187 0.31725883251014997 0.31725883251014997 0.31725883251014997 0.31873448266646187 0.33526913445458867 0.3792363705119818 0.40412080926466293 0.3993926328897869
0.2791632116978025 0.2791632116978025 0.2787333989537452 0.2787333989537452 0.30681558381075724 0.30681558381075724 0.2777777777777778 0.2647058823529412 0.2791632116978025 0.26424909878161656 0.26424909878161656 0.29361010975735174 0.2773500981126146
0.3723903560891156 0.360678834624132 0.3951515828372093 0.3951515828372093 0.41448453284391923 0.41448453284391923 0.432276856433827 0.4561983027936081 0.4561983027936081 0.45115987440577937 0.45341084223475414 0.44992493012350077 0.4237253982053919
0.14158802848871355 0.16343011261515336 0.13074409009212268 0.13074409009212268 0.1460515594592465 0.1752618713510958 0.1776793906740654 0.15597711069385367 0.15597711069385367 0.1632617890527538 0.15458673560021055 0.1355815361366601 0.14403780047891934
0.24285278722463768 0.276592893760415 0.27545698385324063 0.28018842896150287 0.3149659234671604 0.30319568349458703 0.32838722955689476 0.32838722955689476 0.3009216589928206 0.3113527163993398 0.3113527163993398 0.3113527163993398 0.3113527163993398
0.13664625560228308 0.12381513913591215 0.12381513913591215 0.1161269872959048 0.10930932902440077 0.1161269872959048 0.14403780047891934 0.14403780047891934 0.13736056394868904 0.17149858514250882 0.16422836039139668 0.14403780047891934 0.14403780047891934
0.33008591037902085 0.3112935426968742 0.33523919982740297 0.3283025147620753 0.364588901845685 0.364588901845685 0.33722100300117913 0.2770623862496425 0.2615308510248681 0.2615308510248681 0.2539866039311279 0.2305525404635706 0.221543915595073
0.1185113657849943 0.12437964877624864 0.13396098146272087 0.11166390612088833 0.11124853987249621 0.10193722599722724 0.11056644552171162 0.11056644552171162 0.13313963109905763 0.14093620435725568 0.11704114719613058 0.13803940759355818 0.1460515594592465
0.3567263433930585 0.37043339865780195 0.4181489566421337 0.4188833692269617 0.4104074216924181 0.4104074216924181 0.41527729123221724 0.39337206659467927 0.38970295981665737 0.3924224900742117 0.339666783641587 0.321477733604472 0.33340774363112885
0.1559625734730109 0.1559625734730109 0.1545078607873814 0.1545078607873814 0.1559625734730109 0.14834045293024462 0.17306386175195207 0.15038662480192644 0.11785113019775792 0.12437964877624864 0.12996881122750908 0.12361704410853719 0.12361704410853719
0.3794323017289523 0.404619344766525 0.37190053872606604 0.37190053872606604 0.3742697169310832 0.37723691800736087 0.40788296383043776 0.3746705608874931 0.3869736116525941 0.4143650834779757 0.3410955201203233 0.3721042037676254 0.3721042037676254
0.15843755557440742 0.15843755557440742 0.1664780229540729 0.16666666666666666 0.16666666666666666 0.175 0.19047619047619047 0.2 0.21052631578947367 0.2102353324910547 0.2222222222222222 0.22188007849009164 0.2336824951347944
0.3210806495339678 0.3363363969981562 0.33464622145315104 0.34197094625202445 0.31946713798225884 0.3056040641755621 0.3210806495339678 0.3210806495339678 0.31946713798225884 0.2970288224275004 0.2603658779889308 0.23803114332210568 0.25386928375762585
0.14482767929281476 0.14482767929281476 0.14482767929281476 0.14466375430616596 0.14466375430616596 0.14466375430616596 0.12126781251816647 0.12126781251816647 0.1185113657849943 0.11351915229662496 0.11891287353862351 0.12484404235973057 0.11891287353862351
0.29545454545454547 0.29545454545454547 0.29545454545454547 0.29545454545454547 0.29545454545454547 0.29545454545454547 0.27405947706360884 0.29864233397920936 0.29864233397920936 0.3033883898637056 0.2838854520374086 0.2856829393325278 0.27642910426418704
0.1535737792084878 0.1535737792084878 0.1535737792084878 0.1535737792084878 0.1535737792084878 0.1535737792084878 0.17510104899311874 0.17510104899311874 0.17510104899311874 0.18323313064314883 0.18323313064314883 0.20931897427058715 0.20953510130211106
0.36467477671134946 0.36467477671134946 0.36608826607349904 0.36608826607349904 0.36646626128629767 0.38391703563326424 0.3834824944236852 0.3834824944236852 0.40260993913746 0.40311288741492746 0.3778611074553422 0.39824540947800063 0.39824540947800063
0.16870547845739467 0.16870547845739467 0.1789047803028888 0.17859605741487666 0.1871348584655416 0.1995570315713218 0.1995570315713218 0.1871348584655416 0.19824558013652693 0.21213203435596426 0.21213203435596426 0.24748737341529162 0.282842712474619
0.15791661046371636 0.15791661046371636 0.16898462446469953 0.17551339737268476 0.16041293011219926 0.14589318170169485 0.14589318170169485 0.15923243882462051 0.16760245173890548 0.1982872042666471 0.23562818864874485 0.24892220648747632 0.24008172698993846
0.14466375430616596 0.12126781251816647 0.12126781251816647 0.12126781251816647 0.12126781251816647 0.12484404235973057 0.12484404235973057 0.09480909262799544 0.09480909262799544 0.09950371902099892 0.10256608591633991 0.10790660599072865 0.09436158958517547
0.2516211615088504 0.2289173310495254 0.2541506158568964 0.23233614062875774 0.23233614062875774 0.2539174910703325 0.2539174910703325 0.2416539185707916 0.27299860873294396 0.27162838344864315 0.27299860873294396 0.25208010791314645 0.246253730080741
0.07402332101976053 0.08276058886023681 0.08276058886023681 0.08276058886023681 0.08969144025739326 0.10553963170954377 0.11103498152964078 0.11149412193707495 0.13139708280690918 0.12484404235973057 0.13139708280690918 0.1388888888888889 0.14680505487867587
0.2232603855367039 0.21191321032427818 0.21191321032427818 0.2452095213352171 0.2461520130391534 0.23386214979592773 0.2486537635778629 0.25411461442989175 0.2811414467639538 0.29726176867992504 0.2920830346931747 0.2819971360510187 0.24248241790409922
0.18155291362643414 0.18015093964441797 0.17134117475124774 0.17134117475124774 0.16567837615188147 0.16945859735114127 0.17046943731891961 0.1777597058142042 0.1777597058142042 0.1777597058142042 0.1777597058142042 0.17379430648482921 0.17460757394239454
0.34669032182981996 0.3317325022474121 0.3333733852531611 0.3333733852531611 0.3511690831428857 0.3367669615167934 0.3367669615167934 0.34255542815800866 0.3285302775113261 0.3285302775113261 0.3285302775113261 0.35733968154903795 0.3583495931668258
0.19325517063098144 0.19325517063098144 0.2336824951347944 0.2336824951347944 0.24806946917841693 0.26148818018424536 0.26148818018424536 0.2288021576612147 0.2288021576612147 0.2288021576612147 0.2288021576612147 0.21706078553111482 0.21706078553111482
0.18979997839488486 0.18443803327297797 0.1925232162288498 0.1925232162288498 0.1925232162288498 0.2102412168867291 0.20878062725928057 0.218769121585908 0.218769121585908 0.24231301312615305 0.24033670725044384 0.24033670725044384 0.2361334627903078
0.17460757394239454 0.19429791005656494 0.17032392347480088 0.1985524538329278 0.21156517985602194 0.1849000654084097 0.1821950074697108 0.2062307453605068 0.2062307453605068 0.20023571015840685 0.18492731871615714 0.2088829228819295 0.23543547789870936
0.2979501096644904 0.33915291932366637 0.3570046348295311 0.3414826941847689 0.3570046348295311 0.3566363989039678 0.3479261058574726 0.3252222753981476 0.3436939381323886 0.3436939381323886 0.34263587321590816 0.3650051122120214 0.3650051122120214
0.11043152607484655 0.13254270092150516 0.13254270092150516 0.13437096247164249 0.17200522903844537 0.15156837721956704 0.14704292441876154 0.17677669529663687 0.2 0.23281653683320877 0.23281653683320877 0.23281653683320877 0.23281653683320877
0.16284719234745837 0.1786146419502945 0.2084652289093281 0.2090810802625865 0.22782965674215389 0.22001131160565723 0.22782965674215389 0.21581541968424886 0.21669809301183912 0.22037412580364582 0.22165525060596436 0.22165525060596436 0.22165525060596436
0.23281653683320877 0.21832400154313186 0.22054054569561543 0.21926450482675733 0.2557041559783794 0.27426490650109264 0.26648015526817553 0.30717743513105983 0.32829526005987014 0.29814239699997197 0.253859103528797 0.2532968456878179 0.23752943704525345
0.22165525060596436 0.22165525060596436 0.22147813891119808 0.21297258277280218 0.20509572214150962 0.20509572214150962 0.21297258277280218 0.22559506255952003 0.23808389751082037 0.2382742885028704 0.2200215413333589 0.2043185167704012 0.22448695156975806
0.15617376188860607 0.15156837721956704 0.15811388300841897 0.15811388300841897 0.17845765256206242 0.17845765256206242 0.17200522903844537 0.17200522903844537 0.1643989873053573 0.17677669529663687 0.19104017997521752 0.18123662799905307 0.17677669529663687
0.16910529105106023 0.17414238004228672 0.16910529105106023 0.1662794225689986 0.16724181816950995 0.16086054575397016 0.1550213532583584 0.16093368658429366 0.1800704749635554 0.1656482498570394 0.1709164941665011 0.16966363576157034 0.15809634875484213
0.2404423007708918 0.2795084971874737 0.31622776601683794 0.3076923076923077 0.3076923076923077 0.31923475378704885 0.2940858488375231 0.31234752377721214 0.31234752377721214 0.3321819194149599 0.3321819194149599 0.3321819194149599 0.2906591794880899
0.1686423941995843 0.16354728671012148 0.1686423941995843 0.19067335130476 0.18890733833177295 0.18890733833177295 0.20430477841662972 0.19818616595847438 0.19052839352860626 0.2106554465361522 0.20808669158969983 0.20347313903531294 0.19790957343257606
0.31008683647302115 0.30229010957162916 0.28424053709284547 0.26762216205243844 0.26762216205243844 0.26762216205243844 0.31622776601683794 0.30313675443913407 0.30313675443913407 0.28424053709284547 0.2353835283221946 0.2263846284534354 0.2263846284534354
0.20031124781218754 0.23687167188633845 0.22144083541116416 0.21897675600878544 0.2234265413784958 0.23535731953798047 0.24281659174176298 0.24699118533935724 0.24699118533935724 0.25910366084781783 0.28442519901190466 0.29713345102350514 0.2795225850441689
0.339934634239519 0.37603552349761676 0.37603552349761676 0.36180282966506505 0.3736288802354355 0.39512333388398085 0.44553097992985097 0.44553097992985097 0.5034286115950076 0.5034286115950076 0.5303300858899106 0.5317945372643963 0.4606039115148202
0.3071947505506384 0.30377644581047963 0.300229105759754 0.30809997804593714 0.3122679070520836 0.3125853036718322 0.2972927099166668 0.2742830171244097 0.2742830171244097 0.25612527671229224 0.25612527671229224 0.2480389042792248 0.24125117377957403
0.15892681321527494 0.15892681321527494 0.15892681321527494 0.15892681321527494 0.1605403247669839 0.16528638065148013 0.15314097295792223 0.15314097295792223 0.15314097295792223 0.16004609991611995 0.1681681984990781 0.16007269816574263 0.1598514503776719
0.4719954561357096 0.4719954561357096 0.4719954561357096 0.4719954561357096 0.4719954561357096 0.5114122545859688 0.478515299397444 0.4541207779146998 0.5029098208801883 0.5025913006673615 0.4984709336684047 0.4947145053529983 0.4947145053529983
0.1315334104411641 0.1315334104411641 0.13948208816291766 0.13948208816291766 0.16629752630943484 0.14110813025753957 0.16629752630943484 0.1414213562373095 0.16666666666666666 0.15594571538795132 0.15504341823651058 0.15594571538795132 0.1460515594592465
0.3014859707924627 0.3266000627894517 0.3413867849898243 0.3413867849898243 0.3598398261599091 0.3598398261599091 0.3598398261599091 0.3859805598603973 0.40624060729863765 0.40624060729863765 0.38662906741829267 0.3912042519628778 0.38974876284645493
0.1605403247669839 0.1605403247669839 0.1917412472118426 0.19195851781663212 0.18323313064314883 0.18323313064314883 0.18323313064314883 0.18741389207353001 0.18741389207353001 0.18722058217982493 0.20953510130211106 0.23177361425421747 0.23177361425421747
0.4454868762400706 0.4205990677149975 0.4231813057926007 0.3839398691869563 0.3651761626197309 0.32746609170377833 0.3128593464861567 0.3326140688472018 0.343938776179176 0.36630288023743607 0.3498869197556303 0.29573645865476766 0.2997018579841427
0.12126781251816647 0.11891287353862351 0.11351915229662496 0.11351915229662496 0.11351915229662496 0.11351915229662496 0.11316968255314816 0.09332211095685 0.09081532183729997 0.09805806756909201 0.09805806756909201 0.10294903467565093 0.10294903467565093
0.31121590028251134 0.2970697229969426 0.29049722651258125 0.29049722651258125 0.3033883898637056 0.29093434315717687 0.28939084891576333 0.29093434315717687 0.27883354387633785 0.27380056109794654 0.26286639777507453 0.26286639777507453 0.25979224926766525
0.165915912098992 0.165915912098992 0.165915912098992 0.15843755557440742 0.165915912098992 0.1649915822768611 0.165915912098992 0.1664780229540729 0.1747816593036228 0.1917412472118426 0.15892681321527494 0.16666666666666666 0.19047619047619047
0.27460823932495954 0.27460823932495954 0.2876848221499576 0.2876848221499576 0.2897639839394824 0.2897639839394824 0.26613000289707417 0.26613000289707417 0.25413141008843193 0.2638752983404338 0.2662329058069287 0.26593156682433244 0.2571107840201726
0.16004609991611995 0.14359163172354764 0.1504142093990467 0.14466375430616596 0.14269544824634822 0.14269544824634822 0.14269544824634822 0.12126781251816647 0.12126781251816647 0.09879149639396985 0.1162476387438193 0.1162476387438193 0.1162476387438193
0.34130795582133744 0.30444598027732356 0.3425431683008407 0.3255580754621991 0.3321763019408808 0.3321763019408808 0.3394733283883458 0.3394733283883458 0.3177341979535632 0.20437016236737726 0.20437016236737726 0.18637390140035553 0.19477000655794846
0.1162476387438193 0.1162476387438193 0.11124853987249621 0.11028219331407116 0.12361704410853719 0.13985672025501314 0.13985672025501314 0.13333333333333333 0.13333333333333333 0.1386750490563073 0.1386750490563073 0.14567140814584595 0.14567140814584595
0.18591214015932453 0.18591214015932453 0.18671176595773686 0.18671176595773686 0.18357263264387869 0.18357263264387869 0.19279949367452576 0.20193464383960666 0.20548040594905104 0.197032362353426 0.20914365781842365 0.21060670647847435 0.21368243744495596
0.21428571428571427 0.22716844980576853 0.22716844980576853 0.23035022137995853 0.24948927423675685 0.25583323430864885 0.27077168923709083 0.2650854018430103 0.2650854018430103 0.2536857024815635 0.2536857024815635 0.2679219629254418 0.2679219629254418
0.2681195325968776 0.26239495705604254 0.26239495705604254 0.2547121715005845 0.269280893145818 0.27630100915259326 0.25961630264730917 0.2879083998155492 0.2945004830031996 0.29237549275621194 0.283452358000152 0.29381285612643293 0.2993109151793725
0.16070608663330627 0.1654570429381936 0.1654570429381936 0.17333594974477423 0.15245918028407657 0.14359163172354764 0.15058465048420855 0.15971914124998499 0.15971914124998499 0.15971914124998499 0.15245918028407657 0.14552555085074656 0.1522827805395895
0.3995635954573904 0.4175185090352419 0.397113764910823 0.4191368221424547 0.4223001526548076 0.4136241806841918 0.4216672593818446 0.4216672593818446 0.4034667120976179 0.38916661326078406 0.38916661326078406 0.38840407403037064 0.42562796887297183
0.1386750490563073 0.16523847695440552 0.1870372560576732 0.17541160386140586 0.1985524538329278 0.21156517985602194 0.2382615347721177 0.2549509756796392 0.25 0.2263846284534354 0.2263846284534354 0.21156517985602194 0.21156517985602194
0.2416741127763657 0.2604469108044826 0.2606551850567226 0.2620170335502455 0.24458223125438125 0.25195463823198283 0.26871961024753793 0.26871961024753793 0.25449101228940346 0.25688647642127443 0.23219651278242634 0.23110308215910044 0.22177348092447713
0.21399083907476224 0.2601529511865082 0.25 0.25 0.25 0.28504385627478446 0.28504385627478446 0.3365407382595565 0.358765761029573 0.37267799624996495 0.3578739589461677 0.3578739589461677 0.3578739589461677
0.2196930239333913 0.20800861034558724 0.21331639404361646 0.22035364833291002 0.22394864951404403 0.2150989219489298 0.2031856384435789 0.19876972345050362 0.21443882340031864 0.22373507634017584 0.23285072265653378 0.23767601186035925 0.24579793049284238
0.37267799624996495 0.37603552349761676 0.37267799624996495 0.3535533905932738 0.38470768123342686 0.4055175020198813 0.43843154793219685 0.5036991873004449 0.5321176291673846 0.5411263064738315 0.5 0.5176444736544304 0.5524930938794895
0.2511550273714803 0.2341523145073184 0.2341523145073184 0.24359779892365496 0.25970955105814997 0.2848124208464892 0.2848124208464892 0.2883283271702971 0.2613925198165426 0.2931671033683995 0.30126372033439075 0.30463589085367876 0.3057733032390863
0.5411263064738315 0.4693581039067828 0.4772607021092118 0.45276925690687087 0.4374194098027683 0.414648146627787 0.4275027727274469 0.42314779221219395 0.44660775156115756 0.43723731609760313 0.47500712516031646 0.45149324894859044 0.4526787302125927
0.3222687171377716 0.3762223262588203 0.41447952804598565 0.4365268434876779 0.5243508083301902 0.6352724677448057 0.6139735428969304 0.5656594252797205 0.518669010554818 0.518669010554818 0.5398312004254753 0.4988565509242144 0.5061522066342881
0.16666666666666666 0.15811388300841897 0.15811388300841897 0.15038662480192644 0.15038662480192644 0.16286558549611407 0.15504341823651058 0.15504341823651058 0.13060943124220303 0.12473147122584216 0.12041594578792295 0.12041594578792295 0.1160854703708727
0.25738152064477593 0.264965886007906 0.2632594689914738 0.2734522857005609 0.28990096914314745 0.27516512905257473 0.27059893523235773 0.2892628228878206 0.2673131712361996 0.25559343748526286 0.24332752242975325 0.23858557568108957 0.2338932566316717
0.1166286903258776 0.11695830574618832 0.13210916012404 0.1520302849670743 0.13210916012404 0.13210916012404 0.1520302849670743 0.1303116728289208 0.1303116728289208 0.124891634136544 0.14570690649263465 0.14532958974404495 0.14570690649263465
0.23153454909080073 0.23890473351968816 0.23890473351968816 0.2624208329529608 0.2626687506586569 0.21954390246940836 0.24308221834545662 0.24128303290419098 0.22169650059099064 0.22169650059099064 0.24285278722463768 0.22165729201146858 0.24285278722463768
0.14532958974404495 0.14532958974404495 0.1516018286384735 0.15843755557440742 0.165915912098992 0.1649915822768611 0.165915912098992 0.1649915822768611 0.1649915822768611 0.17413150828674812 0.165915912098992 0.165915912098992 0.1664780229540729
0.2387080308885198 0.23808988216623075 0.22862810366190084 0.22862810366190084 0.23808988216623075 0.2575009178131839 0.27692042664329425 0.27692042664329425 0.29741075675878936 0.27301938253807795 0.25590700498847613 0.2774315380770559 0.2979501096644904
0.10294903467565093 0.10294903467565093 0.10294903467565093 0.10294903467565093 0.10294903467565093 0.12126781251816647 0.12684285124078176 0.12731644162961409 0.12731644162961409 0.11166390612088833 0.12484404235973057 0.11891287353862351 0.1185113657849943
0.18253117921336234 0.1790875568195904 0.17210649109013587 0.18993509612371276 0.1979556141418372 0.19106808075504328 0.18253117921336234 0.1743714581157289 0.16757423204338365 0.16024232719129003 0.14290714682355196 0.14290714682355196 0.1437677530112073
0.07179581586177382 0.08185982487053739 0.08185982487053739 0.10056022847309862 0.10553963170954377 0.10553963170954377 0.10056022847309862 0.10540925533894598 0.10540925533894598 0.11056644552171162 0.08914151821092489 0.08914151821092489 0.10489254019125983
0.19785928804315084 0.20819007564955735 0.22684405730661458 0.24844372083307342 0.24840665766335387 0.25235436281165774 0.24156783597929243 0.19790170446403038 0.19618629306260044 0.18979997839488488 0.19618629306260044 0.19773531304604383 0.19773531304604383
0.10925355610938445 0.10925355610938445 0.11103498152964078 0.09475178390133976 0.11103498152964078 0.1162476387438193 0.12361704410853719 0.12361704410853719 0.10925355610938445 0.12996881122750908 0.15499685165842572 0.17677669529663687 0.20886397744423402
0.15651011805028 0.15109630053779863 0.15007942798403692 0.13175836659575274 0.13279868567032518 0.13848892050278425 0.14489790691800722 0.15195420302696422 0.14251955000862054 0.14254725035361418 0.1512775353217668 0.15212609156822826 0.182134582144651
0.15919317118967338 0.15919317118967338 0.18109950221624105 0.15919317118967338 0.15702717677706413 0.16793218724293182 0.15919317118967338 0.17413150828674812 0.15038662480192644 0.15038662480192644 0.15131437342156362 0.14417529904228596 0.14417529904228596
0.20331122226812512 0.21172526114494827 0.23115489467473296 0.27692042664329425 0.27811148773839844 0.2660040789012647 0.2701551396399564 0.25879701498977553 0.2686456251092852 0.25238514090003367 0.2533113280158486 0.2696314839273161 0.2686456251092852
