0.08905881248488706 0.08905881248488706 0.08905881248488706 0.07124704998790965 0.07091957274840682 0.06856622662527316 0.06856622662527316 0.06856622662527316 0.06856622662527316 0.06856622662527316 0.06856622662527316 0.06856622662527316 0.06856622662527316
0.18689074085987611 0.18689074085987611 0.18701887988134785 0.1772175307539308 0.15846382194552627 0.15846382194552627 0.16479244376113478 0.16479244376113478 0.16479244376113478 0.16233229857831055 0.16233229857831055 0.16233229857831055 0.16479244376113478
0.11778571185788637 0.11778571185788637 0.13429637408817016 0.13429637408817016 0.13429637408817016 0.13429637408817016 0.13429637408817016 0.13429637408817016 0.13429637408817016 0.1297666299105512 0.12943174772669813 0.12896723854614797 0.12896723854614797
0.182460556626985 0.1789047803028888 0.2069274678215511 0.19222158546860993 0.19222158546860993 0.19343868150240726 0.19343868150240726 0.19930045972975294 0.19930045972975294 0.19822367470148816 0.198132725545656 0.198132725545656 0.18298816222527142
0.13370410494359505 0.11726625745504865 0.10087624894770907 0.11726625745504865 0.10087624894770907 0.10087624894770907 0.11726625745504865 0.1326716253613319 0.13303802104754786 0.11660190581423467 0.11640826841660439 0.0997785157856609 0.08328707558159619
0.2520820859460565 0.2520820859460565 0.21923050570272823 0.23978021781058848 0.23978021781058848 0.23964711748514497 0.27165524140996755 0.27847904713729604 0.27847904713729604 0.27891292802434836 0.27891292802434836 0.27847904713729604 0.27847904713729604
0.08493648472412722 0.08786190849492484 0.08615568959944721 0.08786190849492484 0.10855155222494912 0.10862075946961106 0.10855155222494912 0.10862075946961106 0.12626906806902635 0.12626906806902635 0.12991913212348574 0.1300019623085807 0.1300019623085807
0.286010359753285 0.286010359753285 0.27391804001698367 0.2653269559711333 0.25735366958729233 0.25653722715491906 0.25653722715491906 0.27241171927136343 0.2732786830612019 0.26539778652649215 0.28079557305298436 0.28079557305298436 0.26425683064457306
0.09994449069791543 0.09994449069791543 0.1032031374230672 0.12040366032691174 0.1259481804649696 0.1296715882997611 0.13565034179251595 0.13565034179251595 0.1259481804649696 0.12040366032691174 0.12040366032691174 0.12468233747884189 0.14774337103062354
0.18393149514854176 0.20798259898545385 0.21721269371077032 0.201280573132974 0.21430570631291126 0.19509198074579792 0.2105342507702863 0.20955987719462577 0.20955987719462577 0.21610862335695782 0.2230798692716984 0.21588975495378232 0.2121683048801877
0.11286652959662007 0.11286652959662007 0.11286652959662007 0.096163657270259 0.09972527420619451 0.09965694581570854 0.09965694581570854 0.09965694581570854 0.07630149283086916 0.07614519053051017 0.09945280027019117 0.10770329614269007 0.1019803902718557
0.12658374133198827 0.12658374133198827 0.12658374133198827 0.1265179322600426 0.11624763874381927 0.11624763874381927 0.13021754446296868 0.12307168698394566 0.12307168698394566 0.15129492894406 0.1467583792514965 0.17471534443579695 0.17471534443579695
0.09099590527639176 0.10714285714285714 0.10714285714285714 0.10714285714285714 0.10707459153723745 0.10707459153723745 0.10687057498186447 0.1028991510855053 0.1028991510855053 0.1028991510855053 0.1028991510855053 0.1028991510855053 0.1028991510855053
0.16909974710850464 0.2066738439181446 0.2066738439181446 0.2066738439181446 0.20620429724229372 0.23828728944217759 0.2213166820489744 0.2213166820489744 0.2213166820489744 0.22046941791909788 0.22046941791909788 0.22046941791909788 0.22046941791909788
0.10653312363426524 0.10653312363426524 0.08877760302855438 0.10687057498186447 0.1249203567934437 0.14276612204964995 0.1249203567934437 0.12468233747884189 0.12468233747884189 0.1259481804649696 0.10855155222494912 0.1261886162812672 0.1261886162812672
0.23231503711173473 0.23118209330471953 0.24883550212311198 0.24257741939742644 0.2586729888969177 0.2435794933120476 0.2435794933120476 0.24257741939742644 0.24195141211021207 0.25800544458691044 0.25786400754028527 0.24243561640699005 0.22575594258688847
0.0757614408414158 0.0757614408414158 0.07856742013183861 0.08152896377979658 0.08593907360584258 0.07923191097276314 0.07692307692307693 0.09615384615384616 0.11961783342433499 0.10165561113406256 0.12126781251816647 0.11961783342433499 0.11529936630361318
0.11074362710059765 0.12470081544649396 0.1408396584889472 0.13212182978628972 0.14144774811285016 0.1549730813303342 0.1575745206720541 0.16460470146310544 0.19814119257819593 0.20081463164395885 0.1811523115513321 0.1815515035156013 0.197208999264134
0.08574929257125442 0.08574929257125442 0.08574929257125442 0.08574929257125442 0.08574929257125442 0.08574929257125442 0.08600261451922267 0.08600261451922267 0.08600261451922267 0.08600261451922267 0.08314876315471742 0.08314876315471742 0.08479543317140177
0.11191058844013094 0.14254852540027596 0.14254852540027596 0.14254852540027596 0.1471468649293171 0.1471468649293171 0.16327589718738164 0.16327589718738164 0.1537020856535074 0.1537020856535074 0.1537020856535074 0.1699673171197595 0.15847117387920273
0.13770073922192178 0.13770073922192178 0.1457737973711325 0.1457737973711325 0.1457737973711325 0.1457737973711325 0.15105890224117452 0.15105890224117452 0.15105890224117452 0.15177361546824772 0.15177361546824772 0.15177361546824772 0.15177361546824772
0.2841832067731598 0.27784375041325915 0.2767709785657451 0.27569820671823103 0.2767709785657451 0.2767709785657451 0.2767709785657451 0.2767709785657451 0.2767709785657451 0.2767709785657451 0.2767709785657451 0.2767709785657451 0.24246051014637093
0.0920262717290388 0.0920262717290388 0.09233960689413973 0.08905881248488706 0.1032031374230672 0.08905881248488706 0.09233960689413973 0.09384875106191216 0.0958706236059213 0.07923191097276314 0.06928629620603036 0.06928629620603036 0.06658703748260177
0.2171384361240878 0.21761900868417325 0.23860226635836496 0.21968413142172197 0.19231786679878712 0.1980704968136292 0.1980704968136292 0.2222222222222222 0.22360155239644974 0.2141491830744749 0.21555478235474063 0.24189096217719422 0.2684377460965796
0.07917579440244205 0.07917579440244205 0.07917579440244205 0.07917579440244205 0.07866459694094408 0.06492274731611955 0.06492274731611955 0.06492274731611955 0.06753520134531743 0.06984302957695782 0.06984302957695782 0.08963598959351042 0.09284766908852592
0.14687955630690647 0.14687955630690647 0.14687955630690647 0.14687955630690647 0.1642623026970212 0.17047914802821373 0.16462887885377983 0.19725434682713644 0.20492211783954417 0.23865653513277002 0.21541814925528022 0.23147060808299988 0.23570226039551584
0.11640504929492972 0.11640504929492972 0.11680139041202725 0.1296715882997611 0.12926214115095974 0.1464157737903536 0.1464157737903536 0.1464157737903536 0.1464157737903536 0.1464157737903536 0.1464157737903536 0.1464157737903536 0.1464157737903536
0.22155310880863419 0.2392157093182035 0.23933248536094995 0.23933248536094995 0.2655723429011339 0.27792442237123727 0.27792442237123727 0.27792442237123727 0.2695023008144032 0.2695023008144032 0.2625395641169828 0.2625395641169828 0.25461338821704393
0.09863939238321437 0.0955394632947723 0.09597850322264759 0.09597850322264759 0.079982086018873 0.081566043469618 0.081566043469618 0.081566043469618 0.08185982487053739 0.08185982487053739 0.08207162296029478 0.08207162296029478 0.08207162296029478
0.2910371094537981 0.2910371094537981 0.291222660705962 0.2879377767249482 0.2879377767249482 0.2780088878723638 0.2780088878723638 0.2780088878723638 0.2780088878723638 0.26091940620972454 0.26091940620972454 0.26091940620972454 0.2977851173087956
0.10087624894770907 0.10049006555430824 0.10049006555430824 0.11681732837899944 0.11681732837899944 0.11681732837899944 0.11726625745504865 0.11726625745504865 0.11726625745504865 0.11726625745504865 0.13675478122178655 0.13675478122178655 0.13675478122178655
0.32633802848982685 0.3089570783816561 0.3089570783816561 0.3089570783816561 0.3089570783816561 0.3089570783816561 0.32613010363374534 0.3429374184862986 0.3461561547617456 0.3461561547617456 0.3558668823709346 0.3558668823709346 0.33787252288769054
0.05353729576861872 0.05353729576861872 0.05643326479831003 0.07402332101976053 0.07630149283086916 0.09436158958517546 0.09436158958517546 0.09805806756909201 0.1019803902718557 0.12165525060596438 0.11697620250573498 0.1111111111111111 0.10714285714285714
0.16909974710850464 0.1747364053454548 0.15951925780987272 0.1699534614161049 0.17905456564025007 0.17950549357115012 0.19505366905920746 0.19505366905920746 0.20714406716745895 0.2314249603238966 0.23051586491408835 0.2230860801189084 0.23077870357128455
0.0242535625036333 0.03970255105026776 0.03970255105026776 0.03429971702850177 0.05326656181713262 0.0710220824228435 0.06859943405700354 0.05423261445466405 0.05224229744107161 0.05224229744107161 0.06811562222622924 0.06811562222622924 0.08423817346663941
0.18323156627951162 0.18488097542204265 0.19618968179956695 0.2027221965820136 0.19890253614423908 0.23488412089964933 0.23508481541854315 0.22954494742751655 0.23695151983287213 0.2624864903087188 0.27059893523235773 0.2650535235074336 0.2557071437408477
0.13151918984428582 0.1273859510596964 0.1273859510596964 0.12837729636942713 0.13130643285972254 0.11592296525813749 0.11238806527561798 0.11756992929549287 0.11756992929549287 0.11756992929549287 0.11756992929549287 0.11756992929549287 0.11756992929549287
0.303932660991314 0.30719885120320056 0.30621545924175153 0.3029492690298649 0.3018438502970849 0.29154759474226505 0.28387818801228754 0.28387818801228754 0.28387818801228754 0.30120029755210215 0.30120029755210215 0.30120029755210215 0.3017013241765575
0.11681732837899944 0.11681732837899944 0.11681732837899944 0.1131117507947817 0.1131117507947817 0.1131117507947817 0.1131117507947817 0.1131117507947817 0.10963225241337866 0.10963225241337866 0.09430922950184022 0.09765286720945168 0.10115483619163125
0.23542588877808052 0.22054054569561543 0.22054054569561543 0.23099037808834455 0.2303942728930675 0.2303942728930675 0.22325818286749693 0.25048402753040816 0.2815659951971824 0.30661859701641553 0.31771576037613714 0.30751005235654527 0.3235169430419884
0.11453738202520658 0.11453738202520658 0.11528169676417188 0.11528169676417188 0.11453738202520658 0.11897891790558067 0.12369410231244744 0.12434190826785613 0.12434190826785613 0.12434190826785613 0.12926214115095974 0.1464157737903536 0.1414213562373095
0.2576813089166059 0.2272248616754655 0.22755714290831588 0.2270603889573499 0.2270603889573499 0.2121589248727339 0.2270603889573499 0.1972574607881179 0.20001399135486522 0.20001399135486522 0.20391184757154643 0.20401791355925028 0.2322098374530498
0.09805806756909201 0.08495345825382311 0.08495345825382311 0.08495345825382311 0.08495345825382311 0.08838834764831843 0.10606601717798213 0.10606601717798213 0.10606601717798213 0.10606601717798213 0.10991149581709675 0.11462410798513052 0.11462410798513052
0.27090885224271644 0.23865653513277002 0.23865653513277002 0.23865653513277002 0.23865653513277002 0.2540210386768352 0.2540210386768352 0.2540210386768352 0.2540210386768352 0.25304857283145793 0.25304857283145793 0.2534630477483115 0.2534630477483115
0.08423817346663941 0.08423817346663941 0.081566043469618 0.08349343594650926 0.09513029883089882 0.09237111674214579 0.10592122390323075 0.10592122390323075 0.10770329614269009 0.12126781251816648 0.1273085049377989 0.1273085049377989 0.1275672097462393
0.19760543760657373 0.1977228851281504 0.1962959449505949 0.20330651441311615 0.2112669981222375 0.2112669981222375 0.2112669981222375 0.21274490044899144 0.20189172633571142 0.20540886939902622 0.2 0.20118446353109126 0.20107278743948256
0.09696728761420853 0.09696728761420853 0.09712858623572643 0.09712858623572643 0.09712858623572643 0.09712858623572643 0.09712858623572643 0.09712858623572643 0.09712858623572643 0.09712858623572643 0.10047393630432004 0.10047393630432004 0.10047393630432004
0.1541895087583641 0.16905131340301696 0.16905131340301696 0.16905131340301696 0.16905131340301696 0.16905131340301696 0.16905131340301696 0.16905131340301696 0.16905131340301696 0.16905131340301696 0.16905131340301696 0.17425410532750835 0.17425410532750835
0.06422122298923856 0.06422122298923856 0.06422122298923856 0.06422122298923856 0.06422122298923856 0.06422122298923856 0.06422122298923856 0.06422122298923856 0.06422122298923856 0.06422122298923856 0.06672371987921948 0.0543526425198644 0.0543526425198644
0.17463032586994814 0.17463032586994814 0.17463032586994814 0.17463032586994814 0.17463032586994814 0.17463032586994814 0.17463032586994814 0.16642717958879394 0.16642717958879394 0.16642717958879394 0.1842080988215978 0.17845765256206242 0.17845765256206242
0.060813031926314993 0.0632455532033676 0.08 0.08 0.07993607669774315 0.05764968315180659 0.06076810171558113 0.06076810171558113 0.06076810171558113 0.06076810171558113 0.06076810171558113 0.060813031926314993 0.06
0.14737341991809594 0.15732308492585656 0.1703500366739062 0.1703500366739062 0.1703500366739062 0.18863781897857101 0.18011605076892595 0.15245942257232575 0.15245942257232575 0.15245942257232575 0.15751927781830863 0.15751927781830863 0.15751927781830863
0.12222530175967618 0.12222530175967618 0.12222530175967618 0.13968605915391563 0.14063251078692598 0.13968605915391563 0.1385917857350474 0.1385917857350474 0.13968605915391563 0.13968605915391563 0.13968605915391563 0.13968605915391563 0.13968605915391563
0.29375911261381293 0.3110958925105318 0.3110958925105318 0.3110958925105318 0.3110958925105318 0.3110958925105318 0.3116897763966385 0.3116897763966385 0.3116897763966385 0.29444895827749196 0.29463668476023935 0.29463668476023935 0.29463668476023935
0.10752906583803283 0.10752906583803283 0.10335034253712183 0.10335034253712183 0.10335034253712183 0.0866358682766868 0.0866358682766868 0.10335034253712183 0.09013878188659973 0.11195479149528789 0.11640504929492972 0.11640504929492972 0.11180339887498948
0.2578172208175277 0.24828176658071038 0.2650770876476109 0.2650770876476109 0.2650770876476109 0.24884281034798436 0.24884281034798436 0.26525883404376444 0.26525883404376444 0.25960921006105103 0.25960921006105103 0.24901342593905942 0.24901342593905942
0.10270014805486069 0.10335034253712183 0.10335034253712183 0.10335034253712183 0.10335034253712183 0.10335034253712183 0.10752906583803283 0.11195479149528789 0.11233598017562804 0.11256657086680898 0.11233598017562804 0.11233598017562804 0.11195479149528789
0.298723672480009 0.3188333354526883 0.3180076974622125 0.339465223936159 0.2979501096644904 0.30936160237962834 0.30936160237962834 0.3166457738700912 0.3587938892251906 0.3180076974622125 0.3348072558929377 0.3348072558929377 0.3348072558929377
0.08770580193070292 0.08770580193070292 0.08770580193070292 0.10462669622104186 0.10800261544635605 0.10653312363426524 0.1032031374230672 0.1032031374230672 0.10338682751933664 0.10707459153723745 0.10687057498186447 0.10653312363426524 0.10606601717798213
0.16084946000525446 0.1599522449869734 0.15291622485688158 0.15291622485688158 0.14958695935063385 0.14958695935063385 0.1797731238766687 0.1910789265895446 0.1910789265895446 0.18787801139616436 0.2193092295018402 0.22708461493614981 0.2276721569658675
0.1110349815296408 0.1110349815296408 0.11697620250573498 0.1034843482838546 0.09798561978116765 0.09798561978116765 0.09798561978116765 0.11688977751979122 0.11688977751979122 0.11990411504661473 0.11990411504661473 0.09992009587217894 0.09992009587217894
0.21696392113887447 0.2175631046082356 0.2279803762937766 0.2273924296742764 0.23484225449291993 0.24267032964268392 0.24267032964268392 0.24267032964268392 0.223606797749979 0.22605278938147966 0.22605278938147966 0.20945322131101327 0.2245692721623346
0.11681732837899944 0.12077153759909248 0.12077153759909248 0.12077153759909248 0.125 0.125 0.125 0.125 0.125 0.12555049023795636 0.12555049023795636 0.1259481804649696 0.13085598064755344
0.2688760109309461 0.2631194342581026 0.2638967459493819 0.2670608423898883 0.26858739596449765 0.26858739596449765 0.26858739596449765 0.26858739596449765 0.26858739596449765 0.26858739596449765 0.2518772437603695 0.2633244969407001 0.2618556782494295
0.07669649888473705 0.07669649888473705 0.07669649888473705 0.07297563831157798 0.08600261451922267 0.08905881248488706 0.08905881248488706 0.09610238701410552 0.09610238701410552 0.10356086167566353 0.10356086167566353 0.1264911064067352 0.1264911064067352
0.20748863752011906 0.207603876983333 0.207603876983333 0.207603876983333 0.207603876983333 0.21341048295229556 0.21341048295229556 0.25514557724065257 0.2287282499219868 0.2473893148259198 0.2473893148259198 0.21710310444989825 0.23326320781850465
0.09912279006826347 0.09912279006826347 0.09912279006826347 0.10247804785277326 0.10194414990458772 0.10335034253712183 0.10335034253712183 0.10335034253712183 0.09941065653378732 0.10015033834597084 0.09632151109955399 0.1054743830901945 0.1069292708945592
0.2166894430303705 0.2166894430303705 0.2166894430303705 0.21374114996372895 0.23281875544683409 0.22625276007367182 0.22625276007367182 0.24325212770525995 0.26030111290893726 0.2581988798353667 0.2581988798353667 0.254722561798496 0.2581988798353667
0.1308559806475534 0.12684285124078173 0.12684285124078173 0.12684285124078173 0.12684285124078173 0.12684285124078173 0.1308559806475534 0.1298454946322391 0.1351237468629853 0.1351237468629853 0.1234661995811987 0.12222530175967618 0.1234661995811987
0.27968158108982943 0.27968158108982943 0.27968158108982943 0.28464203428228085 0.28464203428228085 0.28464203428228085 0.2841832067731598 0.2836782909936273 0.2836782909936273 0.2836782909936273 0.2670608423898883 0.2581988798353667 0.24248039808049515
0.12428864423997613 0.12428864423997613 0.12428864423997613 0.12004900959975619 0.12004900959975619 0.12004900959975619 0.12004900959975619 0.12004900959975619 0.12004900959975619 0.12004900959975619 0.12004900959975619 0.12004900959975619 0.12428864423997613
0.2527713838194522 0.2527713838194522 0.2527713838194522 0.2567884536622431 0.2567884536622431 0.2567884536622431 0.2567884536622431 0.2567884536622431 0.2567884536622431 0.2567884536622431 0.2632387463561593 0.26164833513998126 0.2632387463561593
0.07588680773412386 0.05820252464746486 0.07588680773412386 0.07876788407748297 0.07876788407748297 0.07876788407748297 0.07588680773412386 0.05820252464746486 0.05205792062953536 0.05205792062953536 0.06888051645745157 0.0715973670277035 0.0715973670277035
0.2571534954354118 0.2801539133128893 0.29180716633279785 0.29180716633279785 0.29180716633279785 0.28919094262230444 0.3123425182612227 0.3123425182612227 0.3123425182612227 0.28843488755311447 0.3004325951156405 0.2911534154721118 0.2911534154721118
0.06888051645745157 0.06888051645745157 0.06888051645745157 0.06888051645745157 0.07188137197855833 0.07188137197855833 0.07188137197855833 0.07188137197855833 0.07505053179263302 0.07505053179263302 0.09722034684781695 0.11576727454540037 0.13210916012404
0.27466614631600506 0.27466614631600506 0.27466614631600506 0.27466614631600506 0.26151576677907507 0.26039577976199835 0.26155220375555266 0.26155220375555266 0.25140871584539626 0.25140871584539626 0.25410038038640825 0.23992997280486933 0.2571343007215506
0.15339299776947407 0.15339299776947407 0.15339299776947407 0.15949044456578 0.15949044456578 0.16609095970747995 0.16609095970747995 0.16609095970747995 0.16609095970747995 0.16609095970747995 0.16609095970747995 0.16609095970747995 0.16609095970747995
0.37582775914444205 0.3769806158792521 0.3769806158792521 0.3608191628023611 0.3608191628023611 0.361925980464878 0.361925980464878 0.361925980464878 0.36409972578402633 0.36409972578402633 0.36409972578402633 0.36409972578402633 0.36409972578402633
0.0825434260906081 0.0825434260906081 0.0825434260906081 0.0825434260906081 0.0825434260906081 0.0825434260906081 0.07905694150420949 0.07584334110111797 0.07584334110111797 0.07584334110111797 0.07584334110111797 0.09188458377475332 0.09407208683835973
0.12071067811865477 0.12071067811865477 0.1306225774829855 0.15133325560164024 0.15133325560164024 0.15133325560164024 0.15133325560164024 0.15133325560164024 0.15133325560164024 0.15133325560164024 0.15133325560164024 0.15133325560164024 0.13667677431902658
0.058400695206013625 0.05540376413648383 0.05343528749093224 0.05343528749093224 0.05343528749093224 0.05439282932204212 0.0516015687115336 0.05353729576861872 0.038461538461538464 0.038461538461538464 0.034401045807689073 0.034401045807689073 0.034401045807689073
0.12 0.12 0.12 0.12 0.12 0.12162606385262999 0.10381433918592634 0.11712139482105109 0.13624195324507227 0.13624195324507227 0.13131590624511905 0.12252114145994043 0.12531240207044894
0.0827605888602368 0.07980868844676221 0.07357997512131614 0.07104580169328994 0.07091957274840682 0.07104580169328994 0.0710880280278907 0.07138306102482497 0.07402332101976053 0.058520573598065284 0.05643326479831003 0.058520573598065284 0.0555174907648204
0.08775021348641526 0.09969622281219456 0.09615405037473952 0.07871804209256812 0.07871804209256812 0.07871804209256812 0.10938111120994529 0.10938111120994529 0.12185850753733184 0.15256898669215468 0.1495544126834387 0.17695427623715718 0.17695427623715718
0.07138306102482497 0.07124704998790965 0.07124704998790965 0.0710220824228435 0.07071067811865475 0.07071067811865475 0.07327433054473116 0.07071067811865475 0.07031625539346299 0.07283570407292297 0.0755389574600498 0.07602859212697055 0.06010587960429313
0.17682617761358982 0.15811388300841897 0.15811388300841897 0.14000001268834425 0.1587537214967488 0.17606746801919432 0.18475306043471398 0.158871099495407 0.14681564644553768 0.15696687808016116 0.15696687808016116 0.15696687808016116 0.15054667547588826
0.08877760302855438 0.08877760302855438 0.0920262717290388 0.0920262717290388 0.0920262717290388 0.0920262717290388 0.0920262717290388 0.0920262717290388 0.07327433054473116 0.07327433054473116 0.07327433054473116 0.09159291318091396 0.11043152607484655
0.19363985971530165 0.1955384722187607 0.1955384722187607 0.1955384722187607 0.1955384722187607 0.1955384722187607 0.1955384722187607 0.21361696541085934 0.23241040970693627 0.23241040970693627 0.2522131835419445 0.2512910115930429 0.27121838300549495
0.07851358838853205 0.07856742013183861 0.08152896377979658 0.08158924398306316 0.08152896377979658 0.08478501284163321 0.08478501284163321 0.08478501284163321 0.08458258116519013 0.07188137197855833 0.06304413373258617 0.06304413373258617 0.08219949365267865
0.12316328538087544 0.13344714926372214 0.13344714926372214 0.14853081046979508 0.14853081046979508 0.1417503856024433 0.1417503856024433 0.1417503856024433 0.1403954438412648 0.15936206065674055 0.15925287115392014 0.15925287115392014 0.1712149943669091
0.10653312363426524 0.10653312363426524 0.10653312363426524 0.10653312363426524 0.10653312363426524 0.10606601717798213 0.11043152607484655 0.12823007845327955 0.1274624821276152 0.1274624821276152 0.1274624821276152 0.12823007845327955 0.12823007845327955
0.2146350622202143 0.2146350622202143 0.2146350622202143 0.2146350622202143 0.2146350622202143 0.2308218297138381 0.2309590195207282 0.21391927328680999 0.19684119350161805 0.19684119350161805 0.19684119350161805 0.18002508669998318 0.18002508669998318
0.03398138330152924 0.025 0.03952847075210474 0.03930798174575487 0.05273719154509725 0.054955747908548375 0.054955747908548375 0.05273719154509725 0.053033008588991064 0.07071067811865475 0.08838834764831843 0.09340681032325801 0.09340681032325801
0.09285436778358058 0.11423863606163052 0.13147818029887262 0.11110893695326841 0.11110893695326841 0.10018294368245276 0.10018294368245276 0.11728500178358062 0.1228320485116676 0.12494329257331879 0.13081945890998237 0.12647843633292283 0.12647843633292283
0.09776923610938035 0.11961783342433499 0.11961783342433499 0.11961783342433499 0.10407636178045333 0.0858235665501612 0.10165561113406256 0.12155804303901917 0.10761723676327273 0.08937125067539531 0.08937125067539531 0.08937125067539531 0.08937125067539531
0.1207770864794554 0.09747403576571588 0.1109306620725893 0.10328801353300983 0.0942285694863091 0.09642380521652731 0.11579456671749908 0.11579456671749908 0.11978281957614789 0.10964092419168017 0.13090024949977289 0.13065083628589086 0.1412017967295558
