0.15886029415790753 0.15283214398017403 0.15283214398017403 0.16564728911226984 0.16723414078612886 0.16723414078612886 0.16129236939916267 0.15575735947166605 0.15603459023296293 0.16160027747973907 0.15508024127900497 0.14966777367849135 0.1501740830686925
0.3198140981161251 0.3156240622989997 0.304366399529389 0.3054774366909049 0.3048953896012723 0.303932660991314 0.3029492690298649 0.28519374842415407 0.28394328437470173 0.2942377958858743 0.2953782695928239 0.3125563785220571 0.32417423005896123
0.15918519351485996 0.15918519351485996 0.15918519351485996 0.14172694371932168 0.14172694371932168 0.14680505487867584 0.14680505487867584 0.1287565506561512 0.1287565506561512 0.12953194003770996 0.1301448015738384 0.11504474832710555 0.11504474832710555
0.344930402631164 0.344930402631164 0.3438723239553916 0.3247683059578698 0.3270220818064793 0.3270220818064793 0.3270220818064793 0.307847957085295 0.34609056636123514 0.34609056636123514 0.3188204007328759 0.29445859735114127 0.29445859735114127
0.11043152607484655 0.1301448015738384 0.1301448015738384 0.1350858067395748 0.11195479149528789 0.11233598017562804 0.13058792441389255 0.15177361546824772 0.1464157737903536 0.1414213562373095 0.1414213562373095 0.14084260520136174 0.14084260520136174
0.2526064001370047 0.24311979302744927 0.23918041162808484 0.23062104994759097 0.2315227181448332 0.23824558699237353 0.253791500074853 0.2634003451984667 0.25564695665652176 0.25564695665652176 0.2466322734654991 0.25363519966706527 0.22982628400166147
0.08697296430744213 0.10105651043180541 0.10105651043180541 0.09038769075777342 0.09300816647554058 0.08823529411764705 0.08823529411764705 0.08924461759630943 0.08924461759630943 0.08653046168066414 0.09503574015871319 0.11139460994180819 0.11180339887498948
0.22066392569515708 0.22066392569515708 0.22066392569515708 0.22066392569515708 0.21268546646671935 0.20743793618422976 0.21892691493473393 0.2182820625326997 0.2182820625326997 0.20743793618422976 0.18963113528842432 0.2116621953863094 0.20712944338653744
0.12126781251816648 0.12126781251816648 0.11524430571616108 0.11804417067144062 0.11451966686277365 0.08320502943378437 0.08029315913582838 0.08029315913582838 0.051502620262460476 0.07453559924999299 0.07818228340009527 0.08914151821092489 0.1287565506561512
0.18430939059490675 0.18430939059490675 0.20237716010125473 0.20074928932544248 0.20074928932544248 0.20444062772488353 0.20814668939836906 0.22191003561495676 0.22187063898923504 0.22505314650721575 0.21452720446013698 0.21452720446013698 0.2029969727881626
0.15702717677706413 0.15702717677706413 0.15702717677706413 0.19325517063098144 0.20447218324294508 0.20447218324294508 0.21926450482675733 0.23363465675799888 0.2405416014096805 0.2405416014096805 0.2823018298631888 0.2823018298631888 0.3254154214332047
0.19680994642525373 0.19680994642525373 0.1816199161771757 0.16746803738563915 0.1754443389541858 0.1754443389541858 0.1890567672085635 0.1890567672085635 0.18433439852709185 0.1665412880558089 0.1665412880558089 0.1545332452481471 0.16035887073317576
0.21670562052436673 0.2631174057921088 0.23696802770383635 0.24845199749997665 0.24845199749997665 0.22395160411940415 0.21187142979276594 0.21187142979276594 0.22360679774997896 0.23671603823699963 0.25145491044009416 0.253859103528797 0.2532968456878179
0.20540550769650578 0.1984471323964979 0.19086034037919894 0.18231276316033862 0.18231276316033862 0.1816461694726013 0.19912644526205048 0.22037412580364582 0.20747527703700486 0.20747527703700486 0.20747527703700486 0.18392469338701023 0.18392469338701023
0.2640294272643458 0.24418846973748626 0.24418846973748626 0.25190738459948914 0.25190738459948914 0.2408318915758459 0.2408318915758459 0.2408318915758459 0.2408318915758459 0.2848001248439177 0.31622776601683794 0.31622776601683794 0.31622776601683794
0.18202187885885357 0.18202187885885357 0.18392469338701023 0.20282885112563379 0.18886806369767814 0.18886806369767814 0.2059834375114382 0.20487930166731397 0.18806138538264622 0.16905408586796372 0.17479648964895386 0.17428162405442024 0.17550042697283055
0.247458996716991 0.24171670668808728 0.23687784005919824 0.21213203435596426 0.19002923751652298 0.2105011213762446 0.20124611797498107 0.1911866798979393 0.17126625459762618 0.1681849864995691 0.1631119388247101 0.13785274164258896 0.14241071319408977
0.18242102762151596 0.18890356046808043 0.20805440017311294 0.22671556827998673 0.22671556827998673 0.25 0.25 0.2498407135868874 0.24530020835620966 0.24530020835620966 0.26028490996550774 0.24530020835620966 0.2508148841725469
0.15123049447967768 0.143194734055407 0.14907119849998599 0.15544635336100426 0.15544635336100426 0.1446056038649436 0.1386750490563073 0.14971236790408557 0.14971236790408557 0.14971236790408557 0.15811388300841897 0.17120264258353668 0.11330843619007469
0.24343768104423125 0.2435928851919992 0.2435928851919992 0.25564702266221195 0.26875886343103905 0.25564702266221195 0.26875886343103905 0.26875886343103905 0.26875886343103905 0.26875886343103905 0.27871289540996647 0.2894326221565036 0.247897127843684
0.13372812598265227 0.13372812598265227 0.13372812598265227 0.13372812598265227 0.13372812598265227 0.13372812598265227 0.13372812598265227 0.13372812598265227 0.1350858067395748 0.1350858067395748 0.1301448015738384 0.11585688927269845 0.09864858652895678
0.3161272830175529 0.3149775118167524 0.3149775118167524 0.3149775118167524 0.33402793436724526 0.3221138432382432 0.3221138432382432 0.3156240622989997 0.31866196679405734 0.31317695360609593 0.308406985365172 0.30731265637000776 0.30731265637000776
0.08143279274805704 0.08143279274805704 0.07861596349150975 0.07199254703973386 0.06984302957695782 0.09217771979249535 0.0903876907577734 0.07391024919273813 0.07656414934887765 0.07703712157713453 0.07703712157713453 0.0824621125123532 0.06391374907061421
0.2751550302045495 0.28737243235429016 0.29884931977422774 0.3217481966855884 0.3217481966855884 0.3279468285555091 0.31485034631944425 0.2963005674223043 0.2795427316324744 0.2911705620028158 0.2795427316324744 0.2795427316324744 0.3056021977856103
0.06717615186255739 0.06118627623360032 0.06118627623360032 0.06118627623360032 0.06372889329931311 0.06372889329931311 0.06372889329931311 0.06118627623360032 0.058834840541455206 0.080860754006264 0.08084520834544433 0.07808688094430304 0.08084520834544433
0.3128960145861558 0.3033234049581525 0.3017914294914588 0.3017914294914588 0.3033234049581525 0.3033234049581525 0.3033234049581525 0.30782962691293464 0.29550131861067297 0.3065247584249853 0.3065247584249853 0.32228357265964463 0.3389351631961416
0.07453559924999299 0.10090879183531493 0.09999999999999999 0.1388806459802559 0.17204650534085253 0.1789047803028888 0.1917412472118426 0.2032617664486643 0.2032617664486643 0.2058823529411765 0.23308136578654906 0.2532968456878179 0.2532968456878179
0.331539018625235 0.3292406598458335 0.29942473580817114 0.2994702680796281 0.28596774601716723 0.2753911353985831 0.2753911353985831 0.26806752567088177 0.2645969424540668 0.28306924933440836 0.2701503119603554 0.25234683522834017 0.25234683522834017
0.24402983792510458 0.23344031790261058 0.22485950669875843 0.22485950669875843 0.23599379082283223 0.2412865062165553 0.2412865062165553 0.22934474029501983 0.17413150828674812 0.20513217183267982 0.20513217183267982 0.20513217183267982 0.2125400369971095
0.27453129979728746 0.27453129979728746 0.27453129979728746 0.27453129979728746 0.2650104356164656 0.27180781665889786 0.2834421609716285 0.3103389146230444 0.2811804999919633 0.27180781665889786 0.27180781665889786 0.26303982257312697 0.2686012993942888
0.15260298566173833 0.15499685165842572 0.15499685165842572 0.12996881122750908 0.12996881122750908 0.1162476387438193 0.12361704410853719 0.12361704410853719 0.13396098146272087 0.13313963109905763 0.13313963109905763 0.14416100751597 0.14416100751597
0.24611703635381596 0.23752107242503986 0.23752107242503986 0.26018681692325835 0.26018681692325835 0.24886174365614833 0.24832351941171754 0.24422538962814086 0.2530972418466795 0.2770188206824192 0.2770188206824192 0.2671764374546612 0.27232029245236145
0.14990633779917228 0.14990633779917228 0.14990633779917228 0.14990633779917228 0.14990633779917228 0.12764064725415908 0.12764064725415908 0.12764064725415908 0.12764064725415908 0.12764064725415908 0.11695830574618832 0.11695830574618832 0.11695830574618832
0.26106568644530265 0.26106568644530265 0.26106568644530265 0.26106568644530265 0.26106568644530265 0.24610699196289998 0.24610699196289998 0.2540378034720071 0.26206056302900727 0.27638957290221744 0.29110207713689584 0.2754802452784873 0.2754802452784873
0.13238494323704753 0.12664018260037613 0.12137285178646788 0.11652585447180118 0.12137285178646788 0.12137285178646788 0.12147816447594377 0.12147816447594377 0.11652585447180118 0.10761723676327273 0.11652585447180118 0.11652585447180118 0.11652585447180118
0.254785660724105 0.254785660724105 0.254785660724105 0.254785660724105 0.22781716703092197 0.22781716703092197 0.22781716703092197 0.22781716703092197 0.21965987723282135 0.21965987723282135 0.21965987723282135 0.21965987723282135 0.21965987723282135
0.16781809083583657 0.16781809083583657 0.19190732887763756 0.1914103733721941 0.18380365552345193 0.18380365552345193 0.1805309251744867 0.1805309251744867 0.1794267501365025 0.1805309251744867 0.1805309251744867 0.1736290840370052 0.1805309251744867
0.3438723239553916 0.3438723239553916 0.3438723239553916 0.3438723239553916 0.3629763419529133 0.37828360560535196 0.36498724539221683 0.36498724539221683 0.34598848130693644 0.34598848130693644 0.343567086477143 0.3596352866894135 0.3596352866894135
0.14724203476646205 0.14724203476646205 0.142044164845687 0.142044164845687 0.142044164845687 0.13826657968874304 0.13826657968874304 0.13826657968874304 0.13826657968874304 0.13719886811400708 0.13719886811400708 0.13719886811400708 0.12004900959975619
0.3085136246167343 0.3085136246167343 0.3085136246167343 0.3203623301801016 0.323516907758678 0.3320968071481795 0.3167761936210674 0.3054774366909049 0.2872630269866887 0.2872630269866887 0.320584127007559 0.30989798944064034 0.29442747878307995
0.1288367804206543 0.1288367804206543 0.14654866108946232 0.16486724372564512 0.18318582636182792 0.18208926018230742 0.18208926018230742 0.18208926018230742 0.18208926018230742 0.18318582636182792 0.1840994770488619 0.18769750212382433 0.18769750212382433
0.27225825045696556 0.2634757262486764 0.24806355578184155 0.24806355578184155 0.2634757262486764 0.27225825045696556 0.27225825045696556 0.2627264845106131 0.2627264845106131 0.26258064687266996 0.25749880774838685 0.2598011158284737 0.268718070702805
0.20647763803090466 0.20647763803090466 0.20577699930199786 0.20577699930199786 0.21437323142813605 0.22289467238171626 0.223606797749979 0.223606797749979 0.22090722034374521 0.22090722034374521 0.23011168785806793 0.2615267221816814 0.2725486871831268
0.268718070702805 0.268718070702805 0.2598011158284737 0.268718070702805 0.2598011158284737 0.2598011158284737 0.27531291415072 0.27531291415072 0.2887123886642334 0.27948692428647515 0.2862552536765244 0.26414503340250944 0.24868822524593315
0.3025052627017655 0.31622776601683794 0.3007385675413547 0.2891724220169904 0.2891724220169904 0.2891724220169904 0.30717743513105983 0.30717743513105983 0.3254154214332047 0.31345378464642965 0.30462232325508826 0.29588619118217685 0.3070678384973691
0.2093421937095954 0.2207616263614173 0.21447903616957767 0.21447903616957767 0.22122496545795306 0.2351936635999056 0.22164051181034888 0.21941070450823968 0.22851730253589872 0.22199146676036102 0.22199146676036102 0.22199146676036102 0.22199146676036102
0.16666666666666666 0.17046943731891961 0.16666666666666666 0.16738351585299652 0.16738351585299652 0.16609095970747995 0.17374889710522776 0.16609095970747995 0.16609095970747995 0.14532958974404495 0.14532958974404495 0.14680505487867587 0.14680505487867587
0.2399991086207631 0.2399991086207631 0.2549968639379086 0.28898284639677674 0.283923251209925 0.283923251209925 0.2950455314919051 0.3123154621172782 0.3123154621172782 0.3056021977856103 0.2864911064067352 0.2864911064067352 0.2941640786499874
0.1508957147457294 0.1508957147457294 0.1508957147457294 0.14992352790734176 0.14276797787840073 0.14276797787840073 0.14870075103173058 0.17126625459762618 0.17126625459762618 0.16294872684896727 0.16294872684896727 0.16294872684896727 0.1681849864995691
0.2705974579204899 0.2705974579204899 0.28982822715125917 0.28982822715125917 0.2719641466102106 0.2527713838194522 0.2477035878552296 0.2572168366886722 0.24719617130081473 0.2475032324282975 0.2645304074843886 0.2645304074843886 0.2645304074843886
0.16945859735114127 0.14960533665867926 0.14960533665867926 0.14960533665867926 0.15049774964953014 0.15114505478581458 0.15114505478581458 0.15114505478581458 0.15114505478581458 0.14513849534113515 0.1454858556193815 0.1454858556193815 0.1454858556193815
0.24486312244776787 0.2268146182252432 0.2268146182252432 0.2268146182252432 0.22961232684831603 0.21245560129463753 0.21245560129463753 0.21114758014145346 0.21114758014145346 0.21245560129463753 0.2306987041796933 0.21245560129463753 0.2131789796262544
0.18280870640165578 0.18937283058959972 0.18937283058959972 0.18280870640165578 0.16369907031170042 0.1510779149200996 0.1510779149200996 0.1510779149200996 0.1510779149200996 0.15689290811054724 0.18355882870080095 0.1643989873053573 0.1643989873053573
0.30168263785058924 0.30168263785058924 0.3053398026028726 0.3232183104162746 0.35433587784461973 0.3671374097679617 0.3671374097679617 0.348026722687467 0.348026722687467 0.348026722687467 0.35433587784461973 0.35433587784461973 0.3684871064282085
0.1386750490563073 0.1386750490563073 0.1386750490563073 0.1386750490563073 0.1396451933694864 0.1396451933694864 0.1396451933694864 0.1396451933694864 0.1396451933694864 0.12012733753433862 0.12012733753433862 0.11929278784054478 0.12012733753433862
0.3324771832892598 0.3324771832892598 0.313392690171396 0.29482754436832154 0.29482754436832154 0.29482754436832154 0.29482754436832154 0.29482754436832154 0.29482754436832154 0.2950455314919051 0.2950455314919051 0.29482754436832154 0.27646507165703194
0.11487138500394552 0.11487138500394552 0.11487138500394552 0.09554691770615138 0.09629365453131229 0.09629365453131229 0.09554691770615138 0.0844551219150681 0.07786377511420611 0.08770580193070293 0.08409249324978454 0.08409249324978454 0.08409249324978454
0.29554956477489575 0.29554956477489575 0.29554956477489575 0.27585454811837706 0.27585454811837706 0.27585454811837706 0.28681990152517733 0.28681990152517733 0.3193086338739844 0.3403340243158752 0.3403340243158752 0.3399115303254781 0.3399115303254781
0.1940087761016521 0.1940087761016521 0.1940087761016521 0.1940087761016521 0.1949166368208945 0.18685232967091492 0.1949166368208945 0.173259232729684 0.173259232729684 0.173259232729684 0.17374889710522776 0.17391304347826086 0.17374889710522776
0.35355871258720284 0.35355871258720284 0.35355871258720284 0.335180065689313 0.335180065689313 0.335180065689313 0.335180065689313 0.3198140981161251 0.3198140981161251 0.3198140981161251 0.3198140981161251 0.3381536439904466 0.3198140981161251
0.12953194003770996 0.10443198872211701 0.12288478807785606 0.12392885771580413 0.12392885771580413 0.13063248606829103 0.1386750490563073 0.1386750490563073 0.14617633655117154 0.13279629050460798 0.13279629050460798 0.1161269872959048 0.13664625560228308
0.1945428749490453 0.21015582736740726 0.20842067977585343 0.20842067977585343 0.19505072158760106 0.18620637492384925 0.19582719513795266 0.1974932231177174 0.16210970315118606 0.16331356259398289 0.16444746657920944 0.1575609281587104 0.16795389452932538
0.1161269872959048 0.1178511301977579 0.1178511301977579 0.1161269872959048 0.13664625560228308 0.12403473458920847 0.14935759876113539 0.12403473458920847 0.10850277962151739 0.10835281026218337 0.1339992578523194 0.14163943093313291 0.1145307118227128
0.15083779412800896 0.16145829798602832 0.17977954469299914 0.1878833306758315 0.19445724578299886 0.2075971141828726 0.2075971141828726 0.18688995743202144 0.1875630904071742 0.1875630904071742 0.1937542802581885 0.1937542802581885 0.18035480574467516
0.12085835334404364 0.12085835334404364 0.14417529904228596 0.14417529904228596 0.16760038078849773 0.13767686092000675 0.13767686092000675 0.1605403247669839 0.1322339680499613 0.13824460296132315 0.13824460296132315 0.1654570429381936 0.1535737792084878
0.23214911386371542 0.23214911386371542 0.2327518386700354 0.25266768545115004 0.25590700498847613 0.25266768545115004 0.23559411528296564 0.24806946917841693 0.23923566684866998 0.2591719724193925 0.268741924943285 0.26058880203298523 0.279108277990115
0.15886029415790753 0.15283214398017403 0.14724203476646205 0.14654866108946232 0.14654866108946232 0.14654866108946232 0.14654866108946232 0.12374368670764581 0.12374368670764581 0.12374368670764581 0.12374368670764581 0.12374368670764581 0.12374368670764581
0.2983975467231776 0.2983975467231776 0.2983975467231776 0.3289422295696032 0.3289422295696032 0.3289422295696032 0.3098577364517393 0.29081047452553066 0.29297974929974163 0.29297974929974163 0.28214379744631923 0.29297974929974163 0.28214379744631923
0.17883310446103107 0.17883310446103107 0.17883310446103107 0.17883310446103107 0.17883310446103107 0.19956577467770603 0.20775560922004768 0.18719704870198955 0.18719704870198955 0.18719704870198955 0.18719704870198955 0.18719704870198955 0.18719704870198955
0.3151044346408755 0.3149775118167524 0.30378646937498194 0.30378646937498194 0.32159823187195935 0.30390888267490634 0.31850167347047187 0.3000337520916439 0.3000337520916439 0.3000337520916439 0.3000337520916439 0.3000337520916439 0.3000337520916439
0.1880022010142618 0.1880022010142618 0.1880022010142618 0.1880022010142618 0.16738351585299652 0.1880022010142618 0.16738351585299652 0.17120264258353668 0.17120264258353668 0.04861017342390848 0.032009219983223994 0.022518867455552247 0.022518867455552247
0.29901565023470983 0.29901565023470983 0.29901565023470983 0.29901565023470983 0.29901565023470983 0.280610395888902 0.2628290545982926 0.2628290545982926 0.24442380025248484 0.14273222801311192 0.1415780401091686 0.14791302937514594 0.11516335992621968
0.07287288601626718 0.07287288601626718 0.08924461759630943 0.08924461759630943 0.08924461759630943 0.08924461759630943 0.08924461759630943 0.08924461759630943 0.10517579047791781 0.1346907306400629 0.15168668220223594 0.14997116216449366 0.14997116216449366
0.1778064017651962 0.1873594381477499 0.1949925994284633 0.18415036923531358 0.1793682259177099 0.17651699659862904 0.17651699659862904 0.17651699659862904 0.17492700746800616 0.169084517254038 0.16746484292690447 0.16578391640902293 0.1649937518342131
0.08744746321952061 0.08744746321952061 0.10846522890932808 0.13122843675372575 0.15411998287418846 0.15971914124998499 0.15971914124998499 0.15971914124998499 0.13565034179251592 0.13565034179251592 0.13565034179251592 0.14093620435725568 0.11265147726483324
0.2519816091964166 0.25862404478333906 0.2665377594743759 0.26523786338966376 0.2679438062946671 0.2679438062946671 0.2691805497675809 0.22771546686612015 0.23274993747612807 0.2316805735631587 0.23928721844188286 0.22910983575896343 0.24223640932834442
0.10859306069076735 0.10859306069076735 0.11351915229662496 0.11351915229662496 0.08027016238349195 0.09877295966495897 0.11381286340149636 0.11624763874381928 0.14865882924943327 0.19641855032959654 0.2491364395612199 0.19952172111690553 0.23942606534028665
0.13990730723974876 0.13986663513463665 0.1433382632863862 0.13905854111114457 0.13905854111114457 0.15952256103399676 0.1895650755006291 0.18780003104876122 0.17026186460958892 0.17140278956932514 0.1816306436745999 0.19460170216420794 0.2145272601538332
0.18805811245074375 0.14776353114138543 0.14776353114138543 0.16520465011377244 0.16520465011377244 0.16520465011377244 0.15504341823651058 0.16520465011377244 0.15504341823651058 0.15504341823651058 0.14680505487867587 0.1460515594592465 0.14482111159087308
0.2987525583596131 0.31573843742816465 0.31459911433398224 0.2960932840790421 0.31459911433398224 0.3156240622989997 0.3156240622989997 0.32774584974855103 0.2896140947044786 0.2896140947044786 0.3203977187451527 0.3004614131744302 0.3399142230286539
0.1638463841038081 0.18546151394389732 0.18546151394389732 0.18546151394389732 0.18332091363794034 0.18546151394389732 0.19667039757680582 0.1870372560576732 0.19594872910243658 0.16523847695440552 0.161721508012528 0.16007269816574263 0.16643566632465157
0.40363799920527876 0.4239607805437114 0.4239607805437114 0.4239607805437114 0.40439088914585775 0.42439088914585776 0.3821523753097162 0.3971303697562198 0.3561992349377066 0.26216683989925516 0.3343690769915863 0.3835525661825582 0.32449486709942243
0.2039170176846942 0.2039170176846942 0.21343747458109497 0.21179652511907843 0.21179652511907843 0.18027756377319945 0.17867664595966337 0.17677669529663687 0.17677669529663687 0.19855245383292783 0.19048145799711835 0.22360679774997896 0.2006864447737155
0.32146326812000997 0.32146326812000997 0.3287979746107146 0.3287979746107146 0.3310675035240528 0.3420051855988885 0.3213327298340204 0.3006602740691523 0.3006602740691523 0.3006602740691523 0.2907014012558751 0.29067837615188147 0.284723307500236
0.20432456172128038 0.20432456172128038 0.20432456172128038 0.1958504549956973 0.1860870182962218 0.16666666666666666 0.16738351585299652 0.16738351585299652 0.16073163406000499 0.16073163406000499 0.16073163406000499 0.16073163406000499 0.16073163406000499
0.2865696104521316 0.27041189516584985 0.2737282558336938 0.28504343477281746 0.31695878928092147 0.33774806244229044 0.3375490599586813 0.3375490599586813 0.3655596984746886 0.3655596984746886 0.38366098139078425 0.3501607361435951 0.3352821864047442
0.10540925533894598 0.10540925533894598 0.10478420553561367 0.10478420553561367 0.10478420553561367 0.10478420553561367 0.10478420553561367 0.10991717057228638 0.10540925533894598 0.08523471865945981 0.08560132129176834 0.1307440900921227 0.13130643285972257
0.23923566684866998 0.23923566684866998 0.2192993612779475 0.2192993612779475 0.2192993612779475 0.2192993612779475 0.2192993612779475 0.23167639573238993 0.20509572214150962 0.2231435084485957 0.20497581975910872 0.26082195151322396 0.24088564594250145
0.12628648329124129 0.13130643285972257 0.13130643285972257 0.1392715036327889 0.12105854952787558 0.12105854952787558 0.11180339887498948 0.11695830574618832 0.11209367214293915 0.11695830574618832 0.11695830574618832 0.11209367214293915 0.09308872791678188
0.22094934037177894 0.22094934037177894 0.22094934037177894 0.23214911386371542 0.23009333310841623 0.2506119046958508 0.2304472917767286 0.23747080386230834 0.23747080386230834 0.2340929501685944 0.2340929501685944 0.2340929501685944 0.2340929501685944
0.14971236790408557 0.16914973328435623 0.1386750490563073 0.1319773949844641 0.1319773949844641 0.12569509340294954 0.14818724459095478 0.14367394278317272 0.10983272715093156 0.061649620239508984 0.061649620239508984 0.061649620239508984 0.058834840541455206
0.18490080380933197 0.19260500396805413 0.19747101228595781 0.20669787331660489 0.2262692149144934 0.21557904606781914 0.20719641833662905 0.19016540865504328 0.14029171612570696 0.11673903116098143 0.14559123927626222 0.14559123927626222 0.1632455532033676
0.10399667215973547 0.10920899919231544 0.13697692318338522 0.13511320473331348 0.13511320473331348 0.13511320473331348 0.13416407864998736 0.15652475842498528 0.15652475842498528 0.15652475842498528 0.1772968828711745 0.1772968828711745 0.17888543819998318
0.20181758367062985 0.1946002529597976 0.1941542192295047 0.2029535416794081 0.2029535416794081 0.20453970360914123 0.20586550599000805 0.20691469992941697 0.22902441363073947 0.21592916659743178 0.1985753676973844 0.20761369963434992 0.19238808319187287
0.17245224542369075 0.17245224542369075 0.18015093964441797 0.18015093964441797 0.18015093964441797 0.18015093964441797 0.17379430648482921 0.17379430648482921 0.17379430648482921 0.1524276902124231 0.1524276902124231 0.13112325709112732 0.1148241445798704
0.2387080308885198 0.2387080308885198 0.23891515286318174 0.24794807783040884 0.2550046159471962 0.24435885351098227 0.23431237614540032 0.23431237614540032 0.22872374854070282 0.22872374854070282 0.22872374854070282 0.21070297079641656 0.2298059216930458
0.1454858556193815 0.1454858556193815 0.1454858556193815 0.14513849534113515 0.14513849534113515 0.14513849534113515 0.14513849534113515 0.14513849534113515 0.14097096860865022 0.1395541389950575 0.1395541389950575 0.11914522061843064 0.11462410798513052
0.25257296658248257 0.25257296658248257 0.25257296658248257 0.25266768545115004 0.25266768545115004 0.25266768545115004 0.25266768545115004 0.25266768545115004 0.25266768545115004 0.25266768545115004 0.25266768545115004 0.2623448607847095 0.26685108273949165
0.11561596785531567 0.09629365453131229 0.09629365453131229 0.09999999999999999 0.09999999999999999 0.09999999999999999 0.09999999999999999 0.11929278784054478 0.1386750490563073 0.14530954842977412 0.1396451933694864 0.1396451933694864 0.1396451933694864
0.21265125270781546 0.21265125270781546 0.21345144126648988 0.20983848327109164 0.20983848327109164 0.2438527336628165 0.24233590620899162 0.22576979531878485 0.22576979531878485 0.2489255914993281 0.2564139886928517 0.24656677042463465 0.25580177773887675
0.16111631343124172 0.16111631343124172 0.16073163406000499 0.16073163406000499 0.16009657968394708 0.1532405264919746 0.1532405264919746 0.1532405264919746 0.15673695795325143 0.1344008326426176 0.1396451933694864 0.14530954842977412 0.15144563320384566
0.35538571686725834 0.35538571686725834 0.3922617913354147 0.37072370908057856 0.3476303777434376 0.3476303777434376 0.34539067412802754 0.34420445479899936 0.34420445479899936 0.366690320082193 0.37943623781027347 0.40139803821252024 0.4048298068365362
0.07437051466359121 0.07905694150420949 0.06756187343149266 0.08380019039424887 0.10169743382037263 0.09104463009115371 0.10300524052492095 0.1125609297988503 0.09611386626644255 0.09661723007927399 0.09104463009115371 0.09369146112448268 0.08380019039424887
0.10793458229601677 0.0911411502296066 0.10265012513337765 0.11296550691717058 0.1166782168301739 0.1166782168301739 0.12438778220450578 0.1166782168301739 0.0903876907577734 0.061664564396243786 0.06505919948015007 0.07853340087105745 0.08900452818356695
0.173259232729684 0.173259232729684 0.173259232729684 0.173259232729684 0.173259232729684 0.173259232729684 0.173259232729684 0.13697345026974844 0.13697345026974844 0.13697345026974844 0.13697345026974844 0.11695830574618832 0.10613747992445476
0.31898088913156 0.31898088913156 0.31898088913156 0.31898088913156 0.31898088913156 0.31898088913156 0.31898088913156 0.20951614049373316 0.20146996806502224 0.20146996806502224 0.20161892924475552 0.20146996806502224 0.1959712395623353
0.11074362710059765 0.11074362710059765 0.11576727454540037 0.11576727454540037 0.13622298275594996 0.14269544824634822 0.14269544824634822 0.14269544824634822 0.14269544824634822 0.14269544824634822 0.14269544824634822 0.14269544824634822 0.14269544824634822
0.2019803902718557 0.2019803902718557 0.2019803902718557 0.21039623986651634 0.21954390246940836 0.23799114237353214 0.25950484622916625 0.25950484622916625 0.2592798744953051 0.2592798744953051 0.2592798744953051 0.2592798744953051 0.2592798744953051
0.37900713560535904 0.358765761029573 0.358765761029573 0.358765761029573 0.358765761029573 0.334995854037363 0.334995854037363 0.32168867956049846 0.32168867956049846 0.3063758655699196 0.3063758655699196 0.27436984238236156 0.27605828811803806
0.18308393100995507 0.20524696689234248 0.22156006848927623 0.19876441966094274 0.18853197555834492 0.18396198336854216 0.19935155468861576 0.21716583390238692 0.2305474131345101 0.22674015168299758 0.22674015168299758 0.23564447375983708 0.24395017753883597
0.276432802575278 0.2892709559399513 0.269069117598525 0.269069117598525 0.25607375986579195 0.25913077843162224 0.22633936510629635 0.23782574707724705 0.23570226039551584 0.26874192494328497 0.26874192494328497 0.23570226039551584 0.23570226039551584
0.2590374718794461 0.2388216981371577 0.23117222570746976 0.23117222570746976 0.24514515974975565 0.24919761611799285 0.257582519027007 0.28328999446873665 0.30219260107559726 0.2920781987201965 0.270399798182447 0.2684177035841666 0.2796399614698048
0.26408803318285035 0.301996219741568 0.301996219741568 0.301996219741568 0.35355339059327373 0.3694407753436083 0.3328825781124792 0.38379330022460956 0.37575485338789655 0.39816652969059774 0.3561309707013459 0.32990332962331814 0.3094922302950865
0.2691999034365705 0.2636417504089734 0.2653108659327214 0.2667003417102464 0.258567140507965 0.27644627391465254 0.28656236543768243 0.2629022621357831 0.2801195867638043 0.26220514154309427 0.2704060012108594 0.2758229441467875 0.2758229441467875
0.07432941462471665 0.07844645405527362 0.07844645405527362 0.07844645405527362 0.07844645405527362 0.07844645405527362 0.07856742013183862 0.07856742013183862 0.08784104611578832 0.07856742013183862 0.10586263057247414 0.13130643285972254 0.15903404916487007
0.1680629140071894 0.1680629140071894 0.1680629140071894 0.1680629140071894 0.1507514161979123 0.17002257237416246 0.17333043237513573 0.17279683306159804 0.1652404812388125 0.15811124471142635 0.16580886821007096 0.18417686858694737 0.1789122944669431
0.13948208816291766 0.13948208816291766 0.11991885161829781 0.11991885161829781 0.11267347735824966 0.11245405460403443 0.11245405460403443 0.11245405460403443 0.1201850425154663 0.14874102932718242 0.14874102932718242 0.14874102932718242 0.15811388300841897
0.21954390246940836 0.2338233426757645 0.23738380970097378 0.2564365064541873 0.2680998077754125 0.31032837539903246 0.3400277780672691 0.3400277780672691 0.35378441683874995 0.311581024212143 0.3207939283467084 0.3207939283467084 0.3166106069329289
0.2790244994266217 0.2798681479867095 0.27011363051604403 0.31221317111900243 0.3259104425763478 0.3091734712004211 0.28964222318174615 0.3192539379914944 0.2982049203092469 0.28424053709284547 0.26762216205243844 0.4734320764739993 0.4860112103148693
0.342509829815956 0.37079309236750246 0.37079309236750246 0.39306038959096823 0.38925129110594314 0.40422205101855957 0.38925129110594314 0.37148745310199266 0.39704495479076457 0.44962489587572185 0.4860793013178852 0.46932751448223353 0.4938718415258367
0.16298006013006622 0.14398509407946772 0.13476792334377333 0.08310281191431672 0.09002631923284136 0.09002631923284136 0.08584645893961879 0.09805806756909201 0.09816918156232525 0.09370694603676501 0.09370694603676501 0.08954813188742858 0.08954813188742858
0.32682987806116076 0.2690318547084308 0.2237045766166228 0.17096815308388555 0.17791734290492509 0.17791734290492509 0.15891239867876783 0.15444962770385115 0.15831162121699568 0.15831162121699568 0.15831162121699568 0.11236803472037689 0.12826948783025796
0.086629616364842 0.086629616364842 0.086629616364842 0.086629616364842 0.08687444855261388 0.08687444855261388 0.06521739130434782 0.06521739130434782 0.06521739130434782 0.06521739130434782 0.06521739130434782 0.06521739130434782 0.0625
0.19984019174435788 0.2037978074609209 0.2037978074609209 0.2037978074609209 0.15858098560067926 0.1649242250247064 0.1694427190999916 0.1694427190999916 0.1694427190999916 0.1694427190999916 0.1875533134610159 0.1877032961426901 0.1955242668153022
0.04658474953124562 0.04658474953124562 0.04658474953124562 0.04658474953124562 0.04658474953124562 0.04658474953124562 0.04658474953124562 0.06588078458684124 0.06588078458684124 0.06582367076198595 0.06582367076198595 0.06582367076198595 0.06319501739569483
0.16311511326787378 0.16311511326787378 0.16311511326787378 0.12947063817933085 0.16311511326787378 0.16311511326787378 0.16311511326787378 0.17081225415896756 0.17081225415896756 0.17094884934605767 0.17094884934605767 0.17094884934605767 0.17094884934605767
0.07188137197855833 0.07188137197855833 0.07188137197855833 0.07205340582328378 0.07505053179263302 0.07830756969602692 0.07830756969602692 0.07830756969602692 0.07830756969602692 0.09214426752509268 0.10859306069076735 0.11695830574618832 0.12664018260037613
0.18485281374238569 0.18668391657209368 0.18668391657209368 0.18668391657209368 0.17429553284237728 0.16828515063465768 0.16828515063465768 0.18707720164052152 0.19558071080599976 0.19832838316560134 0.21639255479267305 0.21639255479267305 0.22622858001052182
0.10693610816877483 0.10693610816877483 0.10287828539511831 0.09552008998760876 0.09968152785361249 0.10407636178045333 0.10407636178045333 0.08478501284163321 0.08937125067539531 0.08593907360584258 0.1034843482838546 0.08593907360584258 0.08259105521236186
0.2685777337543844 0.2900491518372268 0.3135678197599947 0.30874076949062224 0.29407291997858137 0.2810240495907216 0.254285940044357 0.2540986338067943 0.26552814786198997 0.26552814786198997 0.27472520592871563 0.2551930159017733 0.2591639889749586
0.09776923610938035 0.0958706236059213 0.09992009587217894 0.09992009587217894 0.14130835473605538 0.14130835473605538 0.1454858556193815 0.14513849534113515 0.1643989873053573 0.17677669529663687 0.17677669529663687 0.17677669529663687 0.17677669529663687
0.3106618277481501 0.28896707882021766 0.2494992059671664 0.2494992059671664 0.2393292946737017 0.2393292946737017 0.2393292946737017 0.2393292946737017 0.24973491618125396 0.24973491618125396 0.24973491618125396 0.2459501847605383 0.23145208405755757
0.0651558364144604 0.0651558364144604 0.062445817068272 0.062445817068272 0.062445817068272 0.062445817068272 0.06582367076198595 0.06582367076198595 0.06868028197434452 0.0651558364144604 0.0649722122736315 0.0649722122736315 0.0651558364144604
0.16652217884872533 0.16652217884872533 0.1490847601863486 0.15164723731214713 0.15164723731214713 0.15164723731214713 0.1512545377216296 0.17120264258353668 0.1784489903802943 0.19127015440585576 0.189559784796413 0.189559784796413 0.15160064907858953
0.12140522651411392 0.12140522651411392 0.12140522651411392 0.12731644162961409 0.16666666666666666 0.15 0.15 0.1656472891122698 0.22086305214969307 0.22086305214969307 0.22086305214969307 0.22766042320237156 0.22766042320237156
0.14869869628360124 0.1512545377216296 0.1512545377216296 0.1478854311820733 0.27607881518711636 0.28679320334268776 0.3312945782245396 0.19900743804199783 0.2222222222222222 0.22086305214969307 0.2627097836455158 0.2627097836455158 0.2627097836455158
0.2 0.11124853987249621 0.2172415189392221 0.19611613513818404 0.16959086634280354 0.1699673171197595 0.16959086634280354 0.2 0.1 0.1414213562373095
0.19611613513818404 0.2627097836455158 0.29851115706299675 0.3 0.2617119612951069 0.28788315742461756 0.27363522730774703 0.19611613513818404 0.2 0.2
0.09862873039405895 0.12021175920858626 0.22587697572631282 0.19174124721184263 0.11851136578499431 0.13074409009212268 0.17811762496977412 0.17811762496977412 0.13968605915391563 0.14704292441876154 0.1111111111111111 0.1111111111111111 0.1111111111111111
0.18617454263468594 0.18617454263468594 0.1559625734730109 0.18195633571851275 0.22555427010576445 0.2173675740962213 0.2764517688263447 0.3007732496038529 0.2900491518372268 0.3162203479667375 0.22086305214969307 0.21693045781865616 0.21693045781865616
0.14570690649263465 0.14570690649263465 0.1398881342210505 0.1342188730482898 0.1342188730482898 0.1342188730482898 0.1342188730482898 0.1395541389950575 0.11914522061843064 0.12574563933578695 0.12628648329124129 0.12628648329124129 0.1317368461095426
0.2943724047047319 0.2943724047047319 0.3101441679754932 0.28842555583733975 0.28842555583733975 0.28842555583733975 0.28842555583733975 0.290223043132459 0.290223043132459 0.290223043132459 0.2543188696948774 0.24374101366691103 0.23778482144842664
0.12456821978060995 0.12456821978060995 0.1535737792084878 0.14570690649263465 0.14570690649263465 0.14570690649263465 0.14570690649263465 0.11084825029549532 0.11084825029549532 0.10407636178045333 0.10407636178045333 0.10407636178045333 0.1303116728289208
0.2515059928821246 0.24146215808563387 0.2102138417049081 0.24070222081480735 0.23069072052603395 0.24070222081480735 0.24070222081480735 0.2608695652173913 0.24285278722463768 0.219336687791365 0.219336687791365 0.2214872542011953 0.219336687791365
0.11074362710059765 0.11074362710059765 0.11074362710059765 0.11074362710059765 0.10859306069076735 0.10859306069076735 0.10859306069076735 0.10859306069076735 0.10859306069076735 0.1303116728289208 0.1303116728289208 0.1303116728289208 0.1520302849670743
0.19216561050602196 0.23059873260722635 0.23059873260722635 0.23059873260722635 0.23059873260722635 0.23059873260722635 0.19216561050602196 0.19216561050602196 0.1959712395623353 0.19611613513818402 0.19611613513818402 0.15846382194552627 0.16479244376113478
0.124891634136544 0.124891634136544 0.10586263057247414 0.12661435874558064 0.12661435874558064 0.14718620235236596 0.14680505487867587 0.14680505487867587 0.14680505487867587 0.12628648329124129 0.12661435874558064 0.10407636178045333 0.10407636178045333
0.2514912786715739 0.3017914294914588 0.28023489881349745 0.28023489881349745 0.2906888370749727 0.28994162699570925 0.28994162699570925 0.3030236355887372 0.3030236355887372 0.3030236355887372 0.2541534712399937 0.23391882505812261 0.23391882505812261
0.12661435874558064 0.12661435874558064 0.12661435874558064 0.12628648329124129 0.12661435874558064 0.12661435874558064 0.10407636178045333 0.10189890373046046 0.12165525060596438 0.1019803902718557 0.10189890373046046 0.08239622188056739 0.08239622188056739
0.2192993612779475 0.2192993612779475 0.2192993612779475 0.2192993612779475 0.2192993612779475 0.2192993612779475 0.2231704622613289 0.22175363264773615 0.24120975012912005 0.26082195151322396 0.26082195151322396 0.24120975012912005 0.2426265797427128
0.14680505487867587 0.14680505487867587 0.14680505487867587 0.14680505487867587 0.14680505487867587 0.14680505487867587 0.14680505487867587 0.14680505487867587 0.12661435874558064 0.12661435874558064 0.12661435874558064 0.12661435874558064 0.1267242193812129
0.2921346446227208 0.2921346446227208 0.2921346446227208 0.2921346446227208 0.31271310559704146 0.31271310559704146 0.31271310559704146 0.2774315380770559 0.25759291615096386 0.25759291615096386 0.25759291615096386 0.25759291615096386 0.23808988216623075
0.10407636178045333 0.124891634136544 0.12456821978060995 0.12456821978060995 0.12456821978060995 0.12456821978060995 0.12456821978060995 0.12456821978060995 0.14532958974404495 0.14532958974404495 0.14570690649263465 0.16666666666666666 0.1752664727890989
0.22697812456806937 0.22697812456806937 0.22697812456806937 0.22752135180988747 0.22752135180988747 0.22752135180988747 0.22752135180988747 0.22752135180988747 0.18929134654757424 0.17197350169546272 0.16930732737313844 0.15162659426144834 0.16678207481786878
0.18015093964441797 0.18015093964441797 0.18015093964441797 0.18015093964441797 0.18015093964441797 0.18015093964441797 0.18015093964441797 0.18015093964441797 0.18015093964441797 0.18015093964441797 0.20266980709997023 0.20266980709997023 0.20370542859566668
0.3289422295696032 0.32787791768128943 0.32787791768128943 0.32787791768128943 0.32787791768128943 0.32668153786023735 0.32668153786023735 0.3397283259654084 0.3397283259654084 0.3538596300535413 0.3538596300535413 0.3538596300535413 0.35409316072174174
0.17245224542369075 0.17245224542369075 0.173259232729684 0.16537964611894462 0.16537964611894462 0.16537964611894462 0.16537964611894462 0.16537964611894462 0.14470719035407653 0.14470719035407653 0.14532958974404495 0.14570690649263465 0.14570690649263465
0.3608191628023611 0.37582775914444205 0.3769806158792521 0.33476703170599303 0.33476703170599303 0.33476703170599303 0.33476703170599303 0.33476703170599303 0.29361010975735174 0.29361010975735174 0.29361010975735174 0.2943724047047319 0.2943724047047319
0.13824460296132315 0.13824460296132315 0.1322339680499613 0.1322339680499613 0.1322339680499613 0.13810200921222546 0.13810200921222546 0.1605403247669839 0.13810200921222546 0.13810200921222546 0.14359163172354764 0.13736056394868904 0.1316473415239719
0.3150042931882025 0.3150042931882025 0.3137083812010913 0.3137083812010913 0.3137083812010913 0.34884994609834646 0.34884994609834646 0.35020209798623747 0.3332149320015377 0.3332149320015377 0.35250696283130506 0.35250696283130506 0.35250696283130506
0.1605403247669839 0.1605403247669839 0.1605403247669839 0.15892681321527494 0.1605403247669839 0.1535737792084878 0.1535737792084878 0.1535737792084878 0.1303116728289208 0.1303116728289208 0.07110681947099658 0.07495316889958614 0.07495316889958614
0.34352940491015777 0.3419293524071525 0.3419293524071525 0.3571939233195607 0.3211035587601535 0.3211035587601535 0.3211035587601535 0.3087752504578919 0.30050511738025126 0.27077091743196113 0.26084108891546554 0.2694838409859665 0.2694838409859665
0.18107149208503706 0.18248063000732118 0.18304413303674952 0.18304413303674952 0.18304413303674952 0.18304413303674952 0.18304413303674952 0.18304413303674952 0.15892681321527494 0.15892681321527494 0.15892681321527494 0.1535737792084878 0.1535737792084878
0.285373989840432 0.285373989840432 0.285373989840432 0.285373989840432 0.285373989840432 0.285373989840432 0.285373989840432 0.285373989840432 0.285373989840432 0.2370106792372454 0.245980124284569 0.23533710986109943 0.2443885371634494
0.16666666666666666 0.16666666666666666 0.16666666666666666 0.16666666666666666 0.16666666666666666 0.16666666666666666 0.16666666666666666 0.1590909090909091 0.11588680712710873 0.09370694603676501 0.09370694603676501 0.09370694603676501 0.09370694603676501
0.3098577364517393 0.3098577364517393 0.3098577364517393 0.3098577364517393 0.3098577364517393 0.32223262686248344 0.32223262686248344 0.31027829938051626 0.3298484500494128 0.29120439557122074 0.29120439557122074 0.29120439557122074 0.2529822128134704
0.1346291201783626 0.1346291201783626 0.1346291201783626 0.13446114865920605 0.12807308433908624 0.11576727454540037 0.11074362710059765 0.129944424547263 0.13210916012404 0.124891634136544 0.124891634136544 0.13043478260869565 0.1322339680499613
0.29120439557122074 0.29120439557122074 0.28702355402291985 0.28702355402291985 0.282842712474619 0.2946278254943948 0.2943724047047319 0.3289853382644353 0.27380056109794654 0.27380056109794654 0.28199944657817144 0.27380056109794654 0.26704389865840067
0.13112325709112732 0.15314097295792223 0.15314097295792223 0.15314097295792223 0.15314097295792223 0.17460757394239454 0.19520268753101444 0.19611613513818404 0.19611613513818404 0.19611613513818404 0.19967139984847204 0.1914103733721941 0.19967139984847204
0.32846549887919474 0.3297898576447443 0.3297898576447443 0.3506804492990591 0.37159971383316975 0.37159971383316975 0.37159971383316975 0.3467143836637457 0.3260600568420645 0.3260600568420645 0.3056021977856103 0.3214213562373095 0.3016552506059644
0.10407636178045333 0.10613747992445476 0.11074362710059765 0.11074362710059765 0.11074362710059765 0.11074362710059765 0.11576727454540037 0.11588680712710873 0.11588680712710873 0.11588680712710873 0.11588680712710873 0.11588680712710873 0.11588680712710873
0.2515059928821246 0.2515059928821246 0.2515059928821246 0.2515059928821246 0.2515059928821246 0.2515059928821246 0.2565389756605159 0.27642910426418704 0.27642910426418704 0.27642910426418704 0.2558356226933441 0.25561383190809633 0.25561383190809633
0.09370694603676501 0.09370694603676501 0.09370694603676501 0.07186994682200863 0.09370694603676501 0.09370694603676501 0.09370694603676501 0.09370694603676501 0.09361029108991246 0.1223901092530569 0.15953836117931888 0.18323313064314883 0.1752664727890989
0.25561383190809633 0.23500228936001077 0.23479855955200568 0.23479855955200568 0.23500228936001077 0.23500228936001077 0.2551294010674025 0.2551294010674025 0.2342960677340692 0.22474450128444215 0.23717082451262841 0.20603160930796227 0.19875837713313318
0.16738351585299652 0.16738351585299652 0.14971236790408557 0.17783118855794566 0.16988570995283225 0.16245267060116111 0.15663910437233622 0.1717826644910034 0.18208926018230742 0.18208926018230742 0.1555088632070459 0.1555088632070459 0.1555088632070459
0.21962366068553038 0.22766042320237156 0.2174378562131971 0.20601943779043727 0.19531072666281962 0.1917114127856703 0.1992823819123595 0.19064807070077952 0.18440601753208957 0.18440601753208957 0.1817251151251497 0.2002793423172472 0.18375887730586996
0.17054315383580027 0.1861196466679888 0.19292252622126713 0.19153808530956568 0.23750356258015826 0.20921893599025712 0.2 0.21081851067789195 0.22249707974499242 0.18944943681339066 0.1993138916314171 0.20098841126645742 0.2065480961930069
0.189979025095583 0.18909023616760798 0.19119284019977337 0.19788689868556628 0.18810509943611167 0.1809345859263174 0.22760090210909795 0.24654985086876813 0.26420547499354174 0.2536110011550371 0.24654985086876813 0.24654985086876813 0.23747469470441898
0.24936467495768377 0.2684377460965796 0.2906591794880899 0.31304951684997057 0.2684377460965796 0.23333333333333334 0.23333333333333334 0.23570226039551584 0.23570226039551584 0.2209708691207961 0.20797258270192576 0.19641855032959654 0.17655613788661215
0.2192993612779475 0.22228435610161792 0.21982421091879367 0.249783268273088 0.2898398908754548 0.34421519542995715 0.3445403869955675 0.3445403869955675 0.3237775284371664 0.3131864367181832 0.3482563398956131 0.381244422705493 0.42305323716038495
0.1498128508316767 0.16760038078849773 0.18569533817705186 0.2136327344609569 0.20450320618095447 0.21582677447711762 0.22610993689957096 0.21582677447711762 0.2061836571312545 0.2061836571312545 0.2061836571312545 0.19999999999999998 0.20956841107122734
0.5483614170143636 0.5308457737193134 0.543246675112656 0.5280509392115078 0.49835035579003334 0.455169330733961 0.429782940327066 0.43905350904194806 0.4203886941937434 0.4152375784041648 0.3622152997758826 0.38538952532479226 0.38172068075839793
0.1767766952966369 0.1817756694801661 0.1674958591813325 0.1674958591813325 0.15791661046371636 0.15791661046371636 0.15791661046371636 0.15791661046371636 0.15791661046371636 0.16620562382863344 0.1762876855208507 0.1762876855208507 0.1762876855208507
0.3086613566306872 0.3086613566306872 0.28024676963266715 0.28024676963266715 0.28024676963266715 0.28024676963266715 0.28024676963266715 0.28024676963266715 0.28024676963266715 0.27893069904256573 0.27352284041251423 0.27352284041251423 0.27352284041251423
0.170293863659264 0.19235384061671343 0.19235384061671343 0.19924751144104821 0.19924751144104821 0.21088184807174334 0.2544932992796438 0.2544932992796438 0.2544932992796438 0.2519355127620431 0.15504341823651058 0.14648968382726194 0.14648968382726194
0.22835984079021762 0.24253562503633297 0.2608575475191581 0.2608575475191581 0.2608575475191581 0.24678447724008845 0.27517127113765166 0.2626574307853598 0.2720191750866618 0.2515011579828992 0.23838925656115692 0.21887140072600914 0.21723693902167518
0.1917412472118426 0.21852416110985082 0.20867458390329452 0.20867458390329452 0.18722058217982493 0.16528638065148013 0.16528638065148013 0.16528638065148013 0.16528638065148013 0.1654570429381936 0.14373989364401726 0.1654570429381936 0.15371886547533642
0.3128960145861558 0.3115559826701162 0.3128430032178382 0.3128430032178382 0.3109879245816556 0.3086506126857334 0.3086506126857334 0.3086506126857334 0.27460533665867926 0.2549688112275091 0.2549688112275091 0.22684405730661458 0.23615334543106867
0.16004609991611995 0.15843755557440742 0.165915912098992 0.165915912098992 0.18856180831641267 0.18856180831641267 0.18856180831641267 0.18856180831641267 0.1649915822768611 0.14337208778404376 0.14337208778404376 0.11926103617007049 0.11926103617007049
0.3472581750317033 0.34217096844158384 0.34217096844158384 0.34217096844158384 0.33950904765944445 0.35553409735498287 0.35553409735498287 0.35553409735498287 0.3337934842982768 0.3337934842982768 0.3337934842982768 0.38092083920148745 0.35522847498307936
0.08498365855987974 0.08433028740719097 0.09923118024834338 0.09999999999999999 0.08545976121261312 0.07495316889958614 0.07134772412317411 0.075 0.075 0.07905694150420949 0.09002631923284136 0.07895830523185818 0.07895830523185818
0.27207592200561265 0.2666666666666666 0.2773500981126146 0.23497612444286708 0.2375043324489994 0.24100581367895685 0.2479429296965577 0.2479429296965577 0.24825266489501868 0.21368606168257206 0.1691957233908092 0.18512295868219159 0.17630757969732533
0.08969144025739326 0.08969144025739326 0.08969144025739326 0.09436158958517547 0.09436158958517547 0.09436158958517547 0.09436158958517547 0.09436158958517547 0.08276058886023681 0.07851358838853206 0.07851358838853206 0.05852057359806529 0.06173309979059935
0.2064917935099982 0.2064917935099982 0.20544200636628718 0.20544200636628718 0.20544200636628718 0.21330177409160636 0.23201386967356766 0.23201386967356766 0.21330177409160636 0.2251886745555225 0.22360679774997896 0.2124296443310437 0.22061168662988548
0.05521576303742327 0.05521576303742327 0.06173309979059935 0.05521576303742327 0.05521576303742327 0.05521576303742327 0.06173309979059935 0.06173309979059935 0.11766968108291041 0.07844645405527362 0.07856742013183862 0.06211299937499416 0.05547001962252291
0.20211302086361083 0.20211302086361083 0.21890764062956333 0.216619037896906 0.21406548259642294 0.21127783916646636 0.1997147078295097 0.2025819338079841 0.17981432165196984 0.1731547219801597 0.17800660857684464 0.2234119364473546 0.23814212261861012
0.0584206237836986 0.0584206237836986 0.0876309356755479 0.0876309356755479 0.11435437497937312 0.10850277962151739 0.10850277962151739 0.13446114865920605 0.13396098146272087 0.12764064725415908 0.12764064725415908 0.12764064725415908 0.12126781251816647
0.2371704738017927 0.2371704738017927 0.25559343748526286 0.27433340438275117 0.268350299312193 0.24961033241470468 0.2349747738342543 0.23849952300143099 0.2417618155557204 0.22152858787386145 0.20572164692649378 0.21230892064209228 0.19724644131492985
0.0888798529071021 0.0888798529071021 0.0681677353936515 0.048201867954981194 0.048201867954981194 0.048201867954981194 0.04622501635210243 0.04622501635210243 0.0681677353936515 0.06537204504606135 0.06279504491291604 0.0624512290210549 0.06010587960429313
0.18236968376594268 0.17685984060926202 0.1917830957814412 0.20687106418765996 0.20687106418765996 0.21499510648997264 0.22200700497119227 0.22200700497119227 0.2284820264651957 0.22147487299166888 0.21338834764831843 0.21174053651991137 0.20829325017212436
