0.15458673560021055 0.1342188730482898 0.06063390625908324 0.06304413373258617 0.04654436395839094 0.046423834544262965 0.04622501635210243 0.06537204504606135 0.06537204504606135 0.06848672513487422 0.07157479178923352 0.06704015231539909 0.07495316889958614
0.2541640786499874 0.2060617569968976 0.15256626807109014 0.12890861040876386 0.14670717532142372 0.13698280049264733 0.17485186398357644 0.18231276316033862 0.1816461694726013 0.18414721468409817 0.17641378933052757 0.15665037191092204 0.1614254038657306
0.07157479178923352 0.07495316889958614 0.06704015231539909 0.06704015231539909 0.07062245515464487 0.07495316889958614 0.07110681947099658 0.07134772412317411 0.07142857142857142 0.07142857142857142 0.10294903467565093 0.10256608591633991 0.10790660599072865
0.16834225286377613 0.16834225286377613 0.17572184745960878 0.19239786073214007 0.16354230155187346 0.16354230155187346 0.16271303426596415 0.14884406189478014 0.1642064053039032 0.17840735316618533 0.16270662953232373 0.15575196702639357 0.14907119849998599
0.07851358838853206 0.07851358838853206 0.08664587415167273 0.08730378697119727 0.10443198872211701 0.10930932902440077 0.1161269872959048 0.09245003270420485 0.09712858623572643 0.09245003270420485 0.09245003270420485 0.09345386270319955 0.09345386270319955
0.13256298237849895 0.13256298237849895 0.14077312659286823 0.14077312659286823 0.136121550082297 0.136121550082297 0.1571468165481551 0.1571468165481551 0.1571468165481551 0.17460757394239454 0.15946088023763857 0.17703994408600435 0.2127656736326021
0.09300816647554057 0.12126781251816648 0.18569533817705186 0.18569533817705186 0.21412087909648583 0.21375138636372346 0.21375138636372346 0.21375138636372346 0.21375138636372346 0.20191391920625673 0.2022252747022366 0.20191391920625673 0.1598514503776719
0.20019174652330793 0.20864756056627054 0.19931461783898496 0.21331586880471182 0.21486891161636062 0.2307929729377886 0.238320106568126 0.238320106568126 0.238320106568126 0.22362332346234887 0.23997967738649026 0.2714797508983249 0.2566006564387424
0.06920456654478332 0.07142857142857142 0.0675429033697874 0.08543576577167611 0.08543576577167611 0.08543576577167611 0.0675429033697874 0.0675429033697874 0.0675429033697874 0.0675429033697874 0.0675429033697874 0.0675429033697874 0.0675429033697874
0.27461941126324757 0.26332881278578474 0.240176068740607 0.24131242688043578 0.247490393756185 0.2557080571616916 0.25450390892974223 0.2529804265477763 0.2529804265477763 0.2529804265477763 0.2529804265477763 0.2529804265477763 0.2529804265477763
0.062017367294604234 0.06063390625908325 0.061267885174483984 0.061267885174483984 0.06173309979059935 0.07808688094430304 0.07808688094430304 0.07808688094430304 0.07844645405527362 0.09475178390133976 0.10307764064044152 0.125 0.15206906325745548
0.14791302937514594 0.14684575185621174 0.14684575185621174 0.14791302937514594 0.1543970711035963 0.16374944313243622 0.14466976647913413 0.18312868904700064 0.2210326107542875 0.19758278510079746 0.19972729071959147 0.2002917589880262 0.2065064376336169
0.125 0.125 0.15 0.1498128508316767 0.14221363894199315 0.14925557853149837 0.15767649936829103 0.14925557853149837 0.14925557853149837 0.165915912098992 0.15843755557440742 0.13767686092000675 0.13767686092000675
0.2065064376336169 0.2182311520673939 0.2387080308885198 0.2387080308885198 0.25322871749116127 0.25322871749116127 0.2439525026556513 0.2439525026556513 0.26352313834736496 0.25826170026955253 0.25759291615096386 0.2508547030718512 0.23637161865559944
0.1491374965679734 0.14108316199577509 0.14108316199577509 0.10717502734539651 0.10256608591633991 0.10790660599072865 0.13971227404748487 0.13971227404748487 0.11704114719613058 0.11166390612088833 0.11124853987249621 0.1162476387438193 0.1162476387438193
0.23577607676958287 0.24818162115990117 0.25867836813553613 0.21983434114457276 0.22679928007552044 0.22968870958277654 0.22968870958277654 0.20803130549156604 0.18851840701914957 0.16698563195419786 0.17294052059016274 0.17210649109013587 0.17755831829717297
0.09436158958517547 0.07808688094430304 0.07844645405527362 0.07844645405527362 0.062017367294604234 0.08320502943378437 0.08320502943378437 0.09488292830168392 0.09488292830168392 0.08584645893961879 0.07838154946660846 0.08944271909999159 0.11706880015509791
0.17755831829717297 0.17071067811865476 0.1631508100342083 0.13918009341050067 0.13607993807004823 0.1208244186660354 0.12559008982583209 0.14466976647913413 0.15426797691837643 0.15426797691837643 0.15354944494098613 0.15704758830075358 0.181230682857284
0.14373989364401726 0.14466375430616596 0.15187933259934655 0.15187933259934655 0.1598514503776719 0.1598514503776719 0.16007269816574263 0.12403473458920847 0.08770580193070293 0.10294903467565093 0.1319773949844641 0.20867458390329452 0.19874139293046258
0.18698567572635422 0.17088824665725563 0.18764034725278853 0.1638797899594146 0.14689972580540822 0.12807021794064946 0.11705318445823154 0.1059551081189063 0.08874825559569403 0.09220198709712808 0.10125867217335409 0.1311449190382651 0.13606367285360982
0.19967139984847204 0.21852416110985082 0.19874139293046258 0.17379430648482921 0.17379430648482921 0.1446056038649436 0.1446056038649436 0.15183306190854676 0.15953836117931888 0.15183306190854676 0.14359163172354764 0.14528228329238618 0.1262832814230742
0.1311449190382651 0.1672384122944927 0.20664731678093312 0.174179188572062 0.15267085786148696 0.13110641174050797 0.12638662144909393 0.13538234557160797 0.15198839876870382 0.14251955000862054 0.1464103342471594 0.13307249669752338 0.1387744639431205
0.12054009511326318 0.12054009511326318 0.16836188674121944 0.18291322825490772 0.22406453988256794 0.23543547789870936 0.28638012267026053 0.2854131639523716 0.2711630722733202 0.31579936965937144 0.3004626062886658 0.2996040908865638 0.3255764119219941
0.1520571842539411 0.15514161976300633 0.16612195539337668 0.16102528971507032 0.1671196236196395 0.1782067985959932 0.1723138402033856 0.17894054245701613 0.19392554775078108 0.18626223623167168 0.18626223623167168 0.18626223623167168 0.17385640392437715
0.22360679774997894 0.2561133721732245 0.24402983792510458 0.2330306389480246 0.2435787938291128 0.2124425706909634 0.18248063000732118 0.19470448393802792 0.19470448393802792 0.15953836117931888 0.12085835334404364 0.12085835334404364 0.08622612271184538
0.2236835176227461 0.21754147298891274 0.21754147298891274 0.21754147298891274 0.19751642679408513 0.1986840667410095 0.20129785931794172 0.20482944981689583 0.21231045910709248 0.2202829678227382 0.22451762744437945 0.24321962474956413 0.23659106720102388
0.07409362229547739 0.10478420553561367 0.09999999999999999 0.09554691770615138 0.1278274981412284 0.16666666666666666 0.19563351428145526 0.21159215918853272 0.24550161174516183 0.2567345642983434 0.24550161174516183 0.23671603823699966 0.2773500981126146
0.2536098682821129 0.2536098682821129 0.23034029078694665 0.25676836289507937 0.2890635893413108 0.3359673938717364 0.331237655780927 0.3514654048286791 0.42033557072015 0.35495969495498153 0.28422470092420027 0.2760758829919011 0.2930626762084289
0.3073181485764296 0.2614881801842454 0.23570226039551584 0.2250567875466498 0.20450320618095447 0.2136327344609569 0.17557819540792274 0.18380365552345196 0.18380365552345196 0.210939358214717 0.22022715545545238 0.2112368975696848 0.15636456680019054
0.309705452484111 0.3041402737987176 0.30076940768590543 0.28131829823293597 0.2537429088699331 0.22360792988755362 0.2011689037647096 0.22238631757013444 0.2407915719159422 0.25919682626174995 0.2776844380232874 0.2923637711404781 0.30683690772005423
0.34144770970316735 0.3620512133401586 0.3660299175647889 0.3660299175647889 0.3175353984704193 0.32196045810839236 0.31622776601683794 0.3073181485764296 0.3184162195757133 0.3184162195757133 0.3073181485764296 0.3073181485764296 0.3073181485764296
0.22954494742751655 0.22954494742751655 0.23473598389588035 0.23504405727755995 0.23504405727755995 0.21639187113868041 0.22199991022842588 0.2227508180848932 0.23416174964058026 0.2325720871535348 0.2331738270652426 0.2331738270652426 0.2331738270652426
0.27607881518711636 0.2906591794880899 0.29361010975735174 0.29361010975735174 0.31008683647302115 0.31008683647302115 0.3698001308168194 0.3698001308168194 0.4160251471689218 0.4160251471689218 0.4160251471689218 0.4160251471689218 0.4185853260849874
0.22725750186526764 0.22386179410703957 0.22545145659408503 0.23869137578032223 0.23869137578032223 0.23869137578032223 0.2519355127620431 0.2741562614096272 0.27429886545641463 0.2979769002361791 0.29130946725923 0.29130946725923 0.2748737083745107
0.35630482034348054 0.35630482034348054 0.37921670550558984 0.37921670550558984 0.35630482034348054 0.35355339059327373 0.35355339059327373 0.33476703170599303 0.37900713560535904 0.3535533905932738 0.37900713560535904 0.3389171947022825 0.3389171947022825
0.27332004014030564 0.2773500981126145 0.26030111290893726 0.26955120066707927 0.26030111290893726 0.25953439220690955 0.26752192813739223 0.27722107483412195 0.31999137308431796 0.2901328662478654 0.3096984087243721 0.3254351641179739 0.3248295885347091
0.16007269816574263 0.15789473684210525 0.15767649936829103 0.15789473684210525 0.16007269816574263 0.1598514503776719 0.16552117772047362 0.16620562382863344 0.16643566632465157 0.16643566632465157 0.14958791130929178 0.12422599874998833 0.12422599874998833
0.285914424652679 0.2958947963496282 0.29540341245725193 0.3062680724588003 0.30608614902578424 0.3106918344336581 0.28464203428228085 0.24989586551881365 0.25732895024997 0.2653432507226638 0.26230264636561895 0.24571869319545248 0.25973627900388196
0.1178511301977579 0.1178511301977579 0.12478354962115544 0.13975424859373686 0.1288470508005519 0.15594571538795132 0.1776793906740654 0.17618248623621996 0.17618248623621996 0.17618248623621996 0.22574662447429522 0.2848001248439177 0.29450754468697576
0.22049410762598246 0.22110304031713005 0.25244529718275194 0.23773279294807353 0.264796023980262 0.2565774942429964 0.26542499404447906 0.25056897664912736 0.26737115011360635 0.2855896137243411 0.33420960951226575 0.3245873850536996 0.3056795364960944
0.10125396748078254 0.10478420553561367 0.10920899919231544 0.13112325709112732 0.13112325709112732 0.13027845970927113 0.13027845970927113 0.14992352790734176 0.14992352790734176 0.14530954842977412 0.14960533665867926 0.1427747014866968 0.1427747014866968
0.24794807783040884 0.2473560799833388 0.2463787704328162 0.2660040789012647 0.2660040789012647 0.2660040789012647 0.28497903888955695 0.27470777203768 0.26479021670842484 0.2753652307491483 0.26769838952744507 0.2943724047047319 0.2943724047047319
0.16443317655129316 0.16443317655129316 0.18302112453523992 0.18302112453523992 0.18302112453523992 0.18302112453523992 0.18302112453523992 0.19048145799711835 0.19048145799711835 0.19048145799711835 0.19048145799711835 0.20900985887576318 0.1986281072758838
0.282842712474619 0.282842712474619 0.282842712474619 0.282842712474619 0.28261670947211076 0.3011805081315417 0.3222713449684944 0.30989496764339447 0.2986380175926462 0.2986380175926462 0.2984334009070321 0.3161882372517528 0.3282791047284212
0.21830311495716226 0.21830311495716226 0.20155644370746373 0.20155644370746373 0.18221724671391562 0.1789727632909544 0.17249134935503926 0.17440020145361734 0.19394504092418186 0.20761369963434992 0.2136327344609569 0.210939358214717 0.24267032964268395
0.31101551232644686 0.31186459864125293 0.33645133112141073 0.3329804672645117 0.3476611597259922 0.3337773901448801 0.3364748104773325 0.3364748104773325 0.3228384603374641 0.3098928405610686 0.3098928405610686 0.3139680282369619 0.3139680282369619
0.2346790519533914 0.2588222368272152 0.24499949484692315 0.2588222368272152 0.24791952000153206 0.26165155925684536 0.306537953998162 0.3288335261029103 0.3105649968749708 0.29381280920141783 0.3197029007553438 0.2791597653022208 0.2791597653022208
0.2595737476802686 0.2595737476802686 0.2595737476802686 0.21432809326651073 0.22161505654593533 0.2233851319222541 0.22908606743351173 0.25350277522406467 0.2889698636559724 0.2889698636559724 0.2883779138428282 0.32193767643940274 0.31256201385579824
0.07527099294949814 0.07802743146408704 0.086629616364842 0.12366938848016845 0.13867504905630726 0.164448378620068 0.20956841107122734 0.22258185668834118 0.1979625954295134 0.1979625954295134 0.20956841107122734 0.20956841107122734 0.20956841107122734
0.35555488509787764 0.35867841407388656 0.3348905783050558 0.3005105687593797 0.3005105687593797 0.3005105687593797 0.29927428323334015 0.3005105687593797 0.2943454282451873 0.28345896630929174 0.28345896630929174 0.3191152378143378 0.31317695360609593
0.20867089769190036 0.2205849453630174 0.2205849453630174 0.18318582636182795 0.18318582636182795 0.16280140661022968 0.1566391043723362 0.13925528192128633 0.11673403266207914 0.10846522890932808 0.10963225241337866 0.104598848163826 0.104598848163826
0.3198140981161251 0.29635144439824945 0.30368802961245905 0.30349453610469024 0.30677732713615674 0.31209166208060807 0.3208308979012445 0.3210354442388238 0.3210354442388238 0.33765640710909106 0.33765640710909106 0.33765640710909106 0.3279864897971811
0.15791661046371636 0.16643566632465157 0.15344610249592897 0.1345345587992625 0.1262832814230742 0.13238494323704753 0.13883218797250715 0.14373989364401726 0.16835875742536846 0.19047619047619047 0.20130496956873 0.19002923751652298 0.17867664595966337
0.3377654795320826 0.3365151014841252 0.3365151014841252 0.3613522326006494 0.36428364901413995 0.35981111471080607 0.34725331892318384 0.306916793805423 0.27024807238841686 0.25862837646685555 0.24990498098859312 0.22651020547626183 0.22476831332124433
0.18931642286025205 0.21140072253122896 0.18931642286025205 0.18673843909381146 0.20956841107122734 0.2158132119814573 0.20513217183267982 0.20387445199445448 0.19287074616560446 0.17027458838175966 0.1687816040404743 0.1559228225934375 0.14960533665867926
0.2523992158752535 0.26711891204420485 0.28714268282734906 0.30626494538054033 0.30626494538054033 0.3274888948960379 0.31463570523373635 0.3216968555200053 0.33391021944775073 0.29908866843658366 0.2890128270650734 0.27922477436214665 0.27922477436214665
0.1437735261898842 0.14456504981412432 0.14456504981412432 0.15811388300841897 0.16540402221843864 0.17926546198337653 0.18304413303674952 0.21428571428571427 0.23901191776264877 0.2370227315699886 0.21332045841298974 0.2370227315699886 0.22387998880818505
0.26002647983925237 0.25158802833290955 0.25704929126922105 0.2552325235210525 0.2588583558687263 0.2683943133223086 0.2850335501091353 0.28406634830389976 0.26875951058013475 0.27896308470724895 0.269674594979816 0.269674594979816 0.26669196843076187
0.2926028679903264 0.29381280920141783 0.3063394258724199 0.3063394258724199 0.2926028679903264 0.29061909685954823 0.29061909685954823 0.29061909685954823 0.3140838242390854 0.32338708681824646 0.35616911101829757 0.3721740365924436 0.3379189091915237
0.2990633217917878 0.2990633217917878 0.295786785686991 0.2946778654607006 0.26759465508364333 0.2674382278184432 0.2674382278184432 0.2850717216528231 0.2850717216528231 0.2850717216528231 0.2850717216528231 0.2850717216528231 0.2996522936191122
0.2482817665807104 0.2482817665807104 0.2482817665807104 0.22587697572631282 0.19398161247752696 0.1729072214122211 0.15183306190854676 0.15183306190854676 0.15617376188860604 0.14569287935358965 0.1374903330507991 0.14314958357846705 0.14314958357846705
0.2678023008977539 0.2678023008977539 0.250046780292043 0.2320836138722216 0.2321891438234044 0.2533236822768207 0.26126814118848446 0.2829760637337628 0.2699841485777317 0.2565247584249853 0.2457061564294569 0.2360147050873544 0.2191341523797672
0.29061909685954823 0.29061909685954823 0.29061909685954823 0.26792196292544174 0.26792196292544174 0.30632599700050955 0.3231419683472221 0.28187240871451136 0.29510521358845404 0.3083536398570881 0.26706465399180906 0.2324952774876386 0.19109383541230276
0.2028315183547162 0.2034740018084012 0.2085707538165942 0.2014133092501788 0.2014133092501788 0.18525530121218914 0.18525530121218914 0.18525530121218914 0.17863026512531727 0.17863026512531727 0.1727027217742267 0.1629256914422996 0.14801998181382692
0.158999682000954 0.1668728098087443 0.20055615741539257 0.20055615741539257 0.20055615741539257 0.19932649433716348 0.1429429687242164 0.1319773949844641 0.07157479178923352 0.04503773491110449 0.043314808182421 0.039968038348871575 0.039872611141445
0.1555218582155225 0.1718155567828658 0.1718155567828658 0.1718155567828658 0.1718155567828658 0.1718155567828658 0.16280880140234738 0.14963968278272424 0.14963968278272424 0.13609344258275524 0.13132251323161656 0.12033402048651301 0.12053418811111859
0.07211102550927978 0.07211102550927978 0.07211102550927978 0.044721359549995794 0.04 0.04 0.057692307692307696 0.08 0.10416666666666667 0.07838154946660846 0.08545976121261312 0.08914151821092489 0.08545976121261312
0.1284322598135871 0.13691809680590056 0.14126359081640927 0.14915947714378291 0.14457109304004523 0.1496967139434571 0.17961452621511675 0.20385651279141787 0.20385651279141787 0.20421935469133318 0.21932670554095782 0.2630371269811284 0.24513213693643898
0.08969144025739326 0.08219949365267865 0.12253577034896797 0.10717502734539651 0.1201850425154663 0.1166286903258776 0.10736029114373435 0.07974522228289 0.09968152785361249 0.09608280525301098 0.09608280525301098 0.11688977751979122 0.11688977751979122
0.19669808467937416 0.19390019398681588 0.20812047642655873 0.20812047642655873 0.22332205344165154 0.21210910976376332 0.20429690636790784 0.17972591204988592 0.19741445497978455 0.1937850171462482 0.1937850171462482 0.206155281280883 0.2271896009728304
0.10991717057228638 0.1160854703708727 0.12105854952787558 0.11652585447180118 0.10356086167566353 0.10761723676327273 0.10761723676327273 0.12639003479138966 0.1316473415239719 0.13210916012404 0.1303116728289208 0.13810200921222546 0.16528638065148013
0.30165032522654645 0.30212260610566194 0.2990017942758131 0.23700729129382692 0.21935168671377134 0.22399405377487405 0.20760657259581444 0.20420865183228076 0.19773060687445682 0.15569485370131017 0.12778749923827987 0.11022956433768517 0.10425121544601412
0.15811388300841897 0.12628648329124129 0.12628648329124129 0.10586263057247414 0.08560132129176834 0.08560132129176834 0.08560132129176834 0.08560132129176834 0.12608826746517235 0.12661435874558064 0.08326108942436267 0.09090909090909091 0.09805806756909201
0.11797038969702517 0.11456357908400622 0.1092866669786735 0.1083641033947189 0.12096736155170398 0.12444164595887641 0.1405444772938621 0.14455680391104506 0.1696086884467142 0.1490360294619786 0.16111426200078013 0.1490360294619786 0.16316230546013902
0.17798337616693538 0.14598450400585697 0.11804417067144062 0.10468478451804275 0.10468478451804275 0.09480909262799544 0.07179581586177382 0.06874516652539955 0.04861017342390848 0.030743773095067286 0.030714755841697562 0.0216574040912105 0.0216574040912105
0.2535259608081543 0.23810726986620384 0.21833810341914975 0.19702527450758703 0.18333048518496248 0.14045064911342814 0.11922950940943731 0.122165044228618 0.122165044228618 0.11497395148685313 0.11726209929484395 0.11694886282802262 0.12955225901447576
0.23375024119288512 0.23375024119288512 0.23375024119288512 0.23375024119288512 0.23399159411334092 0.23375024119288512 0.24485659299112555 0.2570696170883 0.2570696170883 0.2791597653022208 0.30169926067240255 0.334991718362665 0.30169926067240255
0.15211049322557083 0.15211049322557083 0.15622309022283326 0.15622309022283326 0.16056089982736527 0.16056089982736527 0.16056089982736527 0.16056089982736527 0.16514263465778442 0.17082630269085203 0.17082630269085203 0.19177811698378455 0.21343459733021486
0.2783679000581882 0.2783679000581882 0.2774279945045767 0.2711630722733202 0.24282146558931608 0.24282146558931608 0.25383654128340477 0.25383654128340477 0.25383654128340477 0.25383654128340477 0.2945075446869757 0.28504385627478446 0.29963144949230863
0.2329624164144268 0.23099316746691503 0.2329624164144268 0.23854565117999088 0.25226877195088876 0.25111480455481905 0.25111480455481905 0.25111480455481905 0.25111480455481905 0.25926262180575105 0.26795613660531836 0.22306501362856856 0.1793446321972407
0.21081851067789195 0.2176542173930202 0.19667039757680585 0.19667039757680585 0.19667039757680585 0.19667039757680585 0.19667039757680585 0.19667039757680585 0.18304413303674952 0.1917412472118426 0.1917412472118426 0.19109383541230276 0.19109383541230276
0.20896319154019308 0.2230578784789283 0.23321675404382636 0.2549665618752706 0.2529324690367434 0.2529324690367434 0.24378886353935558 0.2644142427619418 0.2721388418341507 0.2870697566439222 0.29783666603787573 0.3038745237010966 0.31974784848625426
0.21463321208596092 0.19900743804199783 0.19900743804199783 0.15763207218886574 0.1896181852559909 0.165915912098992 0.1747816593036228 0.21052631578947367 0.21052631578947367 0.21052631578947367 0.20155644370746373 0.22870874995874624 0.2545320910334366
0.320926352411739 0.3175830219748733 0.3374366276434487 0.3169990207210467 0.31927538394401817 0.32808871804691525 0.32808871804691525 0.3092432672449511 0.3240021227794825 0.3240021227794825 0.3306521132264995 0.3461908460060425 0.33042149732338194
0.2332573806517552 0.2332573806517552 0.2332573806517552 0.21330069325036938 0.21330069325036938 0.20546017540462266 0.20546017540462266 0.19695964928958384 0.21731782346403924 0.22803508501982758 0.21099892877738852 0.21099892877738852 0.18872317917035092
0.4203163665373673 0.42220804214990487 0.4105953211304984 0.42534523853921974 0.42534523853921974 0.42534523853921974 0.42631754121506954 0.43393411780425356 0.4362377336795472 0.4644729405050214 0.46225955467689894 0.4497542235555007 0.44994905078016256
0.10325582165612915 0.10287828539511831 0.10287828539511831 0.08574929257125442 0.10325582165612915 0.11624763874381928 0.11624763874381928 0.1123311912603461 0.11171615469558913 0.1123311912603461 0.11277677488692019 0.1271502749860262 0.12170513024652535
0.25877165071800884 0.27379629133465155 0.28898483526905266 0.28898483526905266 0.28953650901701017 0.26987027314652634 0.28534841962791424 0.2766173912293106 0.24697742269323095 0.24697742269323095 0.24697742269323095 0.26072177484502124 0.2888004776086813
0.12170513024652535 0.12170513024652535 0.12170513024652535 0.12170513024652535 0.12645410086503728 0.13158339252804357 0.11694106924093725 0.12054009511326318 0.0992876838486922 0.10693610816877483 0.10287828539511831 0.10287828539511831 0.10325582165612915
0.2779566118497631 0.2779566118497631 0.2779566118497631 0.2779566118497631 0.27218302900494235 0.272834425234709 0.2895762653385746 0.2791961180722737 0.2724850805398709 0.24590409553367246 0.24590409553367246 0.23828761383319533 0.23828761383319533
0.09741176055739117 0.09691781871160239 0.09284766908852592 0.10925355610938446 0.1274624821276152 0.13219317555508714 0.13728129459672883 0.13613422227727245 0.12998673672393632 0.12998673672393632 0.15407424315426907 0.1733335235485527 0.16712580435934668
0.2374843304025684 0.2271283049056536 0.2271283049056536 0.21735377640114661 0.19963917503040762 0.19963917503040762 0.19963917503040762 0.2108641360538378 0.20960118833291363 0.2 0.18536226544643172 0.18938850476964253 0.18044354495607567
0.1613328163609668 0.1568752496016342 0.1568752496016342 0.15176859973383341 0.1458271585335705 0.14847076636405662 0.14847076636405662 0.158999682000954 0.16506723179127936 0.15860517538766203 0.17062134877518448 0.1535737792084878 0.18455811187292118
0.18383740273340496 0.18383740273340496 0.18383740273340496 0.18430374224661164 0.18181824810113617 0.18181824810113617 0.1584122111716066 0.16764040044514095 0.17787298151197878 0.16792064439845786 0.17367675171531907 0.17308367164747593 0.18578927189567618
0.13729581703773908 0.1414213562373095 0.12041594578792296 0.12747548783981963 0.11401754250991379 0.13254270092150516 0.13254270092150516 0.1291951804780415 0.10371439899003175 0.10371439899003175 0.1291951804780415 0.1122999375084051 0.12922619939098004
0.12758486450500633 0.13118379291823495 0.12568541837880234 0.12568541837880234 0.1305134909379187 0.12599512865067514 0.13015404797795802 0.13395998675325965 0.13395998675325965 0.12612406301176432 0.1341325945773317 0.13552382134327262 0.13471320329155922
0.09911197057469107 0.07990662527149409 0.11180339887498948 0.1497627591434473 0.116945067431247 0.08914151821092489 0.08433028740719097 0.08062257748298549 0.07722242389548244 0.10778265338980672 0.10778265338980672 0.10056022847309862 0.12484404235973057
0.1132423156626854 0.10962379082544353 0.10622837118045192 0.10814349890366107 0.08766782580086571 0.09067158639827555 0.09513029883089882 0.11483242881508067 0.11836655831269967 0.11836655831269967 0.12921405498009783 0.11913076738605885 0.12768100591925866
0.025110098047591272 0.02711630722733202 0.028194193721730047 0.029361010975735177 0.04457893447634325 0.046423834544262965 0.046423834544262965 0.05872202195147035 0.05872202195147035 0.058470534620468625 0.060971076084969246 0.05812381937190965 0.05812381937190965
0.10906330314740806 0.12976551678586984 0.1322723807213254 0.14468682814136288 0.13001323991962618 0.13491450529233406 0.13491450529233406 0.13491450529233406 0.13491450529233406 0.14987908034999586 0.14987908034999586 0.12954081178458093 0.1001945171492712
0.05035371840692256 0.07121091148698563 0.07121091148698563 0.07121091148698563 0.06704015231539909 0.08310281191431672 0.10511766624552735 0.14163943093313291 0.1689656258416172 0.21412087909648583 0.2275034340400162 0.2275034340400162 0.16870547845739467
0.12061542733270147 0.12193158778983669 0.11914522061843064 0.12329924047901797 0.10760053412037197 0.12745778659862622 0.1394341051194934 0.11122960581534476 0.11122960581534476 0.1486679558620366 0.1603665370818296 0.18069604138379783 0.2307724213261741
0.23696802770383635 0.20191391920625673 0.1752618713510958 0.1460515594592465 0.1460515594592465 0.1535737792084878 0.1776793906740654 0.1776793906740654 0.1776793906740654 0.1386750490563073 0.14163943093313291 0.14935759876113539 0.1415189892183811
0.29019800705791643 0.2973528971182172 0.29471231589479885 0.29471231589479885 0.29471231589479885 0.32003593748590664 0.32003593748590664 0.3754923689439973 0.41286637431948436 0.4434893326039506 0.44165514027389996 0.42670354216232703 0.4229142891490901
0.12078868060698413 0.12078868060698413 0.12078868060698413 0.12574563933578695 0.13027845970927113 0.13601470508735442 0.13601470508735442 0.13601470508735442 0.13697692318338522 0.11259433727776125 0.11259433727776125 0.09007546982220899 0.08219949365267865
0.23993390122541475 0.23993390122541475 0.23993390122541475 0.23993390122541475 0.2256020390552632 0.22647794833698856 0.22647794833698856 0.22647794833698856 0.2256020390552632 0.2256020390552632 0.16757423204338365 0.1549924726187367 0.15584576047296306
0.0624512290210549 0.0624512290210549 0.04440280208283674 0.06279504491291604 0.0624512290210549 0.06498440561375456 0.06498440561375456 0.06498440561375456 0.06498440561375456 0.04789131426105757 0.04432422071779363 0.04632410546120795 0.0467780269724988
0.16698563195419786 0.13221744166738705 0.14818724459095478 0.14818724459095478 0.14818724459095478 0.1162476387438193 0.1162476387438193 0.1123311912603461 0.09245003270420486 0.10407473325277262 0.10719784699575279 0.11536504413126693 0.10001776488201658
0.0467780269724988 0.0467780269724988 0.0467780269724988 0.07071067811865475 0.052299424081913 0.05 0.05 0.05270462766947299 0.055624269936248104 0.05876256184028356 0.08310281191431672 0.08310281191431672 0.11435437497937312
0.09321332048993493 0.09321332048993493 0.11026044527700021 0.13272217656353258 0.16039768066510215 0.16039768066510215 0.16564304970032628 0.1646215994415983 0.1816450490871359 0.19769309952543243 0.20330651441311615 0.18836024067171134 0.18926417847458907
0.11435437497937312 0.13130643285972254 0.12043720128733029 0.12859613128140654 0.10517579047791782 0.12844244597847712 0.11991885161829781 0.11991885161829781 0.11991885161829781 0.11245405460403443 0.13232432741736924 0.13232432741736924 0.14110813025753957
0.18213152734626528 0.15890771018821476 0.18022473155742297 0.16280880140234738 0.16280880140234738 0.1706630824160446 0.18885257457751053 0.16894640047440113 0.18746491899291964 0.18819032704015518 0.2067088455586737 0.1893848442047141 0.17152770134757125
0.09879149639396985 0.09372184261837677 0.07402332101976053 0.09436158958517547 0.09372184261837677 0.07402332101976053 0.09475178390133976 0.09475178390133976 0.0744322927564787 0.0744322927564787 0.10015420209622192 0.10604562574894086 0.10604562574894086
0.24104603275573325 0.27383360824584935 0.2931690581363162 0.32609324671871937 0.3232811869205592 0.3232811869205592 0.33304435769745067 0.29776075642167027 0.30401852770963034 0.31727971732841687 0.30401852770963034 0.29479166667898327 0.27059854062917865
0.11744404390294069 0.12859613128140654 0.13713245325054632 0.13713245325054632 0.13713245325054632 0.13713245325054632 0.13713245325054632 0.15903404916487007 0.1362312444524585 0.1362312444524585 0.1457737973711325 0.15673695795325143 0.1520571842539411
0.14712883880897948 0.15513515649026408 0.16938172086326295 0.1866803555038936 0.19406733256235315 0.2115342019661907 0.2115342019661907 0.2115342019661907 0.1968201023161239 0.21314736514081506 0.18344575015214584 0.19378726855413217 0.19834362984901566
0.11914522061843064 0.12403473458920847 0.12403473458920847 0.12403473458920847 0.12403473458920847 0.12403473458920847 0.12403473458920847 0.12403473458920847 0.12403473458920847 0.11914522061843064 0.11620520485346814 0.11620520485346814 0.11620520485346814
0.27309153816991716 0.2716160730352862 0.2716160730352862 0.2716160730352862 0.2716160730352862 0.2698978095246549 0.2698978095246549 0.2698978095246549 0.2716160730352862 0.2716160730352862 0.2766360226037675 0.2766360226037675 0.2766360226037675
0.11620520485346814 0.09968152785361249 0.07876788407748297 0.0715973670277035 0.08378711602169182 0.08424839344525956 0.08424839344525956 0.08458258116519013 0.09968152785361249 0.09968152785361249 0.09968152785361249 0.09968152785361249 0.10380684981717496
0.29011442322767067 0.3049960788392265 0.29313653759430597 0.2914138129852693 0.29976028761653684 0.2708333333333333 0.2708333333333333 0.2708333333333333 0.2916666666666667 0.2914138129852693 0.279776268442101 0.279776268442101 0.279776268442101
0.12012733753433862 0.12012733753433862 0.12012733753433862 0.11929278784054478 0.1006995810131534 0.1307440900921227 0.16416964659294828 0.1574367326462436 0.17662553947994383 0.17662553947994383 0.16416964659294828 0.13112325709112732 0.13511320473331348
0.2426265797427128 0.2426265797427128 0.2426265797427128 0.2622387811268167 0.2670592360738226 0.27466081028764056 0.2832106744570922 0.29446843748903473 0.27736103833398584 0.27797489604908865 0.2591190778711216 0.2736646825342673 0.29206036131868246
0.08268982305947231 0.08268982305947231 0.08523471865945981 0.08187472156621811 0.08187472156621811 0.08187472156621811 0.08187472156621811 0.07876788407748297 0.07588680773412386 0.0732078868951768 0.07042130260068087 0.06575959492214291 0.06796276660305849
0.14681564644553768 0.15696687808016116 0.15115329000311814 0.17713707217780053 0.17713707217780053 0.17713707217780053 0.16791293281130087 0.16791293281130087 0.1708107481714505 0.17713707217780053 0.17713707217780053 0.16331725758631035 0.16331725758631035
0.1006995810131534 0.1006995810131534 0.09691781871160239 0.09340681032325801 0.09159291318091396 0.09013878188659973 0.07552945112058726 0.07552945112058726 0.09159291318091396 0.07836847897662572 0.07786377511420611 0.06756187343149266 0.07011984553801684
0.19912644526205048 0.22576979531878485 0.23341833128264225 0.25335463685336473 0.2592241145064222 0.2592241145064222 0.2592241145064222 0.24628573444905016 0.23751545126198575 0.20813364832343026 0.18891708727282808 0.1995671535368656 0.20704181899734686
0.07011984553801684 0.07011984553801684 0.06944032299012795 0.06944032299012795 0.06944032299012795 0.0686802819743445 0.07126096406869611 0.07403112239207704 0.07584334110111797 0.06293167755275526 0.06189844605901729 0.058520573598065284 0.045454545454545456
0.21297258277280218 0.21313004865958113 0.21313004865958113 0.21313004865958113 0.21968413142172197 0.23860226635836496 0.23408229439226114 0.22573305919324013 0.22530295452966648 0.20465393923905464 0.22155924733276747 0.2214180818215692 0.23801630981494637
0.08560132129176834 0.08523471865945981 0.10478420553561367 0.125 0.125 0.125 0.14421743613444024 0.14421743613444024 0.15144563320384566 0.1414213562373095 0.15811388300841897 0.15923243882462051 0.16004609991611995
0.24374101366691103 0.24310983173471204 0.26261286571944514 0.2632946830479438 0.24374101366691103 0.24310983173471204 0.24310983173471204 0.24310983173471204 0.23808988216623075 0.26224651418225464 0.29253946351233967 0.3030236355887372 0.3034001806930465
0.06565321642986129 0.08929576464474494 0.08954813188742858 0.11074362710059765 0.09284766908852593 0.08560132129176834 0.07830756969602692 0.08194434716963611 0.08194434716963611 0.07838154946660846 0.07511565157216644 0.07511565157216644 0.07511565157216644
0.19477750120781978 0.21424476810758492 0.2331994362568286 0.22310951961632394 0.24878134312298972 0.26095307032363807 0.2650336523863296 0.28677426544303564 0.30812955104098516 0.3341788117570334 0.3409611056671488 0.34211625670860857 0.34211625670860857
0.07838154946660846 0.07511565157216644 0.07511565157216644 0.07511565157216644 0.07511565157216644 0.07511565157216644 0.07511565157216644 0.07511565157216644 0.07511565157216644 0.07511565157216644 0.07511565157216644 0.07511565157216644 0.07511565157216644
0.34211625670860857 0.31833368200088386 0.31833368200088386 0.31833368200088386 0.31833368200088386 0.3038945124513053 0.3038945124513053 0.2606233456578416 0.2606233456578416 0.249783268273088 0.2731610177549772 0.2824621125123532 0.3
0.07838154946660846 0.07505053179263302 0.07205340582328378 0.08239622188056739 0.07923191097276314 0.07923191097276314 0.09615384615384616 0.11697620250573498 0.11529936630361318 0.11663164740528441 0.11620520485346814 0.11620520485346814 0.11620520485346814
0.3333333333333333 0.33304435769745067 0.3024621125123532 0.2973212451624667 0.3157382025965752 0.34141471057089673 0.34141471057089673 0.34141471057089673 0.3586028231490887 0.3601576091508034 0.365619923149484 0.365619923149484 0.349592116392061
0.1299688112275091 0.1249024580421098 0.1208244186660354 0.12126781251816648 0.1355815361366601 0.1342188730482898 0.15458673560021055 0.18719704870198955 0.2362075176964294 0.23852207234014097 0.23852207234014097 0.23852207234014097 0.23852207234014097
0.30951226970023404 0.2832528993943694 0.2855502019937243 0.29171023047603684 0.250645599815082 0.2612784293788349 0.25996010257566937 0.25019710988393135 0.19280320875818946 0.19936305570722498 0.19936305570722498 0.19936305570722498 0.19936305570722498
0.2467554500897541 0.2374153485884139 0.22934474029501983 0.22934474029501983 0.2192645048267573 0.21951296326887826 0.20931897427058715 0.20931897427058715 0.21538744758532144 0.21538744758532144 0.20604084592303354 0.21330069325036938 0.21390352260103637
0.23219651278242634 0.23219651278242634 0.23219651278242634 0.23219651278242634 0.23219651278242634 0.24041417618793293 0.22606043151012373 0.22606043151012373 0.2205215725112509 0.2205215725112509 0.20776116644396098 0.22319679868657924 0.22319679868657924
0.26627926219811526 0.26627926219811526 0.26627926219811526 0.2640294272643458 0.2640294272643458 0.2869350636803226 0.26874192494328497 0.3058116779916817 0.3215250820361895 0.3215250820361895 0.3076982577490197 0.29361010975735174 0.3132691108561757
0.2315227181448332 0.2315227181448332 0.2315227181448332 0.22188238018089884 0.18888811282283238 0.15119931624585412 0.1637570516322103 0.2045464579868083 0.2216856652815174 0.22827701208237938 0.23824558699237353 0.23190667463277445 0.22795896948447064
0.34793702292192297 0.3347670317059931 0.34549007977865903 0.34549007977865903 0.3757548533878965 0.38320769503732127 0.3882464347777672 0.4360778994930029 0.48434392852175867 0.5 0.429782940327066 0.3785658488438016 0.38530707034979056
0.22337667646766404 0.21901462593847887 0.20557287391203785 0.20557287391203785 0.20557287391203785 0.20557287391203785 0.20479206878130102 0.20479206878130102 0.20479206878130102 0.15480260059864856 0.12947634765372168 0.14684575185621174 0.12839004738602225
0.31841621957571337 0.31841621957571337 0.31841621957571337 0.31841621957571337 0.3084459253886958 0.27512623365365296 0.27512623365365296 0.27512623365365296 0.2702892899618787 0.2313578361817909 0.1930560597387061 0.16977493752543307 0.16213436911422782
0.12839004738602225 0.11337314689562955 0.11337314689562955 0.11337314689562955 0.10024476187834035 0.09667705852527013 0.10145598354001867 0.11537394890755218 0.12168530001443917 0.12168530001443917 0.140402708614771 0.16057261913884743 0.1543288746070172
0.10613747992445476 0.10622957319984967 0.10622957319984967 0.10613747992445476 0.09284766908852593 0.09640373590996239 0.10070743681384511 0.11785113019775792 0.13313963109905763 0.14417529904228596 0.14221363894199315 0.11891287353862351 0.09816918156232525
0.19071530489852995 0.25184438641708945 0.27232126523821526 0.2928931088450006 0.3343402696845619 0.3551555420406526 0.37924478008245355 0.3851423537605237 0.3851423537605237 0.3656060568500768 0.3656060568500768 0.3800677493470172 0.3742789737908666
0.12126781251816647 0.12126781251816647 0.12078868060698413 0.12078868060698413 0.12078868060698413 0.12078868060698413 0.10165561113406256 0.10165561113406256 0.10125396748078254 0.10125396748078254 0.0992876838486922 0.0992876838486922 0.0992876838486922
0.39647974715927786 0.39647974715927786 0.4003647803236519 0.4003647803236519 0.4003647803236519 0.4003647803236519 0.38005847503304596 0.38218767082460553 0.38743964230322264 0.40994887675549596 0.4292987325779737 0.40994887675549596 0.40994887675549596
0.31819805153394637 0.3010398644698074 0.30491067797299276 0.35531676008879737 0.35793343444040643 0.3605551275463989 0.3605551275463989 0.3473110997362451 0.3473110997362451 0.3132491021535417 0.33541019662496846 0.3686600391131411 0.3686600391131411
0.20878625667195708 0.20878625667195708 0.2007681144039254 0.2195218232123299 0.24331050121192876 0.23377955503958245 0.21511351727242414 0.22431133082693655 0.23364176159782252 0.23364176159782252 0.24226837527605372 0.2578005786355738 0.28557871203095236
0.38391703563326424 0.37884984426922264 0.3616202853397895 0.3900471152780804 0.29056456658477237 0.3352180395214711 0.31976773935069797 0.33899199434890115 0.32496684180984076 0.30246098895935536 0.2909837329589325 0.2803404821067751 0.2803404821067751
0.3053919899336183 0.2860588300676488 0.2691999034365705 0.309950913719416 0.2896992212368394 0.2986932318124849 0.30204120042601335 0.2745523492183479 0.2640274667489294 0.2640274667489294 0.27864510040404655 0.2932627340591637 0.2932627340591637
0.20985218697789115 0.2186186580488015 0.1959712395623353 0.1959712395623353 0.18872317917035092 0.16757742025947864 0.15384615384615385 0.16 0.1598721533954863 0.1598721533954863 0.1398881342210505 0.14570690649263465 0.14570690649263465
0.32635191170033384 0.3437751053118417 0.3009644230527352 0.3102861986425321 0.29861173719719536 0.289819790214647 0.27501907241724916 0.289819790214647 0.2790497794732285 0.2790497794732285 0.2847076011601852 0.28216661970918644 0.28216661970918644
0.14 0.14 0.1398881342210505 0.16111631343124172 0.16111631343124172 0.16111631343124172 0.16111631343124172 0.16 0.16 0.15384615384615385 0.17307692307692307 0.16655247229446118 0.1859812923277242
0.2723539449880425 0.2581032375592969 0.2581032375592969 0.2581032375592969 0.2523128239256401 0.2523128239256401 0.24104786648236132 0.23104565898531546 0.22391167298941209 0.21732797214170996 0.21826600577078287 0.22678378370155441 0.23502280824805952
0.18560031283786024 0.16723414078612886 0.14774337103062354 0.1301448015738384 0.1301448015738384 0.11640504929492972 0.10732015270279746 0.10411584125907072 0.10732015270279746 0.11640504929492972 0.1301448015738384 0.14097096860865022 0.14097096860865022
0.23052266409820427 0.24451098264956614 0.24451098264956614 0.24977660846744879 0.22368584765792804 0.22860870858962223 0.24343768104423125 0.26806752567088177 0.26806752567088177 0.2590929149787344 0.25690737622563053 0.281983500836751 0.2825623249166042
0.15949044456578 0.16738351585299652 0.16738351585299652 0.15402151712415468 0.17211704580502016 0.1620709606675982 0.146076181461269 0.14697512029335996 0.14246764440731902 0.13334056065986022 0.1214254738794611 0.1121422711793187 0.1074457350817665
0.28318189562134527 0.2815737049677544 0.2815737049677544 0.27207495777633156 0.227364879356428 0.2288392386268323 0.22488371762402512 0.21402553939259372 0.20144819772755573 0.22452708546203526 0.21733709095627568 0.22625695211858374 0.24417720103738585
0.11893839356328399 0.10846522890932808 0.09976086055845278 0.10251486080334649 0.10826775993596682 0.10826775993596682 0.11132458126201235 0.10540925533894596 0.11416736851740093 0.11747725302106601 0.11226444577480425 0.11074362710059764 0.09999999999999999
0.2965885026582665 0.3267096389667924 0.3267096389667924 0.34917150711678924 0.3359802730996595 0.35303389219621023 0.3668946842152613 0.3814563246467454 0.4112043955712207 0.4489659106173693 0.5094242456093446 0.5177846888800469 0.49693485186442576
0.10198883107613042 0.1029158527819447 0.10796805946730864 0.10773125166214581 0.10700086187342701 0.12889305074499338 0.13001950438859716 0.14254331123793076 0.1516680417496676 0.1632865099026423 0.1654811790463094 0.177611208331347 0.21427767580819912
0.457204175416974 0.4957359663865867 0.47272585904382575 0.4938583399631965 0.44596084569686045 0.40226473825897524 0.3809355625939517 0.35736931074513545 0.3332044360880529 0.3530041201876897 0.30261910114430957 0.29888294663720205 0.3687341185834557
0.11670956781162457 0.11795198698146935 0.12254992569705989 0.1034344717989698 0.10345073607529601 0.11643660820815559 0.1198788252982181 0.125 0.12555049023795636 0.13751633103402303 0.14421743613444024 0.14421743613444024 0.13751633103402303
0.4332313903761904 0.4302582345041104 0.4172097397354165 0.41040742169241806 0.39763289505457794 0.43101521471617765 0.4384281526064697 0.48546961909252606 0.49640943683502775 0.49640943683502775 0.5052176503245424 0.5222323415063388 0.5538326970535036
0.1139805818273791 0.1139805818273791 0.1278274981412284 0.1520571842539411 0.17871783092764595 0.17871783092764595 0.17773931374500695 0.1860521018838127 0.16666666666666666 0.17046943731891961 0.18719704870198955 0.16666666666666666 0.1940087761016521
0.4383530351078308 0.4022853344865682 0.4022853344865682 0.4166101587891153 0.3918294669598367 0.3918294669598367 0.3662684847055695 0.3769674039209486 0.3628560311608517 0.36518711244722607 0.3611443922046657 0.33608314976269626 0.3022233772725284
0.16666666666666666 0.19195851781663212 0.19047619047619047 0.18163064367459994 0.17460757394239454 0.17859152928948988 0.17460757394239454 0.17460757394239454 0.20495901229590144 0.23820489716567092 0.29421947072365656 0.30884710402695276 0.2931809273806454
0.1827362690020771 0.17771409513452815 0.178145754976494 0.1784933567801491 0.1784062656030785 0.1842512069988636 0.18963265321009354 0.2032052949393231 0.2131374050798698 0.18391222260666074 0.17270424042052962 0.18391222260666074 0.19741684873569024
0.2549509756796392 0.29421947072365656 0.3255083388645521 0.3400367627183861 0.32384453592227247 0.34667189948954846 0.3635513389603322 0.3523596222196671 0.3523596222196671 0.38292194176247724 0.41176990594935975 0.41176990594935975 0.4133073222716862
0.22216130749102994 0.21552812628490362 0.23454944498784108 0.2636456152870583 0.27298134059770607 0.26473992323169554 0.23513949747880053 0.23216494030583584 0.2531014858056026 0.20832755577871262 0.17968538826061478 0.1871352304361002 0.18380524876474688
0.4467500815434912 0.4722222222222222 0.4203857013874692 0.4203857013874692 0.4397683781436477 0.393671659591608 0.3219604581083923 0.37575485338789655 0.33181866575436225 0.33181866575436225 0.3196301949729743 0.26666666666666666 0.23162052730603974
0.18380524876474688 0.19069909394969214 0.19143195070337946 0.19143195070337946 0.19143195070337946 0.17971162391514872 0.1433382632863862 0.13404415528804203 0.13902774202873092 0.13902774202873092 0.13902774202873092 0.13861823379890292 0.14396824650914006
0.21706078553111482 0.21144273266556193 0.20690147215059201 0.21301810328882173 0.20690147215059201 0.2552138311629255 0.25808107140210496 0.2512942278034568 0.25808107140210496 0.254846265848809 0.26242698894797745 0.31622776601683794 0.26242698894797745
0.2103074597705366 0.21070893794653509 0.21070893794653509 0.2264728663360839 0.22562354363833456 0.20171254942696493 0.2089786994064719 0.2361541262777043 0.21681810686822894 0.20850950411729796 0.18599732693217771 0.18357339088000924 0.2322829736338458
0.19235384061671343 0.18973665961010278 0.19574007317156786 0.1941232173888836 0.19667039757680582 0.19667039757680582 0.23988991185817038 0.2607962919260029 0.28600956380554005 0.2607962919260029 0.25309472436575864 0.2683281572999747 0.2683281572999747
0.2186823437720593 0.22696863868939451 0.22653617979155224 0.1974035340000723 0.18981735685686274 0.18981735685686274 0.18981735685686274 0.19146598828875996 0.19039799489806356 0.2079770587464293 0.210948766180389 0.210948766180389 0.210948766180389
0.29154759474226505 0.29154759474226505 0.29154759474226505 0.2853908964926964 0.3100868364730211 0.3026463738196889 0.2945075446869757 0.2945075446869757 0.2945075446869757 0.2667467828369185 0.24220706002880638 0.24220706002880638 0.22879372892872724
0.19336970233202325 0.18285142530973977 0.1987936005908086 0.20657738077881138 0.2154289277784849 0.2342297685357881 0.2342297685357881 0.24844372083307342 0.2638312583587897 0.2727360333380948 0.27084127917321715 0.2863751595403051 0.27754855795833505
0.23671603823699963 0.23671603823699963 0.23671603823699963 0.23671603823699963 0.24763027827182427 0.2508605877429904 0.23696802770383635 0.23271077042247773 0.21122354181147665 0.21387221633754966 0.21387221633754966 0.19553847221876072 0.20440357608860033
0.27754855795833505 0.27492070504914073 0.2655123651314132 0.26794545369223677 0.24487481942331346 0.2628272945821571 0.28551249474608037 0.27795803616010384 0.27617237435678393 0.26531511679705494 0.26598510343352755 0.2615475318683063 0.2658076068010797
0.2316818305095056 0.23326329481056884 0.23829044123686124 0.24361276856704797 0.27139342463450394 0.2996040908865638 0.3429971702850177 0.34995173412374486 0.3477283892346706 0.35413251201432183 0.34902046734282477 0.3569153051241249 0.36681622118901525
0.24311724660734282 0.2374921726885854 0.24514516892273008 0.2374921726885854 0.2528285868680808 0.22778257420865164 0.21897567732004877 0.23790333916598574 0.23790333916598574 0.19183310377714288 0.18451601869033837 0.17588603528581873 0.1610391566002077
0.14276797787840073 0.14276797787840073 0.14276797787840073 0.14276797787840073 0.14384911389218763 0.14384911389218763 0.12329924047901797 0.12329924047901797 0.12329924047901797 0.12329924047901797 0.14384911389218763 0.14530954842977412 0.14530954842977412
0.24137843148029864 0.2497941345448618 0.2497941345448618 0.2497941345448618 0.24005683451654886 0.24005683451654886 0.24137843148029864 0.24005683451654886 0.24005683451654886 0.24005683451654886 0.23882967340531605 0.22986044983666995 0.22986044983666995
0.06228410989030497 0.07974522228289 0.09968152785361249 0.11914522061843064 0.12574563933578695 0.12574563933578695 0.12574563933578695 0.12403473458920847 0.12933918406776806 0.129944424547263 0.129944424547263 0.1317368461095426 0.1317368461095426
0.1247530511905048 0.13373680342902974 0.13373680342902974 0.13320840624851024 0.11245292711959105 0.11245292711959105 0.11245292711959105 0.13501890598386135 0.16066744383545772 0.159979357402357 0.1668210088297876 0.15389669832718342 0.1543719337301021
0.1535737792084878 0.1535737792084878 0.15371886547533642 0.14718620235236596 0.14718620235236596 0.1473139127471974 0.1473139127471974 0.1473139127471974 0.1473139127471974 0.14718620235236596 0.14718620235236596 0.1535737792084878 0.1535737792084878
0.18145792344367365 0.18145792344367365 0.18145792344367365 0.17228733279761405 0.15953836117931888 0.15953836117931888 0.15953836117931888 0.15953836117931888 0.15123752129553164 0.15123752129553164 0.15123752129553164 0.14437759934659342 0.14437759934659342
0.10416666666666667 0.10416666666666667 0.08326108942436267 0.08304547985373997 0.08304547985373997 0.06228410989030497 0.06848672513487422 0.06848672513487422 0.06565321642986129 0.06565321642986129 0.06565321642986129 0.06565321642986129 0.06565321642986129
0.1701831983640476 0.1701831983640476 0.17002257237416246 0.1629508427213997 0.15196320885772824 0.1443233432432387 0.13858788109613873 0.13328955595887354 0.13328955595887354 0.13328955595887354 0.13858788109613873 0.1443233432432387 0.1443233432432387
0.13480685448343155 0.13480685448343155 0.11934661675656213 0.11300503318241163 0.09578262852211514 0.09245003270420486 0.0891578689526865 0.08458258116519013 0.07485618395204278 0.07485618395204278 0.07485618395204278 0.07485618395204278 0.08560132129176834
0.16847634693327881 0.16765472885698185 0.16602685808116957 0.13922738429704984 0.12544140977047688 0.10048186106708591 0.10984651196669565 0.10048186106708591 0.09965882063961556 0.10456093027575594 0.12747336077678253 0.12747336077678253 0.10958251671005363
0.10380684981717496 0.10380684981717496 0.10407636178045333 0.10407636178045333 0.12628648329124129 0.13112325709112732 0.1414213562373095 0.13601470508735442 0.13697692318338522 0.13697692318338522 0.11316968255314816 0.11541088393712068 0.12188747834395942
0.10104767793882566 0.09633760902169114 0.09633760902169114 0.09901471821632726 0.09554219938511799 0.08327402243470784 0.07679627037710124 0.08016067784747917 0.08666588088654809 0.09928871256939009 0.0854603520993248 0.08699612592317872 0.08491015006699257
0.08185982487053739 0.07838154946660846 0.06148754619013457 0.07838154946660846 0.07505053179263302 0.07505053179263302 0.06319501739569483 0.06304413373258617 0.06063390625908324 0.06063390625908324 0.06063390625908324 0.06063390625908324 0.05731205399256526
0.18556508714739606 0.19017689395584095 0.19268247918684447 0.19261247902900822 0.19261247902900822 0.2000816146202763 0.21948940437228165 0.2414988955672903 0.22599245007252142 0.22599245007252142 0.22742320793268866 0.24185293193527027 0.2722871192077416
0.05758167996310984 0.05758167996310984 0.05758167996310984 0.05758167996310984 0.05758167996310984 0.05758167996310984 0.057928444636349226 0.05820252464746486 0.055589880894360594 0.05478321348909789 0.05197191965064278 0.06441566264008308 0.06386466016239614
0.2480072761168628 0.2480072761168628 0.2614146188469926 0.2614146188469926 0.2614146188469926 0.25949477926302944 0.27511215545189005 0.27977453347145037 0.27725816702045186 0.28554827850047276 0.2758710657064018 0.27892829554386495 0.29178444316605495
0.06385508568141009 0.06140055598455168 0.07750737845742145 0.09613607115671605 0.09613607115671605 0.07750737845742145 0.06267305063115962 0.0651920240520265 0.046943815794330435 0.03162277660168379 0.031927542840705044 0.022576182049286547 0.02328732164163112
0.2778311009409134 0.29416859784110994 0.29124785774615436 0.305880149875149 0.32979759874413167 0.2889730414191063 0.28743650066782817 0.2775110477859483 0.2609470136333527 0.2444594432135671 0.24626462124550091 0.23763983615200368 0.23577821189586512
0.024499797877501266 0.01717007049358613 0.024282146558931607 0.02535100632816969 0.026261286571944514 0.027236735535142165 0.027236735535142165 0.027236735535142165 0.027503266206804603 0.027503266206804603 0.027236735535142165 0.026938622922018266 0.0
0.2610012593628607 0.2523769760449729 0.23344662325936405 0.2351737488275496 0.2383767515698439 0.2640238969090568 0.2731668043101575 0.29535827002323145 0.28888096359393683 0.3050623618217021 0.31871099529613667 0.31871099529613667 0.3022226636793624
0.21081851067789195 0.20141487362769023 0.202444082544729 0.17149858514250885 0.18155291362643414 0.19470448393802792 0.16914973328435623 0.1621514830282963 0.18630403443237242 0.19470448393802792 0.20458544332358913 0.23020103975273848 0.2304886114323222
0.5530777863277414 0.523683345971958 0.523683345971958 0.5188245868127794 0.5200345581114931 0.5165236569189486 0.5165236569189486 0.5083419509508497 0.5238538097688685 0.5238538097688685 0.500035429463505 0.4782818682448927 0.48294820200737537
0.24968808471946113 0.24968808471946113 0.24968808471946113 0.22436436106440144 0.21418750817868398 0.21440866209219553 0.21440866209219553 0.21440866209219553 0.23399159411334092 0.18556390345148202 0.20342866060279835 0.16540402221843864 0.15852439140074778
0.4684052525788998 0.45176297538481136 0.4340316259408677 0.41913712493391136 0.40411274067886505 0.40256568048243796 0.40060246578790193 0.38507656016426867 0.38318404319125754 0.381200876876895 0.356336631923886 0.3830680765318697 0.393758149346936
0.14466375430616596 0.17313975732225934 0.17255515320869555 0.17159383568311665 0.17027458838175966 0.1637804455201046 0.16025399127347054 0.16025399127347054 0.16025399127347054 0.16025399127347054 0.1637804455201046 0.19287074616560446 0.1998358188257971
0.2791102708628613 0.2886747201219476 0.3011665225824223 0.2895714670347169 0.3097148762427382 0.29331607251985825 0.30506875724007687 0.30433558448960385 0.30265204558520126 0.30265204558520126 0.3046145044547053 0.3109765040826122 0.3232887884237691
0.17812541988126643 0.18051113445691194 0.18132793109199782 0.18132793109199782 0.1917412472118426 0.19109383541230276 0.18051113445691194 0.18051113445691194 0.17159383568311665 0.18051113445691194 0.18132793109199782 0.181122692847289 0.17237492495748435
0.31626871413946556 0.3120965671521962 0.3088248867155283 0.3088248867155283 0.3014267847933266 0.3063971952807893 0.3007397344764499 0.2996604292049526 0.28175953812296184 0.28066241541459547 0.275429927436825 0.2829760637337628 0.27733735072586296
0.37085113232561157 0.3909114170004763 0.359783885748715 0.35656607284369957 0.36771775338409507 0.36771775338409507 0.36771775338409507 0.36380343755449945 0.34614831048228584 0.26516504294495535 0.2189234138686321 0.209036540039375 0.209036540039375
0.22511305960062963 0.21762318315581994 0.18531496815839876 0.17895182881181984 0.1661297252297225 0.15932191338342971 0.15932191338342971 0.15838520371636317 0.15505466639746343 0.1448998076566848 0.155853336474358 0.1670871783604725 0.17853072256971114
0.18569533817705186 0.18569533817705186 0.18569533817705186 0.18569533817705186 0.2030177731535252 0.15928366874451652 0.12437964877624864 0.12437964877624864 0.12437964877624864 0.12437964877624864 0.12437964877624864 0.11351915229662496 0.11785113019775793
0.16259127627078515 0.17323433039048194 0.19305234009938851 0.21075464825304832 0.21752044845810825 0.2263790745082471 0.19616856394717397 0.17792675755283507 0.18298272906961138 0.18822184264831526 0.1998814285462801 0.18808821684502913 0.17386922180233508
0.1535737792084878 0.14537544709667002 0.10869565217391304 0.10869565217391304 0.06874516652539955 0.06874516652539955 0.045407660918649985 0.04343722427630694 0.043478260869565216 0.047565149415449405 0.030743773095067286 0.020815272356090667 0.046423834544262965
0.15916594783499297 0.1533616597966749 0.1533616597966749 0.1533616597966749 0.13856085544794614 0.13071478613651477 0.14254852540027596 0.14856672551175257 0.15394517420899037 0.1686159892419168 0.1784062656030785 0.1784062656030785 0.18721904523740932
0.02171861213815347 0.022727272727272728 0.022727272727272728 0.021739130434782608 0.02171861213815347 0.02171861213815347 0.02171861213815347 0.02171861213815347 0.028194193721730047 0.028194193721730047 0.048564293117863214 0.048564293117863214 0.05076730825668096
0.17773820555189732 0.16090719885790647 0.1706974752190682 0.19034008128926722 0.21264265069644764 0.20745834033840183 0.22094412316390527 0.2359155850905766 0.19976133506860963 0.19846880149860038 0.19846880149860038 0.20486446966946273 0.18449862569620887
0.1574367326462436 0.1574367326462436 0.1574367326462436 0.18490006540840973 0.1950235576390402 0.1938671180459942 0.16870547845739467 0.15811388300841894 0.16443317655129316 0.16443317655129316 0.18242223059788015 0.1553269323292711 0.1553269323292711
0.22272432745184215 0.19877295966495898 0.2173256782144891 0.2173256782144891 0.2173256782144891 0.21043152607484655 0.2323084554424653 0.20517842934965524 0.21201024186125883 0.2244452103221704 0.2323136560223849 0.23218768160771422 0.24106883034046578
0.1390793503487511 0.1390793503487511 0.1383741263529083 0.1383741263529083 0.1344008326426176 0.1396451933694864 0.13728129459672883 0.15689290811054724 0.17650452162436564 0.18494886071852695 0.1927588215951537 0.20124611797498107 0.22360679774997896
0.30804303424830937 0.30804303424830937 0.3005105687593797 0.3005105687593797 0.3005105687593797 0.29927428323334015 0.29927428323334015 0.3004614131744302 0.3203977187451527 0.33347447556047644 0.33476703170599303 0.3492151478847891 0.3922322702763681
0.13219317555508714 0.13219317555508714 0.13219317555508714 0.1274624821276152 0.1274624821276152 0.1274624821276152 0.13219317555508714 0.13728129459672883 0.13116804557427575 0.13728129459672883 0.13728129459672883 0.14384911389218763 0.16537964611894462
0.28679421035543684 0.28679421035543684 0.28702355402291985 0.28702355402291985 0.2679124626440447 0.28679421035543684 0.290971711238763 0.28624764497881994 0.27509599602254736 0.2820672171966276 0.26762257202966394 0.24714453308369927 0.23156846645273055
0.1643989873053573 0.15144563320384566 0.16567837615188147 0.17773931374500695 0.1775907135479261 0.19544742880923038 0.19259280394283634 0.19259280394283634 0.15527328258546755 0.13558153613666013 0.12265499495581345 0.13303802104754786 0.1411081302575396
0.23279845748946895 0.24213897781432028 0.2473893148259198 0.271763212599322 0.282842712474619 0.2976263497554426 0.29738853401650484 0.3097586765254318 0.25192534716124965 0.22499141566177486 0.23346535563195636 0.20138722990383806 0.22334446550925358
0.1509230856356236 0.15928366874451652 0.16827036912977825 0.17786456215091245 0.1883271834539073 0.22534695471649932 0.19393457522841706 0.22360679774997896 0.22360679774997896 0.22360679774997896 0.22360679774997896 0.21505813167606566 0.25
0.25798576640110704 0.2699860112123644 0.2801139828998113 0.26533565817307214 0.27165563122271746 0.2680535983557186 0.27609256228938156 0.26465524256953704 0.2564579744126502 0.2487512079895873 0.2487512079895873 0.2487512079895873 0.23856545825444928
0.23518021709589934 0.23570226039551584 0.25 0.23529411764705882 0.2371252278911338 0.2576941016011038 0.2576941016011038 0.22870874995874624 0.21099892877738854 0.22360679774997896 0.2158132119814573 0.19052918375675076 0.20191391920625673
0.24655406961713888 0.24655406961713888 0.2245485301418379 0.23473427987697593 0.245813789212943 0.2531357834181045 0.2471509718759169 0.23532545610746936 0.22880903759231805 0.20363293334525104 0.20961099124317453 0.21486898083225323 0.21486898083225323
0.16393982965856313 0.14242182297397127 0.14242182297397127 0.14242182297397127 0.13697692318338522 0.13511320473331348 0.13697692318338522 0.14221363894199315 0.14221363894199315 0.14417529904228596 0.17413150828674812 0.1831983729065748 0.19521720236075757
0.2422122359577487 0.24961848319968064 0.25738916650730786 0.26451428546434513 0.26621598823575904 0.2613403228758319 0.2759469917671534 0.24413894686788917 0.22704299024798436 0.21733337427209568 0.21138256190684565 0.20678793226474468 0.21253204149432092
0.25194555463432966 0.25194555463432966 0.23529411764705882 0.2222222222222222 0.21052631578947367 0.21052631578947367 0.2102353324910547 0.19975046777556893 0.2102353324910547 0.21536037355497312 0.19685619865516124 0.20042487950636712 0.20042487950636712
0.1849195720766836 0.1849195720766836 0.1905029886660874 0.19006874376886845 0.1748807013543941 0.1748807013543941 0.19561354025724972 0.19914754894572384 0.20136197801894845 0.20136197801894845 0.2049162173746028 0.21693037725722727 0.22451115378563027
0.23391661149237664 0.23391661149237664 0.23391661149237664 0.23391661149237664 0.23391661149237664 0.2332573806517552 0.2332573806517552 0.22674896767046737 0.22674896767046737 0.23703494892169233 0.2783679000581882 0.30917347120042116 0.317999364001908
0.29951338360362095 0.29951338360362095 0.29951338360362095 0.29951338360362095 0.29951338360362095 0.31848610713293446 0.30065894084430494 0.30065894084430494 0.30168263785058924 0.2975095765715151 0.27978645830294185 0.29495646543959253 0.2545560049871088
0.2969886314171154 0.26499947000158997 0.28736594356388506 0.31943828249996997 0.31943828249996997 0.31943828249996997 0.31907672235863777 0.20319840737609382 0.20319840737609382 0.19611613513818402 0.18304413303674952 0.17460757394239454 0.19967139984847204
0.24521281478765147 0.2402051228415958 0.22801352714308024 0.23168487544487562 0.23242222403693039 0.23168487544487562 0.2307470870765173 0.21687959902937806 0.22376290387051778 0.2414501773589595 0.21941070450823968 0.23493683472546703 0.23493683472546703
0.10828702045605249 0.09145661412745386 0.10778265338980672 0.12488526844760098 0.15 0.1486679558620366 0.15 0.13038404810405296 0.13038404810405296 0.12488526844760098 0.13713985361499145 0.13713985361499145 0.1431782106327635
0.29335888942555355 0.29335888942555355 0.2933307824510461 0.3197645748803559 0.3189393746017589 0.3189393746017589 0.311210065379888 0.3268637000252083 0.32857292110661185 0.32857292110661185 0.33473202838591065 0.324364245111574 0.2923795727662378
0.24213713882064367 0.27136649546192515 0.2701025552166667 0.28106277328718055 0.29320051628694205 0.28106277328718055 0.26313099060280487 0.2711630722733202 0.28382310609877337 0.26874192494328497 0.2529908622215729 0.2476302782718243 0.2159761614300978
0.31592829614669804 0.31592829614669804 0.31411860166024114 0.30794867965088146 0.3049478448301631 0.29655971328949365 0.27425387890518055 0.2840684325449662 0.27044040151191673 0.2611937542499077 0.26771389251184274 0.27738891834439994 0.254480453838932
