0.1516018286384735 0.1516018286384735 0.17460757394239454 0.18248063000732118 0.18248063000732118 0.18155291362643414 0.17379430648482921 0.17661444037920204 0.17661444037920204 0.15144563320384566 0.15652475842498528 0.15652475842498528 0.18027756377319945
0.3333333333333333 0.3139805794138641 0.3137970364228864 0.3024246681672971 0.32223262686248344 0.30535800901486776 0.2662781690124402 0.25605213078537764 0.22917527980229188 0.21523447352654546 0.22438186696393767 0.24070222081480735 0.24070222081480735
0.12329924047901797 0.11849287583000463 0.11849287583000463 0.12012733753433862 0.12012733753433862 0.12012733753433862 0.12012733753433862 0.12012733753433862 0.09999999999999999 0.11929278784054478 0.125 0.12574563933578695 0.13112325709112732
0.2831848116516149 0.27380056109794654 0.22345694676947964 0.21968413142172197 0.21968413142172197 0.2251869255282935 0.2337597541381165 0.2447630684186463 0.2447630684186463 0.23310438557414748 0.2157651301775654 0.20647763803090466 0.20914099730616698
0.11043152607484653 0.10586263057247414 0.10586263057247414 0.10586263057247414 0.10165561113406256 0.10586263057247414 0.10380684981717496 0.10828702045605249 0.10828702045605249 0.10828702045605249 0.10828702045605249 0.10336227882434039 0.11561596785531567
0.3037009380398033 0.2929798285872475 0.2829859354382813 0.24976045759188326 0.25049830397807993 0.22059835289528348 0.22059835289528348 0.1841684966697262 0.1841684966697262 0.1841684966697262 0.183661284203806 0.19048957103786562 0.1803006839583521
0.17255515320869555 0.17255515320869555 0.18109950221624105 0.16528638065148013 0.17313975732225934 0.17313975732225934 0.15811388300841897 0.15114505478581458 0.15114505478581458 0.15114505478581458 0.14680505487867587 0.12628648329124129 0.12574563933578695
0.3555556556413488 0.345101140838446 0.33283981623926856 0.3213378320312587 0.29120982318236127 0.25758769907153733 0.23686310236909808 0.22946865752482745 0.23173742431756164 0.23173742431756164 0.2580360283821369 0.28534398247992554 0.3056681660225622
0.12574563933578695 0.10125396748078254 0.10540925533894598 0.10540925533894598 0.10540925533894598 0.09245003270420486 0.09245003270420486 0.09245003270420486 0.11043152607484653 0.14269544824634822 0.15206906325745548 0.1346291201783626 0.14577379737113252
0.3056681660225622 0.2824784948833789 0.2665656287303073 0.25120667360098803 0.25120667360098803 0.25120667360098803 0.24151636656455702 0.24151636656455702 0.20457499160301554 0.15457313802163297 0.18944271909999158 0.16529310731956232 0.16529310731956232
0.3100868364730211 0.29154759474226505 0.29154759474226505 0.25495097567963926 0.24442309027345088 0.23082176787424138 0.22090450153584193 0.23082176787424138 0.23082176787424138 0.22748976319097944 0.16058631827165676 0.14708710135363803 0.14708710135363803
0.31390870143312877 0.3092106201736653 0.34214526184923 0.3420793036636807 0.3183356226933441 0.3273226763137156 0.3264002056876062 0.3264002056876062 0.3264002056876062 0.3407853524510546 0.3407853524510546 0.33469361798140945 0.35319910323188447
0.14708710135363803 0.15843755557440742 0.1605403247669839 0.1322339680499613 0.15217391304347827 0.17374889710522776 0.17510104899311874 0.18304413303674952 0.20454545454545456 0.22840626411638387 0.21536037355497312 0.20580420768494131 0.1605403247669839
0.35319910323188447 0.3317325022474121 0.35319910323188447 0.3088829629053315 0.3088829629053315 0.3088829629053315 0.2758786926578656 0.2758786926578656 0.2858234395715175 0.26500341061321875 0.270685551301211 0.26194817022938083 0.24338302442630647
0.26303398238931686 0.238875157648325 0.19716246731161877 0.17100858818353237 0.17100858818353237 0.1510779149200996 0.13219317555508714 0.13219317555508714 0.1274624821276152 0.1274624821276152 0.13219317555508714 0.13219317555508714 0.13219317555508714
0.2872630269866887 0.28675263920956146 0.28675263920956146 0.28675263920956146 0.3198244479137464 0.30271869158353376 0.30271869158353376 0.28563638116817497 0.28563638116817497 0.2847950350661684 0.2847950350661684 0.2667003417102464 0.27603807466993213
0.11132458126201236 0.12078868060698413 0.14041398907543262 0.14097096860865022 0.16111631343124172 0.14130835473605538 0.14130835473605538 0.14130835473605538 0.14130835473605538 0.14130835473605538 0.14097096860865022 0.14041398907543262 0.14041398907543262
0.19714379489911357 0.19714379489911357 0.20936956903608547 0.1970087186277573 0.20951312035156963 0.22320167338936922 0.22320167338936922 0.22320167338936922 0.22320167338936922 0.22320167338936922 0.22320167338936922 0.22304874313956174 0.22591689106889287
0.11124853987249621 0.11704114719613058 0.11704114719613058 0.11166390612088833 0.11103498152964078 0.11624763874381927 0.10322663273069617 0.10754457819403256 0.11401754250991379 0.130384048104053 0.15811388300841897 0.17460757394239454 0.1693213653696491
0.15764150216949532 0.1693120772035399 0.18318582636182792 0.19840768731424424 0.19840768731424424 0.20691469992941697 0.22370270406115372 0.2473560799833388 0.27883354387633785 0.23891515286318174 0.21842050668181848 0.23891515286318174 0.2312295731998497
0.17334381132038412 0.15971914124998496 0.16288220358559113 0.161245154965971 0.15209100104169465 0.15195121577178083 0.16452982615400627 0.1338219318930473 0.15961737689352445 0.1491374965679734 0.1491374965679734 0.1491374965679734 0.1463014339951632
0.29339088604787955 0.29339088604787955 0.28165525060596436 0.28165525060596436 0.27255755271454624 0.29339088604787955 0.2726596587731801 0.27885760014863553 0.2786158509916645 0.2907072028514161 0.2907072028514161 0.2907072028514161 0.29205935473930705
0.15210603796901814 0.18195633571851275 0.19259280394283634 0.22360679774997896 0.21861865804880154 0.20244408254472904 0.2326803115618832 0.277587453824102 0.25 0.23004283955210839 0.2773500981126146 0.31144823004794875 0.3535533905932738
0.2033287313025531 0.21540507133494738 0.21179137103432114 0.21563718293730866 0.23743685418725535 0.26335615562835346 0.2574643189025631 0.25954884754584384 0.254381528433471 0.21960307342648883 0.22727709838056204 0.21960307342648883 0.2374727159375266
0.16760038078849773 0.16004609991611995 0.16004609991611995 0.16004609991611995 0.16004609991611995 0.16004609991611995 0.16004609991611995 0.16004609991611995 0.1605403247669839 0.16070608663330627 0.16070608663330627 0.16070608663330627 0.16070608663330627
0.28702355402291985 0.28702355402291985 0.28702355402291985 0.28702355402291985 0.28702355402291985 0.28702355402291985 0.28702355402291985 0.28702355402291985 0.30634558126201594 0.34563604411182874 0.34563604411182874 0.34563604411182874 0.32616937999067747
0.09722034684781695 0.10163945352271772 0.10163945352271772 0.09722034684781695 0.09722034684781695 0.09722034684781695 0.07511565157216644 0.0848528137423857 0.1 0.0848528137423857 0.1 0.09615384615384616 0.09615384615384616
0.2264017362299539 0.21102428151392594 0.21102428151392594 0.21102428151392594 0.211961028146971 0.22771236175012083 0.23240413306413238 0.2004381322940523 0.21315467266214316 0.2160506416918345 0.224789877512471 0.2521983147431725 0.25203762768337856
0.13736056394868904 0.13736056394868904 0.11300503318241163 0.10920899919231544 0.10831829017095666 0.10725868160088982 0.10725868160088982 0.10725868160088982 0.10604562574894086 0.10604562574894086 0.10604562574894086 0.10305782373347372 0.10399667215973547
0.270509125968099 0.316345560684226 0.334502755442928 0.3404095420820052 0.3404095420820052 0.3335458045733034 0.3335458045733034 0.3335458045733034 0.32372473319353684 0.30698801907423967 0.30279098370951485 0.30279098370951485 0.29916954435917553
0.12257258446136503 0.10289915108550529 0.10289915108550529 0.10797236261230418 0.10797236261230418 0.10797236261230418 0.1272466496398219 0.1560618494687246 0.16452982615400627 0.17845765256206245 0.1739227136411018 0.18439088914585777 0.18439088914585777
0.22136904696522616 0.24350163134932656 0.24350163134932656 0.22911099715552632 0.21142895060978553 0.20069397421315732 0.2038054987818288 0.19612701586474882 0.22157886964160173 0.21338834764831843 0.19591741348635125 0.1724879674966754 0.1635830744264036
0.0992876838486922 0.10125396748078254 0.10125396748078254 0.10287828539511831 0.09864858652895678 0.09864858652895678 0.12815364865751416 0.12346619958119871 0.11910765315080328 0.11910765315080328 0.11229577231219767 0.1084652289093281 0.08744746321952061
0.1652259434752233 0.19142310937184728 0.22770773767579344 0.21842050668181848 0.20951614049373316 0.2010250577655095 0.2011689037647096 0.18533594570989856 0.19205539685221476 0.20022158445658828 0.21070297079641656 0.21862294895812776 0.21862294895812776
0.08456190082718783 0.08456190082718783 0.10087624894770907 0.1212678125181665 0.12555049023795636 0.12555049023795636 0.12555049023795636 0.14314958357846705 0.14314958357846705 0.13826657968874304 0.13826657968874304 0.13370410494359505 0.13370410494359505
0.21862294895812776 0.2094416846134808 0.19167134082717785 0.1818110098508185 0.1818110098508185 0.1818110098508185 0.19450671224691074 0.22107163385787093 0.23141105521063138 0.22228871064165073 0.22985053473241585 0.22985053473241585 0.23300976890252717
0.15230192477004287 0.181122692847289 0.18051113445691194 0.18051113445691194 0.18051113445691194 0.18051113445691194 0.20055615741539257 0.18872317917035095 0.19309599573704822 0.18267403500075574 0.17464249196572978 0.16727716932129974 0.16049964216513113
0.2975452158915303 0.29291721846300706 0.29264075099370157 0.29264075099370157 0.2781339435704275 0.2781339435704275 0.2773500981126146 0.276905302444193 0.276905302444193 0.28807749103819597 0.2826047683797356 0.2826047683797356 0.26736832812678707
0.10561177090573831 0.10478420553561367 0.10828702045605249 0.11351915229662496 0.11904761904761904 0.11351915229662496 0.10859306069076735 0.10859306069076735 0.10380684981717496 0.10380684981717496 0.10380684981717496 0.10407636178045333 0.10407636178045333
0.19611613513818402 0.19611613513818402 0.21957440807643916 0.22379848529006727 0.2573762572803809 0.2573762572803809 0.2660955439204402 0.2725903440727102 0.2913857587071793 0.2913857587071793 0.3255449326900745 0.3255449326900745 0.3255449326900745
0.10613747992445476 0.08239622188056739 0.08239622188056739 0.07923191097276314 0.07923191097276314 0.07923191097276314 0.0824621125123532 0.0858980338670346 0.0858980338670346 0.0858980338670346 0.0858980338670346 0.08333333333333333 0.08326108942436267
0.3052921646492686 0.29204420481881477 0.2923201087110698 0.27989724318721565 0.27989724318721565 0.25211385164791567 0.2454059514915604 0.2454059514915604 0.24482002319474763 0.24482002319474763 0.2579152702280553 0.2535605118711261 0.2535605118711261
0.13210916012404 0.13210916012404 0.13210916012404 0.13810200921222546 0.13622298275594996 0.13810200921222546 0.13210916012404 0.13210916012404 0.1317368461095426 0.11259433727776125 0.116945067431247 0.116945067431247 0.12257258446136503
0.2809857926376882 0.30119106134754 0.31919382863273166 0.3058175301656574 0.31013710043690534 0.30840716199490475 0.25961963551856443 0.25961963551856443 0.25712566824338173 0.27422075441345845 0.27540147844384355 0.2650854018430103 0.2725684023736115
0.12257258446136503 0.12257258446136503 0.12257258446136503 0.12361704410853719 0.12996881122750908 0.12996881122750908 0.12996881122750908 0.12437964877624864 0.12684285124078176 0.12361704410853719 0.11891287353862351 0.11351915229662496 0.11363636363636363
0.25869238391941896 0.24949920596716638 0.24949920596716638 0.24798318834304892 0.24798318834304892 0.24798318834304892 0.2462678125181665 0.24436610210844587 0.2537231927542418 0.24879562293101087 0.25164496248655027 0.25164496248655027 0.24938160086708194
0.16070608663330627 0.1605403247669839 0.1504142093990467 0.12807308433908624 0.11891287353862351 0.11891287353862351 0.1386750490563073 0.15953836117931888 0.1386750490563073 0.11891287353862351 0.11316968255314816 0.12188747834395942 0.12188747834395942
0.31012977623109483 0.29600679962648957 0.28141231555848256 0.26942349149592976 0.24465814338875963 0.22372520199772716 0.19114159969844213 0.14867188800256545 0.14867188800256545 0.16103924093124486 0.17543615593175335 0.17543615593175335 0.16336225320405257
0.13824460296132315 0.15058465048420855 0.1504142093990467 0.14359163172354764 0.14314958357846705 0.136335470787303 0.11982532331735271 0.13059444278320922 0.14421743613444024 0.1429154876187574 0.15620499351813308 0.18805174224216678 0.1906456819113252
0.22399355263575055 0.21440088351466477 0.2190370486275468 0.22828893852185012 0.2065116433122583 0.21523447352654546 0.2416741127763657 0.251726764018112 0.2510749025077784 0.2416741127763657 0.23256478345449758 0.20770586485147785 0.21830164897346951
0.1598514503776719 0.1776793906740654 0.18683056596113626 0.18683056596113626 0.19591258953571414 0.19235384061671343 0.1996764624465598 0.2045854433235891 0.20604084592303354 0.2403809869102058 0.25766265056033233 0.25766265056033233 0.25766265056033233
0.24432050732281482 0.24187818647937448 0.25 0.25 0.2498407135868874 0.2337620273260417 0.24635736273586542 0.23841337652758027 0.22060161403060286 0.2230860801189084 0.21353732426093974 0.21353732426093974 0.22116365727025902
0.27472112789737807 0.294174202707276 0.25 0.21926450482675733 0.2317137785453969 0.2606780008635715 0.2102353324910547 0.19047619047619047 0.21428571428571427 0.19047619047619047 0.19047619047619047 0.21428571428571427 0.19195851781663212
0.18700242776784964 0.1962959449505949 0.1961793450324061 0.1958307880291618 0.2038607638236567 0.18954251711878384 0.18438220031102687 0.18438220031102687 0.1670398932027967 0.1593025625968509 0.15720149129273717 0.14468682814136288 0.16142974222147272
0.23928275288383072 0.23928275288383072 0.266198568749975 0.266198568749975 0.266198568749975 0.266198568749975 0.266198568749975 0.26298478612350623 0.26298478612350623 0.25077200389625703 0.24974213505257492 0.25 0.24011654385189699
0.2792703895714955 0.2942591775401181 0.31318126924013084 0.33501141757030767 0.339519812407378 0.34669019132296264 0.3176248801708343 0.3019699151406384 0.3013573148564344 0.2795769607144121 0.2712368173265302 0.2749098852527903 0.27479105668218456
0.4553208464047432 0.4553208464047432 0.485912657903775 0.46805145544956234 0.4793012932694108 0.4793012932694108 0.4793012932694108 0.4553208464047432 0.43080102094894696 0.4749839535158646 0.4494052352856867 0.4472135954999579 0.5062114182829146
0.2190872754013528 0.2190872754013528 0.2332690222546428 0.2332690222546428 0.23930989535972108 0.2466683316557654 0.2466683316557654 0.2543767170200081 0.26770244790475956 0.2851906619462737 0.2759474785380833 0.2941453994015582 0.27968793592605257
0.39816652969059774 0.42051072316016264 0.4472135954999579 0.37850922151148547 0.38071200958368134 0.38071200958368134 0.40598400073101093 0.4348405390671891 0.4934207659671223 0.5051108653566757 0.5051108653566757 0.4825064766404695 0.4886348789677424
0.27653315937748607 0.2685927481763403 0.25993762245501817 0.2519758273437952 0.2519758273437952 0.2519758273437952 0.2141764684390597 0.22887286096089843 0.26598510343352755 0.30603936425090666 0.2863598901390939 0.27701492322844384 0.2863598901390939
0.6520601826149368 0.41231056256176607 0.3637247858537523 0.27699122356319245 0.23537557657892524 0.23537557657892524 0.2891724220169904 0.2731581677625339 0.2462214450449026 0.23423119645697313 0.24591424412047916 0.24591424412047916 0.2588222368272152
0.2357503379766128 0.20264620104233966 0.19611613513818402 0.17582825908940636 0.18213152734626528 0.17585872178679424 0.17581732558021457 0.17015179266015104 0.1649202888327781 0.1572787860142779 0.1379574722286075 0.10860641240178352 0.07269512580314864
0.1747816593036228 0.19026059766179762 0.18163064367459994 0.17391304347826086 0.19685619865516124 0.23153454909080073 0.2702474937259706 0.2580665818267404 0.2666757839433388 0.26874192494328497 0.261497120409565 0.25834009779148626 0.2707716892370909
0.37245738789671623 0.3705131105830626 0.37482172849376755 0.37338680274523856 0.3598887270128681 0.3380538992209818 0.3434014098717226 0.36166097883642545 0.3659578774073141 0.35319366195604085 0.35119304169684895 0.341289958110836 0.32695120542500744
0.3528754352415805 0.3528754352415805 0.3528754352415805 0.3528754352415805 0.3444025822872578 0.36421567954234174 0.3861121194774122 0.41035811480147394 0.3901566636906542 0.37465831427984675 0.37465831427984675 0.3475886129696584 0.34253250919525235
0.224358600635063 0.22868318985022762 0.23419848094589976 0.23583302211700125 0.2229806841058751 0.20932494663385773 0.19178360625635296 0.1903365666180768 0.19119068857028942 0.19119068857028942 0.1897481225959031 0.16389777270581926 0.16157192664575523
0.3345565790343442 0.33534571326445234 0.2999423243289873 0.29196900801171394 0.282842712474619 0.282842712474619 0.29196900801171394 0.2999423243289873 0.3063703900256624 0.31089270672200847 0.31827836125259235 0.31827836125259235 0.31827836125259235
0.16033804792298165 0.15904983747305906 0.13419085620639173 0.12918791428599707 0.12918791428599707 0.12503293018056852 0.12575224896583684 0.11977288798791964 0.11664419756939275 0.12469142451634685 0.13146785635025995 0.13614700709348693 0.1410745134020549
0.48493628936982486 0.4766507588853143 0.4359286452893223 0.43966868228914546 0.40107437681520486 0.3152542559611834 0.29632738205466586 0.29154759474226505 0.2711630722733202 0.2639547899689282 0.2711630722733202 0.2576941016011038 0.27116307227332026
0.4251692787741875 0.4334004687315295 0.42973860071065906 0.4026512550416756 0.38388067087090955 0.39763083730567556 0.3821589081666034 0.35482563844685167 0.304065159631575 0.2850222497971491 0.2567393412779165 0.2633413210364099 0.26007199841356715
0.2004094170098539 0.20244408254472904 0.21144273266556193 0.21664456120656053 0.21358941442919024 0.20244408254472904 0.20842893981119723 0.20842893981119723 0.1386750490563073 0.1386750490563073 0.1163401557809416 0.12064325310827767 0.12298193021798913
0.24663506129269988 0.23908454025204137 0.23871261696709414 0.22296389324656235 0.2239675284302392 0.23104063961532081 0.2230114259187423 0.2018281582822365 0.21736862433361057 0.2179250063354045 0.19109613087327945 0.19109613087327945 0.18727333292896647
0.23599379082283223 0.20513217183267982 0.17589938618257298 0.14925557853149837 0.12085835334404364 0.09999999999999999 0.0955394632947723 0.09640373590996239 0.09578262852211514 0.1 0.10070743681384511 0.104598848163826 0.12257258446136503
0.1791829818280774 0.1802783970463764 0.1786798848081017 0.1581195091037803 0.13860500356630615 0.10776579069685777 0.11624864639809013 0.11654003052883971 0.12350150421888768 0.07817944159988448 0.07775658318746924 0.07727709300448328 0.07506457477926053
0.2511511956509925 0.2386303510546059 0.2386303510546059 0.2386303510546059 0.23463122867918199 0.23045348400524443 0.23045348400524443 0.2467554500897541 0.2467554500897541 0.2467554500897541 0.2313578361817909 0.23463122867918199 0.23463122867918199
0.19360524667074872 0.18201246293488127 0.18201246293488127 0.20012807007806213 0.1987437227939334 0.20012807007806213 0.1933235479883792 0.1933235479883792 0.1877212713913581 0.17311606991394402 0.17427708447691292 0.16586906384400538 0.170058531377051
0.205179057400737 0.2141150910288757 0.19611613513818404 0.1810714920850371 0.19611613513818404 0.20716769761626044 0.20716769761626044 0.2097413080654664 0.18439088914585777 0.2045854433235891 0.2045854433235891 0.25607375986579195 0.2580665818267404
0.19817324003555029 0.20415891008116577 0.20415891008116577 0.22254702597558712 0.21013859766339238 0.21922841544473015 0.21922841544473015 0.21808794302660262 0.2363506442614339 0.22072050968226867 0.22108766354238407 0.22521134048790603 0.20894185895117454
0.11541088393712068 0.09332211095685 0.07157479178923352 0.06726727939963124 0.08574929257125441 0.07895830523185818 0.07895830523185818 0.07520710469952335 0.07179581586177382 0.06868028197434452 0.06868028197434452 0.06868028197434452 0.09361029108991246
0.2005996593106408 0.18690063038679428 0.1704518372211196 0.15010106358526604 0.13973708137942203 0.13010979365773964 0.13010979365773964 0.13601194576856737 0.14997131624851237 0.13601194576856737 0.13010979365773964 0.13010979365773964 0.12469815170293233
0.12329924047901797 0.13027845970927113 0.13027845970927113 0.13027845970927113 0.13697692318338522 0.13697692318338522 0.13697692318338522 0.13767686092000675 0.14221363894199315 0.14925557853149837 0.15702717677706413 0.14925557853149837 0.14925557853149837
0.27380056109794654 0.26058880203298523 0.2716160730352862 0.2815462531857365 0.25180106776325567 0.25308774485712743 0.25308774485712743 0.25956433926396616 0.27754698505333136 0.27754698505333136 0.27754698505333136 0.27754698505333136 0.28352625590098407
0.15763207218886574 0.18155291362643414 0.1896181852559909 0.19109383541230276 0.20055615741539257 0.20513217183267982 0.2125400369971095 0.22249707974499242 0.22249707974499242 0.2125400369971095 0.1993138916314171 0.21025536158008132 0.22258185668834118
0.282842712474619 0.282842712474619 0.33165824894352774 0.32317226848318364 0.32317226848318364 0.32317226848318364 0.32317226848318364 0.32317226848318364 0.33826050234978333 0.36310877230840444 0.34642704655590395 0.3635809451001388 0.3308124805318918
0.11180339887498948 0.1278520779891897 0.1278520779891897 0.11180339887498948 0.11913076738605885 0.15811388300841897 0.1903943276465977 0.19007148031742638 0.18738292224896536 0.18738292224896536 0.1976423537605237 0.1976423537605237 0.206901472150592
0.27380204436343214 0.2782989255238853 0.26531511679705494 0.2895762653385746 0.2895762653385746 0.29891982789631666 0.2976091803084288 0.2815654723863804 0.29177377508673685 0.2723038397265315 0.2723038397265315 0.2547121715005845 0.2547121715005845
0.25 0.2701716134791496 0.282842712474619 0.2923526731023431 0.2974820586543648 0.3325950526188696 0.4 0.4 0.45276925690687087 0.45276925690687087 0.4799344524533381 0.5031152949374527 0.5266851623825876
0.2893124240335477 0.2827579123990923 0.2617143324179965 0.26880338865836106 0.26880338865836106 0.2675375735378376 0.2578736763745048 0.2601065781290193 0.2519762305989394 0.27445265372324956 0.30241023725249033 0.26762257202966394 0.22479003037639622
0.13867504905630726 0.15 0.15811388300841897 0.18027756377319945 0.18027756377319945 0.18027756377319945 0.14574577203253436 0.16124515496597097 0.14252192813739223 0.1677050983124842 0.14815943949743843 0.13155870289605437 0.15504341823651058
0.36592085619638054 0.38162346507091294 0.40196055710236844 0.37473510434887314 0.3884748566277818 0.3923223292315817 0.36664254037730876 0.3741129628825824 0.35033533582052895 0.357131219737596 0.3230834716316327 0.2998334720937463 0.2998334720937463
0.04622501635210243 0.059246437915002316 0.06537204504606135 0.06848672513487422 0.06848672513487422 0.048564293117863214 0.048564293117863214 0.06874516652539955 0.08963273099168827 0.11084825029549532 0.1322339680499613 0.11084825029549532 0.09361029108991246
0.20813364832343026 0.21592916659743178 0.21592916659743178 0.1968303757134843 0.1975526914462439 0.21484768401460644 0.21437323142813605 0.22583774974829443 0.24458360011990193 0.27345277802486323 0.2633015463902397 0.25639984989507303 0.23769573291828938
0.1831983729065748 0.18505830254940134 0.09372184261837677 0.05812381937190965 0.05812381937190965 0.03676073110469039 0.03676073110469039 0.037011660509880265 0.0351798772365146 0.05583195306044417 0.055624269936248104 0.07895830523185818 0.10294903467565093
0.290971711238763 0.290971711238763 0.1681392597094149 0.10096732191980333 0.10096732191980333 0.10514585649573331 0.10999380480125832 0.07927904895956077 0.0741519801180045 0.08695652173913043 0.09308872791678188 0.14099643615900767 0.14422205101855956
0.10294903467565093 0.10835281026218337 0.11043152607484653 0.1339992578523194 0.1339992578523194 0.16620562382863344 0.1860521018838127 0.1860521018838127 0.21122354181147665 0.24806946917841693 0.22360679774997896 0.26165155925684536 0.2482626613699106
0.14422205101855956 0.16155374460927138 0.16336225320405257 0.1776354786043436 0.16997146471905633 0.1704518372211196 0.1608245494994372 0.14087420255461897 0.1590502836493325 0.17791734290492509 0.18714420393557216 0.15811124471142635 0.15811388300841897
0.14171486334564484 0.14171486334564484 0.14171486334564484 0.14171486334564484 0.14171486334564484 0.14958791130929178 0.14958791130929178 0.14935759876113539 0.14935759876113539 0.14935759876113539 0.14093620435725568 0.13998069364949794 0.13998069364949794
0.2529083976685484 0.2529083976685484 0.2529083976685484 0.2529083976685484 0.2529083976685484 0.23748116435420044 0.2282656505029496 0.2282656505029496 0.2380276225408112 0.2380276225408112 0.25411461442989175 0.25530373938218487 0.2560252775314021
0.03928371006591931 0.03928371006591931 0.03928371006591931 0.03928371006591931 0.03928371006591931 0.03928371006591931 0.041522739926869986 0.05547001962252291 0.052558833122763673 0.05547001962252291 0.05547001962252291 0.058722021951470346 0.06237828615518053
0.22984263402483193 0.22066392055211703 0.22066392055211703 0.22066392055211703 0.22066392055211703 0.22066392055211703 0.214647663538435 0.214647663538435 0.2295048314737817 0.2201499168220009 0.21043757418856043 0.20265447167888723 0.183388427894629
0.10599978800063599 0.10599978800063599 0.10635890745287926 0.08560132129176834 0.08560132129176834 0.09284766908852593 0.08523471865945981 0.086629616364842 0.10828702045605249 0.129944424547263 0.11043152607484653 0.09245003270420486 0.10274936706584831
0.22379782910606374 0.22379782910606374 0.20509572214150962 0.15222444016364728 0.14074704089898 0.14074704089898 0.15449794517884569 0.18467921378827945 0.22735020937403247 0.22559506255952003 0.22894062059021053 0.2374474177753096 0.22239564967097872
0.10197712705600052 0.08770580193070293 0.10561177090573831 0.10561177090573831 0.10561177090573831 0.10635061080264993 0.11180339887498948 0.11180339887498948 0.11180339887498948 0.11132458126201236 0.11132458126201236 0.11180339887498948 0.11695830574618832
0.22905992326874514 0.22905992326874514 0.22092150313765796 0.23603949537925203 0.22169341978502172 0.20844300763672113 0.19591741348635125 0.19591741348635125 0.19591741348635125 0.19591741348635125 0.19591741348635125 0.20752906583803282 0.20752906583803282
0.09712858623572643 0.11074362710059765 0.10613747992445476 0.10613747992445476 0.10165561113406256 0.11961783342433499 0.11914522061843064 0.11462410798513052 0.12126781251816647 0.13130643285972257 0.1392715036327889 0.1392715036327889 0.1392715036327889
0.27597657496059513 0.2830534433022787 0.2632946830479438 0.2529822128134704 0.24325212770525997 0.23408229439226114 0.247897127843684 0.2574178097308233 0.2574178097308233 0.2574178097308233 0.24729104871514523 0.24729104871514523 0.24729104871514523
0.13130643285972257 0.13130643285972257 0.13130643285972257 0.15114505478581458 0.13373680342902974 0.1275038251721336 0.12815364865751416 0.12815364865751416 0.1157883416544666 0.11624763874381928 0.11624763874381928 0.11624763874381928 0.11652585447180118
0.23847068434843488 0.22782965674215389 0.21936326509750673 0.19345002165890887 0.18645672938509952 0.19054386921629457 0.17983059734494572 0.18765292820231586 0.1815515035156013 0.15217393395769344 0.15240384276335656 0.15572095586205942 0.1617810002774035
0.08160781865467162 0.09214426752509268 0.097182531580755 0.07453559924999299 0.08143279274805704 0.09776923610938036 0.08097763301789161 0.07669649888473705 0.09650036744440636 0.09999999999999999 0.09284766908852593 0.09175886398147584 0.06992836012750657
0.19499940838957075 0.18787801139616436 0.2031796924106779 0.20301754017210866 0.18880602925277423 0.19776114591521235 0.19776114591521235 0.1999051291574705 0.18555733973725844 0.1764697868949257 0.2105572303625277 0.18986702729702046 0.1716884298199308
0.06726727939963124 0.0642824346533225 0.05887448094094638 0.05652334189442215 0.0543526425198644 0.052342392259021375 0.052342392259021375 0.052342392259021375 0.0565685424949238 0.07511565157216644 0.07205340582328378 0.07205340582328378 0.07505053179263302
0.1716884298199308 0.1716884298199308 0.18582413191903846 0.19997923563653125 0.21414850047282738 0.22832841434094317 0.22832841434094317 0.22832841434094317 0.21773104310428584 0.21115968988930234 0.2023942210131996 0.20830165717165294 0.21456284430429512
0.10593368273196728 0.11103498152964078 0.11103498152964078 0.13803940759355818 0.13085598064755344 0.13085598064755344 0.13139708280690918 0.13139708280690918 0.13139708280690918 0.13139708280690918 0.13157894736842105 0.1488645855129574 0.1488645855129574
0.19941965343588566 0.18157472825465734 0.17878817623181562 0.1847781925514545 0.19019674916145585 0.1941593086542478 0.22635258705730352 0.22635258705730352 0.22635258705730352 0.22635258705730352 0.23745839435720106 0.23745839435720106 0.23446447684385519
0.1535737792084878 0.1535737792084878 0.147689134796412 0.14077312659286823 0.13344743975843895 0.13396098146272087 0.12764064725415908 0.12764064725415908 0.12188747834395942 0.12188747834395942 0.12188747834395942 0.11706880015509791 0.10761723676327273
0.17095376725018493 0.17095376725018493 0.16972001629194025 0.1648812223014507 0.1648812223014507 0.15039911114236337 0.15557535543550444 0.156207635394394 0.156207635394394 0.16349636241549592 0.17304289284264412 0.18247095780361336 0.20542831677801945
0.10622957319984967 0.1019803902718557 0.09436158958517546 0.09082252454356796 0.07965662348464578 0.07965662348464578 0.07835275464833552 0.08259105521236186 0.08259105521236186 0.09197686280010002 0.09632151109955399 0.09341528298056813 0.08853156407653621
0.2120482557159803 0.18932742930244667 0.18932742930244667 0.19588448636179115 0.18579443847636581 0.18845713897261818 0.18238430103502126 0.18027455565180436 0.15946668993618562 0.17482361769652505 0.16953086844333035 0.15338038826693426 0.13317745554556526
0.28950110233321913 0.2674245546327747 0.25637928363783935 0.25637928363783935 0.2351446483998254 0.21616021746985134 0.22515159537789908 0.26510944696091937 0.26510944696091937 0.1953057344189034 0.12843225981358714 0.11351915229662496 0.08185982487053739
0.2534307625534121 0.24954394094524904 0.22959725044591933 0.22959725044591933 0.24682838836580878 0.24389649872788777 0.2249591419125207 0.2601828818726091 0.2222222222222222 0.2222222222222222 0.2222222222222222 0.2220699630592816 0.2064062748461344
0.12226386877670534 0.1346291201783626 0.15811388300841897 0.15058465048420855 0.18132793109199782 0.23505024736113425 0.26165155925684536 0.31595783189507454 0.3304093002275449 0.3304093002275449 0.29411764705882354 0.3325950526188697 0.35975655485489344
0.18011918915822786 0.1531041959977922 0.13495864094170423 0.12363082021453377 0.1080261953735948 0.1252392239656484 0.12967945313447402 0.12967945313447402 0.15768149549418212 0.1546450179006988 0.17929029074602842 0.17993461324977408 0.215034270074827
0.16641005886756874 0.17616606585441102 0.18971615086447616 0.09284766908852593 0.09284766908852593 0.08808303292720551 0.08808303292720551 0.0828236445561349 0.0828236445561349 0.08823529411764706 0.1111111111111111 0.11764705882352941 0.11744404390294069
0.30628194591584446 0.30628194591584446 0.30628194591584446 0.1947155712701806 0.18563858772053282 0.18563858772053282 0.17469093348196885 0.19535476156730183 0.19535476156730183 0.18939856934881744 0.2102138417049081 0.20966948038964908 0.2102138417049081
