0.14221363894199315 0.14221363894199315 0.14221363894199315 0.16760038078849773 0.17159383568311665 0.17159383568311665 0.17950549357115014 0.17950549357115014 0.2112368975696848 0.22113289104342324 0.22113289104342324 0.2324952774876386 0.23938794927456072
0.3245945101352995 0.3284354704859587 0.3284354704859587 0.3536255069649192 0.3461534300569393 0.3461534300569393 0.3461534300569393 0.3648216135955787 0.39231227620737363 0.41531209565187627 0.39231227620737363 0.39231227620737363 0.3648216135955787
0.11363636363636363 0.11363636363636363 0.11363636363636363 0.11363636363636363 0.11363636363636363 0.11588680712710873 0.13824460296132315 0.13824460296132315 0.13824460296132315 0.14482767929281476 0.1590909090909091 0.15892681321527494 0.1605403247669839
0.24974213505257492 0.2724459655118999 0.2724459655118999 0.2727272727272727 0.2727272727272727 0.2608695652173913 0.3056040641755621 0.3056040641755621 0.3056040641755621 0.3178536264305499 0.3197969957242153 0.3425242684514881 0.3425242684514881
0.1303116728289208 0.1303116728289208 0.13043478260869565 0.13824460296132315 0.13824460296132315 0.1322339680499613 0.1322339680499613 0.1303116728289208 0.13622298275594996 0.13043478260869565 0.13043478260869565 0.125 0.125
0.3178536264305499 0.3178536264305499 0.3425242684514881 0.3425242684514881 0.3439392172764551 0.3289853382644353 0.3439392172764551 0.35380948936689466 0.31645682772354616 0.31645682772354616 0.3375732442010746 0.3375732442010746 0.33081221390337257
0.10635890745287926 0.1223901092530569 0.12226386877670534 0.12807308433908624 0.12807308433908624 0.12807308433908624 0.1223901092530569 0.11706880015509791 0.11074362710059765 0.11576727454540037 0.11576727454540037 0.11576727454540037 0.13810200921222546
0.2152095893008094 0.23082176787424136 0.24171670668808728 0.23936971912903793 0.2370227315699886 0.2370227315699886 0.2370227315699886 0.2370227315699886 0.23803617271322422 0.2521302880488364 0.25920477512347584 0.2496821881329554 0.2616063987527758
0.13622298275594996 0.1303116728289208 0.13636363636363635 0.1303116728289208 0.1520302849670743 0.1520302849670743 0.1303116728289208 0.1520302849670743 0.13810200921222546 0.13824460296132315 0.13210916012404 0.13622298275594996 0.12126781251816647
0.29676330752293384 0.29676330752293384 0.29676330752293384 0.29514979597122487 0.3181818181818182 0.3197969957242153 0.2743249919681754 0.29545454545454547 0.2724459655118999 0.2606233456578416 0.2838854520374086 0.27059854062917865 0.2608695652173913
0.11576727454540037 0.11074362710059765 0.12661435874558064 0.13210916012404 0.1303116728289208 0.1520302849670743 0.1520302849670743 0.1516018286384735 0.1516018286384735 0.1516018286384735 0.129944424547263 0.1358036190637778 0.1358036190637778
0.22703830459324992 0.26160832178497173 0.26160832178497173 0.26357662784478947 0.26357662784478947 0.2870810720377016 0.2870810720377016 0.2874063764729875 0.30177669529663687 0.30177669529663687 0.3461534300569393 0.3461534300569393 0.3176596792596178
0.13139708280690918 0.1598514503776719 0.1767766952966369 0.1681681984990781 0.1681681984990781 0.1681681984990781 0.16835875742536846 0.14269544824634822 0.13636363636363635 0.1664780229540729 0.15892681321527494 0.16528638065148013 0.16528638065148013
0.19066719485096545 0.20089686996377326 0.23876258663828212 0.27361631640163614 0.32217061892878984 0.3189055347681172 0.305360518362564 0.2774293902005629 0.2583017927974178 0.2322553970890778 0.24150099510314094 0.254480453838932 0.29969053608661644
0.16528638065148013 0.17313975732225934 0.17313975732225934 0.19611613513818402 0.1817756694801661 0.1817756694801661 0.1817756694801661 0.1817756694801661 0.21360009363293825 0.21333359310042369 0.24930843574295014 0.2368749156955745 0.20615528128088303
0.3079423534570228 0.2841720451226699 0.2760007502643844 0.28080894197129913 0.25351837584879966 0.2824045318333193 0.2824045318333193 0.28398664242997046 0.2461520130391534 0.26172095188495725 0.2881131523761157 0.5554543669662271 0.7325339200959744
0.1598514503776719 0.1598514503776719 0.1598514503776719 0.1598514503776719 0.1498128508316767 0.13139708280690918 0.10835281026218337 0.10307764064044152 0.10307764064044152 0.10294903467565093 0.09987523388778446 0.09987523388778446 0.1185113657849943
0.3833076935952695 0.38070551854985935 0.38070551854985935 0.38070551854985935 0.38070551854985935 0.4017924548484161 0.4017924548484161 0.38070551854985935 0.36644733016804343 0.3867445182347242 0.3867445182347242 0.38949082541572644 0.32597242596466625
0.1860521018838127 0.1802525304378329 0.1860521018838127 0.1860521018838127 0.21706078553111482 0.26204871283216735 0.3139389945637406 0.3196301949729743 0.31221317111900243 0.2967876371320142 0.27069514600185485 0.260768096208106 0.260768096208106
0.1428531180474803 0.15882292097104803 0.15882292097104803 0.15882292097104803 0.15882292097104803 0.15544635336100426 0.17412691259046453 0.1749417364725605 0.20412369364724273 0.21406466863329743 0.21406466863329743 0.21406466863329743 0.2247679020649623
0.23351702580814504 0.23351702580814504 0.24763027827182427 0.2635231383473649 0.2768590677514941 0.2596678376158976 0.2596678376158976 0.24763027827182427 0.2635231383473649 0.3090612688845503 0.294174202707276 0.294174202707276 0.276432802575278
0.2122769075819069 0.21257071659114657 0.21257071659114657 0.18268222488690003 0.18268222488690003 0.21734276086245546 0.22906765234359933 0.22906765234359933 0.22646187567010498 0.21487036159257195 0.1998694501468671 0.1998694501468671 0.19013878188659974
0.29356000136723387 0.2336824951347944 0.21926450482675733 0.19611613513818404 0.21926450482675733 0.19611613513818404 0.19266007352363126 0.17910791723901853 0.16828640022295324 0.14680505487867587 0.14680505487867587 0.16828640022295324 0.16828640022295324
0.21487036159257195 0.20073732821586 0.20806859714331227 0.21730189105876227 0.20806859714331227 0.23775759926931186 0.29524102804265684 0.2870810720377016 0.30027903495882163 0.2870810720377016 0.33447274835032853 0.3699396343183851 0.31689223235311964
0.12996881122750908 0.13803940759355818 0.16793218724293182 0.19521720236075757 0.19374606457303215 0.19374606457303215 0.19374606457303215 0.20480798012976012 0.2108627213338625 0.2474704239666935 0.2388450959634127 0.20842893981119723 0.2108627213338625
0.15106525979507432 0.15504341823651058 0.15504341823651058 0.17557977668734734 0.15504341823651058 0.16286558549611407 0.17149858514250885 0.17149858514250885 0.1764254961895988 0.15682583728134947 0.14708710135363803 0.12762910104351016 0.1334655061609511
0.1747816593036228 0.1747816593036228 0.1747816593036228 0.1747816593036228 0.1747816593036228 0.17655613788661215 0.1598514503776719 0.1598514503776719 0.1598514503776719 0.1598514503776719 0.1598514503776719 0.17541160386140586 0.21122354181147665
0.36955667254023605 0.38216823702199676 0.40457334892393376 0.40248672611973 0.3784544700027795 0.35876009370077067 0.3238821231969245 0.33741095691478934 0.33741095691478934 0.3642913955919285 0.3642913955919285 0.3324112476572669 0.31465838776377636
0.1245429600784785 0.11804417067144062 0.14598450400585697 0.15417681992854404 0.15417681992854404 0.1463014339951632 0.14935759876113539 0.16666666666666669 0.17541160386140586 0.16280140661022968 0.18925279102611614 0.1873507046502662 0.18925279102611614
0.13894881538786866 0.1337254767663472 0.1337254767663472 0.17346035735931492 0.17346035735931492 0.17613034324107524 0.2044297491947385 0.22393107898318387 0.24188051395416993 0.24188051395416993 0.21224610760394685 0.24118609864980836 0.23239913394764783
0.19952172111690555 0.1438771592111658 0.15195121577178083 0.16280140661022968 0.1716350742887789 0.1716350742887789 0.14108316199577509 0.1788854381999832 0.17677669529663687 0.17677669529663687 0.17344447973881214 0.17618248623621996 0.17618248623621996
0.26263101849757026 0.2941776399710883 0.35939963491472743 0.3900642862596794 0.37250979378054916 0.3781102111333017 0.39090220450913354 0.40328542136893597 0.45662676112617756 0.4929356792959218 0.46504143476023124 0.4405372555686351 0.45946608285498913
0.15384615384615385 0.206901472150592 0.20155644370746373 0.1874436852367535 0.16847634693327881 0.15903404916487007 0.20588235294117646 0.2222222222222222 0.22395160411940415 0.24261959098139177 0.2422842492993788 0.2743651637761665 0.29963144949230863
0.4822806738858195 0.476280092247477 0.43047460125033205 0.4125852121911843 0.4146886801966191 0.33496476814427706 0.27763878919406415 0.27290508592402996 0.2632818425144504 0.2748485804511747 0.2862496993887502 0.250065454585451 0.21970838938291976
0.2743651637761665 0.22934474029501983 0.21852416110985082 0.2136327344609569 0.20761369963434992 0.19874139293046258 0.19967139984847204 0.2250567875466498 0.2557041559783794 0.2442793214651535 0.22201401041418373 0.2456241646986543 0.2568602255383721
0.22683185646725074 0.23440646824795444 0.23440646824795444 0.23101742268424733 0.22956687837330206 0.2535097852847041 0.28951972318306285 0.29805439092686964 0.3306422815943832 0.35165032522654643 0.3854388552942304 0.4287147413057757 0.4312461076835844
0.18208926018230745 0.17334381132038412 0.17334381132038412 0.1649915822768611 0.15843755557440742 0.15843755557440742 0.15843755557440742 0.13767686092000675 0.11541088393712068 0.1358036190637778 0.1358036190637778 0.13767686092000675 0.14990633779917228
0.30209810093323686 0.30209810093323686 0.30209810093323686 0.3172206193687008 0.2916516455341636 0.30738052751370193 0.2916516455341636 0.29124853318458105 0.29124853318458105 0.31796743500784785 0.31796743500784785 0.3379312516832344 0.33563229250828386
0.08192319205190406 0.08192319205190406 0.08192319205190406 0.08687444855261388 0.0910975037348554 0.10185010546583882 0.11074362710059765 0.11074362710059765 0.13867504905630726 0.1535737792084878 0.12288478807785606 0.13063248606829103 0.1535737792084878
0.2386750490563073 0.25266768545115 0.25266768545115 0.22638085098701022 0.22369679321749247 0.24884281034798433 0.2365270673790608 0.22940893715712163 0.2365079484806189 0.21932588008725848 0.20307764064044154 0.24018068605679 0.25276188550732764
0.13803940759355818 0.14093620435725568 0.1656472891122698 0.16793218724293182 0.15919317118967338 0.15919317118967338 0.13085598064755344 0.12484404235973057 0.12484404235973057 0.12126781251816647 0.12126781251816647 0.17313975732225934 0.16528638065148013
0.27465689319140724 0.27465689319140724 0.26593156682433244 0.23153454909080073 0.2214872542011953 0.2214872542011953 0.2214872542011953 0.20787221333632408 0.20787221333632408 0.20592445497062253 0.20496532327797481 0.2262692149144934 0.2580996559812322
0.16070608663330627 0.11363636363636363 0.1322339680499613 0.1322339680499613 0.1322339680499613 0.1322339680499613 0.1729072214122211 0.1322339680499613 0.125 0.1303116728289208 0.13043478260869565 0.1473139127471974 0.1473139127471974
0.2713232398377074 0.2592838388955387 0.25888904989351375 0.2474013901078297 0.2801830992789555 0.30182068616700247 0.2917378953588491 0.33902781886001554 0.3126469815359527 0.3237309501333119 0.3661847812223889 0.3532031761760693 0.3741738398780589
0.12085835334404364 0.12085835334404364 0.12085835334404364 0.12085835334404364 0.12085835334404364 0.1201850425154663 0.09772697579354847 0.1148241445798704 0.1148241445798704 0.11259433727776125 0.11259433727776125 0.11259433727776125 0.1358036190637778
0.2949955097939174 0.2949955097939174 0.2949955097939174 0.2788125341864264 0.2949955097939174 0.29651742278276144 0.29702998569390543 0.29651742278276144 0.29942473580817114 0.29942473580817114 0.3078262509125045 0.3264417503997878 0.38412313424502287
0.12085835334404364 0.10256608591633991 0.10193722599722724 0.10193722599722724 0.1260651440244182 0.14834045293024462 0.15038662480192644 0.15038662480192644 0.15131437342156362 0.12684285124078176 0.12437964877624864 0.14482767929281476 0.13810200921222546
0.22188007849009164 0.2425600369926115 0.2139062186164015 0.2055270768301462 0.17647058823529413 0.17647058823529413 0.17616606585441102 0.17616606585441102 0.2055270768301462 0.23488808780588138 0.26786360440655144 0.33498173427947475 0.33498173427947475
0.14285714285714285 0.14285714285714285 0.14269544824634822 0.14285714285714285 0.14269544824634822 0.14269544824634822 0.11891287353862351 0.11904761904761904 0.14269544824634822 0.14221363894199315 0.1185113657849943 0.11891287353862351 0.1185113657849943
0.23782574707724702 0.23782574707724702 0.23782574707724702 0.23809523809523808 0.23809523809523808 0.23809523809523808 0.23782574707724702 0.26160832178497173 0.23782574707724702 0.23809523809523808 0.21428571428571427 0.21404317236952233 0.26160832178497173
0.1927588215951537 0.17134117475124774 0.20124611797498107 0.20124611797498107 0.20124611797498107 0.20124611797498107 0.20124611797498107 0.2024845673131659 0.206155281280883 0.206155281280883 0.206155281280883 0.24418846973748626 0.24418846973748626
0.36912485192102124 0.3702647152165745 0.36608826607349904 0.39223227027636803 0.3447498499149687 0.33954544956306243 0.3340622721261875 0.3340622721261875 0.3340622721261875 0.34974138398713 0.34477577771884865 0.33350074956351583 0.35501875624810775
0.15 0.16128099917114108 0.17000510022951149 0.21768238540367174 0.22132891019134054 0.22132891019134054 0.20471324932907262 0.22132891019134054 0.19007148031742638 0.19007148031742638 0.19007148031742638 0.1885618083164127 0.17643243655649235
0.2155315813937155 0.22600264094315908 0.24720872746200004 0.24720872746200004 0.2551637281568721 0.23409426763991642 0.23409426763991642 0.25288294197548816 0.27829892552388524 0.29481230081094656 0.3102869433731701 0.30226962698209764 0.3274734581211222
0.17032392347480088 0.1985524538329278 0.21156517985602194 0.19667039757680582 0.18332091363794034 0.17137569112089182 0.17137569112089182 0.19300073488881272 0.19300073488881272 0.20645326546139234 0.19429791005656494 0.19594872910243658 0.18380365552345196
0.3550735322980028 0.3550735322980028 0.3771818079104983 0.4022194612297922 0.4324047629268365 0.4543792019456608 0.5144232919018472 0.5848562099639254 0.6343762538556088 0.6343762538556088 0.6774791861047121 0.6774791861047121 0.6643229980770934
0.19594872910243658 0.2126542804728204 0.19594872910243658 0.19594872910243658 0.19695964928958382 0.2209708691207961 0.22534695471649932 0.22534695471649932 0.24407030237208294 0.23799290955824715 0.22534695471649932 0.21122354181147665 0.21122354181147665
0.6182829064381421 0.6063390625908325 0.49790084415068464 0.46263730270844 0.48086025225840234 0.4532922194933416 0.45123516558843496 0.4532922194933416 0.4520431870541062 0.43130878633007347 0.3964622600961899 0.37875561857694723 0.39023202162638143
0.25423246516026116 0.25423246516026116 0.25423246516026116 0.25 0.26762216205243844 0.26762216205243844 0.3140838242390853 0.35355339059327373 0.34401045807689073 0.378802223146004 0.39598577465334617 0.38584505244253425 0.38532014704726253
0.4563106628822608 0.502220680409606 0.5325830631809552 0.541555995388794 0.5131874153064216 0.48254528328000795 0.4950491761708605 0.4209989245462161 0.4230215062584605 0.40610664876876573 0.38248667500257255 0.36103689491211705 0.3869151401810035
0.4140016665578337 0.41231056256176607 0.4609772228646444 0.41231056256176607 0.3360716626503166 0.30644514915662213 0.3308586641170241 0.3359274061791062 0.35843021946010944 0.3100868364730211 0.2795084971874737 0.2795084971874737 0.2795084971874737
0.4530298051972376 0.4515660079983698 0.484921682310439 0.46163168832376544 0.49282853534537724 0.46556532219816665 0.4900063948233709 0.538398907603493 0.4975505148486492 0.4927050983124842 0.48251112059901585 0.4601084600080181 0.47915742374995496
0.25383654128340477 0.25383654128340477 0.21835844927809414 0.17948953965443454 0.1681681984990781 0.1610391566002077 0.15661513939205382 0.1654040222184386 0.16698687189301853 0.1386750490563073 0.1386750490563073 0.1386750490563073 0.1278520779891897
0.21432809326651073 0.2319271866070214 0.2495606804414013 0.25620576765482617 0.25620576765482617 0.2794691742986612 0.3058533100232477 0.3053279601876192 0.3240393013711619 0.3240393013711619 0.33621517483695723 0.3694700901950993 0.36923276013176604
0.17806548535067296 0.1535737792084878 0.1535737792084878 0.1717007049358613 0.21757131728816848 0.1917412472118426 0.1858235365617916 0.1858235365617916 0.1858235365617916 0.17589938618257298 0.17334381132038412 0.1643989873053573 0.17334381132038412
0.35967032671588267 0.2917714492165299 0.2751026677760344 0.25592335512880976 0.264977127795482 0.27071981032803816 0.28945296162549167 0.27171391562283637 0.2960915194938024 0.36418857441519714 0.3792509098574932 0.3431475728145926 0.3388000707412544
0.1429429687242164 0.13170777796132696 0.2031856384435789 0.2469323991623974 0.223606797749979 0.22135943621178655 0.21241928165661467 0.21835844927809414 0.23447655130531322 0.21437323142813605 0.223606797749979 0.22774375933713847 0.19611613513818404
0.2824799579620352 0.25303182028307564 0.27294521268237115 0.26560219778561034 0.26840831271231974 0.23312766196063273 0.2867441755680875 0.30056995195306196 0.34239154409624817 0.32310546528528006 0.30436837569830666 0.33683543452421827 0.3548342977693056
0.22164529671207814 0.22164529671207814 0.22164529671207814 0.19695964928958382 0.19695964928958382 0.17653168243419393 0.18976585660336784 0.15928366874451652 0.15689290811054724 0.15689290811054724 0.15617376188860607 0.17437145811572893 0.20795009796401456
0.3681746496052447 0.34428712939438033 0.37577597602306495 0.3807120206682936 0.3807120206682936 0.3785910458329356 0.37143226623542486 0.37328415337106247 0.37328415337106247 0.3704142710701416 0.35896045547109934 0.35896045547109934 0.34545355805391975
0.1871121078899952 0.17867664595966337 0.19002923751652298 0.2158132119814573 0.20513217183267982 0.2158132119814573 0.16870547845739467 0.20387445199445448 0.17867664595966337 0.16994371546483494 0.17867664595966337 0.18673843909381146 0.2076136996343499
0.3728337258279333 0.4070516657064352 0.3588428435863331 0.33635369985982805 0.32397662351518974 0.3856194642389947 0.3804989452580264 0.3807900427108058 0.441521732518297 0.5336045834680924 0.5407576790405526 0.6455882113208499 0.61082215485122
0.25753937681885636 0.2692582403567252 0.29154759474226505 0.2607680962081059 0.2865602699628263 0.3078493817275997 0.2532968456878179 0.26874192494328497 0.29814239699997197 0.22399332664305613 0.22360679774997896 0.24957301420585362 0.23410426054389696
0.1405118433564646 0.1477046168079792 0.15692874459690534 0.16018078038918407 0.18542460559545823 0.20452312968328004 0.20620493795774517 0.1843106581150123 0.18280741967193745 0.19071717706597816 0.19071717706597816 0.21096093210968347 0.19354540423604374
0.21404317236952233 0.21404317236952233 0.23782574707724702 0.23782574707724702 0.23782574707724702 0.23782574707724702 0.24968808471946113 0.24968808471946113 0.24968808471946113 0.2487592975524973 0.2379702381688594 0.2641048678375119 0.2379702381688594
0.3968724087733519 0.3968724087733519 0.3965283494032832 0.3968724087733519 0.3968724087733519 0.3968724087733519 0.3968724087733519 0.3968724087733519 0.3968724087733519 0.3607090605086609 0.3757130770471925 0.41373685989519005 0.3757130770471925
0.13824460296132315 0.13824460296132315 0.1605403247669839 0.13810200921222546 0.13767686092000675 0.13810200921222546 0.16070608663330627 0.1605403247669839 0.16004609991611995 0.18304413303674952 0.18304413303674952 0.18304413303674952 0.18722058217982493
0.34210526315789475 0.34210526315789475 0.3684210526315789 0.39473684210526316 0.36791183185934573 0.3663967458131496 0.3639126714370255 0.3379189091915237 0.3379189091915237 0.3090157215747628 0.3090157215747628 0.32021493822188873 0.34456097639627264
0.18323313064314883 0.19047619047619047 0.06173309979059935 0.06173309979059935 0.06173309979059935 0.06173309979059935 0.06173309979059935 0.061267885174483984 0.049446817643414874 0.05528322276085581 0.07818228340009527 0.07818228340009527 0.09372184261837677
0.4523809523809524 0.30952380952380953 0.20206980493733886 0.20206980493733886 0.20206980493733886 0.2111500763274038 0.2111500763274038 0.15868672314174775 0.15868672314174775 0.15868672314174775 0.1545078607873814 0.15868672314174775 0.1559625734730109
0.09372184261837677 0.09284766908852593 0.09776923610938036 0.10322663273069617 0.09587062360592132 0.10185010546583882 0.10859306069076735 0.10859306069076735 0.09712858623572643 0.12381513913591215 0.09712858623572643 0.12381513913591215 0.1535737792084878
0.21435005469079302 0.21435005469079302 0.200830861284057 0.20206980493733886 0.20589806935130187 0.20372676379418447 0.23593379037049186 0.22529950594131407 0.20437016236737726 0.1947155712701806 0.17745661530485074 0.17040442487632051 0.16973115308169084
0.16693966712263567 0.14482111159087308 0.14482111159087308 0.15158476564770812 0.15158476564770812 0.1355815361366601 0.1355815361366601 0.1355815361366601 0.17344447973881214 0.14403780047891934 0.14403780047891934 0.13279629050460798 0.12883132528016616
0.2727749589955259 0.2916146528448829 0.2897366140778824 0.28856089272781177 0.284613187579508 0.2744279588019971 0.26493526332783307 0.2722758117410584 0.2890108647231734 0.3060432692882115 0.32250666911195064 0.3123205760036601 0.32250666911195064
0.1520302849670743 0.15892681321527494 0.15892681321527494 0.1520302849670743 0.17391304347826086 0.18163064367459994 0.173259232729684 0.17245224542369075 0.17245224542369075 0.17245224542369075 0.1940087761016521 0.1940087761016521 0.173259232729684
0.34884994609834646 0.3273226763137156 0.3273226763137156 0.3551555420406526 0.3343402696845619 0.3137970364228864 0.3135249973284712 0.35501248678835134 0.35501248678835134 0.35501248678835134 0.3343402696845619 0.3137083812010913 0.3343402696845619
0.23570226039551587 0.22283970527393757 0.22283970527393757 0.22283970527393757 0.21122354181147665 0.2006932429798716 0.21245914639969934 0.24806946917841693 0.21245914639969934 0.19300073488881272 0.19300073488881272 0.17137569112089182 0.17137569112089182
0.29264075099370157 0.2602195873154793 0.2571107840201726 0.2571107840201726 0.26357662784478947 0.29455110729315914 0.29455110729315914 0.3114058154749995 0.32734252578017276 0.34547373389931946 0.34547373389931946 0.33479118419449133 0.33479118419449133
0.16488883804693039 0.1736290840370052 0.18925279102611614 0.18925279102611614 0.18208926018230745 0.19174124721184263 0.1736290840370052 0.18190171877724975 0.18925279102611614 0.17995393768717366 0.17995393768717366 0.20359463942371506 0.19611613513818404
0.3900168566175477 0.41076293473137504 0.4073023597171927 0.41076293473137504 0.41076293473137504 0.41076293473137504 0.4073023597171927 0.3900168566175477 0.4175612545185612 0.42251013521414255 0.4473684210526316 0.42446974402308396 0.44943855249503006
0.14314958357846708 0.1837365616517062 0.14598450400585697 0.17414898464377856 0.16542933205851204 0.20244408254472904 0.23082176787424138 0.2639547899689282 0.2773500981126146 0.32009219983223997 0.31008683647302115 0.33640107085645965 0.33640107085645965
0.17464544567318357 0.1703500366739062 0.18357268083435282 0.19326013201132405 0.20336130669134886 0.23069531061979787 0.22409774063181664 0.2785430072655778 0.2926028679903264 0.3009975124224178 0.3009975124224178 0.3167523237295512 0.3167523237295512
0.33741095691478934 0.35596675233387076 0.33741095691478934 0.304065159631575 0.304065159631575 0.28944802790468077 0.26018141742482365 0.2128985181649398 0.19374057593821828 0.1785208345971672 0.18479579144580777 0.18479579144580777 0.17656860023298393
0.2932291778483289 0.3042235665008418 0.2894489808002808 0.2864228930560646 0.2921337522251181 0.2841778489832276 0.2805842234102538 0.2845532681708099 0.30895360887662543 0.30665227760371894 0.29931019692784594 0.29931019692784594 0.2761331758005655
0.1902407336727064 0.20464956217634347 0.21958958210655835 0.21958958210655835 0.2253469547164993 0.21455534095957066 0.1976423537605237 0.1976423537605237 0.18817748237374538 0.18380365552345196 0.17460757394239457 0.17460757394239457 0.16025399127347054
0.26013457510463206 0.2755212372387196 0.30510720493742144 0.30510720493742144 0.27243804882441514 0.24543526240326966 0.2716122309987164 0.2700753693935048 0.2700753693935048 0.26100883078568526 0.28008365206370484 0.26794025044054837 0.2572525964071754
0.14992352790734176 0.16025399127347054 0.17677669529663687 0.12795187148271495 0.10274936706584831 0.11849287583000463 0.10325582165612915 0.096163657270259 0.096163657270259 0.09262765060609457 0.09262765060609457 0.096163657270259 0.09798561978116765
0.23748342851314788 0.2422609001949472 0.24782062877935007 0.2374498408082356 0.27769651847836524 0.2927225003355977 0.3190120697852356 0.36166521370414456 0.3810769295396194 0.3868510576566625 0.4046231123584863 0.4492386266280388 0.4522977334164979
0.19751642679408513 0.1810714920850371 0.1688889870088808 0.15499685165842572 0.15976709775647027 0.1688889870088808 0.1688889870088808 0.1688889870088808 0.16098022905419615 0.17032392347480088 0.17032392347480088 0.19594872910243658 0.19594872910243658
0.2715655647154604 0.26151576677907507 0.2489255914993281 0.25172404840984025 0.279186914727986 0.26991728188340847 0.26991728188340847 0.28064662604917656 0.28064662604917656 0.28606420441415276 0.28606420441415276 0.28606420441415276 0.27009616659674446
0.22360679774997896 0.1685032694061276 0.18976585660336784 0.20030840419244383 0.19999999999999998 0.19999999999999998 0.21122354181147665 0.2224591077198426 0.24528753556537364 0.21605670071837904 0.24282146558931605 0.2711630722733202 0.3013502377831579
0.2940096740212833 0.28088308610461793 0.3052634582675732 0.3409090909090909 0.3567386206158705 0.3567386206158705 0.3745321270791917 0.3761852611988375 0.41410222480198444 0.4542601156018711 0.4846678542970793 0.5444935385787485 0.5620124559065189
0.8768802192539862 0.9073061335015336 0.9702360664762767 0.9179005591370387 0.9702360664762767 1.118033988749895 1.1592927721432684 1.1592927721432684 1.1942254798170635 1.1382390940809042 1.0325582165612917 0.9651573252171803 0.9459938998739506
0.34667189948954846 0.3914551142790045 0.3843721941808184 0.3653488229959636 0.3492908913463671 0.3481115152454097 0.32578644715345495 0.30815178171107105 0.30655412087124695 0.31923522975766744 0.31923522975766744 0.30655412087124695 0.3140092109054515
0.9443348414005102 0.8891234675457287 0.9275204136012634 0.8891234675457287 0.8891234675457287 0.9610043765585595 0.9610043765585595 0.971207106256561 0.9091042779765662 0.7835106182362106 0.841042770123179 0.7222222222222222 0.6552951737239351
0.2779472275775303 0.30041180489038033 0.3689323936863109 0.40588836957179336 0.4281369894031446 0.4734815514065762 0.5336001934904674 0.5486279903261807 0.5486279903261807 0.5730778573309238 0.4751620800324152 0.4405290105151424 0.3374306979267268
0.22406453988256797 0.22135943621178655 0.18973665961010278 0.18973665961010278 0.2102946188441384 0.24388430433987693 0.24388430433987693 0.25607375986579195 0.25913077843162224 0.2711630722733202 0.19550739243278697 0.20327890704543544 0.19425717247145285
0.2556549962824568 0.2556549962824568 0.2524833481141295 0.268350299312193 0.25840431015342563 0.25840431015342563 0.28964366303686245 0.2802202017652504 0.31546510019736507 0.30079137701272346 0.30079137701272346 0.2984588038125526 0.2984588038125526
0.15195121577178083 0.15195121577178083 0.16062599958839863 0.1632617890527538 0.19174124721184263 0.19947378221157233 0.19052918375675076 0.1817756694801661 0.19131704039303812 0.19131704039303812 0.19131704039303812 0.1762876855208507 0.18950356780267952
0.2529728514835709 0.2529728514835709 0.25796783689685204 0.2773500981126146 0.2955679571668545 0.33007736345723876 0.36409999634640144 0.38013155617496425 0.36409999634640144 0.40249223594996214 0.40479286874855874 0.4058523747941088 0.3896599207769811
0.18950356780267952 0.17677669529663687 0.15617376188860607 0.15617376188860607 0.15617376188860607 0.15499685165842572 0.15811388300841897 0.16452982615400627 0.14108316199577509 0.17414898464377856 0.19174124721184263 0.21605670071837904 0.2303606688127317
0.33570459655634505 0.3116443415217619 0.29966760959724403 0.29966760959724403 0.29966760959724403 0.3116443415217619 0.27858031400025857 0.2455757513655216 0.2660003144445822 0.25351006328169695 0.28748976821475203 0.27660960302291404 0.2532376081596604
0.21988418907182386 0.2062307453605068 0.2062307453605068 0.19425717247145285 0.20795009796401454 0.19425717247145285 0.1821950074697108 0.19174124721184263 0.2188440547662043 0.17149858514250885 0.15417681992854404 0.14755260679422702 0.11103498152964078
0.26832558927748157 0.23039073696559595 0.23039073696559595 0.23039073696559595 0.24029889401109614 0.25097082136850496 0.25135085658533796 0.24347125184658697 0.21722239085850029 0.2356195025965579 0.2356195025965579 0.24726660845701368 0.24773340742668248
0.11149412193707495 0.11149412193707495 0.10647942749999 0.12821820969367867 0.12226386877670534 0.14269544824634822 0.13636363636363635 0.11084825029549532 0.11084825029549532 0.09722034684781695 0.11706880015509791 0.12661435874558064 0.11624763874381928
0.24186737479267748 0.23290957946807325 0.2197704815371496 0.24764814409157748 0.2785833710490407 0.2697244904001404 0.2858234395715175 0.2858234395715175 0.2758786926578656 0.29450417190812805 0.3045519984896575 0.31926711579269945 0.3049960788392265
0.14755260679422702 0.14755260679422702 0.13998069364949794 0.13313963109905763 0.13998069364949794 0.13998069364949794 0.13998069364949794 0.14755260679422702 0.14755260679422702 0.128036879932896 0.128036879932896 0.1261886162812672 0.1261886162812672
0.29695970548312184 0.2924764630245218 0.2958260587502919 0.290828098146539 0.2745106724695744 0.2942377958858743 0.2942377958858743 0.2953782695928239 0.29874803703758657 0.29379945161081644 0.2995494403957235 0.29379945161081644 0.2919073424370635
0.14314958357846708 0.1214664495268374 0.11504474832710555 0.11504474832710555 0.11504474832710555 0.11504474832710555 0.11504474832710555 0.1338219318930473 0.1261886162812672 0.12403473458920847 0.1163401557809416 0.11969397463728036 0.11435437497937312
0.30526359417085874 0.31325535714053915 0.31325535714053915 0.30149108475257114 0.31325535714053915 0.3227395293327991 0.3198259409177664 0.3461987404318685 0.34257935382153243 0.3384961053799572 0.3384961053799572 0.3347911841944913 0.3114554236272037
0.1208244186660354 0.1208244186660354 0.1208244186660354 0.09805806756909202 0.1 0.10540925533894599 0.1 0.12649110640673517 0.161245154965971 0.19280747181992475 0.21375138636372346 0.21375138636372346 0.2219380669831297
0.3430618498469327 0.33022487523300137 0.3182659376328621 0.33022487523300137 0.31658957018423045 0.36434943898616845 0.37685094405460906 0.33798813163209485 0.31589201651699733 0.30853321810749734 0.29378438242105026 0.29022576552308393 0.2884262773383852
0.16422836039139668 0.15458673560021055 0.15661513939205382 0.147689134796412 0.147689134796412 0.14894395033467095 0.14077312659286823 0.13699915608779775 0.1656472891122698 0.15702717677706413 0.16641005886756874 0.1341847240419154 0.147689134796412
0.28180874166280195 0.2621095333344715 0.24500175407824198 0.23841155265516964 0.22246443448510533 0.18972878209738275 0.1998273192301854 0.20575127325095677 0.1950441913660684 0.1989167162258149 0.18112702981545561 0.15109688643345293 0.15961787454239637
0.3453491784352057 0.3453491784352057 0.3786140830096142 0.3786140830096142 0.3670126371966897 0.33476703170599303 0.31622776601683794 0.2879263002994778 0.24253562503633297 0.2173067468400883 0.214350054690793 0.21926450482675733 0.2325545799442815
0.2116712448206468 0.2116712448206468 0.2200964834814932 0.22080049864850898 0.24732411005393853 0.29452880470746046 0.3149612984218244 0.3325003930557277 0.3479292164852886 0.3500244933362288 0.3500244933362288 0.37423557698291 0.3445771130953266
0.25925492233340214 0.2728525781658746 0.2745316868028599 0.29196900801171394 0.29196900801171394 0.29196900801171394 0.2725155149387883 0.2725155149387883 0.2725155149387883 0.2650854018430103 0.18380365552345196 0.18923744558308436 0.20795009796401456
0.4494593449348621 0.4853519147464863 0.458726295248486 0.5230112143495137 0.4888582547029318 0.473606797749979 0.473606797749979 0.473606797749979 0.473606797749979 0.4435973610862379 0.4759762976302778 0.44321904285040786 0.46293223949978474
0.11752512368056713 0.1339992578523194 0.1339992578523194 0.1339992578523194 0.15187933259934655 0.1598514503776719 0.1941450686788302 0.22360679774997896 0.22870874995874624 0.23696802770383635 0.23696802770383635 0.23696802770383635 0.2876882081689375
0.25921488228604456 0.2740036689104636 0.2767054211173771 0.2698077740336677 0.2798699418414427 0.27738850553094274 0.2920830346931747 0.2920830346931747 0.2915847014059563 0.3044170229362912 0.3044170229362912 0.3044170229362912 0.3098144428325943
0.2876882081689375 0.2876882081689375 0.2876882081689375 0.2876882081689375 0.24957301420585362 0.2171861213815347 0.22774375933713847 0.1717007049358613 0.14158802848871355 0.13476792334377333 0.14398509407946772 0.1278520779891897 0.11913076738605885
0.3098144428325943 0.2950276193345024 0.2950276193345024 0.3072875950341607 0.32345577440596296 0.3178207025984933 0.3178207025984933 0.3161232981104774 0.3345543386425995 0.32172201711226467 0.30888969558192975 0.32172201711226467 0.32172201711226467
0.12591131218673468 0.1362312444524585 0.13216372009101796 0.11764705882352941 0.11094003924504582 0.11435437497937312 0.11435437497937312 0.12126781251816648 0.12859613128140654 0.12859613128140654 0.1288470508005519 0.12859613128140654 0.13713245325054632
0.32172201711226467 0.33868641239689296 0.3850461310686813 0.4021052966189493 0.40398694141427743 0.40398694141427743 0.38837002266177795 0.3754906903740316 0.3754906903740316 0.33091756997949606 0.3151888998041012 0.30322866749781385 0.30322866749781385
0.16062599958839863 0.1716350742887789 0.18441082652918311 0.18441082652918311 0.18441082652918311 0.15661513939205382 0.15661513939205382 0.18190171877724973 0.18190171877724973 0.19324698792024925 0.19324698792024925 0.19324698792024925 0.19324698792024925
0.3444817936091211 0.3330550909947592 0.3121681377172814 0.3277765446031455 0.3425498798780197 0.3412756663614509 0.29851115706299675 0.29668090586048923 0.29668090586048923 0.29668090586048923 0.29668090586048923 0.30412272667593543 0.30412272667593543
0.1535737792084878 0.14894395033467095 0.14935759876113539 0.14958791130929178 0.14171486334564484 0.1415189892183811 0.13396098146272087 0.12692955176439846 0.12041594578792295 0.12595369229974457 0.10358384880813022 0.09040507133494738 0.08673017867965746
0.3172248692679221 0.3189819078347364 0.304103520853922 0.31628678004460054 0.3017655129201139 0.2550342774707176 0.2562277059703372 0.2562277059703372 0.26641963759303605 0.2682833560431078 0.24781810396234388 0.24596747752497686 0.2499373493131839
0.22803508501982758 0.2607962919260029 0.2607962919260029 0.2635231383473649 0.24763027827182427 0.2596678376158976 0.24442309027345088 0.24507154069793594 0.16439898730535732 0.10717502734539651 0.10397504898200728 0.08219949365267866 0.09372184261837677
0.23716906343219668 0.2565389756605159 0.2816936409357731 0.23827691638016563 0.2493408968572527 0.26357662784478947 0.2487592975524973 0.23782574707724702 0.22727272727272727 0.24892220648747632 0.28671239954766314 0.30335390306465587 0.2631148876388772
0.10322663273069617 0.09776923610938036 0.09776923610938036 0.1162476387438193 0.13998069364949794 0.14093620435725568 0.15919317118967338 0.14093620435725568 0.14093620435725568 0.1339992578523194 0.13446114865920605 0.13446114865920605 0.12484404235973057
0.31390417987300245 0.2807644338469419 0.26279416561381835 0.2773500981126146 0.2811973784893795 0.2777777777777778 0.33805798126272946 0.3333333333333333 0.33608387537757733 0.2663975164636227 0.2631578947368421 0.21404317236952233 0.19283379794268535
0.1681681984990781 0.1605403247669839 0.1590909090909091 0.16666666666666666 0.1664780229540729 0.19047619047619047 0.19047619047619047 0.16666666666666666 0.16835875742536846 0.17655613788661215 0.15767649936829103 0.15767649936829103 0.1858235365617916
0.3071475584169756 0.3071475584169756 0.3210806495339678 0.3439392172764551 0.36505131246133066 0.3859651178085249 0.4057844195813649 0.4071016207668157 0.39094961794518707 0.43184461952284053 0.3983160866114519 0.377241695546146 0.3539154323756634
0.16666666666666666 0.1664780229540729 0.1664780229540729 0.1664780229540729 0.1664780229540729 0.1664780229540729 0.16666666666666666 0.16666666666666666 0.16666666666666666 0.16070608663330627 0.16070608663330627 0.16070608663330627 0.17510104899311874
0.30355763690775167 0.32346502376074665 0.32346502376074665 0.32346502376074665 0.30355763690775167 0.3231846032279655 0.3191099804812666 0.3188333354526883 0.3191099804812666 0.32346502376074665 0.3432942662006448 0.3838146577552751 0.3828207467443882
0.09879149639396985 0.11624763874381927 0.14314958357846708 0.16693966712263567 0.1767766952966369 0.1767766952966369 0.15158476564770812 0.18780231506445405 0.1767766952966369 0.1632617890527538 0.17344447973881214 0.18780231506445405 0.1610391566002077
0.2181956720399918 0.22859170163780002 0.2344891501844155 0.2344891501844155 0.23572370330442524 0.2573820537570656 0.24392091526040352 0.24392091526040352 0.2327218197919547 0.23523324329114348 0.23523324329114348 0.23523324329114348 0.20591599902173
0.2261021771538605 0.20155644370746373 0.20130496956873 0.1747816593036228 0.1858235365617916 0.1858235365617916 0.15919317118967338 0.13344743975843895 0.11704114719613058 0.11713032141645453 0.12392885771580413 0.09954163242264942 0.12392885771580413
0.3274403858325772 0.327131333960193 0.327131333960193 0.327131333960193 0.3135249973284712 0.3061007984971902 0.285386159086711 0.26647846797494973 0.28021396180886393 0.3033654630341363 0.2778851100615477 0.2778851100615477 0.2670797582791025
0.22360679774997894 0.21926450482675733 0.21926450482675733 0.21926450482675733 0.21926450482675733 0.19430672155336345 0.19235384061671343 0.1856953381770519 0.1856953381770519 0.18825677418573794 0.18143359519722957 0.18143359519722957 0.1716350742887789
0.12990034125895322 0.13200294529111858 0.1414213562373095 0.1761595507827113 0.1761595507827113 0.15022879637650366 0.15791939461273277 0.1662112924094515 0.17256712249065834 0.1662112924094515 0.18621043387146904 0.18961464617161858 0.22013747572523115
0.14935759876113539 0.14935759876113539 0.14935759876113539 0.13867504905630726 0.13867504905630726 0.15015465060444594 0.16286558549611407 0.22360679774997896 0.2128985181649398 0.21789388428113732 0.23996722622666905 0.23996722622666905 0.2249828525701843
0.26991308362150945 0.280692691284339 0.2926220371744696 0.2984668188614005 0.3056295448754588 0.3018090204271904 0.3899031846500807 0.2553320735577999 0.22865181614495889 0.2080187986177238 0.20925379125739224 0.20925379125739224 0.2231429431220685
0.09007546982220899 0.12361704410853719 0.12361704410853719 0.12361704410853719 0.12361704410853719 0.12361704410853719 0.11785113019775792 0.09480909262799544 0.09053574604251853 0.09053574604251853 0.08687444855261388 0.08687444855261388 0.08687444855261388
0.19026059766179762 0.22719167551739852 0.15789473684210525 0.16666666666666666 0.17117437944912167 0.1358494121096942 0.13495864094170423 0.15058465048420855 0.15058465048420855 0.15058465048420855 0.20464860906231527 0.21488103951543103 0.22807764064044153
